[0.023s] Invoking command in '/home/drawmemaybe/DrawMeMaybe/ros2_ws/build/moveit_task_constructor_visualization': AMENT_PREFIX_PATH=/home/drawmemaybe/DrawMeMaybe/ros2_ws/install/moveit_task_constructor_core:/home/drawmemaybe/DrawMeMaybe/ros2_ws/install/moveit_planners:/home/drawmemaybe/DrawMeMaybe/ros2_ws/install/pilz_industrial_motion_planner:/home/drawmemaybe/DrawMeMaybe/ros2_ws/install/moveit_ros_visualization:/home/drawmemaybe/DrawMeMaybe/ros2_ws/install/moveit_resources_prbt_pg70_support:/home/drawmemaybe/DrawMeMaybe/ros2_ws/install/moveit_ros_planning_interface:/home/drawmemaybe/DrawMeMaybe/ros2_ws/install/moveit_resources_prbt_moveit_config:/home/drawmemaybe/DrawMeMaybe/ros2_ws/install/moveit_ros_move_group:/home/drawmemaybe/DrawMeMaybe/ros2_ws/install/moveit_ros_warehouse:/home/drawmemaybe/DrawMeMaybe/ros2_ws/install/moveit_ros_robot_interaction:/home/drawmemaybe/DrawMeMaybe/ros2_ws/install/moveit_planners_ompl:/home/drawmemaybe/DrawMeMaybe/ros2_ws/install/moveit_kinematics:/home/drawmemaybe/DrawMeMaybe/ros2_ws/install/moveit_ros_planning:/home/drawmemaybe/DrawMeMaybe/ros2_ws/install/moveit_planners_chomp:/home/drawmemaybe/DrawMeMaybe/ros2_ws/install/pilz_industrial_motion_planner_testutils:/home/drawmemaybe/DrawMeMaybe/ros2_ws/install/moveit_simple_controller_manager:/home/drawmemaybe/DrawMeMaybe/ros2_ws/install/moveit_ros_occupancy_map_monitor:/home/drawmemaybe/DrawMeMaybe/ros2_ws/install/moveit_resources_prbt_ikfast_manipulator_plugin:/home/drawmemaybe/DrawMeMaybe/ros2_ws/install/chomp_motion_planner:/home/drawmemaybe/DrawMeMaybe/ros2_ws/install/moveit_core:/home/drawmemaybe/DrawMeMaybe/ros2_ws/install/rviz_marker_tools:/home/drawmemaybe/DrawMeMaybe/ros2_ws/install/moveit_resources_panda_moveit_config:/home/drawmemaybe/DrawMeMaybe/ros2_ws/install/moveit_resources_fanuc_moveit_config:/home/drawmemaybe/DrawMeMaybe/ros2_ws/install/moveit_configs_utils:/home/drawmemaybe/DrawMeMaybe/ros2_ws/install/srdfdom:/home/drawmemaybe/DrawMeMaybe/ros2_ws/install/moveit_task_constructor_msgs:/home/drawmemaybe/DrawMeMaybe/ros2_ws/install/moveit_resources_prbt_support:/home/drawmemaybe/DrawMeMaybe/ros2_ws/install/moveit_resources_pr2_description:/home/drawmemaybe/DrawMeMaybe/ros2_ws/install/moveit_resources_panda_description:/home/drawmemaybe/DrawMeMaybe/ros2_ws/install/moveit_resources_fanuc_description:/home/drawmemaybe/DrawMeMaybe/ros2_ws/install/moveit_common:/home/drawmemaybe/DrawMeMaybe/ros2_ws/install/launch_param_builder:${AMENT_PREFIX_PATH} CMAKE_MODULE_PATH=/home/drawmemaybe/DrawMeMaybe/ros2_ws/install/moveit_task_constructor_core/share/moveit_task_constructor_core/cmake CMAKE_PREFIX_PATH=/home/drawmemaybe/DrawMeMaybe/ros2_ws/install/moveit_task_constructor_core:/home/drawmemaybe/DrawMeMaybe/ros2_ws/install/moveit_planners:/home/drawmemaybe/DrawMeMaybe/ros2_ws/install/pilz_industrial_motion_planner:/home/drawmemaybe/DrawMeMaybe/ros2_ws/install/moveit_ros_visualization:/home/drawmemaybe/DrawMeMaybe/ros2_ws/install/moveit_resources_prbt_pg70_support:/home/drawmemaybe/DrawMeMaybe/ros2_ws/install/moveit_ros_planning_interface:/home/drawmemaybe/DrawMeMaybe/ros2_ws/install/moveit_resources_prbt_moveit_config:/home/drawmemaybe/DrawMeMaybe/ros2_ws/install/moveit_ros_move_group:/home/drawmemaybe/DrawMeMaybe/ros2_ws/install/moveit_ros_warehouse:/home/drawmemaybe/DrawMeMaybe/ros2_ws/install/moveit_ros_robot_interaction:/home/drawmemaybe/DrawMeMaybe/ros2_ws/install/moveit_planners_ompl:/home/drawmemaybe/DrawMeMaybe/ros2_ws/install/moveit_kinematics:/home/drawmemaybe/DrawMeMaybe/ros2_ws/install/moveit_ros_planning:/home/drawmemaybe/DrawMeMaybe/ros2_ws/install/moveit_planners_chomp:/home/drawmemaybe/DrawMeMaybe/ros2_ws/install/pilz_industrial_motion_planner_testutils:/home/drawmemaybe/DrawMeMaybe/ros2_ws/install/moveit_simple_controller_manager:/home/drawmemaybe/DrawMeMaybe/ros2_ws/install/moveit_ros_occupancy_map_monitor:/home/drawmemaybe/DrawMeMaybe/ros2_ws/install/moveit_resources_prbt_ikfast_manipulator_plugin:/home/drawmemaybe/DrawMeMaybe/ros2_ws/install/chomp_motion_planner:/home/drawmemaybe/DrawMeMaybe/ros2_ws/install/moveit_core:/home/drawmemaybe/DrawMeMaybe/ros2_ws/install/rviz_marker_tools:/home/drawmemaybe/DrawMeMaybe/ros2_ws/install/moveit_resources_panda_moveit_config:/home/drawmemaybe/DrawMeMaybe/ros2_ws/install/moveit_resources_fanuc_moveit_config:/home/drawmemaybe/DrawMeMaybe/ros2_ws/install/srdfdom:/home/drawmemaybe/DrawMeMaybe/ros2_ws/install/moveit_task_constructor_msgs:/home/drawmemaybe/DrawMeMaybe/ros2_ws/install/moveit_resources_prbt_support:/home/drawmemaybe/DrawMeMaybe/ros2_ws/install/moveit_resources_pr2_description:/home/drawmemaybe/DrawMeMaybe/ros2_ws/install/moveit_resources_panda_description:/home/drawmemaybe/DrawMeMaybe/ros2_ws/install/moveit_resources_fanuc_description:/home/drawmemaybe/DrawMeMaybe/ros2_ws/install/moveit_common:/opt/ros/humble LD_LIBRARY_PATH=/home/drawmemaybe/DrawMeMaybe/ros2_ws/install/moveit_task_constructor_core/lib:/home/drawmemaybe/DrawMeMaybe/ros2_ws/install/pilz_industrial_motion_planner/lib:/home/drawmemaybe/DrawMeMaybe/ros2_ws/install/moveit_ros_visualization/lib:/home/drawmemaybe/DrawMeMaybe/ros2_ws/install/moveit_ros_planning_interface/lib:/home/drawmemaybe/DrawMeMaybe/ros2_ws/install/moveit_ros_move_group/lib:/home/drawmemaybe/DrawMeMaybe/ros2_ws/install/moveit_ros_warehouse/lib:/home/drawmemaybe/DrawMeMaybe/ros2_ws/install/moveit_ros_robot_interaction/lib:/home/drawmemaybe/DrawMeMaybe/ros2_ws/install/moveit_planners_ompl/lib:/home/drawmemaybe/DrawMeMaybe/ros2_ws/install/moveit_kinematics/lib:/home/drawmemaybe/DrawMeMaybe/ros2_ws/install/moveit_ros_planning/lib:/home/drawmemaybe/DrawMeMaybe/ros2_ws/install/moveit_planners_chomp/lib:/home/drawmemaybe/DrawMeMaybe/ros2_ws/install/pilz_industrial_motion_planner_testutils/lib:/home/drawmemaybe/DrawMeMaybe/ros2_ws/install/moveit_simple_controller_manager/lib:/home/drawmemaybe/DrawMeMaybe/ros2_ws/install/moveit_ros_occupancy_map_monitor/lib:/home/drawmemaybe/DrawMeMaybe/ros2_ws/install/moveit_resources_prbt_ikfast_manipulator_plugin/lib:/home/drawmemaybe/DrawMeMaybe/ros2_ws/install/chomp_motion_planner/lib:/home/drawmemaybe/DrawMeMaybe/ros2_ws/install/moveit_core/lib:/home/drawmemaybe/DrawMeMaybe/ros2_ws/install/rviz_marker_tools/lib:/home/drawmemaybe/DrawMeMaybe/ros2_ws/install/srdfdom/lib:/home/drawmemaybe/DrawMeMaybe/ros2_ws/install/moveit_task_constructor_msgs/lib:${LD_LIBRARY_PATH} PATH=/home/drawmemaybe/DrawMeMaybe/ros2_ws/install/moveit_core/bin:${PATH} PYTHONPATH=/home/drawmemaybe/DrawMeMaybe/ros2_ws/install/moveit_task_constructor_core/local/lib/python3.10/dist-packages:/home/drawmemaybe/DrawMeMaybe/ros2_ws/install/moveit_configs_utils/lib/python3.10/site-packages:/home/drawmemaybe/DrawMeMaybe/ros2_ws/install/srdfdom/local/lib/python3.10/dist-packages:/home/drawmemaybe/DrawMeMaybe/ros2_ws/install/moveit_task_constructor_msgs/local/lib/python3.10/dist-packages:/home/drawmemaybe/DrawMeMaybe/ros2_ws/install/launch_param_builder/lib/python3.10/site-packages:${PYTHONPATH} /usr/bin/cmake /home/drawmemaybe/DrawMeMaybe/ros2_ws/src/moveit_task_constructor/visualization -DCMAKE_INSTALL_PREFIX=/home/drawmemaybe/DrawMeMaybe/ros2_ws/install/moveit_task_constructor_visualization
[0.046s] -- The C compiler identification is GNU 11.4.0
[0.068s] -- The CXX compiler identification is GNU 11.4.0
[0.071s] -- Detecting C compiler ABI info
[0.100s] -- Detecting C compiler ABI info - done
[0.103s] -- Check for working C compiler: /usr/bin/cc - skipped
[0.103s] -- Detecting C compile features
[0.104s] -- Detecting C compile features - done
[0.105s] -- Detecting CXX compiler ABI info
[0.141s] -- Detecting CXX compiler ABI info - done
[0.144s] -- Check for working CXX compiler: /usr/bin/c++ - skipped
[0.144s] -- Detecting CXX compile features
[0.145s] -- Detecting CXX compile features - done
[0.147s] -- Found ament_cmake: 1.3.12 (/opt/ros/humble/share/ament_cmake/cmake)
[0.220s] -- Found Python3: /usr/bin/python3 (found version "3.10.12") found components: Interpreter 
[0.275s] -- Found Boost: /usr/lib/x86_64-linux-gnu/cmake/Boost-1.74.0/BoostConfig.cmake (found version "1.74.0")  
[0.277s] -- Found moveit_common: 2.5.9 (/home/drawmemaybe/DrawMeMaybe/ros2_ws/install/moveit_common/share/moveit_common/cmake)
[0.305s] [0mmoveit_task_constructor_visualization: You did not request a specific build type: Choosing 'Release' for maximum performance[0m
[0.305s] -- Found moveit_core: 2.5.9 (/home/drawmemaybe/DrawMeMaybe/ros2_ws/install/moveit_core/share/moveit_core/cmake)
[0.413s] -- Found Boost: /usr/lib/x86_64-linux-gnu/cmake/Boost-1.74.0/BoostConfig.cmake (found version "1.74.0") found components: chrono date_time filesystem iostreams program_options regex serialization system thread 
[0.443s] -- Found parameter_traits: 0.5.0 (/opt/ros/humble/share/parameter_traits/cmake)
[0.468s] -- Found rosidl_generator_c: 3.1.7 (/opt/ros/humble/share/rosidl_generator_c/cmake)
[0.472s] -- Found rosidl_adapter: 3.1.7 (/opt/ros/humble/share/rosidl_adapter/cmake)
[0.477s] -- Found rosidl_generator_cpp: 3.1.7 (/opt/ros/humble/share/rosidl_generator_cpp/cmake)
[0.484s] -- Using all available rosidl_typesupport_c: rosidl_typesupport_fastrtps_c;rosidl_typesupport_introspection_c
[0.493s] -- Using all available rosidl_typesupport_cpp: rosidl_typesupport_fastrtps_cpp;rosidl_typesupport_introspection_cpp
[0.518s] -- Found rmw_implementation_cmake: 6.1.2 (/opt/ros/humble/share/rmw_implementation_cmake/cmake)
[0.521s] -- Found rmw_fastrtps_cpp: 6.2.9 (/opt/ros/humble/share/rmw_fastrtps_cpp/cmake)
[0.565s] -- Found OpenSSL: /usr/lib/x86_64-linux-gnu/libcrypto.so (found version "3.0.2")  
[0.577s] -- Found FastRTPS: /opt/ros/humble/include  
[0.596s] -- Using RMW implementation 'rmw_fastrtps_cpp' as default
[0.602s] -- Found Threads: TRUE  
[0.630s] -- Found rclcpp_lifecycle: 16.0.16 (/opt/ros/humble/share/rclcpp_lifecycle/cmake)
[0.642s] -- Found Boost: /usr/lib/x86_64-linux-gnu/cmake/Boost-1.74.0/BoostConfig.cmake (found version "1.74.0") found components: filesystem 
[0.691s] -- library: /usr/lib/x86_64-linux-gnu/libcurl.so
[0.721s] -- Found Eigen3: TRUE (found version "3.4.0") 
[0.721s] -- Ensuring Eigen3 include directory is part of orocos-kdl CMake target
[0.835s] -- Found moveit_ros_visualization: 2.5.9 (/home/drawmemaybe/DrawMeMaybe/ros2_ws/install/moveit_ros_visualization/share/moveit_ros_visualization/cmake)
[0.837s] -- Found Boost: /usr/lib/x86_64-linux-gnu/cmake/Boost-1.74.0/BoostConfig.cmake (found version "1.74.0") found components: thread date_time system filesystem 
[0.843s] -- Found Boost: /usr/lib/x86_64-linux-gnu/cmake/Boost-1.74.0/BoostConfig.cmake (found version "1.74.0") found components: system filesystem date_time program_options thread chrono 
[0.856s] -- Found Boost: /usr/lib/x86_64-linux-gnu/cmake/Boost-1.74.0/BoostConfig.cmake (found version "1.74.0") found components: date_time filesystem program_options system thread 
[0.862s] -- Found Boost: /usr/lib/x86_64-linux-gnu/cmake/Boost-1.74.0/BoostConfig.cmake (found version "1.74.0") found components: thread system filesystem regex date_time program_options 
[0.872s] -- Found Boost: /usr/lib/x86_64-linux-gnu/cmake/Boost-1.74.0/BoostConfig.cmake (found version "1.74.0") found components: system filesystem date_time program_options thread 
[0.898s] -- Setting OGRE_DIR to: '/opt/ros/humble/share/rviz_ogre_vendor/cmake/../../../opt/rviz_ogre_vendor/lib/OGRE/cmake'
[0.899s] -- Found OGRE
[0.899s] --   static     : OFF
[0.899s] --   components : HLMS;MeshLodGenerator;Overlay;Paging;Property;RTShaderSystem;Terrain;Volume
[0.899s] --   plugins    : Plugin_BSPSceneManager;Plugin_OctreeSceneManager;Plugin_PCZSceneManager;Plugin_ParticleFX;RenderSystem_GL;RenderSystem_GL3Plus;Codec_STBI
[0.899s] --   media      : /opt/ros/humble/opt/rviz_ogre_vendor/share/OGRE/Media
[0.899s] -- OGRE_LIBRARIES: OgreHLMS;OgreMeshLodGenerator;OgreOverlay;OgrePaging;OgreProperty;OgreRTShaderSystem;OgreTerrain;OgreVolume;OgreMain
[0.899s] -- OGRE_LIBRARY_DIRS: /opt/ros/humble/opt/rviz_ogre_vendor/lib
[0.899s] -- OGRE_PLUGINS: Plugin_BSPSceneManager;Plugin_OctreeSceneManager;Plugin_PCZSceneManager;Plugin_ParticleFX;RenderSystem_GL;RenderSystem_GL3Plus;Codec_STBI
[0.899s] -- OGRE_PLUGIN_DIR: /opt/ros/humble/opt/rviz_ogre_vendor/lib/OGRE
[0.899s] -- rviz_ogre_vendor::OgreOverlay for IMPORTED_LOCATION_RELEASE: /opt/ros/humble/opt/rviz_ogre_vendor/lib/libOgreOverlay.so
[0.899s] -- rviz_ogre_vendor::OgreOverlay for IMPORTED_LOCATION_DEBUG: /opt/ros/humble/opt/rviz_ogre_vendor/lib/libOgreOverlay.so
[0.899s] -- rviz_ogre_vendor::OgreMain for IMPORTED_LOCATION_RELEASE: /opt/ros/humble/opt/rviz_ogre_vendor/lib/libOgreMain.so
[0.899s] -- rviz_ogre_vendor::OgreMain for IMPORTED_LOCATION_DEBUG: /opt/ros/humble/opt/rviz_ogre_vendor/lib/libOgreMain.so
[0.900s] -- Could not find freeimage library
[0.908s] -- Found ZLIB: /usr/lib/x86_64-linux-gnu/libz.so (found version "1.2.11") 
[0.911s] -- Found OpenGL: /usr/lib/x86_64-linux-gnu/libOpenGL.so   
[0.954s] -- Found X11: /usr/include   
[0.954s] -- Looking for XOpenDisplay in /usr/lib/x86_64-linux-gnu/libX11.so;/usr/lib/x86_64-linux-gnu/libXext.so
[0.999s] -- Looking for XOpenDisplay in /usr/lib/x86_64-linux-gnu/libX11.so;/usr/lib/x86_64-linux-gnu/libXext.so - found
[0.999s] -- Looking for gethostbyname
[1.042s] -- Looking for gethostbyname - found
[1.043s] -- Looking for connect
[1.087s] -- Looking for connect - found
[1.087s] -- Looking for remove
[1.131s] -- Looking for remove - found
[1.131s] -- Looking for shmat
[1.176s] -- Looking for shmat - found
[1.176s] -- Looking for IceConnectionNumber in ICE
[1.221s] -- Looking for IceConnectionNumber in ICE - found
[1.233s] -- Setting assimp_DIR to: '/opt/ros/humble/share/rviz_assimp_vendor/cmake/../../../opt/rviz_assimp_vendor/lib/cmake/assimp-4.1'
[1.274s] -- Found moveit_task_constructor_core: 0.1.3 (/home/drawmemaybe/DrawMeMaybe/ros2_ws/install/moveit_task_constructor_core/share/moveit_task_constructor_core/cmake)
[1.308s] -- Found PkgConfig: /usr/bin/pkg-config (found version "0.29.2") 
[1.308s] -- Checking for module 'yaml-0.1'
[1.318s] --   Found yaml-0.1, version 0.2.2
[1.337s] -- Found ament_cmake_gtest: 1.3.12 (/opt/ros/humble/share/ament_cmake_gtest/cmake)
[1.338s] -- Found ament_cmake_gmock: 1.3.12 (/opt/ros/humble/share/ament_cmake_gmock/cmake)
[1.340s] -- Found launch_testing_ament_cmake: 1.0.13 (/opt/ros/humble/share/launch_testing_ament_cmake/cmake)
[1.341s] -- Found python_cmake_module: 0.10.0 (/opt/ros/humble/share/python_cmake_module/cmake)
[1.352s] -- Found PythonInterp: /usr/bin/python3 (found suitable version "3.10.12", minimum required is "3.6") 
[1.355s] -- Found PythonLibs: /usr/lib/x86_64-linux-gnu/libpython3.10.so (found suitable version "3.10.12", minimum required is "3.5") 
[1.355s] -- Using PYTHON_EXECUTABLE: /usr/bin/python3
[1.355s] -- Using PYTHON_INCLUDE_DIRS: /usr/include/python3.10
[1.355s] -- Using PYTHON_LIBRARIES: /usr/lib/x86_64-linux-gnu/libpython3.10.so
[1.365s] -- Found PythonExtra: .so  
[1.367s] -- Found gtest sources under '/opt/ros/humble/src/gtest_vendor': C++ tests using 'Google Test' will be built
[1.371s] -- Found gmock sources under '/opt/ros/humble/src/gmock_vendor': C++ tests using 'Google Mock' will be built
[1.376s] -- Configuring done
[1.454s] -- Generating done
[1.469s] -- Build files have been written to: /home/drawmemaybe/DrawMeMaybe/ros2_ws/build/moveit_task_constructor_visualization
[1.483s] Invoked command in '/home/drawmemaybe/DrawMeMaybe/ros2_ws/build/moveit_task_constructor_visualization' returned '0': AMENT_PREFIX_PATH=/home/drawmemaybe/DrawMeMaybe/ros2_ws/install/moveit_task_constructor_core:/home/drawmemaybe/DrawMeMaybe/ros2_ws/install/moveit_planners:/home/drawmemaybe/DrawMeMaybe/ros2_ws/install/pilz_industrial_motion_planner:/home/drawmemaybe/DrawMeMaybe/ros2_ws/install/moveit_ros_visualization:/home/drawmemaybe/DrawMeMaybe/ros2_ws/install/moveit_resources_prbt_pg70_support:/home/drawmemaybe/DrawMeMaybe/ros2_ws/install/moveit_ros_planning_interface:/home/drawmemaybe/DrawMeMaybe/ros2_ws/install/moveit_resources_prbt_moveit_config:/home/drawmemaybe/DrawMeMaybe/ros2_ws/install/moveit_ros_move_group:/home/drawmemaybe/DrawMeMaybe/ros2_ws/install/moveit_ros_warehouse:/home/drawmemaybe/DrawMeMaybe/ros2_ws/install/moveit_ros_robot_interaction:/home/drawmemaybe/DrawMeMaybe/ros2_ws/install/moveit_planners_ompl:/home/drawmemaybe/DrawMeMaybe/ros2_ws/install/moveit_kinematics:/home/drawmemaybe/DrawMeMaybe/ros2_ws/install/moveit_ros_planning:/home/drawmemaybe/DrawMeMaybe/ros2_ws/install/moveit_planners_chomp:/home/drawmemaybe/DrawMeMaybe/ros2_ws/install/pilz_industrial_motion_planner_testutils:/home/drawmemaybe/DrawMeMaybe/ros2_ws/install/moveit_simple_controller_manager:/home/drawmemaybe/DrawMeMaybe/ros2_ws/install/moveit_ros_occupancy_map_monitor:/home/drawmemaybe/DrawMeMaybe/ros2_ws/install/moveit_resources_prbt_ikfast_manipulator_plugin:/home/drawmemaybe/DrawMeMaybe/ros2_ws/install/chomp_motion_planner:/home/drawmemaybe/DrawMeMaybe/ros2_ws/install/moveit_core:/home/drawmemaybe/DrawMeMaybe/ros2_ws/install/rviz_marker_tools:/home/drawmemaybe/DrawMeMaybe/ros2_ws/install/moveit_resources_panda_moveit_config:/home/drawmemaybe/DrawMeMaybe/ros2_ws/install/moveit_resources_fanuc_moveit_config:/home/drawmemaybe/DrawMeMaybe/ros2_ws/install/moveit_configs_utils:/home/drawmemaybe/DrawMeMaybe/ros2_ws/install/srdfdom:/home/drawmemaybe/DrawMeMaybe/ros2_ws/install/moveit_task_constructor_msgs:/home/drawmemaybe/DrawMeMaybe/ros2_ws/install/moveit_resources_prbt_support:/home/drawmemaybe/DrawMeMaybe/ros2_ws/install/moveit_resources_pr2_description:/home/drawmemaybe/DrawMeMaybe/ros2_ws/install/moveit_resources_panda_description:/home/drawmemaybe/DrawMeMaybe/ros2_ws/install/moveit_resources_fanuc_description:/home/drawmemaybe/DrawMeMaybe/ros2_ws/install/moveit_common:/home/drawmemaybe/DrawMeMaybe/ros2_ws/install/launch_param_builder:${AMENT_PREFIX_PATH} CMAKE_MODULE_PATH=/home/drawmemaybe/DrawMeMaybe/ros2_ws/install/moveit_task_constructor_core/share/moveit_task_constructor_core/cmake CMAKE_PREFIX_PATH=/home/drawmemaybe/DrawMeMaybe/ros2_ws/install/moveit_task_constructor_core:/home/drawmemaybe/DrawMeMaybe/ros2_ws/install/moveit_planners:/home/drawmemaybe/DrawMeMaybe/ros2_ws/install/pilz_industrial_motion_planner:/home/drawmemaybe/DrawMeMaybe/ros2_ws/install/moveit_ros_visualization:/home/drawmemaybe/DrawMeMaybe/ros2_ws/install/moveit_resources_prbt_pg70_support:/home/drawmemaybe/DrawMeMaybe/ros2_ws/install/moveit_ros_planning_interface:/home/drawmemaybe/DrawMeMaybe/ros2_ws/install/moveit_resources_prbt_moveit_config:/home/drawmemaybe/DrawMeMaybe/ros2_ws/install/moveit_ros_move_group:/home/drawmemaybe/DrawMeMaybe/ros2_ws/install/moveit_ros_warehouse:/home/drawmemaybe/DrawMeMaybe/ros2_ws/install/moveit_ros_robot_interaction:/home/drawmemaybe/DrawMeMaybe/ros2_ws/install/moveit_planners_ompl:/home/drawmemaybe/DrawMeMaybe/ros2_ws/install/moveit_kinematics:/home/drawmemaybe/DrawMeMaybe/ros2_ws/install/moveit_ros_planning:/home/drawmemaybe/DrawMeMaybe/ros2_ws/install/moveit_planners_chomp:/home/drawmemaybe/DrawMeMaybe/ros2_ws/install/pilz_industrial_motion_planner_testutils:/home/drawmemaybe/DrawMeMaybe/ros2_ws/install/moveit_simple_controller_manager:/home/drawmemaybe/DrawMeMaybe/ros2_ws/install/moveit_ros_occupancy_map_monitor:/home/drawmemaybe/DrawMeMaybe/ros2_ws/install/moveit_resources_prbt_ikfast_manipulator_plugin:/home/drawmemaybe/DrawMeMaybe/ros2_ws/install/chomp_motion_planner:/home/drawmemaybe/DrawMeMaybe/ros2_ws/install/moveit_core:/home/drawmemaybe/DrawMeMaybe/ros2_ws/install/rviz_marker_tools:/home/drawmemaybe/DrawMeMaybe/ros2_ws/install/moveit_resources_panda_moveit_config:/home/drawmemaybe/DrawMeMaybe/ros2_ws/install/moveit_resources_fanuc_moveit_config:/home/drawmemaybe/DrawMeMaybe/ros2_ws/install/srdfdom:/home/drawmemaybe/DrawMeMaybe/ros2_ws/install/moveit_task_constructor_msgs:/home/drawmemaybe/DrawMeMaybe/ros2_ws/install/moveit_resources_prbt_support:/home/drawmemaybe/DrawMeMaybe/ros2_ws/install/moveit_resources_pr2_description:/home/drawmemaybe/DrawMeMaybe/ros2_ws/install/moveit_resources_panda_description:/home/drawmemaybe/DrawMeMaybe/ros2_ws/install/moveit_resources_fanuc_description:/home/drawmemaybe/DrawMeMaybe/ros2_ws/install/moveit_common:/opt/ros/humble LD_LIBRARY_PATH=/home/drawmemaybe/DrawMeMaybe/ros2_ws/install/moveit_task_constructor_core/lib:/home/drawmemaybe/DrawMeMaybe/ros2_ws/install/pilz_industrial_motion_planner/lib:/home/drawmemaybe/DrawMeMaybe/ros2_ws/install/moveit_ros_visualization/lib:/home/drawmemaybe/DrawMeMaybe/ros2_ws/install/moveit_ros_planning_interface/lib:/home/drawmemaybe/DrawMeMaybe/ros2_ws/install/moveit_ros_move_group/lib:/home/drawmemaybe/DrawMeMaybe/ros2_ws/install/moveit_ros_warehouse/lib:/home/drawmemaybe/DrawMeMaybe/ros2_ws/install/moveit_ros_robot_interaction/lib:/home/drawmemaybe/DrawMeMaybe/ros2_ws/install/moveit_planners_ompl/lib:/home/drawmemaybe/DrawMeMaybe/ros2_ws/install/moveit_kinematics/lib:/home/drawmemaybe/DrawMeMaybe/ros2_ws/install/moveit_ros_planning/lib:/home/drawmemaybe/DrawMeMaybe/ros2_ws/install/moveit_planners_chomp/lib:/home/drawmemaybe/DrawMeMaybe/ros2_ws/install/pilz_industrial_motion_planner_testutils/lib:/home/drawmemaybe/DrawMeMaybe/ros2_ws/install/moveit_simple_controller_manager/lib:/home/drawmemaybe/DrawMeMaybe/ros2_ws/install/moveit_ros_occupancy_map_monitor/lib:/home/drawmemaybe/DrawMeMaybe/ros2_ws/install/moveit_resources_prbt_ikfast_manipulator_plugin/lib:/home/drawmemaybe/DrawMeMaybe/ros2_ws/install/chomp_motion_planner/lib:/home/drawmemaybe/DrawMeMaybe/ros2_ws/install/moveit_core/lib:/home/drawmemaybe/DrawMeMaybe/ros2_ws/install/rviz_marker_tools/lib:/home/drawmemaybe/DrawMeMaybe/ros2_ws/install/srdfdom/lib:/home/drawmemaybe/DrawMeMaybe/ros2_ws/install/moveit_task_constructor_msgs/lib:${LD_LIBRARY_PATH} PATH=/home/drawmemaybe/DrawMeMaybe/ros2_ws/install/moveit_core/bin:${PATH} PYTHONPATH=/home/drawmemaybe/DrawMeMaybe/ros2_ws/install/moveit_task_constructor_core/local/lib/python3.10/dist-packages:/home/drawmemaybe/DrawMeMaybe/ros2_ws/install/moveit_configs_utils/lib/python3.10/site-packages:/home/drawmemaybe/DrawMeMaybe/ros2_ws/install/srdfdom/local/lib/python3.10/dist-packages:/home/drawmemaybe/DrawMeMaybe/ros2_ws/install/moveit_task_constructor_msgs/local/lib/python3.10/dist-packages:/home/drawmemaybe/DrawMeMaybe/ros2_ws/install/launch_param_builder/lib/python3.10/site-packages:${PYTHONPATH} /usr/bin/cmake /home/drawmemaybe/DrawMeMaybe/ros2_ws/src/moveit_task_constructor/visualization -DCMAKE_INSTALL_PREFIX=/home/drawmemaybe/DrawMeMaybe/ros2_ws/install/moveit_task_constructor_visualization
[1.483s] Invoking command in '/home/drawmemaybe/DrawMeMaybe/ros2_ws/build/moveit_task_constructor_visualization': AMENT_PREFIX_PATH=/home/drawmemaybe/DrawMeMaybe/ros2_ws/install/moveit_task_constructor_core:/home/drawmemaybe/DrawMeMaybe/ros2_ws/install/moveit_planners:/home/drawmemaybe/DrawMeMaybe/ros2_ws/install/pilz_industrial_motion_planner:/home/drawmemaybe/DrawMeMaybe/ros2_ws/install/moveit_ros_visualization:/home/drawmemaybe/DrawMeMaybe/ros2_ws/install/moveit_resources_prbt_pg70_support:/home/drawmemaybe/DrawMeMaybe/ros2_ws/install/moveit_ros_planning_interface:/home/drawmemaybe/DrawMeMaybe/ros2_ws/install/moveit_resources_prbt_moveit_config:/home/drawmemaybe/DrawMeMaybe/ros2_ws/install/moveit_ros_move_group:/home/drawmemaybe/DrawMeMaybe/ros2_ws/install/moveit_ros_warehouse:/home/drawmemaybe/DrawMeMaybe/ros2_ws/install/moveit_ros_robot_interaction:/home/drawmemaybe/DrawMeMaybe/ros2_ws/install/moveit_planners_ompl:/home/drawmemaybe/DrawMeMaybe/ros2_ws/install/moveit_kinematics:/home/drawmemaybe/DrawMeMaybe/ros2_ws/install/moveit_ros_planning:/home/drawmemaybe/DrawMeMaybe/ros2_ws/install/moveit_planners_chomp:/home/drawmemaybe/DrawMeMaybe/ros2_ws/install/pilz_industrial_motion_planner_testutils:/home/drawmemaybe/DrawMeMaybe/ros2_ws/install/moveit_simple_controller_manager:/home/drawmemaybe/DrawMeMaybe/ros2_ws/install/moveit_ros_occupancy_map_monitor:/home/drawmemaybe/DrawMeMaybe/ros2_ws/install/moveit_resources_prbt_ikfast_manipulator_plugin:/home/drawmemaybe/DrawMeMaybe/ros2_ws/install/chomp_motion_planner:/home/drawmemaybe/DrawMeMaybe/ros2_ws/install/moveit_core:/home/drawmemaybe/DrawMeMaybe/ros2_ws/install/rviz_marker_tools:/home/drawmemaybe/DrawMeMaybe/ros2_ws/install/moveit_resources_panda_moveit_config:/home/drawmemaybe/DrawMeMaybe/ros2_ws/install/moveit_resources_fanuc_moveit_config:/home/drawmemaybe/DrawMeMaybe/ros2_ws/install/moveit_configs_utils:/home/drawmemaybe/DrawMeMaybe/ros2_ws/install/srdfdom:/home/drawmemaybe/DrawMeMaybe/ros2_ws/install/moveit_task_constructor_msgs:/home/drawmemaybe/DrawMeMaybe/ros2_ws/install/moveit_resources_prbt_support:/home/drawmemaybe/DrawMeMaybe/ros2_ws/install/moveit_resources_pr2_description:/home/drawmemaybe/DrawMeMaybe/ros2_ws/install/moveit_resources_panda_description:/home/drawmemaybe/DrawMeMaybe/ros2_ws/install/moveit_resources_fanuc_description:/home/drawmemaybe/DrawMeMaybe/ros2_ws/install/moveit_common:/home/drawmemaybe/DrawMeMaybe/ros2_ws/install/launch_param_builder:${AMENT_PREFIX_PATH} CMAKE_MODULE_PATH=/home/drawmemaybe/DrawMeMaybe/ros2_ws/install/moveit_task_constructor_core/share/moveit_task_constructor_core/cmake CMAKE_PREFIX_PATH=/home/drawmemaybe/DrawMeMaybe/ros2_ws/install/moveit_task_constructor_core:/home/drawmemaybe/DrawMeMaybe/ros2_ws/install/moveit_planners:/home/drawmemaybe/DrawMeMaybe/ros2_ws/install/pilz_industrial_motion_planner:/home/drawmemaybe/DrawMeMaybe/ros2_ws/install/moveit_ros_visualization:/home/drawmemaybe/DrawMeMaybe/ros2_ws/install/moveit_resources_prbt_pg70_support:/home/drawmemaybe/DrawMeMaybe/ros2_ws/install/moveit_ros_planning_interface:/home/drawmemaybe/DrawMeMaybe/ros2_ws/install/moveit_resources_prbt_moveit_config:/home/drawmemaybe/DrawMeMaybe/ros2_ws/install/moveit_ros_move_group:/home/drawmemaybe/DrawMeMaybe/ros2_ws/install/moveit_ros_warehouse:/home/drawmemaybe/DrawMeMaybe/ros2_ws/install/moveit_ros_robot_interaction:/home/drawmemaybe/DrawMeMaybe/ros2_ws/install/moveit_planners_ompl:/home/drawmemaybe/DrawMeMaybe/ros2_ws/install/moveit_kinematics:/home/drawmemaybe/DrawMeMaybe/ros2_ws/install/moveit_ros_planning:/home/drawmemaybe/DrawMeMaybe/ros2_ws/install/moveit_planners_chomp:/home/drawmemaybe/DrawMeMaybe/ros2_ws/install/pilz_industrial_motion_planner_testutils:/home/drawmemaybe/DrawMeMaybe/ros2_ws/install/moveit_simple_controller_manager:/home/drawmemaybe/DrawMeMaybe/ros2_ws/install/moveit_ros_occupancy_map_monitor:/home/drawmemaybe/DrawMeMaybe/ros2_ws/install/moveit_resources_prbt_ikfast_manipulator_plugin:/home/drawmemaybe/DrawMeMaybe/ros2_ws/install/chomp_motion_planner:/home/drawmemaybe/DrawMeMaybe/ros2_ws/install/moveit_core:/home/drawmemaybe/DrawMeMaybe/ros2_ws/install/rviz_marker_tools:/home/drawmemaybe/DrawMeMaybe/ros2_ws/install/moveit_resources_panda_moveit_config:/home/drawmemaybe/DrawMeMaybe/ros2_ws/install/moveit_resources_fanuc_moveit_config:/home/drawmemaybe/DrawMeMaybe/ros2_ws/install/srdfdom:/home/drawmemaybe/DrawMeMaybe/ros2_ws/install/moveit_task_constructor_msgs:/home/drawmemaybe/DrawMeMaybe/ros2_ws/install/moveit_resources_prbt_support:/home/drawmemaybe/DrawMeMaybe/ros2_ws/install/moveit_resources_pr2_description:/home/drawmemaybe/DrawMeMaybe/ros2_ws/install/moveit_resources_panda_description:/home/drawmemaybe/DrawMeMaybe/ros2_ws/install/moveit_resources_fanuc_description:/home/drawmemaybe/DrawMeMaybe/ros2_ws/install/moveit_common:/opt/ros/humble LD_LIBRARY_PATH=/home/drawmemaybe/DrawMeMaybe/ros2_ws/install/moveit_task_constructor_core/lib:/home/drawmemaybe/DrawMeMaybe/ros2_ws/install/pilz_industrial_motion_planner/lib:/home/drawmemaybe/DrawMeMaybe/ros2_ws/install/moveit_ros_visualization/lib:/home/drawmemaybe/DrawMeMaybe/ros2_ws/install/moveit_ros_planning_interface/lib:/home/drawmemaybe/DrawMeMaybe/ros2_ws/install/moveit_ros_move_group/lib:/home/drawmemaybe/DrawMeMaybe/ros2_ws/install/moveit_ros_warehouse/lib:/home/drawmemaybe/DrawMeMaybe/ros2_ws/install/moveit_ros_robot_interaction/lib:/home/drawmemaybe/DrawMeMaybe/ros2_ws/install/moveit_planners_ompl/lib:/home/drawmemaybe/DrawMeMaybe/ros2_ws/install/moveit_kinematics/lib:/home/drawmemaybe/DrawMeMaybe/ros2_ws/install/moveit_ros_planning/lib:/home/drawmemaybe/DrawMeMaybe/ros2_ws/install/moveit_planners_chomp/lib:/home/drawmemaybe/DrawMeMaybe/ros2_ws/install/pilz_industrial_motion_planner_testutils/lib:/home/drawmemaybe/DrawMeMaybe/ros2_ws/install/moveit_simple_controller_manager/lib:/home/drawmemaybe/DrawMeMaybe/ros2_ws/install/moveit_ros_occupancy_map_monitor/lib:/home/drawmemaybe/DrawMeMaybe/ros2_ws/install/moveit_resources_prbt_ikfast_manipulator_plugin/lib:/home/drawmemaybe/DrawMeMaybe/ros2_ws/install/chomp_motion_planner/lib:/home/drawmemaybe/DrawMeMaybe/ros2_ws/install/moveit_core/lib:/home/drawmemaybe/DrawMeMaybe/ros2_ws/install/rviz_marker_tools/lib:/home/drawmemaybe/DrawMeMaybe/ros2_ws/install/srdfdom/lib:/home/drawmemaybe/DrawMeMaybe/ros2_ws/install/moveit_task_constructor_msgs/lib:${LD_LIBRARY_PATH} PATH=/home/drawmemaybe/DrawMeMaybe/ros2_ws/install/moveit_core/bin:${PATH} PYTHONPATH=/home/drawmemaybe/DrawMeMaybe/ros2_ws/install/moveit_task_constructor_core/local/lib/python3.10/dist-packages:/home/drawmemaybe/DrawMeMaybe/ros2_ws/install/moveit_configs_utils/lib/python3.10/site-packages:/home/drawmemaybe/DrawMeMaybe/ros2_ws/install/srdfdom/local/lib/python3.10/dist-packages:/home/drawmemaybe/DrawMeMaybe/ros2_ws/install/moveit_task_constructor_msgs/local/lib/python3.10/dist-packages:/home/drawmemaybe/DrawMeMaybe/ros2_ws/install/launch_param_builder/lib/python3.10/site-packages:${PYTHONPATH} /usr/bin/cmake --build /home/drawmemaybe/DrawMeMaybe/ros2_ws/build/moveit_task_constructor_visualization -- -j24 -l24
[1.508s] [  1%] [34m[1mAutomatic MOC for target motion_planning_tasks_properties[0m
[1.508s] [  4%] [34m[1mAutomatic MOC for target gtest[0m
[1.508s] [  4%] [34m[1mAutomatic MOC for target gmock[0m
[1.509s] [  6%] [34m[1mAutomatic MOC for target moveit_task_visualization_tools[0m
[1.509s] [  7%] [34m[1mAutomatic MOC for target gtest_main[0m
[1.511s] [  9%] [34m[1mAutomatic MOC for target motion_planning_tasks_utils[0m
[1.517s] [ 10%] [34m[1mAutomatic MOC for target gmock_main[0m
[1.523s] [ 10%] Built target motion_planning_tasks_properties_autogen
[1.523s] [ 10%] Built target gmock_autogen
[1.525s] [ 10%] Built target gtest_autogen
[1.527s] [ 10%] Built target gtest_main_autogen
[1.533s] [ 10%] Built target gmock_main_autogen
[1.537s] [ 16%] [32mBuilding CXX object motion_planning_tasks/properties/CMakeFiles/motion_planning_tasks_properties.dir/property_factory.cpp.o[0m
[1.537s] [ 16%] [32mBuilding CXX object gmock/CMakeFiles/gmock.dir/gmock_autogen/mocs_compilation.cpp.o[0m
[1.537s] [ 16%] [32mBuilding CXX object gmock/CMakeFiles/gmock.dir/opt/ros/humble/src/gtest_vendor/src/gtest-all.cc.o[0m
[1.537s] [ 16%] [32mBuilding CXX object motion_planning_tasks/properties/CMakeFiles/motion_planning_tasks_properties.dir/property_from_yaml.cpp.o[0m
[1.537s] [ 18%] [32mBuilding CXX object gmock/CMakeFiles/gmock.dir/src/gmock-all.cc.o[0m
[1.537s] [ 20%] [32mBuilding CXX object motion_planning_tasks/properties/CMakeFiles/motion_planning_tasks_properties.dir/motion_planning_tasks_properties_autogen/mocs_compilation.cpp.o[0m
[1.540s] [ 23%] [32mBuilding CXX object gtest/CMakeFiles/gtest_main.dir/gtest_main_autogen/mocs_compilation.cpp.o[0m
[1.540s] [ 23%] [32mBuilding CXX object gtest/CMakeFiles/gtest.dir/src/gtest-all.cc.o[0m
[1.542s] [ 26%] [32mBuilding CXX object gtest/CMakeFiles/gtest_main.dir/src/gtest_main.cc.o[0m
[1.543s] [ 26%] [32mBuilding CXX object gtest/CMakeFiles/gtest.dir/gtest_autogen/mocs_compilation.cpp.o[0m
[1.550s] [ 27%] [32mBuilding CXX object gmock/CMakeFiles/gmock_main.dir/src/gmock_main.cc.o[0m
[1.550s] [ 29%] [32mBuilding CXX object gmock/CMakeFiles/gmock_main.dir/gmock_main_autogen/mocs_compilation.cpp.o[0m
[1.608s] [ 29%] Built target motion_planning_tasks_utils_autogen
[1.627s] [ 35%] [32mBuilding CXX object motion_planning_tasks/utils/CMakeFiles/motion_planning_tasks_utils.dir/icon.cpp.o[0m
[1.627s] [ 35%] [32mBuilding CXX object motion_planning_tasks/utils/CMakeFiles/motion_planning_tasks_utils.dir/motion_planning_tasks_utils_autogen/mocs_compilation.cpp.o[0m
[1.627s] [ 35%] [32mBuilding CXX object motion_planning_tasks/utils/CMakeFiles/motion_planning_tasks_utils.dir/tree_merge_proxy_model.cpp.o[0m
[1.627s] [ 35%] [32mBuilding CXX object motion_planning_tasks/utils/CMakeFiles/motion_planning_tasks_utils.dir/flat_merge_proxy_model.cpp.o[0m
[1.650s] [ 35%] Built target moveit_task_visualization_tools_autogen
[1.670s] [ 40%] [32mBuilding CXX object visualization_tools/CMakeFiles/moveit_task_visualization_tools.dir/src/marker_visualization.cpp.o[0m
[1.670s] [ 40%] [32mBuilding CXX object visualization_tools/CMakeFiles/moveit_task_visualization_tools.dir/src/task_solution_visualization.cpp.o[0m
[1.670s] [ 43%] [32mBuilding CXX object visualization_tools/CMakeFiles/moveit_task_visualization_tools.dir/src/task_solution_panel.cpp.o[0m
[1.670s] [ 43%] [32mBuilding CXX object visualization_tools/CMakeFiles/moveit_task_visualization_tools.dir/src/display_solution.cpp.o[0m
[1.670s] [ 43%] [32mBuilding CXX object visualization_tools/CMakeFiles/moveit_task_visualization_tools.dir/moveit_task_visualization_tools_autogen/mocs_compilation.cpp.o[0m
[2.136s] [ 44%] [32m[1mLinking CXX static library libgtest_main.a[0m
[2.166s] [ 44%] Built target gtest_main
[2.316s] [ 46%] [32m[1mLinking CXX static library libgmock_main.a[0m
[2.346s] [ 46%] Built target gmock_main
[3.126s] [ 47%] [32m[1mLinking CXX shared library libmotion_planning_tasks_utils.so[0m
[3.411s] [ 47%] Built target motion_planning_tasks_utils
[3.536s] [ 49%] [32m[1mLinking CXX shared library libmotion_planning_tasks_properties.so[0m
[3.771s] [ 49%] Built target motion_planning_tasks_properties
[5.337s] [ 50%] [32m[1mLinking CXX static library libgtest.a[0m
[5.355s] [ 50%] Built target gtest
[5.364s] [ 52%] [34m[1mAutomatic MOC for target moveit_task_constructor_visualization-test-merge-models[0m
[5.377s] [ 52%] Built target moveit_task_constructor_visualization-test-merge-models_autogen
[5.386s] [ 55%] [32mBuilding CXX object motion_planning_tasks/test/CMakeFiles/moveit_task_constructor_visualization-test-merge-models.dir/moveit_task_constructor_visualization-test-merge-models_autogen/mocs_compilation.cpp.o[0m
[5.386s] [ 55%] [32mBuilding CXX object motion_planning_tasks/test/CMakeFiles/moveit_task_constructor_visualization-test-merge-models.dir/test_merge_models.cpp.o[0m
[5.704s] [ 56%] [32m[1mLinking CXX static library libgmock.a[0m
[5.721s] [ 56%] Built target gmock
[6.636s] [ 58%] [32m[1mLinking CXX executable moveit_task_constructor_visualization-test-merge-models[0m
[6.818s] [ 58%] Built target moveit_task_constructor_visualization-test-merge-models
[15.942s] [ 60%] [32m[1mLinking CXX shared library libmoveit_task_visualization_tools.so[0m
[24.685s] [ 60%] Built target moveit_task_visualization_tools
[24.750s] [ 61%] [34m[1mAutomatic MOC for target motion_planning_tasks_rviz_plugin[0m
[25.766s] [ 61%] Built target motion_planning_tasks_rviz_plugin_autogen
[25.785s] [ 63%] [34m[1mGenerating ui_task_view.h[0m
[25.826s] [ 64%] [34m[1mGenerating ui_task_panel.h[0m
[25.857s] [ 66%] [34m[1mGenerating ui_global_settings.h[0m
[25.887s] [ 67%] [34m[1mAutomatic RCC for resources.qrc[0m
[25.945s] [ 69%] [32mBuilding CXX object motion_planning_tasks/src/CMakeFiles/motion_planning_tasks_rviz_plugin.dir/motion_planning_tasks_rviz_plugin_autogen/mocs_compilation.cpp.o[0m
[32.948s] [ 70%] [32mBuilding CXX object motion_planning_tasks/src/CMakeFiles/motion_planning_tasks_rviz_plugin.dir/motion_planning_tasks_rviz_plugin_autogen/EWIEGA46WW/qrc_resources.cpp.o[0m
[32.966s] [ 72%] [32mBuilding CXX object motion_planning_tasks/src/CMakeFiles/motion_planning_tasks_rviz_plugin.dir/task_panel.cpp.o[0m
[39.046s] [ 73%] [32mBuilding CXX object motion_planning_tasks/src/CMakeFiles/motion_planning_tasks_rviz_plugin.dir/task_list_model.cpp.o[0m
[43.598s] [ 80%] [32mBuilding CXX object motion_planning_tasks/src/CMakeFiles/motion_planning_tasks_rviz_plugin.dir/remote_task_model.cpp.o[0m
[43.598s] [ 80%] [32mBuilding CXX object motion_planning_tasks/src/CMakeFiles/motion_planning_tasks_rviz_plugin.dir/task_display.cpp.o[0m
[43.598s] [ 80%] [32mBuilding CXX object motion_planning_tasks/src/CMakeFiles/motion_planning_tasks_rviz_plugin.dir/local_task_model.cpp.o[0m
[43.599s] [ 80%] [32mBuilding CXX object motion_planning_tasks/src/CMakeFiles/motion_planning_tasks_rviz_plugin.dir/meta_task_list_model.cpp.o[0m
[43.599s] [ 86%] [32mBuilding CXX object motion_planning_tasks/src/CMakeFiles/motion_planning_tasks_rviz_plugin.dir/plugin_init.cpp.o[0m
[43.599s] [ 86%] [32mBuilding CXX object motion_planning_tasks/src/CMakeFiles/motion_planning_tasks_rviz_plugin.dir/job_queue.cpp.o[0m
[43.599s] [ 86%] [32mBuilding CXX object motion_planning_tasks/src/CMakeFiles/motion_planning_tasks_rviz_plugin.dir/icons.cpp.o[0m
[43.599s] [ 86%] [32mBuilding CXX object motion_planning_tasks/src/CMakeFiles/motion_planning_tasks_rviz_plugin.dir/factory_model.cpp.o[0m
[55.952s] [ 87%] [32m[1mLinking CXX shared library libmotion_planning_tasks_rviz_plugin.so[0m
[56.953s] [ 87%] Built target motion_planning_tasks_rviz_plugin
[56.963s] [ 89%] [34m[1mAutomatic MOC for target moveit_task_constructor_visualization-test-task_model[0m
[56.963s] [ 90%] [34m[1mAutomatic MOC for target moveit_task_constructor_visualization-test-solution-models[0m
[56.976s] [ 90%] Built target moveit_task_constructor_visualization-test-solution-models_autogen
[56.976s] [ 90%] Built target moveit_task_constructor_visualization-test-task_model_autogen
[56.986s] [ 93%] [32mBuilding CXX object motion_planning_tasks/test/CMakeFiles/moveit_task_constructor_visualization-test-solution-models.dir/moveit_task_constructor_visualization-test-solution-models_autogen/mocs_compilation.cpp.o[0m
[56.986s] [ 93%] [32mBuilding CXX object motion_planning_tasks/test/CMakeFiles/moveit_task_constructor_visualization-test-solution-models.dir/test_solution_models.cpp.o[0m
[56.986s] [ 96%] [32mBuilding CXX object motion_planning_tasks/test/CMakeFiles/moveit_task_constructor_visualization-test-task_model.dir/test_task_model.cpp.o[0m
[56.986s] [ 96%] [32mBuilding CXX object motion_planning_tasks/test/CMakeFiles/moveit_task_constructor_visualization-test-task_model.dir/moveit_task_constructor_visualization-test-task_model_autogen/mocs_compilation.cpp.o[0m
[59.741s] [ 98%] [32m[1mLinking CXX executable moveit_task_constructor_visualization-test-solution-models[0m
[59.985s] [100%] [32m[1mLinking CXX executable moveit_task_constructor_visualization-test-task_model[0m
[60.068s] [100%] Built target moveit_task_constructor_visualization-test-solution-models
[60.312s] [100%] Built target moveit_task_constructor_visualization-test-task_model
[60.317s] Invoked command in '/home/drawmemaybe/DrawMeMaybe/ros2_ws/build/moveit_task_constructor_visualization' returned '0': AMENT_PREFIX_PATH=/home/drawmemaybe/DrawMeMaybe/ros2_ws/install/moveit_task_constructor_core:/home/drawmemaybe/DrawMeMaybe/ros2_ws/install/moveit_planners:/home/drawmemaybe/DrawMeMaybe/ros2_ws/install/pilz_industrial_motion_planner:/home/drawmemaybe/DrawMeMaybe/ros2_ws/install/moveit_ros_visualization:/home/drawmemaybe/DrawMeMaybe/ros2_ws/install/moveit_resources_prbt_pg70_support:/home/drawmemaybe/DrawMeMaybe/ros2_ws/install/moveit_ros_planning_interface:/home/drawmemaybe/DrawMeMaybe/ros2_ws/install/moveit_resources_prbt_moveit_config:/home/drawmemaybe/DrawMeMaybe/ros2_ws/install/moveit_ros_move_group:/home/drawmemaybe/DrawMeMaybe/ros2_ws/install/moveit_ros_warehouse:/home/drawmemaybe/DrawMeMaybe/ros2_ws/install/moveit_ros_robot_interaction:/home/drawmemaybe/DrawMeMaybe/ros2_ws/install/moveit_planners_ompl:/home/drawmemaybe/DrawMeMaybe/ros2_ws/install/moveit_kinematics:/home/drawmemaybe/DrawMeMaybe/ros2_ws/install/moveit_ros_planning:/home/drawmemaybe/DrawMeMaybe/ros2_ws/install/moveit_planners_chomp:/home/drawmemaybe/DrawMeMaybe/ros2_ws/install/pilz_industrial_motion_planner_testutils:/home/drawmemaybe/DrawMeMaybe/ros2_ws/install/moveit_simple_controller_manager:/home/drawmemaybe/DrawMeMaybe/ros2_ws/install/moveit_ros_occupancy_map_monitor:/home/drawmemaybe/DrawMeMaybe/ros2_ws/install/moveit_resources_prbt_ikfast_manipulator_plugin:/home/drawmemaybe/DrawMeMaybe/ros2_ws/install/chomp_motion_planner:/home/drawmemaybe/DrawMeMaybe/ros2_ws/install/moveit_core:/home/drawmemaybe/DrawMeMaybe/ros2_ws/install/rviz_marker_tools:/home/drawmemaybe/DrawMeMaybe/ros2_ws/install/moveit_resources_panda_moveit_config:/home/drawmemaybe/DrawMeMaybe/ros2_ws/install/moveit_resources_fanuc_moveit_config:/home/drawmemaybe/DrawMeMaybe/ros2_ws/install/moveit_configs_utils:/home/drawmemaybe/DrawMeMaybe/ros2_ws/install/srdfdom:/home/drawmemaybe/DrawMeMaybe/ros2_ws/install/moveit_task_constructor_msgs:/home/drawmemaybe/DrawMeMaybe/ros2_ws/install/moveit_resources_prbt_support:/home/drawmemaybe/DrawMeMaybe/ros2_ws/install/moveit_resources_pr2_description:/home/drawmemaybe/DrawMeMaybe/ros2_ws/install/moveit_resources_panda_description:/home/drawmemaybe/DrawMeMaybe/ros2_ws/install/moveit_resources_fanuc_description:/home/drawmemaybe/DrawMeMaybe/ros2_ws/install/moveit_common:/home/drawmemaybe/DrawMeMaybe/ros2_ws/install/launch_param_builder:${AMENT_PREFIX_PATH} CMAKE_MODULE_PATH=/home/drawmemaybe/DrawMeMaybe/ros2_ws/install/moveit_task_constructor_core/share/moveit_task_constructor_core/cmake CMAKE_PREFIX_PATH=/home/drawmemaybe/DrawMeMaybe/ros2_ws/install/moveit_task_constructor_core:/home/drawmemaybe/DrawMeMaybe/ros2_ws/install/moveit_planners:/home/drawmemaybe/DrawMeMaybe/ros2_ws/install/pilz_industrial_motion_planner:/home/drawmemaybe/DrawMeMaybe/ros2_ws/install/moveit_ros_visualization:/home/drawmemaybe/DrawMeMaybe/ros2_ws/install/moveit_resources_prbt_pg70_support:/home/drawmemaybe/DrawMeMaybe/ros2_ws/install/moveit_ros_planning_interface:/home/drawmemaybe/DrawMeMaybe/ros2_ws/install/moveit_resources_prbt_moveit_config:/home/drawmemaybe/DrawMeMaybe/ros2_ws/install/moveit_ros_move_group:/home/drawmemaybe/DrawMeMaybe/ros2_ws/install/moveit_ros_warehouse:/home/drawmemaybe/DrawMeMaybe/ros2_ws/install/moveit_ros_robot_interaction:/home/drawmemaybe/DrawMeMaybe/ros2_ws/install/moveit_planners_ompl:/home/drawmemaybe/DrawMeMaybe/ros2_ws/install/moveit_kinematics:/home/drawmemaybe/DrawMeMaybe/ros2_ws/install/moveit_ros_planning:/home/drawmemaybe/DrawMeMaybe/ros2_ws/install/moveit_planners_chomp:/home/drawmemaybe/DrawMeMaybe/ros2_ws/install/pilz_industrial_motion_planner_testutils:/home/drawmemaybe/DrawMeMaybe/ros2_ws/install/moveit_simple_controller_manager:/home/drawmemaybe/DrawMeMaybe/ros2_ws/install/moveit_ros_occupancy_map_monitor:/home/drawmemaybe/DrawMeMaybe/ros2_ws/install/moveit_resources_prbt_ikfast_manipulator_plugin:/home/drawmemaybe/DrawMeMaybe/ros2_ws/install/chomp_motion_planner:/home/drawmemaybe/DrawMeMaybe/ros2_ws/install/moveit_core:/home/drawmemaybe/DrawMeMaybe/ros2_ws/install/rviz_marker_tools:/home/drawmemaybe/DrawMeMaybe/ros2_ws/install/moveit_resources_panda_moveit_config:/home/drawmemaybe/DrawMeMaybe/ros2_ws/install/moveit_resources_fanuc_moveit_config:/home/drawmemaybe/DrawMeMaybe/ros2_ws/install/srdfdom:/home/drawmemaybe/DrawMeMaybe/ros2_ws/install/moveit_task_constructor_msgs:/home/drawmemaybe/DrawMeMaybe/ros2_ws/install/moveit_resources_prbt_support:/home/drawmemaybe/DrawMeMaybe/ros2_ws/install/moveit_resources_pr2_description:/home/drawmemaybe/DrawMeMaybe/ros2_ws/install/moveit_resources_panda_description:/home/drawmemaybe/DrawMeMaybe/ros2_ws/install/moveit_resources_fanuc_description:/home/drawmemaybe/DrawMeMaybe/ros2_ws/install/moveit_common:/opt/ros/humble LD_LIBRARY_PATH=/home/drawmemaybe/DrawMeMaybe/ros2_ws/install/moveit_task_constructor_core/lib:/home/drawmemaybe/DrawMeMaybe/ros2_ws/install/pilz_industrial_motion_planner/lib:/home/drawmemaybe/DrawMeMaybe/ros2_ws/install/moveit_ros_visualization/lib:/home/drawmemaybe/DrawMeMaybe/ros2_ws/install/moveit_ros_planning_interface/lib:/home/drawmemaybe/DrawMeMaybe/ros2_ws/install/moveit_ros_move_group/lib:/home/drawmemaybe/DrawMeMaybe/ros2_ws/install/moveit_ros_warehouse/lib:/home/drawmemaybe/DrawMeMaybe/ros2_ws/install/moveit_ros_robot_interaction/lib:/home/drawmemaybe/DrawMeMaybe/ros2_ws/install/moveit_planners_ompl/lib:/home/drawmemaybe/DrawMeMaybe/ros2_ws/install/moveit_kinematics/lib:/home/drawmemaybe/DrawMeMaybe/ros2_ws/install/moveit_ros_planning/lib:/home/drawmemaybe/DrawMeMaybe/ros2_ws/install/moveit_planners_chomp/lib:/home/drawmemaybe/DrawMeMaybe/ros2_ws/install/pilz_industrial_motion_planner_testutils/lib:/home/drawmemaybe/DrawMeMaybe/ros2_ws/install/moveit_simple_controller_manager/lib:/home/drawmemaybe/DrawMeMaybe/ros2_ws/install/moveit_ros_occupancy_map_monitor/lib:/home/drawmemaybe/DrawMeMaybe/ros2_ws/install/moveit_resources_prbt_ikfast_manipulator_plugin/lib:/home/drawmemaybe/DrawMeMaybe/ros2_ws/install/chomp_motion_planner/lib:/home/drawmemaybe/DrawMeMaybe/ros2_ws/install/moveit_core/lib:/home/drawmemaybe/DrawMeMaybe/ros2_ws/install/rviz_marker_tools/lib:/home/drawmemaybe/DrawMeMaybe/ros2_ws/install/srdfdom/lib:/home/drawmemaybe/DrawMeMaybe/ros2_ws/install/moveit_task_constructor_msgs/lib:${LD_LIBRARY_PATH} PATH=/home/drawmemaybe/DrawMeMaybe/ros2_ws/install/moveit_core/bin:${PATH} PYTHONPATH=/home/drawmemaybe/DrawMeMaybe/ros2_ws/install/moveit_task_constructor_core/local/lib/python3.10/dist-packages:/home/drawmemaybe/DrawMeMaybe/ros2_ws/install/moveit_configs_utils/lib/python3.10/site-packages:/home/drawmemaybe/DrawMeMaybe/ros2_ws/install/srdfdom/local/lib/python3.10/dist-packages:/home/drawmemaybe/DrawMeMaybe/ros2_ws/install/moveit_task_constructor_msgs/local/lib/python3.10/dist-packages:/home/drawmemaybe/DrawMeMaybe/ros2_ws/install/launch_param_builder/lib/python3.10/site-packages:${PYTHONPATH} /usr/bin/cmake --build /home/drawmemaybe/DrawMeMaybe/ros2_ws/build/moveit_task_constructor_visualization -- -j24 -l24
[60.318s] Invoking command in '/home/drawmemaybe/DrawMeMaybe/ros2_ws/build/moveit_task_constructor_visualization': AMENT_PREFIX_PATH=/home/drawmemaybe/DrawMeMaybe/ros2_ws/install/moveit_task_constructor_core:/home/drawmemaybe/DrawMeMaybe/ros2_ws/install/moveit_planners:/home/drawmemaybe/DrawMeMaybe/ros2_ws/install/pilz_industrial_motion_planner:/home/drawmemaybe/DrawMeMaybe/ros2_ws/install/moveit_ros_visualization:/home/drawmemaybe/DrawMeMaybe/ros2_ws/install/moveit_resources_prbt_pg70_support:/home/drawmemaybe/DrawMeMaybe/ros2_ws/install/moveit_ros_planning_interface:/home/drawmemaybe/DrawMeMaybe/ros2_ws/install/moveit_resources_prbt_moveit_config:/home/drawmemaybe/DrawMeMaybe/ros2_ws/install/moveit_ros_move_group:/home/drawmemaybe/DrawMeMaybe/ros2_ws/install/moveit_ros_warehouse:/home/drawmemaybe/DrawMeMaybe/ros2_ws/install/moveit_ros_robot_interaction:/home/drawmemaybe/DrawMeMaybe/ros2_ws/install/moveit_planners_ompl:/home/drawmemaybe/DrawMeMaybe/ros2_ws/install/moveit_kinematics:/home/drawmemaybe/DrawMeMaybe/ros2_ws/install/moveit_ros_planning:/home/drawmemaybe/DrawMeMaybe/ros2_ws/install/moveit_planners_chomp:/home/drawmemaybe/DrawMeMaybe/ros2_ws/install/pilz_industrial_motion_planner_testutils:/home/drawmemaybe/DrawMeMaybe/ros2_ws/install/moveit_simple_controller_manager:/home/drawmemaybe/DrawMeMaybe/ros2_ws/install/moveit_ros_occupancy_map_monitor:/home/drawmemaybe/DrawMeMaybe/ros2_ws/install/moveit_resources_prbt_ikfast_manipulator_plugin:/home/drawmemaybe/DrawMeMaybe/ros2_ws/install/chomp_motion_planner:/home/drawmemaybe/DrawMeMaybe/ros2_ws/install/moveit_core:/home/drawmemaybe/DrawMeMaybe/ros2_ws/install/rviz_marker_tools:/home/drawmemaybe/DrawMeMaybe/ros2_ws/install/moveit_resources_panda_moveit_config:/home/drawmemaybe/DrawMeMaybe/ros2_ws/install/moveit_resources_fanuc_moveit_config:/home/drawmemaybe/DrawMeMaybe/ros2_ws/install/moveit_configs_utils:/home/drawmemaybe/DrawMeMaybe/ros2_ws/install/srdfdom:/home/drawmemaybe/DrawMeMaybe/ros2_ws/install/moveit_task_constructor_msgs:/home/drawmemaybe/DrawMeMaybe/ros2_ws/install/moveit_resources_prbt_support:/home/drawmemaybe/DrawMeMaybe/ros2_ws/install/moveit_resources_pr2_description:/home/drawmemaybe/DrawMeMaybe/ros2_ws/install/moveit_resources_panda_description:/home/drawmemaybe/DrawMeMaybe/ros2_ws/install/moveit_resources_fanuc_description:/home/drawmemaybe/DrawMeMaybe/ros2_ws/install/moveit_common:/home/drawmemaybe/DrawMeMaybe/ros2_ws/install/launch_param_builder:${AMENT_PREFIX_PATH} CMAKE_MODULE_PATH=/home/drawmemaybe/DrawMeMaybe/ros2_ws/install/moveit_task_constructor_core/share/moveit_task_constructor_core/cmake CMAKE_PREFIX_PATH=/home/drawmemaybe/DrawMeMaybe/ros2_ws/install/moveit_task_constructor_core:/home/drawmemaybe/DrawMeMaybe/ros2_ws/install/moveit_planners:/home/drawmemaybe/DrawMeMaybe/ros2_ws/install/pilz_industrial_motion_planner:/home/drawmemaybe/DrawMeMaybe/ros2_ws/install/moveit_ros_visualization:/home/drawmemaybe/DrawMeMaybe/ros2_ws/install/moveit_resources_prbt_pg70_support:/home/drawmemaybe/DrawMeMaybe/ros2_ws/install/moveit_ros_planning_interface:/home/drawmemaybe/DrawMeMaybe/ros2_ws/install/moveit_resources_prbt_moveit_config:/home/drawmemaybe/DrawMeMaybe/ros2_ws/install/moveit_ros_move_group:/home/drawmemaybe/DrawMeMaybe/ros2_ws/install/moveit_ros_warehouse:/home/drawmemaybe/DrawMeMaybe/ros2_ws/install/moveit_ros_robot_interaction:/home/drawmemaybe/DrawMeMaybe/ros2_ws/install/moveit_planners_ompl:/home/drawmemaybe/DrawMeMaybe/ros2_ws/install/moveit_kinematics:/home/drawmemaybe/DrawMeMaybe/ros2_ws/install/moveit_ros_planning:/home/drawmemaybe/DrawMeMaybe/ros2_ws/install/moveit_planners_chomp:/home/drawmemaybe/DrawMeMaybe/ros2_ws/install/pilz_industrial_motion_planner_testutils:/home/drawmemaybe/DrawMeMaybe/ros2_ws/install/moveit_simple_controller_manager:/home/drawmemaybe/DrawMeMaybe/ros2_ws/install/moveit_ros_occupancy_map_monitor:/home/drawmemaybe/DrawMeMaybe/ros2_ws/install/moveit_resources_prbt_ikfast_manipulator_plugin:/home/drawmemaybe/DrawMeMaybe/ros2_ws/install/chomp_motion_planner:/home/drawmemaybe/DrawMeMaybe/ros2_ws/install/moveit_core:/home/drawmemaybe/DrawMeMaybe/ros2_ws/install/rviz_marker_tools:/home/drawmemaybe/DrawMeMaybe/ros2_ws/install/moveit_resources_panda_moveit_config:/home/drawmemaybe/DrawMeMaybe/ros2_ws/install/moveit_resources_fanuc_moveit_config:/home/drawmemaybe/DrawMeMaybe/ros2_ws/install/srdfdom:/home/drawmemaybe/DrawMeMaybe/ros2_ws/install/moveit_task_constructor_msgs:/home/drawmemaybe/DrawMeMaybe/ros2_ws/install/moveit_resources_prbt_support:/home/drawmemaybe/DrawMeMaybe/ros2_ws/install/moveit_resources_pr2_description:/home/drawmemaybe/DrawMeMaybe/ros2_ws/install/moveit_resources_panda_description:/home/drawmemaybe/DrawMeMaybe/ros2_ws/install/moveit_resources_fanuc_description:/home/drawmemaybe/DrawMeMaybe/ros2_ws/install/moveit_common:/opt/ros/humble LD_LIBRARY_PATH=/home/drawmemaybe/DrawMeMaybe/ros2_ws/install/moveit_task_constructor_core/lib:/home/drawmemaybe/DrawMeMaybe/ros2_ws/install/pilz_industrial_motion_planner/lib:/home/drawmemaybe/DrawMeMaybe/ros2_ws/install/moveit_ros_visualization/lib:/home/drawmemaybe/DrawMeMaybe/ros2_ws/install/moveit_ros_planning_interface/lib:/home/drawmemaybe/DrawMeMaybe/ros2_ws/install/moveit_ros_move_group/lib:/home/drawmemaybe/DrawMeMaybe/ros2_ws/install/moveit_ros_warehouse/lib:/home/drawmemaybe/DrawMeMaybe/ros2_ws/install/moveit_ros_robot_interaction/lib:/home/drawmemaybe/DrawMeMaybe/ros2_ws/install/moveit_planners_ompl/lib:/home/drawmemaybe/DrawMeMaybe/ros2_ws/install/moveit_kinematics/lib:/home/drawmemaybe/DrawMeMaybe/ros2_ws/install/moveit_ros_planning/lib:/home/drawmemaybe/DrawMeMaybe/ros2_ws/install/moveit_planners_chomp/lib:/home/drawmemaybe/DrawMeMaybe/ros2_ws/install/pilz_industrial_motion_planner_testutils/lib:/home/drawmemaybe/DrawMeMaybe/ros2_ws/install/moveit_simple_controller_manager/lib:/home/drawmemaybe/DrawMeMaybe/ros2_ws/install/moveit_ros_occupancy_map_monitor/lib:/home/drawmemaybe/DrawMeMaybe/ros2_ws/install/moveit_resources_prbt_ikfast_manipulator_plugin/lib:/home/drawmemaybe/DrawMeMaybe/ros2_ws/install/chomp_motion_planner/lib:/home/drawmemaybe/DrawMeMaybe/ros2_ws/install/moveit_core/lib:/home/drawmemaybe/DrawMeMaybe/ros2_ws/install/rviz_marker_tools/lib:/home/drawmemaybe/DrawMeMaybe/ros2_ws/install/srdfdom/lib:/home/drawmemaybe/DrawMeMaybe/ros2_ws/install/moveit_task_constructor_msgs/lib:${LD_LIBRARY_PATH} PATH=/home/drawmemaybe/DrawMeMaybe/ros2_ws/install/moveit_core/bin:${PATH} PYTHONPATH=/home/drawmemaybe/DrawMeMaybe/ros2_ws/install/moveit_task_constructor_core/local/lib/python3.10/dist-packages:/home/drawmemaybe/DrawMeMaybe/ros2_ws/install/moveit_configs_utils/lib/python3.10/site-packages:/home/drawmemaybe/DrawMeMaybe/ros2_ws/install/srdfdom/local/lib/python3.10/dist-packages:/home/drawmemaybe/DrawMeMaybe/ros2_ws/install/moveit_task_constructor_msgs/local/lib/python3.10/dist-packages:/home/drawmemaybe/DrawMeMaybe/ros2_ws/install/launch_param_builder/lib/python3.10/site-packages:${PYTHONPATH} /usr/bin/cmake --install /home/drawmemaybe/DrawMeMaybe/ros2_ws/build/moveit_task_constructor_visualization
[60.321s] -- Install configuration: "Release"
[60.321s] -- Installing: /home/drawmemaybe/DrawMeMaybe/ros2_ws/install/moveit_task_constructor_visualization/include
[60.321s] -- Installing: /home/drawmemaybe/DrawMeMaybe/ros2_ws/install/moveit_task_constructor_visualization/include/moveit
[60.321s] -- Installing: /home/drawmemaybe/DrawMeMaybe/ros2_ws/install/moveit_task_constructor_visualization/include/moveit/visualization_tools
[60.321s] -- Installing: /home/drawmemaybe/DrawMeMaybe/ros2_ws/install/moveit_task_constructor_visualization/include/moveit/visualization_tools/task_solution_visualization.h
[60.321s] -- Installing: /home/drawmemaybe/DrawMeMaybe/ros2_ws/install/moveit_task_constructor_visualization/include/moveit/visualization_tools/display_solution.h
[60.321s] -- Installing: /home/drawmemaybe/DrawMeMaybe/ros2_ws/install/moveit_task_constructor_visualization/include/moveit/visualization_tools/marker_visualization.h
[60.321s] -- Installing: /home/drawmemaybe/DrawMeMaybe/ros2_ws/install/moveit_task_constructor_visualization/include/moveit/visualization_tools/task_solution_panel.h
[60.321s] -- Installing: /home/drawmemaybe/DrawMeMaybe/ros2_ws/install/moveit_task_constructor_visualization/lib/libmoveit_task_visualization_tools.so.0.1.3
[60.321s] -- Set runtime path of "/home/drawmemaybe/DrawMeMaybe/ros2_ws/install/moveit_task_constructor_visualization/lib/libmoveit_task_visualization_tools.so.0.1.3" to ""
[60.322s] -- Installing: /home/drawmemaybe/DrawMeMaybe/ros2_ws/install/moveit_task_constructor_visualization/lib/libmoveit_task_visualization_tools.so
[60.322s] -- Installing: /home/drawmemaybe/DrawMeMaybe/ros2_ws/install/moveit_task_constructor_visualization/lib/libmotion_planning_tasks_utils.so
[60.322s] -- Installing: /home/drawmemaybe/DrawMeMaybe/ros2_ws/install/moveit_task_constructor_visualization/lib/libmotion_planning_tasks_properties.so
[60.322s] -- Set runtime path of "/home/drawmemaybe/DrawMeMaybe/ros2_ws/install/moveit_task_constructor_visualization/lib/libmotion_planning_tasks_properties.so" to ""
[60.322s] -- Installing: /home/drawmemaybe/DrawMeMaybe/ros2_ws/install/moveit_task_constructor_visualization/lib/libmotion_planning_tasks_rviz_plugin.so.0.1.3
[60.323s] -- Set runtime path of "/home/drawmemaybe/DrawMeMaybe/ros2_ws/install/moveit_task_constructor_visualization/lib/libmotion_planning_tasks_rviz_plugin.so.0.1.3" to ""
[60.323s] -- Installing: /home/drawmemaybe/DrawMeMaybe/ros2_ws/install/moveit_task_constructor_visualization/lib/libmotion_planning_tasks_rviz_plugin.so
[60.323s] -- Installing: /home/drawmemaybe/DrawMeMaybe/ros2_ws/install/moveit_task_constructor_visualization/share/icons
[60.323s] -- Installing: /home/drawmemaybe/DrawMeMaybe/ros2_ws/install/moveit_task_constructor_visualization/share/icons/classes
[60.323s] -- Installing: /home/drawmemaybe/DrawMeMaybe/ros2_ws/install/moveit_task_constructor_visualization/share/icons/classes/Motion Planning Tasks.svg
[60.323s] -- Installing: /home/drawmemaybe/DrawMeMaybe/ros2_ws/install/moveit_task_constructor_visualization/share/moveit_task_constructor_visualization/motion_planning_tasks_rviz_plugin_description.xml
[60.323s] -- Installing: /home/drawmemaybe/DrawMeMaybe/ros2_ws/install/moveit_task_constructor_visualization/share/moveit_task_constructor_visualization/environment/library_path.sh
[60.323s] -- Installing: /home/drawmemaybe/DrawMeMaybe/ros2_ws/install/moveit_task_constructor_visualization/share/moveit_task_constructor_visualization/environment/library_path.dsv
[60.323s] -- Installing: /home/drawmemaybe/DrawMeMaybe/ros2_ws/install/moveit_task_constructor_visualization/share/ament_index/resource_index/package_run_dependencies/moveit_task_constructor_visualization
[60.323s] -- Installing: /home/drawmemaybe/DrawMeMaybe/ros2_ws/install/moveit_task_constructor_visualization/share/ament_index/resource_index/parent_prefix_path/moveit_task_constructor_visualization
[60.323s] -- Installing: /home/drawmemaybe/DrawMeMaybe/ros2_ws/install/moveit_task_constructor_visualization/share/moveit_task_constructor_visualization/environment/ament_prefix_path.sh
[60.323s] -- Installing: /home/drawmemaybe/DrawMeMaybe/ros2_ws/install/moveit_task_constructor_visualization/share/moveit_task_constructor_visualization/environment/ament_prefix_path.dsv
[60.323s] -- Installing: /home/drawmemaybe/DrawMeMaybe/ros2_ws/install/moveit_task_constructor_visualization/share/moveit_task_constructor_visualization/environment/path.sh
[60.324s] -- Installing: /home/drawmemaybe/DrawMeMaybe/ros2_ws/install/moveit_task_constructor_visualization/share/moveit_task_constructor_visualization/environment/path.dsv
[60.324s] -- Installing: /home/drawmemaybe/DrawMeMaybe/ros2_ws/install/moveit_task_constructor_visualization/share/moveit_task_constructor_visualization/local_setup.bash
[60.324s] -- Installing: /home/drawmemaybe/DrawMeMaybe/ros2_ws/install/moveit_task_constructor_visualization/share/moveit_task_constructor_visualization/local_setup.sh
[60.324s] -- Installing: /home/drawmemaybe/DrawMeMaybe/ros2_ws/install/moveit_task_constructor_visualization/share/moveit_task_constructor_visualization/local_setup.zsh
[60.324s] -- Installing: /home/drawmemaybe/DrawMeMaybe/ros2_ws/install/moveit_task_constructor_visualization/share/moveit_task_constructor_visualization/local_setup.dsv
[60.324s] -- Installing: /home/drawmemaybe/DrawMeMaybe/ros2_ws/install/moveit_task_constructor_visualization/share/moveit_task_constructor_visualization/package.dsv
[60.324s] -- Installing: /home/drawmemaybe/DrawMeMaybe/ros2_ws/install/moveit_task_constructor_visualization/share/ament_index/resource_index/packages/moveit_task_constructor_visualization
[60.324s] -- Installing: /home/drawmemaybe/DrawMeMaybe/ros2_ws/install/moveit_task_constructor_visualization/share/ament_index/resource_index/rviz_common__pluginlib__plugin/moveit_task_constructor_visualization
[60.324s] -- Installing: /home/drawmemaybe/DrawMeMaybe/ros2_ws/install/moveit_task_constructor_visualization/share/moveit_task_constructor_visualization/cmake/ament_cmake_export_include_directories-extras.cmake
[60.324s] -- Installing: /home/drawmemaybe/DrawMeMaybe/ros2_ws/install/moveit_task_constructor_visualization/share/moveit_task_constructor_visualization/cmake/ament_cmake_export_libraries-extras.cmake
[60.324s] -- Installing: /home/drawmemaybe/DrawMeMaybe/ros2_ws/install/moveit_task_constructor_visualization/share/moveit_task_constructor_visualization/cmake/ament_cmake_export_dependencies-extras.cmake
[60.324s] -- Installing: /home/drawmemaybe/DrawMeMaybe/ros2_ws/install/moveit_task_constructor_visualization/share/moveit_task_constructor_visualization/cmake/moveit_task_constructor_visualizationConfig.cmake
[60.324s] -- Installing: /home/drawmemaybe/DrawMeMaybe/ros2_ws/install/moveit_task_constructor_visualization/share/moveit_task_constructor_visualization/cmake/moveit_task_constructor_visualizationConfig-version.cmake
[60.324s] -- Installing: /home/drawmemaybe/DrawMeMaybe/ros2_ws/install/moveit_task_constructor_visualization/share/moveit_task_constructor_visualization/package.xml
[60.325s] Invoked command in '/home/drawmemaybe/DrawMeMaybe/ros2_ws/build/moveit_task_constructor_visualization' returned '0': AMENT_PREFIX_PATH=/home/drawmemaybe/DrawMeMaybe/ros2_ws/install/moveit_task_constructor_core:/home/drawmemaybe/DrawMeMaybe/ros2_ws/install/moveit_planners:/home/drawmemaybe/DrawMeMaybe/ros2_ws/install/pilz_industrial_motion_planner:/home/drawmemaybe/DrawMeMaybe/ros2_ws/install/moveit_ros_visualization:/home/drawmemaybe/DrawMeMaybe/ros2_ws/install/moveit_resources_prbt_pg70_support:/home/drawmemaybe/DrawMeMaybe/ros2_ws/install/moveit_ros_planning_interface:/home/drawmemaybe/DrawMeMaybe/ros2_ws/install/moveit_resources_prbt_moveit_config:/home/drawmemaybe/DrawMeMaybe/ros2_ws/install/moveit_ros_move_group:/home/drawmemaybe/DrawMeMaybe/ros2_ws/install/moveit_ros_warehouse:/home/drawmemaybe/DrawMeMaybe/ros2_ws/install/moveit_ros_robot_interaction:/home/drawmemaybe/DrawMeMaybe/ros2_ws/install/moveit_planners_ompl:/home/drawmemaybe/DrawMeMaybe/ros2_ws/install/moveit_kinematics:/home/drawmemaybe/DrawMeMaybe/ros2_ws/install/moveit_ros_planning:/home/drawmemaybe/DrawMeMaybe/ros2_ws/install/moveit_planners_chomp:/home/drawmemaybe/DrawMeMaybe/ros2_ws/install/pilz_industrial_motion_planner_testutils:/home/drawmemaybe/DrawMeMaybe/ros2_ws/install/moveit_simple_controller_manager:/home/drawmemaybe/DrawMeMaybe/ros2_ws/install/moveit_ros_occupancy_map_monitor:/home/drawmemaybe/DrawMeMaybe/ros2_ws/install/moveit_resources_prbt_ikfast_manipulator_plugin:/home/drawmemaybe/DrawMeMaybe/ros2_ws/install/chomp_motion_planner:/home/drawmemaybe/DrawMeMaybe/ros2_ws/install/moveit_core:/home/drawmemaybe/DrawMeMaybe/ros2_ws/install/rviz_marker_tools:/home/drawmemaybe/DrawMeMaybe/ros2_ws/install/moveit_resources_panda_moveit_config:/home/drawmemaybe/DrawMeMaybe/ros2_ws/install/moveit_resources_fanuc_moveit_config:/home/drawmemaybe/DrawMeMaybe/ros2_ws/install/moveit_configs_utils:/home/drawmemaybe/DrawMeMaybe/ros2_ws/install/srdfdom:/home/drawmemaybe/DrawMeMaybe/ros2_ws/install/moveit_task_constructor_msgs:/home/drawmemaybe/DrawMeMaybe/ros2_ws/install/moveit_resources_prbt_support:/home/drawmemaybe/DrawMeMaybe/ros2_ws/install/moveit_resources_pr2_description:/home/drawmemaybe/DrawMeMaybe/ros2_ws/install/moveit_resources_panda_description:/home/drawmemaybe/DrawMeMaybe/ros2_ws/install/moveit_resources_fanuc_description:/home/drawmemaybe/DrawMeMaybe/ros2_ws/install/moveit_common:/home/drawmemaybe/DrawMeMaybe/ros2_ws/install/launch_param_builder:${AMENT_PREFIX_PATH} CMAKE_MODULE_PATH=/home/drawmemaybe/DrawMeMaybe/ros2_ws/install/moveit_task_constructor_core/share/moveit_task_constructor_core/cmake CMAKE_PREFIX_PATH=/home/drawmemaybe/DrawMeMaybe/ros2_ws/install/moveit_task_constructor_core:/home/drawmemaybe/DrawMeMaybe/ros2_ws/install/moveit_planners:/home/drawmemaybe/DrawMeMaybe/ros2_ws/install/pilz_industrial_motion_planner:/home/drawmemaybe/DrawMeMaybe/ros2_ws/install/moveit_ros_visualization:/home/drawmemaybe/DrawMeMaybe/ros2_ws/install/moveit_resources_prbt_pg70_support:/home/drawmemaybe/DrawMeMaybe/ros2_ws/install/moveit_ros_planning_interface:/home/drawmemaybe/DrawMeMaybe/ros2_ws/install/moveit_resources_prbt_moveit_config:/home/drawmemaybe/DrawMeMaybe/ros2_ws/install/moveit_ros_move_group:/home/drawmemaybe/DrawMeMaybe/ros2_ws/install/moveit_ros_warehouse:/home/drawmemaybe/DrawMeMaybe/ros2_ws/install/moveit_ros_robot_interaction:/home/drawmemaybe/DrawMeMaybe/ros2_ws/install/moveit_planners_ompl:/home/drawmemaybe/DrawMeMaybe/ros2_ws/install/moveit_kinematics:/home/drawmemaybe/DrawMeMaybe/ros2_ws/install/moveit_ros_planning:/home/drawmemaybe/DrawMeMaybe/ros2_ws/install/moveit_planners_chomp:/home/drawmemaybe/DrawMeMaybe/ros2_ws/install/pilz_industrial_motion_planner_testutils:/home/drawmemaybe/DrawMeMaybe/ros2_ws/install/moveit_simple_controller_manager:/home/drawmemaybe/DrawMeMaybe/ros2_ws/install/moveit_ros_occupancy_map_monitor:/home/drawmemaybe/DrawMeMaybe/ros2_ws/install/moveit_resources_prbt_ikfast_manipulator_plugin:/home/drawmemaybe/DrawMeMaybe/ros2_ws/install/chomp_motion_planner:/home/drawmemaybe/DrawMeMaybe/ros2_ws/install/moveit_core:/home/drawmemaybe/DrawMeMaybe/ros2_ws/install/rviz_marker_tools:/home/drawmemaybe/DrawMeMaybe/ros2_ws/install/moveit_resources_panda_moveit_config:/home/drawmemaybe/DrawMeMaybe/ros2_ws/install/moveit_resources_fanuc_moveit_config:/home/drawmemaybe/DrawMeMaybe/ros2_ws/install/srdfdom:/home/drawmemaybe/DrawMeMaybe/ros2_ws/install/moveit_task_constructor_msgs:/home/drawmemaybe/DrawMeMaybe/ros2_ws/install/moveit_resources_prbt_support:/home/drawmemaybe/DrawMeMaybe/ros2_ws/install/moveit_resources_pr2_description:/home/drawmemaybe/DrawMeMaybe/ros2_ws/install/moveit_resources_panda_description:/home/drawmemaybe/DrawMeMaybe/ros2_ws/install/moveit_resources_fanuc_description:/home/drawmemaybe/DrawMeMaybe/ros2_ws/install/moveit_common:/opt/ros/humble LD_LIBRARY_PATH=/home/drawmemaybe/DrawMeMaybe/ros2_ws/install/moveit_task_constructor_core/lib:/home/drawmemaybe/DrawMeMaybe/ros2_ws/install/pilz_industrial_motion_planner/lib:/home/drawmemaybe/DrawMeMaybe/ros2_ws/install/moveit_ros_visualization/lib:/home/drawmemaybe/DrawMeMaybe/ros2_ws/install/moveit_ros_planning_interface/lib:/home/drawmemaybe/DrawMeMaybe/ros2_ws/install/moveit_ros_move_group/lib:/home/drawmemaybe/DrawMeMaybe/ros2_ws/install/moveit_ros_warehouse/lib:/home/drawmemaybe/DrawMeMaybe/ros2_ws/install/moveit_ros_robot_interaction/lib:/home/drawmemaybe/DrawMeMaybe/ros2_ws/install/moveit_planners_ompl/lib:/home/drawmemaybe/DrawMeMaybe/ros2_ws/install/moveit_kinematics/lib:/home/drawmemaybe/DrawMeMaybe/ros2_ws/install/moveit_ros_planning/lib:/home/drawmemaybe/DrawMeMaybe/ros2_ws/install/moveit_planners_chomp/lib:/home/drawmemaybe/DrawMeMaybe/ros2_ws/install/pilz_industrial_motion_planner_testutils/lib:/home/drawmemaybe/DrawMeMaybe/ros2_ws/install/moveit_simple_controller_manager/lib:/home/drawmemaybe/DrawMeMaybe/ros2_ws/install/moveit_ros_occupancy_map_monitor/lib:/home/drawmemaybe/DrawMeMaybe/ros2_ws/install/moveit_resources_prbt_ikfast_manipulator_plugin/lib:/home/drawmemaybe/DrawMeMaybe/ros2_ws/install/chomp_motion_planner/lib:/home/drawmemaybe/DrawMeMaybe/ros2_ws/install/moveit_core/lib:/home/drawmemaybe/DrawMeMaybe/ros2_ws/install/rviz_marker_tools/lib:/home/drawmemaybe/DrawMeMaybe/ros2_ws/install/srdfdom/lib:/home/drawmemaybe/DrawMeMaybe/ros2_ws/install/moveit_task_constructor_msgs/lib:${LD_LIBRARY_PATH} PATH=/home/drawmemaybe/DrawMeMaybe/ros2_ws/install/moveit_core/bin:${PATH} PYTHONPATH=/home/drawmemaybe/DrawMeMaybe/ros2_ws/install/moveit_task_constructor_core/local/lib/python3.10/dist-packages:/home/drawmemaybe/DrawMeMaybe/ros2_ws/install/moveit_configs_utils/lib/python3.10/site-packages:/home/drawmemaybe/DrawMeMaybe/ros2_ws/install/srdfdom/local/lib/python3.10/dist-packages:/home/drawmemaybe/DrawMeMaybe/ros2_ws/install/moveit_task_constructor_msgs/local/lib/python3.10/dist-packages:/home/drawmemaybe/DrawMeMaybe/ros2_ws/install/launch_param_builder/lib/python3.10/site-packages:${PYTHONPATH} /usr/bin/cmake --install /home/drawmemaybe/DrawMeMaybe/ros2_ws/build/moveit_task_constructor_visualization
