[0.003s] Invoking command in '/home/drawmemaybe/DrawMeMaybe/ros2_ws/build/rviz_marker_tools': AMENT_PREFIX_PATH=/home/drawmemaybe/DrawMeMaybe/ros2_ws/install/moveit_common:${AMENT_PREFIX_PATH} CMAKE_PREFIX_PATH=/home/drawmemaybe/DrawMeMaybe/ros2_ws/install/moveit_common:/opt/ros/humble /usr/bin/cmake /home/drawmemaybe/DrawMeMaybe/ros2_ws/src/moveit_task_constructor/rviz_marker_tools -DCMAKE_INSTALL_PREFIX=/home/drawmemaybe/DrawMeMaybe/ros2_ws/install/rviz_marker_tools
[0.026s] -- The C compiler identification is GNU 11.4.0
[0.050s] -- The CXX compiler identification is GNU 11.4.0
[0.053s] -- Detecting C compiler ABI info
[0.083s] -- Detecting C compiler ABI info - done
[0.085s] -- Check for working C compiler: /usr/bin/cc - skipped
[0.085s] -- Detecting C compile features
[0.086s] -- Detecting C compile features - done
[0.087s] -- Detecting CXX compiler ABI info
[0.122s] -- Detecting CXX compiler ABI info - done
[0.125s] -- Check for working CXX compiler: /usr/bin/c++ - skipped
[0.125s] -- Detecting CXX compile features
[0.125s] -- Detecting CXX compile features - done
[0.126s] -- Found ament_cmake: 1.3.12 (/opt/ros/humble/share/ament_cmake/cmake)
[0.192s] -- Found Python3: /usr/bin/python3 (found version "3.10.12") found components: Interpreter 
[0.233s] -- Found moveit_common: 2.5.9 (/home/drawmemaybe/DrawMeMaybe/ros2_ws/install/moveit_common/share/moveit_common/cmake)
[0.261s] [0mrviz_marker_tools: You did not request a specific build type: Choosing 'Release' for maximum performance[0m
[0.261s] -- Found eigen3_cmake_module: 0.1.1 (/opt/ros/humble/share/eigen3_cmake_module/cmake)
[0.265s] -- Found Eigen3: TRUE (found version "3.4.0") 
[0.265s] -- Found geometry_msgs: 4.9.0 (/opt/ros/humble/share/geometry_msgs/cmake)
[0.279s] -- Found rosidl_generator_c: 3.1.7 (/opt/ros/humble/share/rosidl_generator_c/cmake)
[0.281s] -- Found rosidl_adapter: 3.1.7 (/opt/ros/humble/share/rosidl_adapter/cmake)
[0.285s] -- Found rosidl_generator_cpp: 3.1.7 (/opt/ros/humble/share/rosidl_generator_cpp/cmake)
[0.289s] -- Using all available rosidl_typesupport_c: rosidl_typesupport_fastrtps_c;rosidl_typesupport_introspection_c
[0.296s] -- Using all available rosidl_typesupport_cpp: rosidl_typesupport_fastrtps_cpp;rosidl_typesupport_introspection_cpp
[0.311s] -- Found rclcpp: 16.0.16 (/opt/ros/humble/share/rclcpp/cmake)
[0.325s] -- Found rmw_implementation_cmake: 6.1.2 (/opt/ros/humble/share/rmw_implementation_cmake/cmake)
[0.326s] -- Found rmw_fastrtps_cpp: 6.2.9 (/opt/ros/humble/share/rmw_fastrtps_cpp/cmake)
[0.359s] -- Found OpenSSL: /usr/lib/x86_64-linux-gnu/libcrypto.so (found version "3.0.2")  
[0.371s] -- Found FastRTPS: /opt/ros/humble/include  
[0.390s] -- Using RMW implementation 'rmw_fastrtps_cpp' as default
[0.393s] -- Looking for pthread.h
[0.436s] -- Looking for pthread.h - found
[0.437s] -- Performing Test CMAKE_HAVE_LIBC_PTHREAD
[0.477s] -- Performing Test CMAKE_HAVE_LIBC_PTHREAD - Success
[0.478s] -- Found Threads: TRUE  
[0.494s] -- Found tf2_eigen: 0.25.17 (/opt/ros/humble/share/tf2_eigen/cmake)
[0.534s] -- Found visualization_msgs: 4.9.0 (/opt/ros/humble/share/visualization_msgs/cmake)
[0.551s] -- Configuring done
[0.556s] -- Generating done
[0.558s] -- Build files have been written to: /home/drawmemaybe/DrawMeMaybe/ros2_ws/build/rviz_marker_tools
[0.564s] Invoked command in '/home/drawmemaybe/DrawMeMaybe/ros2_ws/build/rviz_marker_tools' returned '0': AMENT_PREFIX_PATH=/home/drawmemaybe/DrawMeMaybe/ros2_ws/install/moveit_common:${AMENT_PREFIX_PATH} CMAKE_PREFIX_PATH=/home/drawmemaybe/DrawMeMaybe/ros2_ws/install/moveit_common:/opt/ros/humble /usr/bin/cmake /home/drawmemaybe/DrawMeMaybe/ros2_ws/src/moveit_task_constructor/rviz_marker_tools -DCMAKE_INSTALL_PREFIX=/home/drawmemaybe/DrawMeMaybe/ros2_ws/install/rviz_marker_tools
[0.565s] Invoking command in '/home/drawmemaybe/DrawMeMaybe/ros2_ws/build/rviz_marker_tools': AMENT_PREFIX_PATH=/home/drawmemaybe/DrawMeMaybe/ros2_ws/install/moveit_common:${AMENT_PREFIX_PATH} CMAKE_PREFIX_PATH=/home/drawmemaybe/DrawMeMaybe/ros2_ws/install/moveit_common:/opt/ros/humble /usr/bin/cmake --build /home/drawmemaybe/DrawMeMaybe/ros2_ws/build/rviz_marker_tools -- -j24 -l24
[0.585s] [ 50%] [32mBuilding CXX object CMakeFiles/rviz_marker_tools.dir/src/marker_creation.cpp.o[0m
[3.514s] [100%] [32m[1mLinking CXX shared library librviz_marker_tools.so[0m
[3.569s] [100%] Built target rviz_marker_tools
[3.573s] Invoked command in '/home/drawmemaybe/DrawMeMaybe/ros2_ws/build/rviz_marker_tools' returned '0': AMENT_PREFIX_PATH=/home/drawmemaybe/DrawMeMaybe/ros2_ws/install/moveit_common:${AMENT_PREFIX_PATH} CMAKE_PREFIX_PATH=/home/drawmemaybe/DrawMeMaybe/ros2_ws/install/moveit_common:/opt/ros/humble /usr/bin/cmake --build /home/drawmemaybe/DrawMeMaybe/ros2_ws/build/rviz_marker_tools -- -j24 -l24
[3.573s] Invoking command in '/home/drawmemaybe/DrawMeMaybe/ros2_ws/build/rviz_marker_tools': AMENT_PREFIX_PATH=/home/drawmemaybe/DrawMeMaybe/ros2_ws/install/moveit_common:${AMENT_PREFIX_PATH} CMAKE_PREFIX_PATH=/home/drawmemaybe/DrawMeMaybe/ros2_ws/install/moveit_common:/opt/ros/humble /usr/bin/cmake --install /home/drawmemaybe/DrawMeMaybe/ros2_ws/build/rviz_marker_tools
[3.576s] -- Install configuration: "Release"
[3.576s] -- Installing: /home/drawmemaybe/DrawMeMaybe/ros2_ws/install/rviz_marker_tools/include
[3.576s] -- Installing: /home/drawmemaybe/DrawMeMaybe/ros2_ws/install/rviz_marker_tools/include/rviz_marker_tools
[3.576s] -- Installing: /home/drawmemaybe/DrawMeMaybe/ros2_ws/install/rviz_marker_tools/include/rviz_marker_tools/marker_creation.h
[3.576s] -- Installing: /home/drawmemaybe/DrawMeMaybe/ros2_ws/install/rviz_marker_tools/lib/librviz_marker_tools.so
[3.576s] -- Set runtime path of "/home/drawmemaybe/DrawMeMaybe/ros2_ws/install/rviz_marker_tools/lib/librviz_marker_tools.so" to ""
[3.576s] -- Installing: /home/drawmemaybe/DrawMeMaybe/ros2_ws/install/rviz_marker_tools/share/rviz_marker_tools/environment/library_path.sh
[3.576s] -- Installing: /home/drawmemaybe/DrawMeMaybe/ros2_ws/install/rviz_marker_tools/share/rviz_marker_tools/environment/library_path.dsv
[3.576s] -- Installing: /home/drawmemaybe/DrawMeMaybe/ros2_ws/install/rviz_marker_tools/share/ament_index/resource_index/package_run_dependencies/rviz_marker_tools
[3.576s] -- Installing: /home/drawmemaybe/DrawMeMaybe/ros2_ws/install/rviz_marker_tools/share/ament_index/resource_index/parent_prefix_path/rviz_marker_tools
[3.576s] -- Installing: /home/drawmemaybe/DrawMeMaybe/ros2_ws/install/rviz_marker_tools/share/rviz_marker_tools/environment/ament_prefix_path.sh
[3.576s] -- Installing: /home/drawmemaybe/DrawMeMaybe/ros2_ws/install/rviz_marker_tools/share/rviz_marker_tools/environment/ament_prefix_path.dsv
[3.576s] -- Installing: /home/drawmemaybe/DrawMeMaybe/ros2_ws/install/rviz_marker_tools/share/rviz_marker_tools/environment/path.sh
[3.576s] -- Installing: /home/drawmemaybe/DrawMeMaybe/ros2_ws/install/rviz_marker_tools/share/rviz_marker_tools/environment/path.dsv
[3.576s] -- Installing: /home/drawmemaybe/DrawMeMaybe/ros2_ws/install/rviz_marker_tools/share/rviz_marker_tools/local_setup.bash
[3.576s] -- Installing: /home/drawmemaybe/DrawMeMaybe/ros2_ws/install/rviz_marker_tools/share/rviz_marker_tools/local_setup.sh
[3.576s] -- Installing: /home/drawmemaybe/DrawMeMaybe/ros2_ws/install/rviz_marker_tools/share/rviz_marker_tools/local_setup.zsh
[3.576s] -- Installing: /home/drawmemaybe/DrawMeMaybe/ros2_ws/install/rviz_marker_tools/share/rviz_marker_tools/local_setup.dsv
[3.576s] -- Installing: /home/drawmemaybe/DrawMeMaybe/ros2_ws/install/rviz_marker_tools/share/rviz_marker_tools/package.dsv
[3.576s] -- Installing: /home/drawmemaybe/DrawMeMaybe/ros2_ws/install/rviz_marker_tools/share/ament_index/resource_index/packages/rviz_marker_tools
[3.576s] -- Installing: /home/drawmemaybe/DrawMeMaybe/ros2_ws/install/rviz_marker_tools/share/rviz_marker_tools/cmake/rviz_marker_toolsTargetsExport.cmake
[3.576s] -- Installing: /home/drawmemaybe/DrawMeMaybe/ros2_ws/install/rviz_marker_tools/share/rviz_marker_tools/cmake/rviz_marker_toolsTargetsExport-release.cmake
[3.576s] -- Installing: /home/drawmemaybe/DrawMeMaybe/ros2_ws/install/rviz_marker_tools/share/rviz_marker_tools/cmake/ament_cmake_export_targets-extras.cmake
[3.576s] -- Installing: /home/drawmemaybe/DrawMeMaybe/ros2_ws/install/rviz_marker_tools/share/rviz_marker_tools/cmake/ament_cmake_export_dependencies-extras.cmake
[3.576s] -- Installing: /home/drawmemaybe/DrawMeMaybe/ros2_ws/install/rviz_marker_tools/share/rviz_marker_tools/cmake/rviz_marker_toolsConfig.cmake
[3.576s] -- Installing: /home/drawmemaybe/DrawMeMaybe/ros2_ws/install/rviz_marker_tools/share/rviz_marker_tools/cmake/rviz_marker_toolsConfig-version.cmake
[3.577s] -- Installing: /home/drawmemaybe/DrawMeMaybe/ros2_ws/install/rviz_marker_tools/share/rviz_marker_tools/package.xml
[3.578s] Invoked command in '/home/drawmemaybe/DrawMeMaybe/ros2_ws/build/rviz_marker_tools' returned '0': AMENT_PREFIX_PATH=/home/drawmemaybe/DrawMeMaybe/ros2_ws/install/moveit_common:${AMENT_PREFIX_PATH} CMAKE_PREFIX_PATH=/home/drawmemaybe/DrawMeMaybe/ros2_ws/install/moveit_common:/opt/ros/humble /usr/bin/cmake --install /home/drawmemaybe/DrawMeMaybe/ros2_ws/build/rviz_marker_tools
