[0.017s] Invoking command in '/home/drawmemaybe/DrawMeMaybe/ros2_ws/build/moveit_setup_controllers': AMENT_PREFIX_PATH=/home/drawmemaybe/DrawMeMaybe/ros2_ws/install/moveit_setup_framework:/home/drawmemaybe/DrawMeMaybe/ros2_ws/install/moveit_ros_visualization:/home/drawmemaybe/DrawMeMaybe/ros2_ws/install/moveit_ros_planning_interface:/home/drawmemaybe/DrawMeMaybe/ros2_ws/install/moveit_ros_move_group:/home/drawmemaybe/DrawMeMaybe/ros2_ws/install/moveit_ros_warehouse:/home/drawmemaybe/DrawMeMaybe/ros2_ws/install/moveit_ros_robot_interaction:/home/drawmemaybe/DrawMeMaybe/ros2_ws/install/moveit_planners_ompl:/home/drawmemaybe/DrawMeMaybe/ros2_ws/install/moveit_kinematics:/home/drawmemaybe/DrawMeMaybe/ros2_ws/install/moveit_ros_planning:/home/drawmemaybe/DrawMeMaybe/ros2_ws/install/moveit_simple_controller_manager:/home/drawmemaybe/DrawMeMaybe/ros2_ws/install/moveit_ros_occupancy_map_monitor:/home/drawmemaybe/DrawMeMaybe/ros2_ws/install/moveit_core:/home/drawmemaybe/DrawMeMaybe/ros2_ws/install/moveit_resources_panda_moveit_config:/home/drawmemaybe/DrawMeMaybe/ros2_ws/install/moveit_resources_fanuc_moveit_config:/home/drawmemaybe/DrawMeMaybe/ros2_ws/install/moveit_configs_utils:/home/drawmemaybe/DrawMeMaybe/ros2_ws/install/srdfdom:/home/drawmemaybe/DrawMeMaybe/ros2_ws/install/moveit_resources_pr2_description:/home/drawmemaybe/DrawMeMaybe/ros2_ws/install/moveit_resources_panda_description:/home/drawmemaybe/DrawMeMaybe/ros2_ws/install/moveit_resources_fanuc_description:/home/drawmemaybe/DrawMeMaybe/ros2_ws/install/moveit_common:/home/drawmemaybe/DrawMeMaybe/ros2_ws/install/launch_param_builder:${AMENT_PREFIX_PATH} CMAKE_PREFIX_PATH=/home/drawmemaybe/DrawMeMaybe/ros2_ws/install/moveit_setup_framework:/home/drawmemaybe/DrawMeMaybe/ros2_ws/install/moveit_ros_visualization:/home/drawmemaybe/DrawMeMaybe/ros2_ws/install/moveit_ros_planning_interface:/home/drawmemaybe/DrawMeMaybe/ros2_ws/install/moveit_ros_move_group:/home/drawmemaybe/DrawMeMaybe/ros2_ws/install/moveit_ros_warehouse:/home/drawmemaybe/DrawMeMaybe/ros2_ws/install/moveit_ros_robot_interaction:/home/drawmemaybe/DrawMeMaybe/ros2_ws/install/moveit_planners_ompl:/home/drawmemaybe/DrawMeMaybe/ros2_ws/install/moveit_kinematics:/home/drawmemaybe/DrawMeMaybe/ros2_ws/install/moveit_ros_planning:/home/drawmemaybe/DrawMeMaybe/ros2_ws/install/moveit_simple_controller_manager:/home/drawmemaybe/DrawMeMaybe/ros2_ws/install/moveit_ros_occupancy_map_monitor:/home/drawmemaybe/DrawMeMaybe/ros2_ws/install/moveit_core:/home/drawmemaybe/DrawMeMaybe/ros2_ws/install/moveit_resources_panda_moveit_config:/home/drawmemaybe/DrawMeMaybe/ros2_ws/install/moveit_resources_fanuc_moveit_config:/home/drawmemaybe/DrawMeMaybe/ros2_ws/install/srdfdom:/home/drawmemaybe/DrawMeMaybe/ros2_ws/install/moveit_resources_pr2_description:/home/drawmemaybe/DrawMeMaybe/ros2_ws/install/moveit_resources_panda_description:/home/drawmemaybe/DrawMeMaybe/ros2_ws/install/moveit_resources_fanuc_description:/home/drawmemaybe/DrawMeMaybe/ros2_ws/install/moveit_common:/opt/ros/humble LD_LIBRARY_PATH=/home/drawmemaybe/DrawMeMaybe/ros2_ws/install/moveit_setup_framework/lib:/home/drawmemaybe/DrawMeMaybe/ros2_ws/install/moveit_ros_visualization/lib:/home/drawmemaybe/DrawMeMaybe/ros2_ws/install/moveit_ros_planning_interface/lib:/home/drawmemaybe/DrawMeMaybe/ros2_ws/install/moveit_ros_move_group/lib:/home/drawmemaybe/DrawMeMaybe/ros2_ws/install/moveit_ros_warehouse/lib:/home/drawmemaybe/DrawMeMaybe/ros2_ws/install/moveit_ros_robot_interaction/lib:/home/drawmemaybe/DrawMeMaybe/ros2_ws/install/moveit_planners_ompl/lib:/home/drawmemaybe/DrawMeMaybe/ros2_ws/install/moveit_kinematics/lib:/home/drawmemaybe/DrawMeMaybe/ros2_ws/install/moveit_ros_planning/lib:/home/drawmemaybe/DrawMeMaybe/ros2_ws/install/moveit_simple_controller_manager/lib:/home/drawmemaybe/DrawMeMaybe/ros2_ws/install/moveit_ros_occupancy_map_monitor/lib:/home/drawmemaybe/DrawMeMaybe/ros2_ws/install/moveit_core/lib:/home/drawmemaybe/DrawMeMaybe/ros2_ws/install/srdfdom/lib:${LD_LIBRARY_PATH} PATH=/home/drawmemaybe/DrawMeMaybe/ros2_ws/install/moveit_core/bin:${PATH} PYTHONPATH=/home/drawmemaybe/DrawMeMaybe/ros2_ws/install/moveit_configs_utils/lib/python3.10/site-packages:/home/drawmemaybe/DrawMeMaybe/ros2_ws/install/srdfdom/local/lib/python3.10/dist-packages:/home/drawmemaybe/DrawMeMaybe/ros2_ws/install/launch_param_builder/lib/python3.10/site-packages:${PYTHONPATH} /usr/bin/cmake /home/drawmemaybe/DrawMeMaybe/ros2_ws/src/moveit2/moveit_setup_assistant/moveit_setup_controllers -DCMAKE_INSTALL_PREFIX=/home/drawmemaybe/DrawMeMaybe/ros2_ws/install/moveit_setup_controllers
[0.039s] -- The C compiler identification is GNU 11.4.0
[0.062s] -- The CXX compiler identification is GNU 11.4.0
[0.065s] -- Detecting C compiler ABI info
[0.096s] -- Detecting C compiler ABI info - done
[0.099s] -- Check for working C compiler: /usr/bin/cc - skipped
[0.099s] -- Detecting C compile features
[0.099s] -- Detecting C compile features - done
[0.100s] -- Detecting CXX compiler ABI info
[0.136s] -- Detecting CXX compiler ABI info - done
[0.139s] -- Check for working CXX compiler: /usr/bin/c++ - skipped
[0.139s] -- Detecting CXX compile features
[0.139s] -- Detecting CXX compile features - done
[0.140s] -- Found moveit_common: 2.5.9 (/home/drawmemaybe/DrawMeMaybe/ros2_ws/install/moveit_common/share/moveit_common/cmake)
[0.141s] -- Found ament_cmake: 1.3.12 (/opt/ros/humble/share/ament_cmake/cmake)
[0.208s] -- Found Python3: /usr/bin/python3 (found version "3.10.12") found components: Interpreter 
[0.281s] [0mmoveit_setup_controllers: You did not request a specific build type: Choosing 'Release' for maximum performance[0m
[0.282s] -- Found ament_cmake_ros: 0.10.0 (/opt/ros/humble/share/ament_cmake_ros/cmake)
[0.290s] -- Found ament_index_cpp: 1.4.0 (/opt/ros/humble/share/ament_index_cpp/cmake)
[0.290s] -- Found moveit_setup_framework: 2.5.9 (/home/drawmemaybe/DrawMeMaybe/ros2_ws/install/moveit_setup_framework/share/moveit_setup_framework/cmake)
[0.313s] -- Found rosidl_generator_c: 3.1.7 (/opt/ros/humble/share/rosidl_generator_c/cmake)
[0.316s] -- Found rosidl_adapter: 3.1.7 (/opt/ros/humble/share/rosidl_adapter/cmake)
[0.320s] -- Found rosidl_generator_cpp: 3.1.7 (/opt/ros/humble/share/rosidl_generator_cpp/cmake)
[0.326s] -- Using all available rosidl_typesupport_c: rosidl_typesupport_fastrtps_c;rosidl_typesupport_introspection_c
[0.334s] -- Using all available rosidl_typesupport_cpp: rosidl_typesupport_fastrtps_cpp;rosidl_typesupport_introspection_cpp
[0.356s] -- Found rmw_implementation_cmake: 6.1.2 (/opt/ros/humble/share/rmw_implementation_cmake/cmake)
[0.357s] -- Found rmw_fastrtps_cpp: 6.2.9 (/opt/ros/humble/share/rmw_fastrtps_cpp/cmake)
[0.393s] -- Found OpenSSL: /usr/lib/x86_64-linux-gnu/libcrypto.so (found version "3.0.2")  
[0.405s] -- Found FastRTPS: /opt/ros/humble/include  
[0.422s] -- Using RMW implementation 'rmw_fastrtps_cpp' as default
[0.426s] -- Looking for pthread.h
[0.466s] -- Looking for pthread.h - found
[0.466s] -- Performing Test CMAKE_HAVE_LIBC_PTHREAD
[0.508s] -- Performing Test CMAKE_HAVE_LIBC_PTHREAD - Success
[0.509s] -- Found Threads: TRUE  
[0.558s] -- Found Boost: /usr/lib/x86_64-linux-gnu/cmake/Boost-1.74.0/BoostConfig.cmake (found version "1.74.0") found components: chrono date_time filesystem iostreams program_options regex serialization system thread 
[0.580s] -- Found parameter_traits: 0.5.0 (/opt/ros/humble/share/parameter_traits/cmake)
[0.587s] -- Found rclcpp_lifecycle: 16.0.16 (/opt/ros/humble/share/rclcpp_lifecycle/cmake)
[0.598s] -- Found Boost: /usr/lib/x86_64-linux-gnu/cmake/Boost-1.74.0/BoostConfig.cmake (found version "1.74.0") found components: filesystem 
[0.640s] -- library: /usr/lib/x86_64-linux-gnu/libcurl.so
[0.669s] -- Found Eigen3: TRUE (found version "3.4.0") 
[0.669s] -- Ensuring Eigen3 include directory is part of orocos-kdl CMake target
[0.778s] -- Found Boost: /usr/lib/x86_64-linux-gnu/cmake/Boost-1.74.0/BoostConfig.cmake (found version "1.74.0") found components: system filesystem date_time program_options thread chrono 
[0.791s] -- Found Boost: /usr/lib/x86_64-linux-gnu/cmake/Boost-1.74.0/BoostConfig.cmake (found version "1.74.0") found components: thread date_time system filesystem 
[0.798s] -- Found Boost: /usr/lib/x86_64-linux-gnu/cmake/Boost-1.74.0/BoostConfig.cmake (found version "1.74.0") found components: date_time filesystem program_options system thread 
[0.804s] -- Found Boost: /usr/lib/x86_64-linux-gnu/cmake/Boost-1.74.0/BoostConfig.cmake (found version "1.74.0") found components: thread system filesystem regex date_time program_options 
[0.813s] -- Found Boost: /usr/lib/x86_64-linux-gnu/cmake/Boost-1.74.0/BoostConfig.cmake (found version "1.74.0") found components: system filesystem date_time program_options thread 
[0.839s] -- Setting OGRE_DIR to: '/opt/ros/humble/share/rviz_ogre_vendor/cmake/../../../opt/rviz_ogre_vendor/lib/OGRE/cmake'
[0.839s] -- Found OGRE
[0.839s] --   static     : OFF
[0.839s] --   components : HLMS;MeshLodGenerator;Overlay;Paging;Property;RTShaderSystem;Terrain;Volume
[0.840s] --   plugins    : Plugin_BSPSceneManager;Plugin_OctreeSceneManager;Plugin_PCZSceneManager;Plugin_ParticleFX;RenderSystem_GL;RenderSystem_GL3Plus;Codec_STBI
[0.840s] --   media      : /opt/ros/humble/opt/rviz_ogre_vendor/share/OGRE/Media
[0.840s] -- OGRE_LIBRARIES: OgreHLMS;OgreMeshLodGenerator;OgreOverlay;OgrePaging;OgreProperty;OgreRTShaderSystem;OgreTerrain;OgreVolume;OgreMain
[0.840s] -- OGRE_LIBRARY_DIRS: /opt/ros/humble/opt/rviz_ogre_vendor/lib
[0.840s] -- OGRE_PLUGINS: Plugin_BSPSceneManager;Plugin_OctreeSceneManager;Plugin_PCZSceneManager;Plugin_ParticleFX;RenderSystem_GL;RenderSystem_GL3Plus;Codec_STBI
[0.840s] -- OGRE_PLUGIN_DIR: /opt/ros/humble/opt/rviz_ogre_vendor/lib/OGRE
[0.840s] -- rviz_ogre_vendor::OgreOverlay for IMPORTED_LOCATION_RELEASE: /opt/ros/humble/opt/rviz_ogre_vendor/lib/libOgreOverlay.so
[0.840s] -- rviz_ogre_vendor::OgreOverlay for IMPORTED_LOCATION_DEBUG: /opt/ros/humble/opt/rviz_ogre_vendor/lib/libOgreOverlay.so
[0.840s] -- rviz_ogre_vendor::OgreMain for IMPORTED_LOCATION_RELEASE: /opt/ros/humble/opt/rviz_ogre_vendor/lib/libOgreMain.so
[0.840s] -- rviz_ogre_vendor::OgreMain for IMPORTED_LOCATION_DEBUG: /opt/ros/humble/opt/rviz_ogre_vendor/lib/libOgreMain.so
[0.841s] -- Could not find freeimage library
[0.849s] -- Found ZLIB: /usr/lib/x86_64-linux-gnu/libz.so (found version "1.2.11") 
[0.851s] -- Found OpenGL: /usr/lib/x86_64-linux-gnu/libOpenGL.so   
[0.888s] -- Found X11: /usr/include   
[0.888s] -- Looking for XOpenDisplay in /usr/lib/x86_64-linux-gnu/libX11.so;/usr/lib/x86_64-linux-gnu/libXext.so
[0.951s] -- Looking for XOpenDisplay in /usr/lib/x86_64-linux-gnu/libX11.so;/usr/lib/x86_64-linux-gnu/libXext.so - found
[0.951s] -- Looking for gethostbyname
[0.996s] -- Looking for gethostbyname - found
[0.996s] -- Looking for connect
[1.041s] -- Looking for connect - found
[1.041s] -- Looking for remove
[1.088s] -- Looking for remove - found
[1.088s] -- Looking for shmat
[1.131s] -- Looking for shmat - found
[1.131s] -- Looking for IceConnectionNumber in ICE
[1.176s] -- Looking for IceConnectionNumber in ICE - found
[1.184s] -- Setting assimp_DIR to: '/opt/ros/humble/share/rviz_assimp_vendor/cmake/../../../opt/rviz_assimp_vendor/lib/cmake/assimp-4.1'
[1.226s] -- Found ament_lint_auto: 0.12.14 (/opt/ros/humble/share/ament_lint_auto/cmake)
[1.240s] -- Found gtest sources under '/opt/ros/humble/src/gtest_vendor': C++ tests using 'Google Test' will be built
[1.244s] -- Added test 'lint_cmake' to check CMake code style
[1.244s] -- Added test 'xmllint' to check XML markup files
[1.245s] -- Configuring done
[1.280s] -- Generating done
[1.288s] -- Build files have been written to: /home/drawmemaybe/DrawMeMaybe/ros2_ws/build/moveit_setup_controllers
[1.301s] Invoked command in '/home/drawmemaybe/DrawMeMaybe/ros2_ws/build/moveit_setup_controllers' returned '0': AMENT_PREFIX_PATH=/home/drawmemaybe/DrawMeMaybe/ros2_ws/install/moveit_setup_framework:/home/drawmemaybe/DrawMeMaybe/ros2_ws/install/moveit_ros_visualization:/home/drawmemaybe/DrawMeMaybe/ros2_ws/install/moveit_ros_planning_interface:/home/drawmemaybe/DrawMeMaybe/ros2_ws/install/moveit_ros_move_group:/home/drawmemaybe/DrawMeMaybe/ros2_ws/install/moveit_ros_warehouse:/home/drawmemaybe/DrawMeMaybe/ros2_ws/install/moveit_ros_robot_interaction:/home/drawmemaybe/DrawMeMaybe/ros2_ws/install/moveit_planners_ompl:/home/drawmemaybe/DrawMeMaybe/ros2_ws/install/moveit_kinematics:/home/drawmemaybe/DrawMeMaybe/ros2_ws/install/moveit_ros_planning:/home/drawmemaybe/DrawMeMaybe/ros2_ws/install/moveit_simple_controller_manager:/home/drawmemaybe/DrawMeMaybe/ros2_ws/install/moveit_ros_occupancy_map_monitor:/home/drawmemaybe/DrawMeMaybe/ros2_ws/install/moveit_core:/home/drawmemaybe/DrawMeMaybe/ros2_ws/install/moveit_resources_panda_moveit_config:/home/drawmemaybe/DrawMeMaybe/ros2_ws/install/moveit_resources_fanuc_moveit_config:/home/drawmemaybe/DrawMeMaybe/ros2_ws/install/moveit_configs_utils:/home/drawmemaybe/DrawMeMaybe/ros2_ws/install/srdfdom:/home/drawmemaybe/DrawMeMaybe/ros2_ws/install/moveit_resources_pr2_description:/home/drawmemaybe/DrawMeMaybe/ros2_ws/install/moveit_resources_panda_description:/home/drawmemaybe/DrawMeMaybe/ros2_ws/install/moveit_resources_fanuc_description:/home/drawmemaybe/DrawMeMaybe/ros2_ws/install/moveit_common:/home/drawmemaybe/DrawMeMaybe/ros2_ws/install/launch_param_builder:${AMENT_PREFIX_PATH} CMAKE_PREFIX_PATH=/home/drawmemaybe/DrawMeMaybe/ros2_ws/install/moveit_setup_framework:/home/drawmemaybe/DrawMeMaybe/ros2_ws/install/moveit_ros_visualization:/home/drawmemaybe/DrawMeMaybe/ros2_ws/install/moveit_ros_planning_interface:/home/drawmemaybe/DrawMeMaybe/ros2_ws/install/moveit_ros_move_group:/home/drawmemaybe/DrawMeMaybe/ros2_ws/install/moveit_ros_warehouse:/home/drawmemaybe/DrawMeMaybe/ros2_ws/install/moveit_ros_robot_interaction:/home/drawmemaybe/DrawMeMaybe/ros2_ws/install/moveit_planners_ompl:/home/drawmemaybe/DrawMeMaybe/ros2_ws/install/moveit_kinematics:/home/drawmemaybe/DrawMeMaybe/ros2_ws/install/moveit_ros_planning:/home/drawmemaybe/DrawMeMaybe/ros2_ws/install/moveit_simple_controller_manager:/home/drawmemaybe/DrawMeMaybe/ros2_ws/install/moveit_ros_occupancy_map_monitor:/home/drawmemaybe/DrawMeMaybe/ros2_ws/install/moveit_core:/home/drawmemaybe/DrawMeMaybe/ros2_ws/install/moveit_resources_panda_moveit_config:/home/drawmemaybe/DrawMeMaybe/ros2_ws/install/moveit_resources_fanuc_moveit_config:/home/drawmemaybe/DrawMeMaybe/ros2_ws/install/srdfdom:/home/drawmemaybe/DrawMeMaybe/ros2_ws/install/moveit_resources_pr2_description:/home/drawmemaybe/DrawMeMaybe/ros2_ws/install/moveit_resources_panda_description:/home/drawmemaybe/DrawMeMaybe/ros2_ws/install/moveit_resources_fanuc_description:/home/drawmemaybe/DrawMeMaybe/ros2_ws/install/moveit_common:/opt/ros/humble LD_LIBRARY_PATH=/home/drawmemaybe/DrawMeMaybe/ros2_ws/install/moveit_setup_framework/lib:/home/drawmemaybe/DrawMeMaybe/ros2_ws/install/moveit_ros_visualization/lib:/home/drawmemaybe/DrawMeMaybe/ros2_ws/install/moveit_ros_planning_interface/lib:/home/drawmemaybe/DrawMeMaybe/ros2_ws/install/moveit_ros_move_group/lib:/home/drawmemaybe/DrawMeMaybe/ros2_ws/install/moveit_ros_warehouse/lib:/home/drawmemaybe/DrawMeMaybe/ros2_ws/install/moveit_ros_robot_interaction/lib:/home/drawmemaybe/DrawMeMaybe/ros2_ws/install/moveit_planners_ompl/lib:/home/drawmemaybe/DrawMeMaybe/ros2_ws/install/moveit_kinematics/lib:/home/drawmemaybe/DrawMeMaybe/ros2_ws/install/moveit_ros_planning/lib:/home/drawmemaybe/DrawMeMaybe/ros2_ws/install/moveit_simple_controller_manager/lib:/home/drawmemaybe/DrawMeMaybe/ros2_ws/install/moveit_ros_occupancy_map_monitor/lib:/home/drawmemaybe/DrawMeMaybe/ros2_ws/install/moveit_core/lib:/home/drawmemaybe/DrawMeMaybe/ros2_ws/install/srdfdom/lib:${LD_LIBRARY_PATH} PATH=/home/drawmemaybe/DrawMeMaybe/ros2_ws/install/moveit_core/bin:${PATH} PYTHONPATH=/home/drawmemaybe/DrawMeMaybe/ros2_ws/install/moveit_configs_utils/lib/python3.10/site-packages:/home/drawmemaybe/DrawMeMaybe/ros2_ws/install/srdfdom/local/lib/python3.10/dist-packages:/home/drawmemaybe/DrawMeMaybe/ros2_ws/install/launch_param_builder/lib/python3.10/site-packages:${PYTHONPATH} /usr/bin/cmake /home/drawmemaybe/DrawMeMaybe/ros2_ws/src/moveit2/moveit_setup_assistant/moveit_setup_controllers -DCMAKE_INSTALL_PREFIX=/home/drawmemaybe/DrawMeMaybe/ros2_ws/install/moveit_setup_controllers
[1.303s] Invoking command in '/home/drawmemaybe/DrawMeMaybe/ros2_ws/build/moveit_setup_controllers': AMENT_PREFIX_PATH=/home/drawmemaybe/DrawMeMaybe/ros2_ws/install/moveit_setup_framework:/home/drawmemaybe/DrawMeMaybe/ros2_ws/install/moveit_ros_visualization:/home/drawmemaybe/DrawMeMaybe/ros2_ws/install/moveit_ros_planning_interface:/home/drawmemaybe/DrawMeMaybe/ros2_ws/install/moveit_ros_move_group:/home/drawmemaybe/DrawMeMaybe/ros2_ws/install/moveit_ros_warehouse:/home/drawmemaybe/DrawMeMaybe/ros2_ws/install/moveit_ros_robot_interaction:/home/drawmemaybe/DrawMeMaybe/ros2_ws/install/moveit_planners_ompl:/home/drawmemaybe/DrawMeMaybe/ros2_ws/install/moveit_kinematics:/home/drawmemaybe/DrawMeMaybe/ros2_ws/install/moveit_ros_planning:/home/drawmemaybe/DrawMeMaybe/ros2_ws/install/moveit_simple_controller_manager:/home/drawmemaybe/DrawMeMaybe/ros2_ws/install/moveit_ros_occupancy_map_monitor:/home/drawmemaybe/DrawMeMaybe/ros2_ws/install/moveit_core:/home/drawmemaybe/DrawMeMaybe/ros2_ws/install/moveit_resources_panda_moveit_config:/home/drawmemaybe/DrawMeMaybe/ros2_ws/install/moveit_resources_fanuc_moveit_config:/home/drawmemaybe/DrawMeMaybe/ros2_ws/install/moveit_configs_utils:/home/drawmemaybe/DrawMeMaybe/ros2_ws/install/srdfdom:/home/drawmemaybe/DrawMeMaybe/ros2_ws/install/moveit_resources_pr2_description:/home/drawmemaybe/DrawMeMaybe/ros2_ws/install/moveit_resources_panda_description:/home/drawmemaybe/DrawMeMaybe/ros2_ws/install/moveit_resources_fanuc_description:/home/drawmemaybe/DrawMeMaybe/ros2_ws/install/moveit_common:/home/drawmemaybe/DrawMeMaybe/ros2_ws/install/launch_param_builder:${AMENT_PREFIX_PATH} CMAKE_PREFIX_PATH=/home/drawmemaybe/DrawMeMaybe/ros2_ws/install/moveit_setup_framework:/home/drawmemaybe/DrawMeMaybe/ros2_ws/install/moveit_ros_visualization:/home/drawmemaybe/DrawMeMaybe/ros2_ws/install/moveit_ros_planning_interface:/home/drawmemaybe/DrawMeMaybe/ros2_ws/install/moveit_ros_move_group:/home/drawmemaybe/DrawMeMaybe/ros2_ws/install/moveit_ros_warehouse:/home/drawmemaybe/DrawMeMaybe/ros2_ws/install/moveit_ros_robot_interaction:/home/drawmemaybe/DrawMeMaybe/ros2_ws/install/moveit_planners_ompl:/home/drawmemaybe/DrawMeMaybe/ros2_ws/install/moveit_kinematics:/home/drawmemaybe/DrawMeMaybe/ros2_ws/install/moveit_ros_planning:/home/drawmemaybe/DrawMeMaybe/ros2_ws/install/moveit_simple_controller_manager:/home/drawmemaybe/DrawMeMaybe/ros2_ws/install/moveit_ros_occupancy_map_monitor:/home/drawmemaybe/DrawMeMaybe/ros2_ws/install/moveit_core:/home/drawmemaybe/DrawMeMaybe/ros2_ws/install/moveit_resources_panda_moveit_config:/home/drawmemaybe/DrawMeMaybe/ros2_ws/install/moveit_resources_fanuc_moveit_config:/home/drawmemaybe/DrawMeMaybe/ros2_ws/install/srdfdom:/home/drawmemaybe/DrawMeMaybe/ros2_ws/install/moveit_resources_pr2_description:/home/drawmemaybe/DrawMeMaybe/ros2_ws/install/moveit_resources_panda_description:/home/drawmemaybe/DrawMeMaybe/ros2_ws/install/moveit_resources_fanuc_description:/home/drawmemaybe/DrawMeMaybe/ros2_ws/install/moveit_common:/opt/ros/humble LD_LIBRARY_PATH=/home/drawmemaybe/DrawMeMaybe/ros2_ws/install/moveit_setup_framework/lib:/home/drawmemaybe/DrawMeMaybe/ros2_ws/install/moveit_ros_visualization/lib:/home/drawmemaybe/DrawMeMaybe/ros2_ws/install/moveit_ros_planning_interface/lib:/home/drawmemaybe/DrawMeMaybe/ros2_ws/install/moveit_ros_move_group/lib:/home/drawmemaybe/DrawMeMaybe/ros2_ws/install/moveit_ros_warehouse/lib:/home/drawmemaybe/DrawMeMaybe/ros2_ws/install/moveit_ros_robot_interaction/lib:/home/drawmemaybe/DrawMeMaybe/ros2_ws/install/moveit_planners_ompl/lib:/home/drawmemaybe/DrawMeMaybe/ros2_ws/install/moveit_kinematics/lib:/home/drawmemaybe/DrawMeMaybe/ros2_ws/install/moveit_ros_planning/lib:/home/drawmemaybe/DrawMeMaybe/ros2_ws/install/moveit_simple_controller_manager/lib:/home/drawmemaybe/DrawMeMaybe/ros2_ws/install/moveit_ros_occupancy_map_monitor/lib:/home/drawmemaybe/DrawMeMaybe/ros2_ws/install/moveit_core/lib:/home/drawmemaybe/DrawMeMaybe/ros2_ws/install/srdfdom/lib:${LD_LIBRARY_PATH} PATH=/home/drawmemaybe/DrawMeMaybe/ros2_ws/install/moveit_core/bin:${PATH} PYTHONPATH=/home/drawmemaybe/DrawMeMaybe/ros2_ws/install/moveit_configs_utils/lib/python3.10/site-packages:/home/drawmemaybe/DrawMeMaybe/ros2_ws/install/srdfdom/local/lib/python3.10/dist-packages:/home/drawmemaybe/DrawMeMaybe/ros2_ws/install/launch_param_builder/lib/python3.10/site-packages:${PYTHONPATH} /usr/bin/cmake --build /home/drawmemaybe/DrawMeMaybe/ros2_ws/build/moveit_setup_controllers -- -j24 -l24
[1.329s] [  3%] [34m[1mAutomatic MOC for target moveit_setup_controllers[0m
[1.333s] [  6%] [34m[1mAutomatic MOC for target gtest[0m
[1.333s] [  9%] [34m[1mAutomatic MOC for target gtest_main[0m
[1.375s] [  9%] Built target gtest_main_autogen
[1.376s] [  9%] Built target moveit_setup_controllers_autogen
[1.390s] [  9%] Built target gtest_autogen
[1.399s] [ 12%] [34m[1mGenerating include/moveit_setup_controllers/moc_urdf_modifications_widget.cpp[0m
[1.402s] [ 15%] [34m[1mGenerating include/moveit_setup_controllers/moc_controllers_widget.cpp[0m
[1.406s] [ 18%] [34m[1mGenerating include/moveit_setup_controllers/moc_controller_edit_widget.cpp[0m
[1.410s] [ 21%] [32mBuilding CXX object gtest/CMakeFiles/gtest_main.dir/gtest_main_autogen/mocs_compilation.cpp.o[0m
[1.417s] [ 24%] [32mBuilding CXX object gtest/CMakeFiles/gtest_main.dir/src/gtest_main.cc.o[0m
[1.426s] [ 27%] [32mBuilding CXX object gtest/CMakeFiles/gtest.dir/gtest_autogen/mocs_compilation.cpp.o[0m
[1.427s] [ 30%] [32mBuilding CXX object gtest/CMakeFiles/gtest.dir/src/gtest-all.cc.o[0m
[1.452s] [ 33%] [32mBuilding CXX object CMakeFiles/moveit_setup_controllers.dir/moveit_setup_controllers_autogen/mocs_compilation.cpp.o[0m
[1.462s] [ 36%] [32mBuilding CXX object CMakeFiles/moveit_setup_controllers.dir/src/control_xacro_config.cpp.o[0m
[1.462s] [ 39%] [32mBuilding CXX object CMakeFiles/moveit_setup_controllers.dir/src/controller_edit_widget.cpp.o[0m
[1.462s] [ 42%] [32mBuilding CXX object CMakeFiles/moveit_setup_controllers.dir/src/controllers.cpp.o[0m
[1.464s] [ 48%] [32mBuilding CXX object CMakeFiles/moveit_setup_controllers.dir/src/controllers_config.cpp.o[0m
[1.464s] [ 48%] [32mBuilding CXX object CMakeFiles/moveit_setup_controllers.dir/src/controllers_widget.cpp.o[0m
[1.466s] [ 51%] [32mBuilding CXX object CMakeFiles/moveit_setup_controllers.dir/src/modified_urdf_config.cpp.o[0m
[1.466s] [ 54%] [32mBuilding CXX object CMakeFiles/moveit_setup_controllers.dir/src/moveit_controllers_config.cpp.o[0m
[1.492s] [ 57%] [32mBuilding CXX object CMakeFiles/moveit_setup_controllers.dir/src/ros2_controllers_config.cpp.o[0m
[1.498s] [ 60%] [32mBuilding CXX object CMakeFiles/moveit_setup_controllers.dir/src/moveit_controllers_widget.cpp.o[0m
[1.505s] [ 63%] [32mBuilding CXX object CMakeFiles/moveit_setup_controllers.dir/src/ros2_controllers_widget.cpp.o[0m
[1.518s] [ 66%] [32mBuilding CXX object CMakeFiles/moveit_setup_controllers.dir/include/moveit_setup_controllers/moc_controller_edit_widget.cpp.o[0m
[1.518s] [ 69%] [32mBuilding CXX object CMakeFiles/moveit_setup_controllers.dir/src/urdf_modifications_widget.cpp.o[0m
[1.518s] [ 72%] [32mBuilding CXX object CMakeFiles/moveit_setup_controllers.dir/src/urdf_modifications.cpp.o[0m
[1.529s] [ 75%] [32mBuilding CXX object CMakeFiles/moveit_setup_controllers.dir/include/moveit_setup_controllers/moc_urdf_modifications_widget.cpp.o[0m
[1.538s] [ 78%] [32mBuilding CXX object CMakeFiles/moveit_setup_controllers.dir/include/moveit_setup_controllers/moc_controllers_widget.cpp.o[0m
[2.720s] [ 81%] [32m[1mLinking CXX static library libgtest_main.a[0m
[2.822s] [ 81%] Built target gtest_main
[17.251s] [ 84%] [32m[1mLinking CXX static library libgtest.a[0m
[17.323s] [ 84%] Built target gtest
[26.456s] [ 87%] [32m[1mLinking CXX shared library libmoveit_setup_controllers.so[0m
[26.664s] [ 87%] Built target moveit_setup_controllers
[26.673s] [ 90%] [34m[1mAutomatic MOC for target test_controllers[0m
[26.687s] [ 90%] Built target test_controllers_autogen
[26.695s] [ 93%] [32mBuilding CXX object CMakeFiles/test_controllers.dir/test_controllers_autogen/mocs_compilation.cpp.o[0m
[26.703s] [ 96%] [32mBuilding CXX object CMakeFiles/test_controllers.dir/test/test_controllers.cpp.o[0m
[33.641s] [100%] [32m[1mLinking CXX executable test_controllers[0m
[33.934s] [100%] Built target test_controllers
[33.940s] Invoked command in '/home/drawmemaybe/DrawMeMaybe/ros2_ws/build/moveit_setup_controllers' returned '0': AMENT_PREFIX_PATH=/home/drawmemaybe/DrawMeMaybe/ros2_ws/install/moveit_setup_framework:/home/drawmemaybe/DrawMeMaybe/ros2_ws/install/moveit_ros_visualization:/home/drawmemaybe/DrawMeMaybe/ros2_ws/install/moveit_ros_planning_interface:/home/drawmemaybe/DrawMeMaybe/ros2_ws/install/moveit_ros_move_group:/home/drawmemaybe/DrawMeMaybe/ros2_ws/install/moveit_ros_warehouse:/home/drawmemaybe/DrawMeMaybe/ros2_ws/install/moveit_ros_robot_interaction:/home/drawmemaybe/DrawMeMaybe/ros2_ws/install/moveit_planners_ompl:/home/drawmemaybe/DrawMeMaybe/ros2_ws/install/moveit_kinematics:/home/drawmemaybe/DrawMeMaybe/ros2_ws/install/moveit_ros_planning:/home/drawmemaybe/DrawMeMaybe/ros2_ws/install/moveit_simple_controller_manager:/home/drawmemaybe/DrawMeMaybe/ros2_ws/install/moveit_ros_occupancy_map_monitor:/home/drawmemaybe/DrawMeMaybe/ros2_ws/install/moveit_core:/home/drawmemaybe/DrawMeMaybe/ros2_ws/install/moveit_resources_panda_moveit_config:/home/drawmemaybe/DrawMeMaybe/ros2_ws/install/moveit_resources_fanuc_moveit_config:/home/drawmemaybe/DrawMeMaybe/ros2_ws/install/moveit_configs_utils:/home/drawmemaybe/DrawMeMaybe/ros2_ws/install/srdfdom:/home/drawmemaybe/DrawMeMaybe/ros2_ws/install/moveit_resources_pr2_description:/home/drawmemaybe/DrawMeMaybe/ros2_ws/install/moveit_resources_panda_description:/home/drawmemaybe/DrawMeMaybe/ros2_ws/install/moveit_resources_fanuc_description:/home/drawmemaybe/DrawMeMaybe/ros2_ws/install/moveit_common:/home/drawmemaybe/DrawMeMaybe/ros2_ws/install/launch_param_builder:${AMENT_PREFIX_PATH} CMAKE_PREFIX_PATH=/home/drawmemaybe/DrawMeMaybe/ros2_ws/install/moveit_setup_framework:/home/drawmemaybe/DrawMeMaybe/ros2_ws/install/moveit_ros_visualization:/home/drawmemaybe/DrawMeMaybe/ros2_ws/install/moveit_ros_planning_interface:/home/drawmemaybe/DrawMeMaybe/ros2_ws/install/moveit_ros_move_group:/home/drawmemaybe/DrawMeMaybe/ros2_ws/install/moveit_ros_warehouse:/home/drawmemaybe/DrawMeMaybe/ros2_ws/install/moveit_ros_robot_interaction:/home/drawmemaybe/DrawMeMaybe/ros2_ws/install/moveit_planners_ompl:/home/drawmemaybe/DrawMeMaybe/ros2_ws/install/moveit_kinematics:/home/drawmemaybe/DrawMeMaybe/ros2_ws/install/moveit_ros_planning:/home/drawmemaybe/DrawMeMaybe/ros2_ws/install/moveit_simple_controller_manager:/home/drawmemaybe/DrawMeMaybe/ros2_ws/install/moveit_ros_occupancy_map_monitor:/home/drawmemaybe/DrawMeMaybe/ros2_ws/install/moveit_core:/home/drawmemaybe/DrawMeMaybe/ros2_ws/install/moveit_resources_panda_moveit_config:/home/drawmemaybe/DrawMeMaybe/ros2_ws/install/moveit_resources_fanuc_moveit_config:/home/drawmemaybe/DrawMeMaybe/ros2_ws/install/srdfdom:/home/drawmemaybe/DrawMeMaybe/ros2_ws/install/moveit_resources_pr2_description:/home/drawmemaybe/DrawMeMaybe/ros2_ws/install/moveit_resources_panda_description:/home/drawmemaybe/DrawMeMaybe/ros2_ws/install/moveit_resources_fanuc_description:/home/drawmemaybe/DrawMeMaybe/ros2_ws/install/moveit_common:/opt/ros/humble LD_LIBRARY_PATH=/home/drawmemaybe/DrawMeMaybe/ros2_ws/install/moveit_setup_framework/lib:/home/drawmemaybe/DrawMeMaybe/ros2_ws/install/moveit_ros_visualization/lib:/home/drawmemaybe/DrawMeMaybe/ros2_ws/install/moveit_ros_planning_interface/lib:/home/drawmemaybe/DrawMeMaybe/ros2_ws/install/moveit_ros_move_group/lib:/home/drawmemaybe/DrawMeMaybe/ros2_ws/install/moveit_ros_warehouse/lib:/home/drawmemaybe/DrawMeMaybe/ros2_ws/install/moveit_ros_robot_interaction/lib:/home/drawmemaybe/DrawMeMaybe/ros2_ws/install/moveit_planners_ompl/lib:/home/drawmemaybe/DrawMeMaybe/ros2_ws/install/moveit_kinematics/lib:/home/drawmemaybe/DrawMeMaybe/ros2_ws/install/moveit_ros_planning/lib:/home/drawmemaybe/DrawMeMaybe/ros2_ws/install/moveit_simple_controller_manager/lib:/home/drawmemaybe/DrawMeMaybe/ros2_ws/install/moveit_ros_occupancy_map_monitor/lib:/home/drawmemaybe/DrawMeMaybe/ros2_ws/install/moveit_core/lib:/home/drawmemaybe/DrawMeMaybe/ros2_ws/install/srdfdom/lib:${LD_LIBRARY_PATH} PATH=/home/drawmemaybe/DrawMeMaybe/ros2_ws/install/moveit_core/bin:${PATH} PYTHONPATH=/home/drawmemaybe/DrawMeMaybe/ros2_ws/install/moveit_configs_utils/lib/python3.10/site-packages:/home/drawmemaybe/DrawMeMaybe/ros2_ws/install/srdfdom/local/lib/python3.10/dist-packages:/home/drawmemaybe/DrawMeMaybe/ros2_ws/install/launch_param_builder/lib/python3.10/site-packages:${PYTHONPATH} /usr/bin/cmake --build /home/drawmemaybe/DrawMeMaybe/ros2_ws/build/moveit_setup_controllers -- -j24 -l24
[33.941s] Invoking command in '/home/drawmemaybe/DrawMeMaybe/ros2_ws/build/moveit_setup_controllers': AMENT_PREFIX_PATH=/home/drawmemaybe/DrawMeMaybe/ros2_ws/install/moveit_setup_framework:/home/drawmemaybe/DrawMeMaybe/ros2_ws/install/moveit_ros_visualization:/home/drawmemaybe/DrawMeMaybe/ros2_ws/install/moveit_ros_planning_interface:/home/drawmemaybe/DrawMeMaybe/ros2_ws/install/moveit_ros_move_group:/home/drawmemaybe/DrawMeMaybe/ros2_ws/install/moveit_ros_warehouse:/home/drawmemaybe/DrawMeMaybe/ros2_ws/install/moveit_ros_robot_interaction:/home/drawmemaybe/DrawMeMaybe/ros2_ws/install/moveit_planners_ompl:/home/drawmemaybe/DrawMeMaybe/ros2_ws/install/moveit_kinematics:/home/drawmemaybe/DrawMeMaybe/ros2_ws/install/moveit_ros_planning:/home/drawmemaybe/DrawMeMaybe/ros2_ws/install/moveit_simple_controller_manager:/home/drawmemaybe/DrawMeMaybe/ros2_ws/install/moveit_ros_occupancy_map_monitor:/home/drawmemaybe/DrawMeMaybe/ros2_ws/install/moveit_core:/home/drawmemaybe/DrawMeMaybe/ros2_ws/install/moveit_resources_panda_moveit_config:/home/drawmemaybe/DrawMeMaybe/ros2_ws/install/moveit_resources_fanuc_moveit_config:/home/drawmemaybe/DrawMeMaybe/ros2_ws/install/moveit_configs_utils:/home/drawmemaybe/DrawMeMaybe/ros2_ws/install/srdfdom:/home/drawmemaybe/DrawMeMaybe/ros2_ws/install/moveit_resources_pr2_description:/home/drawmemaybe/DrawMeMaybe/ros2_ws/install/moveit_resources_panda_description:/home/drawmemaybe/DrawMeMaybe/ros2_ws/install/moveit_resources_fanuc_description:/home/drawmemaybe/DrawMeMaybe/ros2_ws/install/moveit_common:/home/drawmemaybe/DrawMeMaybe/ros2_ws/install/launch_param_builder:${AMENT_PREFIX_PATH} CMAKE_PREFIX_PATH=/home/drawmemaybe/DrawMeMaybe/ros2_ws/install/moveit_setup_framework:/home/drawmemaybe/DrawMeMaybe/ros2_ws/install/moveit_ros_visualization:/home/drawmemaybe/DrawMeMaybe/ros2_ws/install/moveit_ros_planning_interface:/home/drawmemaybe/DrawMeMaybe/ros2_ws/install/moveit_ros_move_group:/home/drawmemaybe/DrawMeMaybe/ros2_ws/install/moveit_ros_warehouse:/home/drawmemaybe/DrawMeMaybe/ros2_ws/install/moveit_ros_robot_interaction:/home/drawmemaybe/DrawMeMaybe/ros2_ws/install/moveit_planners_ompl:/home/drawmemaybe/DrawMeMaybe/ros2_ws/install/moveit_kinematics:/home/drawmemaybe/DrawMeMaybe/ros2_ws/install/moveit_ros_planning:/home/drawmemaybe/DrawMeMaybe/ros2_ws/install/moveit_simple_controller_manager:/home/drawmemaybe/DrawMeMaybe/ros2_ws/install/moveit_ros_occupancy_map_monitor:/home/drawmemaybe/DrawMeMaybe/ros2_ws/install/moveit_core:/home/drawmemaybe/DrawMeMaybe/ros2_ws/install/moveit_resources_panda_moveit_config:/home/drawmemaybe/DrawMeMaybe/ros2_ws/install/moveit_resources_fanuc_moveit_config:/home/drawmemaybe/DrawMeMaybe/ros2_ws/install/srdfdom:/home/drawmemaybe/DrawMeMaybe/ros2_ws/install/moveit_resources_pr2_description:/home/drawmemaybe/DrawMeMaybe/ros2_ws/install/moveit_resources_panda_description:/home/drawmemaybe/DrawMeMaybe/ros2_ws/install/moveit_resources_fanuc_description:/home/drawmemaybe/DrawMeMaybe/ros2_ws/install/moveit_common:/opt/ros/humble LD_LIBRARY_PATH=/home/drawmemaybe/DrawMeMaybe/ros2_ws/install/moveit_setup_framework/lib:/home/drawmemaybe/DrawMeMaybe/ros2_ws/install/moveit_ros_visualization/lib:/home/drawmemaybe/DrawMeMaybe/ros2_ws/install/moveit_ros_planning_interface/lib:/home/drawmemaybe/DrawMeMaybe/ros2_ws/install/moveit_ros_move_group/lib:/home/drawmemaybe/DrawMeMaybe/ros2_ws/install/moveit_ros_warehouse/lib:/home/drawmemaybe/DrawMeMaybe/ros2_ws/install/moveit_ros_robot_interaction/lib:/home/drawmemaybe/DrawMeMaybe/ros2_ws/install/moveit_planners_ompl/lib:/home/drawmemaybe/DrawMeMaybe/ros2_ws/install/moveit_kinematics/lib:/home/drawmemaybe/DrawMeMaybe/ros2_ws/install/moveit_ros_planning/lib:/home/drawmemaybe/DrawMeMaybe/ros2_ws/install/moveit_simple_controller_manager/lib:/home/drawmemaybe/DrawMeMaybe/ros2_ws/install/moveit_ros_occupancy_map_monitor/lib:/home/drawmemaybe/DrawMeMaybe/ros2_ws/install/moveit_core/lib:/home/drawmemaybe/DrawMeMaybe/ros2_ws/install/srdfdom/lib:${LD_LIBRARY_PATH} PATH=/home/drawmemaybe/DrawMeMaybe/ros2_ws/install/moveit_core/bin:${PATH} PYTHONPATH=/home/drawmemaybe/DrawMeMaybe/ros2_ws/install/moveit_configs_utils/lib/python3.10/site-packages:/home/drawmemaybe/DrawMeMaybe/ros2_ws/install/srdfdom/local/lib/python3.10/dist-packages:/home/drawmemaybe/DrawMeMaybe/ros2_ws/install/launch_param_builder/lib/python3.10/site-packages:${PYTHONPATH} /usr/bin/cmake --install /home/drawmemaybe/DrawMeMaybe/ros2_ws/build/moveit_setup_controllers
[33.944s] -- Install configuration: "Release"
[33.944s] -- Installing: /home/drawmemaybe/DrawMeMaybe/ros2_ws/install/moveit_setup_controllers/share/moveit_setup_controllers/templates
[33.945s] -- Installing: /home/drawmemaybe/DrawMeMaybe/ros2_ws/install/moveit_setup_controllers/share/moveit_setup_controllers/templates/config
[33.945s] -- Installing: /home/drawmemaybe/DrawMeMaybe/ros2_ws/install/moveit_setup_controllers/share/moveit_setup_controllers/templates/config/gazebo_controllers.yaml
[33.945s] -- Installing: /home/drawmemaybe/DrawMeMaybe/ros2_ws/install/moveit_setup_controllers/share/moveit_setup_controllers/templates/config/ros2_control.xacro
[33.945s] -- Installing: /home/drawmemaybe/DrawMeMaybe/ros2_ws/install/moveit_setup_controllers/share/moveit_setup_controllers/templates/config/modified.urdf.xacro
[33.945s] -- Installing: /home/drawmemaybe/DrawMeMaybe/ros2_ws/install/moveit_setup_controllers/lib/libmoveit_setup_controllers.so
[33.945s] -- Set runtime path of "/home/drawmemaybe/DrawMeMaybe/ros2_ws/install/moveit_setup_controllers/lib/libmoveit_setup_controllers.so" to ""
[33.945s] -- Installing: /home/drawmemaybe/DrawMeMaybe/ros2_ws/install/moveit_setup_controllers/share/moveit_setup_controllers/moveit_setup_framework_plugins.xml
[33.945s] -- Installing: /home/drawmemaybe/DrawMeMaybe/ros2_ws/install/moveit_setup_controllers/include
[33.945s] -- Installing: /home/drawmemaybe/DrawMeMaybe/ros2_ws/install/moveit_setup_controllers/include/moveit_setup_controllers
[33.945s] -- Installing: /home/drawmemaybe/DrawMeMaybe/ros2_ws/install/moveit_setup_controllers/include/moveit_setup_controllers/controller_edit_widget.hpp
[33.945s] -- Installing: /home/drawmemaybe/DrawMeMaybe/ros2_ws/install/moveit_setup_controllers/include/moveit_setup_controllers/included_xacro_config.hpp
[33.945s] -- Installing: /home/drawmemaybe/DrawMeMaybe/ros2_ws/install/moveit_setup_controllers/include/moveit_setup_controllers/modified_urdf_config.hpp
[33.945s] -- Installing: /home/drawmemaybe/DrawMeMaybe/ros2_ws/install/moveit_setup_controllers/include/moveit_setup_controllers/controllers.hpp
[33.945s] -- Installing: /home/drawmemaybe/DrawMeMaybe/ros2_ws/install/moveit_setup_controllers/include/moveit_setup_controllers/ros2_controllers.hpp
[33.945s] -- Installing: /home/drawmemaybe/DrawMeMaybe/ros2_ws/install/moveit_setup_controllers/include/moveit_setup_controllers/urdf_modifications_widget.hpp
[33.945s] -- Installing: /home/drawmemaybe/DrawMeMaybe/ros2_ws/install/moveit_setup_controllers/include/moveit_setup_controllers/controllers_config.hpp
[33.945s] -- Installing: /home/drawmemaybe/DrawMeMaybe/ros2_ws/install/moveit_setup_controllers/include/moveit_setup_controllers/moveit_controllers_config.hpp
[33.945s] -- Installing: /home/drawmemaybe/DrawMeMaybe/ros2_ws/install/moveit_setup_controllers/include/moveit_setup_controllers/moveit_controllers.hpp
[33.945s] -- Installing: /home/drawmemaybe/DrawMeMaybe/ros2_ws/install/moveit_setup_controllers/include/moveit_setup_controllers/controllers_widget.hpp
[33.945s] -- Installing: /home/drawmemaybe/DrawMeMaybe/ros2_ws/install/moveit_setup_controllers/include/moveit_setup_controllers/urdf_modifications.hpp
[33.945s] -- Installing: /home/drawmemaybe/DrawMeMaybe/ros2_ws/install/moveit_setup_controllers/include/moveit_setup_controllers/control_xacro_config.hpp
[33.945s] -- Installing: /home/drawmemaybe/DrawMeMaybe/ros2_ws/install/moveit_setup_controllers/include/moveit_setup_controllers/ros2_controllers_config.hpp
[33.945s] -- Installing: /home/drawmemaybe/DrawMeMaybe/ros2_ws/install/moveit_setup_controllers/share/moveit_setup_controllers/launch
[33.945s] -- Installing: /home/drawmemaybe/DrawMeMaybe/ros2_ws/install/moveit_setup_controllers/share/moveit_setup_controllers/launch/control.launch.py
[33.946s] -- Installing: /home/drawmemaybe/DrawMeMaybe/ros2_ws/install/moveit_setup_controllers/share/moveit_setup_controllers/environment/library_path.sh
[33.946s] -- Installing: /home/drawmemaybe/DrawMeMaybe/ros2_ws/install/moveit_setup_controllers/share/moveit_setup_controllers/environment/library_path.dsv
[33.946s] -- Up-to-date: /home/drawmemaybe/DrawMeMaybe/ros2_ws/install/moveit_setup_controllers/share/moveit_setup_controllers/moveit_setup_framework_plugins.xml
[33.946s] -- Installing: /home/drawmemaybe/DrawMeMaybe/ros2_ws/install/moveit_setup_controllers/share/ament_index/resource_index/package_run_dependencies/moveit_setup_controllers
[33.946s] -- Installing: /home/drawmemaybe/DrawMeMaybe/ros2_ws/install/moveit_setup_controllers/share/ament_index/resource_index/parent_prefix_path/moveit_setup_controllers
[33.946s] -- Installing: /home/drawmemaybe/DrawMeMaybe/ros2_ws/install/moveit_setup_controllers/share/moveit_setup_controllers/environment/ament_prefix_path.sh
[33.946s] -- Installing: /home/drawmemaybe/DrawMeMaybe/ros2_ws/install/moveit_setup_controllers/share/moveit_setup_controllers/environment/ament_prefix_path.dsv
[33.946s] -- Installing: /home/drawmemaybe/DrawMeMaybe/ros2_ws/install/moveit_setup_controllers/share/moveit_setup_controllers/environment/path.sh
[33.946s] -- Installing: /home/drawmemaybe/DrawMeMaybe/ros2_ws/install/moveit_setup_controllers/share/moveit_setup_controllers/environment/path.dsv
[33.946s] -- Installing: /home/drawmemaybe/DrawMeMaybe/ros2_ws/install/moveit_setup_controllers/share/moveit_setup_controllers/local_setup.bash
[33.946s] -- Installing: /home/drawmemaybe/DrawMeMaybe/ros2_ws/install/moveit_setup_controllers/share/moveit_setup_controllers/local_setup.sh
[33.946s] -- Installing: /home/drawmemaybe/DrawMeMaybe/ros2_ws/install/moveit_setup_controllers/share/moveit_setup_controllers/local_setup.zsh
[33.946s] -- Installing: /home/drawmemaybe/DrawMeMaybe/ros2_ws/install/moveit_setup_controllers/share/moveit_setup_controllers/local_setup.dsv
[33.946s] -- Installing: /home/drawmemaybe/DrawMeMaybe/ros2_ws/install/moveit_setup_controllers/share/moveit_setup_controllers/package.dsv
[33.946s] -- Installing: /home/drawmemaybe/DrawMeMaybe/ros2_ws/install/moveit_setup_controllers/share/ament_index/resource_index/packages/moveit_setup_controllers
[33.946s] -- Installing: /home/drawmemaybe/DrawMeMaybe/ros2_ws/install/moveit_setup_controllers/share/ament_index/resource_index/moveit_setup_framework__pluginlib__plugin/moveit_setup_controllers
[33.946s] -- Installing: /home/drawmemaybe/DrawMeMaybe/ros2_ws/install/moveit_setup_controllers/share/moveit_setup_controllers/cmake/export_moveit_setup_controllersExport.cmake
[33.946s] -- Installing: /home/drawmemaybe/DrawMeMaybe/ros2_ws/install/moveit_setup_controllers/share/moveit_setup_controllers/cmake/export_moveit_setup_controllersExport-release.cmake
[33.946s] -- Installing: /home/drawmemaybe/DrawMeMaybe/ros2_ws/install/moveit_setup_controllers/share/moveit_setup_controllers/cmake/ament_cmake_export_include_directories-extras.cmake
[33.946s] -- Installing: /home/drawmemaybe/DrawMeMaybe/ros2_ws/install/moveit_setup_controllers/share/moveit_setup_controllers/cmake/ament_cmake_export_libraries-extras.cmake
[33.946s] -- Installing: /home/drawmemaybe/DrawMeMaybe/ros2_ws/install/moveit_setup_controllers/share/moveit_setup_controllers/cmake/ament_cmake_export_targets-extras.cmake
[33.946s] -- Installing: /home/drawmemaybe/DrawMeMaybe/ros2_ws/install/moveit_setup_controllers/share/moveit_setup_controllers/cmake/moveit_setup_controllersConfig.cmake
[33.946s] -- Installing: /home/drawmemaybe/DrawMeMaybe/ros2_ws/install/moveit_setup_controllers/share/moveit_setup_controllers/cmake/moveit_setup_controllersConfig-version.cmake
[33.946s] -- Installing: /home/drawmemaybe/DrawMeMaybe/ros2_ws/install/moveit_setup_controllers/share/moveit_setup_controllers/package.xml
[33.947s] Invoked command in '/home/drawmemaybe/DrawMeMaybe/ros2_ws/build/moveit_setup_controllers' returned '0': AMENT_PREFIX_PATH=/home/drawmemaybe/DrawMeMaybe/ros2_ws/install/moveit_setup_framework:/home/drawmemaybe/DrawMeMaybe/ros2_ws/install/moveit_ros_visualization:/home/drawmemaybe/DrawMeMaybe/ros2_ws/install/moveit_ros_planning_interface:/home/drawmemaybe/DrawMeMaybe/ros2_ws/install/moveit_ros_move_group:/home/drawmemaybe/DrawMeMaybe/ros2_ws/install/moveit_ros_warehouse:/home/drawmemaybe/DrawMeMaybe/ros2_ws/install/moveit_ros_robot_interaction:/home/drawmemaybe/DrawMeMaybe/ros2_ws/install/moveit_planners_ompl:/home/drawmemaybe/DrawMeMaybe/ros2_ws/install/moveit_kinematics:/home/drawmemaybe/DrawMeMaybe/ros2_ws/install/moveit_ros_planning:/home/drawmemaybe/DrawMeMaybe/ros2_ws/install/moveit_simple_controller_manager:/home/drawmemaybe/DrawMeMaybe/ros2_ws/install/moveit_ros_occupancy_map_monitor:/home/drawmemaybe/DrawMeMaybe/ros2_ws/install/moveit_core:/home/drawmemaybe/DrawMeMaybe/ros2_ws/install/moveit_resources_panda_moveit_config:/home/drawmemaybe/DrawMeMaybe/ros2_ws/install/moveit_resources_fanuc_moveit_config:/home/drawmemaybe/DrawMeMaybe/ros2_ws/install/moveit_configs_utils:/home/drawmemaybe/DrawMeMaybe/ros2_ws/install/srdfdom:/home/drawmemaybe/DrawMeMaybe/ros2_ws/install/moveit_resources_pr2_description:/home/drawmemaybe/DrawMeMaybe/ros2_ws/install/moveit_resources_panda_description:/home/drawmemaybe/DrawMeMaybe/ros2_ws/install/moveit_resources_fanuc_description:/home/drawmemaybe/DrawMeMaybe/ros2_ws/install/moveit_common:/home/drawmemaybe/DrawMeMaybe/ros2_ws/install/launch_param_builder:${AMENT_PREFIX_PATH} CMAKE_PREFIX_PATH=/home/drawmemaybe/DrawMeMaybe/ros2_ws/install/moveit_setup_framework:/home/drawmemaybe/DrawMeMaybe/ros2_ws/install/moveit_ros_visualization:/home/drawmemaybe/DrawMeMaybe/ros2_ws/install/moveit_ros_planning_interface:/home/drawmemaybe/DrawMeMaybe/ros2_ws/install/moveit_ros_move_group:/home/drawmemaybe/DrawMeMaybe/ros2_ws/install/moveit_ros_warehouse:/home/drawmemaybe/DrawMeMaybe/ros2_ws/install/moveit_ros_robot_interaction:/home/drawmemaybe/DrawMeMaybe/ros2_ws/install/moveit_planners_ompl:/home/drawmemaybe/DrawMeMaybe/ros2_ws/install/moveit_kinematics:/home/drawmemaybe/DrawMeMaybe/ros2_ws/install/moveit_ros_planning:/home/drawmemaybe/DrawMeMaybe/ros2_ws/install/moveit_simple_controller_manager:/home/drawmemaybe/DrawMeMaybe/ros2_ws/install/moveit_ros_occupancy_map_monitor:/home/drawmemaybe/DrawMeMaybe/ros2_ws/install/moveit_core:/home/drawmemaybe/DrawMeMaybe/ros2_ws/install/moveit_resources_panda_moveit_config:/home/drawmemaybe/DrawMeMaybe/ros2_ws/install/moveit_resources_fanuc_moveit_config:/home/drawmemaybe/DrawMeMaybe/ros2_ws/install/srdfdom:/home/drawmemaybe/DrawMeMaybe/ros2_ws/install/moveit_resources_pr2_description:/home/drawmemaybe/DrawMeMaybe/ros2_ws/install/moveit_resources_panda_description:/home/drawmemaybe/DrawMeMaybe/ros2_ws/install/moveit_resources_fanuc_description:/home/drawmemaybe/DrawMeMaybe/ros2_ws/install/moveit_common:/opt/ros/humble LD_LIBRARY_PATH=/home/drawmemaybe/DrawMeMaybe/ros2_ws/install/moveit_setup_framework/lib:/home/drawmemaybe/DrawMeMaybe/ros2_ws/install/moveit_ros_visualization/lib:/home/drawmemaybe/DrawMeMaybe/ros2_ws/install/moveit_ros_planning_interface/lib:/home/drawmemaybe/DrawMeMaybe/ros2_ws/install/moveit_ros_move_group/lib:/home/drawmemaybe/DrawMeMaybe/ros2_ws/install/moveit_ros_warehouse/lib:/home/drawmemaybe/DrawMeMaybe/ros2_ws/install/moveit_ros_robot_interaction/lib:/home/drawmemaybe/DrawMeMaybe/ros2_ws/install/moveit_planners_ompl/lib:/home/drawmemaybe/DrawMeMaybe/ros2_ws/install/moveit_kinematics/lib:/home/drawmemaybe/DrawMeMaybe/ros2_ws/install/moveit_ros_planning/lib:/home/drawmemaybe/DrawMeMaybe/ros2_ws/install/moveit_simple_controller_manager/lib:/home/drawmemaybe/DrawMeMaybe/ros2_ws/install/moveit_ros_occupancy_map_monitor/lib:/home/drawmemaybe/DrawMeMaybe/ros2_ws/install/moveit_core/lib:/home/drawmemaybe/DrawMeMaybe/ros2_ws/install/srdfdom/lib:${LD_LIBRARY_PATH} PATH=/home/drawmemaybe/DrawMeMaybe/ros2_ws/install/moveit_core/bin:${PATH} PYTHONPATH=/home/drawmemaybe/DrawMeMaybe/ros2_ws/install/moveit_configs_utils/lib/python3.10/site-packages:/home/drawmemaybe/DrawMeMaybe/ros2_ws/install/srdfdom/local/lib/python3.10/dist-packages:/home/drawmemaybe/DrawMeMaybe/ros2_ws/install/launch_param_builder/lib/python3.10/site-packages:${PYTHONPATH} /usr/bin/cmake --install /home/drawmemaybe/DrawMeMaybe/ros2_ws/build/moveit_setup_controllers
