[0.252s] Invoking command in '/home/drawmemaybe/DrawMeMaybe/ros2_ws/src/moveit2/moveit_configs_utils': AMENT_PREFIX_PATH=/home/drawmemaybe/DrawMeMaybe/ros2_ws/install/srdfdom:/home/drawmemaybe/DrawMeMaybe/ros2_ws/install/launch_param_builder:${AMENT_PREFIX_PATH} CMAKE_PREFIX_PATH=/home/drawmemaybe/DrawMeMaybe/ros2_ws/install/srdfdom LD_LIBRARY_PATH=/home/drawmemaybe/DrawMeMaybe/ros2_ws/install/srdfdom/lib:${LD_LIBRARY_PATH} PYTHONPATH=/home/drawmemaybe/DrawMeMaybe/ros2_ws/build/moveit_configs_utils/prefix_override:/usr/lib/python3/dist-packages/colcon_core/task/python/colcon_distutils_commands:/home/drawmemaybe/DrawMeMaybe/ros2_ws/install/moveit_configs_utils/lib/python3.10/site-packages:/home/drawmemaybe/DrawMeMaybe/ros2_ws/install/srdfdom/local/lib/python3.10/dist-packages:/home/drawmemaybe/DrawMeMaybe/ros2_ws/install/launch_param_builder/lib/python3.10/site-packages:${PYTHONPATH} /usr/bin/python3 -W ignore:setup.py install is deprecated -W ignore:easy_install command is deprecated setup.py egg_info --egg-base ../../../build/moveit_configs_utils build --build-base /home/drawmemaybe/DrawMeMaybe/ros2_ws/build/moveit_configs_utils/build install --record /home/drawmemaybe/DrawMeMaybe/ros2_ws/build/moveit_configs_utils/install.log --single-version-externally-managed install_data
[0.341s] running egg_info
[0.341s] creating ../../../build/moveit_configs_utils/moveit_configs_utils.egg-info
[0.341s] writing ../../../build/moveit_configs_utils/moveit_configs_utils.egg-info/PKG-INFO
[0.341s] writing dependency_links to ../../../build/moveit_configs_utils/moveit_configs_utils.egg-info/dependency_links.txt
[0.342s] writing entry points to ../../../build/moveit_configs_utils/moveit_configs_utils.egg-info/entry_points.txt
[0.342s] writing requirements to ../../../build/moveit_configs_utils/moveit_configs_utils.egg-info/requires.txt
[0.342s] writing top-level names to ../../../build/moveit_configs_utils/moveit_configs_utils.egg-info/top_level.txt
[0.342s] writing manifest file '../../../build/moveit_configs_utils/moveit_configs_utils.egg-info/SOURCES.txt'
[0.343s] reading manifest file '../../../build/moveit_configs_utils/moveit_configs_utils.egg-info/SOURCES.txt'
[0.343s] writing manifest file '../../../build/moveit_configs_utils/moveit_configs_utils.egg-info/SOURCES.txt'
[0.343s] running build
[0.343s] running build_py
[0.343s] creating /home/drawmemaybe/DrawMeMaybe/ros2_ws/build/moveit_configs_utils/build
[0.343s] creating /home/drawmemaybe/DrawMeMaybe/ros2_ws/build/moveit_configs_utils/build/lib
[0.343s] creating /home/drawmemaybe/DrawMeMaybe/ros2_ws/build/moveit_configs_utils/build/lib/moveit_configs_utils
[0.343s] copying moveit_configs_utils/launches.py -> /home/drawmemaybe/DrawMeMaybe/ros2_ws/build/moveit_configs_utils/build/lib/moveit_configs_utils
[0.343s] copying moveit_configs_utils/moveit_configs_builder.py -> /home/drawmemaybe/DrawMeMaybe/ros2_ws/build/moveit_configs_utils/build/lib/moveit_configs_utils
[0.343s] copying moveit_configs_utils/launch_utils.py -> /home/drawmemaybe/DrawMeMaybe/ros2_ws/build/moveit_configs_utils/build/lib/moveit_configs_utils
[0.343s] copying moveit_configs_utils/__init__.py -> /home/drawmemaybe/DrawMeMaybe/ros2_ws/build/moveit_configs_utils/build/lib/moveit_configs_utils
[0.343s] creating /home/drawmemaybe/DrawMeMaybe/ros2_ws/build/moveit_configs_utils/build/lib/moveit_configs_utils/substitutions
[0.343s] copying moveit_configs_utils/substitutions/xacro.py -> /home/drawmemaybe/DrawMeMaybe/ros2_ws/build/moveit_configs_utils/build/lib/moveit_configs_utils/substitutions
[0.344s] copying moveit_configs_utils/substitutions/__init__.py -> /home/drawmemaybe/DrawMeMaybe/ros2_ws/build/moveit_configs_utils/build/lib/moveit_configs_utils/substitutions
[0.344s] running install
[0.344s] running install_lib
[0.344s] creating /home/drawmemaybe/DrawMeMaybe/ros2_ws/install/moveit_configs_utils/lib/python3.10/site-packages/moveit_configs_utils
[0.344s] creating /home/drawmemaybe/DrawMeMaybe/ros2_ws/install/moveit_configs_utils/lib/python3.10/site-packages/moveit_configs_utils/substitutions
[0.344s] copying /home/drawmemaybe/DrawMeMaybe/ros2_ws/build/moveit_configs_utils/build/lib/moveit_configs_utils/substitutions/xacro.py -> /home/drawmemaybe/DrawMeMaybe/ros2_ws/install/moveit_configs_utils/lib/python3.10/site-packages/moveit_configs_utils/substitutions
[0.344s] copying /home/drawmemaybe/DrawMeMaybe/ros2_ws/build/moveit_configs_utils/build/lib/moveit_configs_utils/substitutions/__init__.py -> /home/drawmemaybe/DrawMeMaybe/ros2_ws/install/moveit_configs_utils/lib/python3.10/site-packages/moveit_configs_utils/substitutions
[0.344s] copying /home/drawmemaybe/DrawMeMaybe/ros2_ws/build/moveit_configs_utils/build/lib/moveit_configs_utils/launches.py -> /home/drawmemaybe/DrawMeMaybe/ros2_ws/install/moveit_configs_utils/lib/python3.10/site-packages/moveit_configs_utils
[0.344s] copying /home/drawmemaybe/DrawMeMaybe/ros2_ws/build/moveit_configs_utils/build/lib/moveit_configs_utils/moveit_configs_builder.py -> /home/drawmemaybe/DrawMeMaybe/ros2_ws/install/moveit_configs_utils/lib/python3.10/site-packages/moveit_configs_utils
[0.344s] copying /home/drawmemaybe/DrawMeMaybe/ros2_ws/build/moveit_configs_utils/build/lib/moveit_configs_utils/launch_utils.py -> /home/drawmemaybe/DrawMeMaybe/ros2_ws/install/moveit_configs_utils/lib/python3.10/site-packages/moveit_configs_utils
[0.344s] copying /home/drawmemaybe/DrawMeMaybe/ros2_ws/build/moveit_configs_utils/build/lib/moveit_configs_utils/__init__.py -> /home/drawmemaybe/DrawMeMaybe/ros2_ws/install/moveit_configs_utils/lib/python3.10/site-packages/moveit_configs_utils
[0.344s] byte-compiling /home/drawmemaybe/DrawMeMaybe/ros2_ws/install/moveit_configs_utils/lib/python3.10/site-packages/moveit_configs_utils/substitutions/xacro.py to xacro.cpython-310.pyc
[0.345s] byte-compiling /home/drawmemaybe/DrawMeMaybe/ros2_ws/install/moveit_configs_utils/lib/python3.10/site-packages/moveit_configs_utils/substitutions/__init__.py to __init__.cpython-310.pyc
[0.345s] byte-compiling /home/drawmemaybe/DrawMeMaybe/ros2_ws/install/moveit_configs_utils/lib/python3.10/site-packages/moveit_configs_utils/launches.py to launches.cpython-310.pyc
[0.345s] byte-compiling /home/drawmemaybe/DrawMeMaybe/ros2_ws/install/moveit_configs_utils/lib/python3.10/site-packages/moveit_configs_utils/moveit_configs_builder.py to moveit_configs_builder.cpython-310.pyc
[0.346s] byte-compiling /home/drawmemaybe/DrawMeMaybe/ros2_ws/install/moveit_configs_utils/lib/python3.10/site-packages/moveit_configs_utils/launch_utils.py to launch_utils.cpython-310.pyc
[0.347s] byte-compiling /home/drawmemaybe/DrawMeMaybe/ros2_ws/install/moveit_configs_utils/lib/python3.10/site-packages/moveit_configs_utils/__init__.py to __init__.cpython-310.pyc
[0.347s] running install_data
[0.347s] creating /home/drawmemaybe/DrawMeMaybe/ros2_ws/install/moveit_configs_utils/share/ament_index
[0.347s] creating /home/drawmemaybe/DrawMeMaybe/ros2_ws/install/moveit_configs_utils/share/ament_index/resource_index
[0.347s] creating /home/drawmemaybe/DrawMeMaybe/ros2_ws/install/moveit_configs_utils/share/ament_index/resource_index/packages
[0.347s] copying resource/moveit_configs_utils -> /home/drawmemaybe/DrawMeMaybe/ros2_ws/install/moveit_configs_utils/share/ament_index/resource_index/packages
[0.347s] copying package.xml -> /home/drawmemaybe/DrawMeMaybe/ros2_ws/install/moveit_configs_utils/share/moveit_configs_utils
[0.347s] creating /home/drawmemaybe/DrawMeMaybe/ros2_ws/install/moveit_configs_utils/share/moveit_configs_utils/default_configs
[0.347s] copying default_configs/pilz_industrial_motion_planner_planning.yaml -> /home/drawmemaybe/DrawMeMaybe/ros2_ws/install/moveit_configs_utils/share/moveit_configs_utils/default_configs
[0.347s] copying default_configs/ompl_planning.yaml -> /home/drawmemaybe/DrawMeMaybe/ros2_ws/install/moveit_configs_utils/share/moveit_configs_utils/default_configs
[0.347s] copying default_configs/ompl_defaults.yaml -> /home/drawmemaybe/DrawMeMaybe/ros2_ws/install/moveit_configs_utils/share/moveit_configs_utils/default_configs
[0.347s] copying default_configs/chomp_planning.yaml -> /home/drawmemaybe/DrawMeMaybe/ros2_ws/install/moveit_configs_utils/share/moveit_configs_utils/default_configs
[0.347s] running install_egg_info
[0.348s] Copying ../../../build/moveit_configs_utils/moveit_configs_utils.egg-info to /home/drawmemaybe/DrawMeMaybe/ros2_ws/install/moveit_configs_utils/lib/python3.10/site-packages/moveit_configs_utils-2.5.9-py3.10.egg-info
[0.348s] running install_scripts
[0.357s] writing list of installed files to '/home/drawmemaybe/DrawMeMaybe/ros2_ws/build/moveit_configs_utils/install.log'
[0.370s] Invoked command in '/home/drawmemaybe/DrawMeMaybe/ros2_ws/src/moveit2/moveit_configs_utils' returned '0': AMENT_PREFIX_PATH=/home/drawmemaybe/DrawMeMaybe/ros2_ws/install/srdfdom:/home/drawmemaybe/DrawMeMaybe/ros2_ws/install/launch_param_builder:${AMENT_PREFIX_PATH} CMAKE_PREFIX_PATH=/home/drawmemaybe/DrawMeMaybe/ros2_ws/install/srdfdom LD_LIBRARY_PATH=/home/drawmemaybe/DrawMeMaybe/ros2_ws/install/srdfdom/lib:${LD_LIBRARY_PATH} PYTHONPATH=/home/drawmemaybe/DrawMeMaybe/ros2_ws/build/moveit_configs_utils/prefix_override:/usr/lib/python3/dist-packages/colcon_core/task/python/colcon_distutils_commands:/home/drawmemaybe/DrawMeMaybe/ros2_ws/install/moveit_configs_utils/lib/python3.10/site-packages:/home/drawmemaybe/DrawMeMaybe/ros2_ws/install/srdfdom/local/lib/python3.10/dist-packages:/home/drawmemaybe/DrawMeMaybe/ros2_ws/install/launch_param_builder/lib/python3.10/site-packages:${PYTHONPATH} /usr/bin/python3 -W ignore:setup.py install is deprecated -W ignore:easy_install command is deprecated setup.py egg_info --egg-base ../../../build/moveit_configs_utils build --build-base /home/drawmemaybe/DrawMeMaybe/ros2_ws/build/moveit_configs_utils/build install --record /home/drawmemaybe/DrawMeMaybe/ros2_ws/build/moveit_configs_utils/install.log --single-version-externally-managed install_data
