[0.007s] Invoking command in '/home/drawmemaybe/DrawMeMaybe/ros2_ws/build/moveit_ros_planning': AMENT_PREFIX_PATH=/home/drawmemaybe/DrawMeMaybe/ros2_ws/install/moveit_ros_occupancy_map_monitor:/home/drawmemaybe/DrawMeMaybe/ros2_ws/install/moveit_core:/home/drawmemaybe/DrawMeMaybe/ros2_ws/install/moveit_resources_panda_moveit_config:/home/drawmemaybe/DrawMeMaybe/ros2_ws/install/moveit_configs_utils:/home/drawmemaybe/DrawMeMaybe/ros2_ws/install/srdfdom:/home/drawmemaybe/DrawMeMaybe/ros2_ws/install/moveit_resources_pr2_description:/home/drawmemaybe/DrawMeMaybe/ros2_ws/install/moveit_resources_panda_description:/home/drawmemaybe/DrawMeMaybe/ros2_ws/install/moveit_common:/home/drawmemaybe/DrawMeMaybe/ros2_ws/install/launch_param_builder:${AMENT_PREFIX_PATH} CMAKE_PREFIX_PATH=/home/drawmemaybe/DrawMeMaybe/ros2_ws/install/moveit_ros_occupancy_map_monitor:/home/drawmemaybe/DrawMeMaybe/ros2_ws/install/moveit_core:/home/drawmemaybe/DrawMeMaybe/ros2_ws/install/moveit_resources_panda_moveit_config:/home/drawmemaybe/DrawMeMaybe/ros2_ws/install/srdfdom:/home/drawmemaybe/DrawMeMaybe/ros2_ws/install/moveit_resources_pr2_description:/home/drawmemaybe/DrawMeMaybe/ros2_ws/install/moveit_resources_panda_description:/home/drawmemaybe/DrawMeMaybe/ros2_ws/install/moveit_common:/opt/ros/humble LD_LIBRARY_PATH=/home/drawmemaybe/DrawMeMaybe/ros2_ws/install/moveit_ros_occupancy_map_monitor/lib:/home/drawmemaybe/DrawMeMaybe/ros2_ws/install/moveit_core/lib:/home/drawmemaybe/DrawMeMaybe/ros2_ws/install/srdfdom/lib:${LD_LIBRARY_PATH} PATH=/home/drawmemaybe/DrawMeMaybe/ros2_ws/install/moveit_core/bin:${PATH} PYTHONPATH=/home/drawmemaybe/DrawMeMaybe/ros2_ws/install/moveit_configs_utils/lib/python3.10/site-packages:/home/drawmemaybe/DrawMeMaybe/ros2_ws/install/srdfdom/local/lib/python3.10/dist-packages:/home/drawmemaybe/DrawMeMaybe/ros2_ws/install/launch_param_builder/lib/python3.10/site-packages:${PYTHONPATH} /usr/bin/cmake /home/drawmemaybe/DrawMeMaybe/ros2_ws/src/moveit2/moveit_ros/planning -DCMAKE_INSTALL_PREFIX=/home/drawmemaybe/DrawMeMaybe/ros2_ws/install/moveit_ros_planning
[0.028s] -- The C compiler identification is GNU 11.4.0
[0.050s] -- The CXX compiler identification is GNU 11.4.0
[0.053s] -- Detecting C compiler ABI info
[0.080s] -- Detecting C compiler ABI info - done
[0.083s] -- Check for working C compiler: /usr/bin/cc - skipped
[0.083s] -- Detecting C compile features
[0.083s] -- Detecting C compile features - done
[0.084s] -- Detecting CXX compiler ABI info
[0.114s] -- Detecting CXX compiler ABI info - done
[0.117s] -- Check for working CXX compiler: /usr/bin/c++ - skipped
[0.117s] -- Detecting CXX compile features
[0.117s] -- Detecting CXX compile features - done
[0.118s] -- Found moveit_common: 2.5.9 (/home/drawmemaybe/DrawMeMaybe/ros2_ws/install/moveit_common/share/moveit_common/cmake)
[0.119s] -- Found ament_cmake: 1.3.12 (/opt/ros/humble/share/ament_cmake/cmake)
[0.186s] -- Found Python3: /usr/bin/python3 (found version "3.10.12") found components: Interpreter 
[0.251s] [0mmoveit_ros_planning: You did not request a specific build type: Choosing 'Release' for maximum performance[0m
[0.252s] -- Found moveit_msgs: 2.2.1 (/opt/ros/humble/share/moveit_msgs/cmake)
[0.268s] -- Found rosidl_generator_c: 3.1.7 (/opt/ros/humble/share/rosidl_generator_c/cmake)
[0.270s] -- Found rosidl_adapter: 3.1.7 (/opt/ros/humble/share/rosidl_adapter/cmake)
[0.274s] -- Found rosidl_generator_cpp: 3.1.7 (/opt/ros/humble/share/rosidl_generator_cpp/cmake)
[0.279s] -- Using all available rosidl_typesupport_c: rosidl_typesupport_fastrtps_c;rosidl_typesupport_introspection_c
[0.285s] -- Using all available rosidl_typesupport_cpp: rosidl_typesupport_fastrtps_cpp;rosidl_typesupport_introspection_cpp
[0.357s] -- Found pluginlib: 5.1.2 (/opt/ros/humble/share/pluginlib/cmake)
[0.369s] -- Found rclcpp: 16.0.16 (/opt/ros/humble/share/rclcpp/cmake)
[0.384s] -- Found rmw_implementation_cmake: 6.1.2 (/opt/ros/humble/share/rmw_implementation_cmake/cmake)
[0.386s] -- Found rmw_fastrtps_cpp: 6.2.9 (/opt/ros/humble/share/rmw_fastrtps_cpp/cmake)
[0.396s] -- Found TinyXML2 via Config file: TinyXML2_DIR-NOTFOUND
[0.420s] -- Found OpenSSL: /usr/lib/x86_64-linux-gnu/libcrypto.so (found version "3.0.2")  
[0.421s] -- Found TinyXML2 via Config file: TinyXML2_DIR-NOTFOUND
[0.428s] -- Found FastRTPS: /opt/ros/humble/include  
[0.429s] -- Found TinyXML2 via Config file: TinyXML2_DIR-NOTFOUND
[0.433s] -- Found TinyXML2 via Config file: TinyXML2_DIR-NOTFOUND
[0.437s] -- Using RMW implementation 'rmw_fastrtps_cpp' as default
[0.441s] -- Looking for pthread.h
[0.513s] -- Looking for pthread.h - found
[0.513s] -- Performing Test CMAKE_HAVE_LIBC_PTHREAD
[0.555s] -- Performing Test CMAKE_HAVE_LIBC_PTHREAD - Success
[0.556s] -- Found Threads: TRUE  
[0.572s] -- Found message_filters: 4.3.11 (/opt/ros/humble/share/message_filters/cmake)
[0.573s] -- Found srdfdom: 2.0.8 (/home/drawmemaybe/DrawMeMaybe/ros2_ws/install/srdfdom/share/srdfdom/cmake)
[0.579s] -- Found tf2: 0.25.17 (/opt/ros/humble/share/tf2/cmake)
[0.580s] -- Found tf2_geometry_msgs: 0.25.17 (/opt/ros/humble/share/tf2_geometry_msgs/cmake)
[0.587s] -- Found eigen3_cmake_module: 0.1.1 (/opt/ros/humble/share/eigen3_cmake_module/cmake)
[0.587s] -- Found Eigen3: TRUE (found version "3.4.0") 
[0.587s] -- Ensuring Eigen3 include directory is part of orocos-kdl CMake target
[0.613s] -- Found tf2_eigen: 0.25.17 (/opt/ros/humble/share/tf2_eigen/cmake)
[0.615s] -- Found moveit_core: 2.5.9 (/home/drawmemaybe/DrawMeMaybe/ros2_ws/install/moveit_core/share/moveit_core/cmake)
[0.630s] -- Found Boost: /usr/lib/x86_64-linux-gnu/cmake/Boost-1.74.0/BoostConfig.cmake (found version "1.74.0") found components: chrono date_time filesystem iostreams program_options regex serialization system thread 
[0.646s] -- Found parameter_traits: 0.5.0 (/opt/ros/humble/share/parameter_traits/cmake)
[0.651s] -- Found rclcpp_lifecycle: 16.0.16 (/opt/ros/humble/share/rclcpp_lifecycle/cmake)
[0.661s] -- Found Boost: /usr/lib/x86_64-linux-gnu/cmake/Boost-1.74.0/BoostConfig.cmake (found version "1.74.0") found components: filesystem 
[0.697s] -- library: /usr/lib/x86_64-linux-gnu/libcurl.so
[0.719s] -- Found moveit_ros_occupancy_map_monitor: 2.5.9 (/home/drawmemaybe/DrawMeMaybe/ros2_ws/install/moveit_ros_occupancy_map_monitor/share/moveit_ros_occupancy_map_monitor/cmake)
[0.726s] -- Found Boost: /usr/lib/x86_64-linux-gnu/cmake/Boost-1.74.0/BoostConfig.cmake (found version "1.74.0") found components: system filesystem date_time program_options thread chrono 
[0.739s] -- Performing Test COMPILER_HAS_HIDDEN_VISIBILITY
[0.812s] -- Performing Test COMPILER_HAS_HIDDEN_VISIBILITY - Success
[0.812s] -- Performing Test COMPILER_HAS_HIDDEN_INLINE_VISIBILITY
[0.856s] -- Performing Test COMPILER_HAS_HIDDEN_INLINE_VISIBILITY - Success
[0.856s] -- Performing Test COMPILER_HAS_DEPRECATED_ATTR
[0.898s] -- Performing Test COMPILER_HAS_DEPRECATED_ATTR - Success
[0.911s] -- Found ament_cmake_gtest: 1.3.12 (/opt/ros/humble/share/ament_cmake_gtest/cmake)
[0.912s] -- Found ament_cmake_gmock: 1.3.12 (/opt/ros/humble/share/ament_cmake_gmock/cmake)
[0.913s] -- Found ros_testing: 0.4.0 (/opt/ros/humble/share/ros_testing/cmake)
[0.914s] -- Found launch_testing_ament_cmake: 1.0.13 (/opt/ros/humble/share/launch_testing_ament_cmake/cmake)
[0.915s] -- Found python_cmake_module: 0.10.0 (/opt/ros/humble/share/python_cmake_module/cmake)
[0.924s] -- Found PythonInterp: /usr/bin/python3 (found suitable version "3.10.12", minimum required is "3.6") 
[0.927s] -- Found PythonLibs: /usr/lib/x86_64-linux-gnu/libpython3.10.so (found suitable version "3.10.12", minimum required is "3.5") 
[0.927s] -- Using PYTHON_EXECUTABLE: /usr/bin/python3
[0.927s] -- Using PYTHON_INCLUDE_DIRS: /usr/include/python3.10
[0.927s] -- Using PYTHON_LIBRARIES: /usr/lib/x86_64-linux-gnu/libpython3.10.so
[0.936s] -- Found PythonExtra: .so  
[0.937s] -- Found gmock sources under '/opt/ros/humble/src/gmock_vendor': C++ tests using 'Google Mock' will be built
[0.940s] -- Found gtest sources under '/opt/ros/humble/src/gtest_vendor': C++ tests using 'Google Test' will be built
[0.955s] -- Found ament_lint_auto: 0.12.14 (/opt/ros/humble/share/ament_lint_auto/cmake)
[0.964s] -- Found launch_testing_ament_cmake: 1.0.13 (/opt/ros/humble/share/launch_testing_ament_cmake/cmake)
[0.964s] -- Found python_cmake_module: 0.10.0 (/opt/ros/humble/share/python_cmake_module/cmake)
[0.976s] -- Using PYTHON_EXECUTABLE: /usr/bin/python3
[0.976s] -- Using PYTHON_INCLUDE_DIRS: /usr/include/python3.10
[0.976s] -- Using PYTHON_LIBRARIES: /usr/lib/x86_64-linux-gnu/libpython3.10.so
[0.980s] -- Added test 'cppcheck' to perform static code analysis on C / C++ code
[0.980s] -- Configured cppcheck include dirs: /home/drawmemaybe/DrawMeMaybe/ros2_ws/src/moveit2/moveit_ros/planning/rdf_loader/include;/home/drawmemaybe/DrawMeMaybe/ros2_ws/src/moveit2/moveit_ros/planning/kinematics_plugin_loader/include;/home/drawmemaybe/DrawMeMaybe/ros2_ws/src/moveit2/moveit_ros/planning/robot_model_loader/include;/home/drawmemaybe/DrawMeMaybe/ros2_ws/src/moveit2/moveit_ros/planning/constraint_sampler_manager_loader/include;/home/drawmemaybe/DrawMeMaybe/ros2_ws/src/moveit2/moveit_ros/planning/planning_pipeline/include;/home/drawmemaybe/DrawMeMaybe/ros2_ws/src/moveit2/moveit_ros/planning/planning_scene_monitor/include;/home/drawmemaybe/DrawMeMaybe/ros2_ws/src/moveit2/moveit_ros/planning/trajectory_execution_manager/include;/home/drawmemaybe/DrawMeMaybe/ros2_ws/src/moveit2/moveit_ros/planning/plan_execution/include;/home/drawmemaybe/DrawMeMaybe/ros2_ws/src/moveit2/moveit_ros/planning/collision_plugin_loader/include;/home/drawmemaybe/DrawMeMaybe/ros2_ws/src/moveit2/moveit_ros/planning/moveit_cpp/include
[0.980s] -- Configured cppcheck exclude dirs and/or files: 
[0.981s] -- Added test 'lint_cmake' to check CMake code style
[0.982s] -- Added test 'pep257' to check Python code against some of the docstring style conventions in PEP 257
[0.982s] -- Added test 'xmllint' to check XML markup files
[0.983s] -- Configuring done
[1.096s] -- Generating done
[1.132s] -- Build files have been written to: /home/drawmemaybe/DrawMeMaybe/ros2_ws/build/moveit_ros_planning
[1.149s] Invoked command in '/home/drawmemaybe/DrawMeMaybe/ros2_ws/build/moveit_ros_planning' returned '0': AMENT_PREFIX_PATH=/home/drawmemaybe/DrawMeMaybe/ros2_ws/install/moveit_ros_occupancy_map_monitor:/home/drawmemaybe/DrawMeMaybe/ros2_ws/install/moveit_core:/home/drawmemaybe/DrawMeMaybe/ros2_ws/install/moveit_resources_panda_moveit_config:/home/drawmemaybe/DrawMeMaybe/ros2_ws/install/moveit_configs_utils:/home/drawmemaybe/DrawMeMaybe/ros2_ws/install/srdfdom:/home/drawmemaybe/DrawMeMaybe/ros2_ws/install/moveit_resources_pr2_description:/home/drawmemaybe/DrawMeMaybe/ros2_ws/install/moveit_resources_panda_description:/home/drawmemaybe/DrawMeMaybe/ros2_ws/install/moveit_common:/home/drawmemaybe/DrawMeMaybe/ros2_ws/install/launch_param_builder:${AMENT_PREFIX_PATH} CMAKE_PREFIX_PATH=/home/drawmemaybe/DrawMeMaybe/ros2_ws/install/moveit_ros_occupancy_map_monitor:/home/drawmemaybe/DrawMeMaybe/ros2_ws/install/moveit_core:/home/drawmemaybe/DrawMeMaybe/ros2_ws/install/moveit_resources_panda_moveit_config:/home/drawmemaybe/DrawMeMaybe/ros2_ws/install/srdfdom:/home/drawmemaybe/DrawMeMaybe/ros2_ws/install/moveit_resources_pr2_description:/home/drawmemaybe/DrawMeMaybe/ros2_ws/install/moveit_resources_panda_description:/home/drawmemaybe/DrawMeMaybe/ros2_ws/install/moveit_common:/opt/ros/humble LD_LIBRARY_PATH=/home/drawmemaybe/DrawMeMaybe/ros2_ws/install/moveit_ros_occupancy_map_monitor/lib:/home/drawmemaybe/DrawMeMaybe/ros2_ws/install/moveit_core/lib:/home/drawmemaybe/DrawMeMaybe/ros2_ws/install/srdfdom/lib:${LD_LIBRARY_PATH} PATH=/home/drawmemaybe/DrawMeMaybe/ros2_ws/install/moveit_core/bin:${PATH} PYTHONPATH=/home/drawmemaybe/DrawMeMaybe/ros2_ws/install/moveit_configs_utils/lib/python3.10/site-packages:/home/drawmemaybe/DrawMeMaybe/ros2_ws/install/srdfdom/local/lib/python3.10/dist-packages:/home/drawmemaybe/DrawMeMaybe/ros2_ws/install/launch_param_builder/lib/python3.10/site-packages:${PYTHONPATH} /usr/bin/cmake /home/drawmemaybe/DrawMeMaybe/ros2_ws/src/moveit2/moveit_ros/planning -DCMAKE_INSTALL_PREFIX=/home/drawmemaybe/DrawMeMaybe/ros2_ws/install/moveit_ros_planning
[1.150s] Invoking command in '/home/drawmemaybe/DrawMeMaybe/ros2_ws/build/moveit_ros_planning': AMENT_PREFIX_PATH=/home/drawmemaybe/DrawMeMaybe/ros2_ws/install/moveit_ros_occupancy_map_monitor:/home/drawmemaybe/DrawMeMaybe/ros2_ws/install/moveit_core:/home/drawmemaybe/DrawMeMaybe/ros2_ws/install/moveit_resources_panda_moveit_config:/home/drawmemaybe/DrawMeMaybe/ros2_ws/install/moveit_configs_utils:/home/drawmemaybe/DrawMeMaybe/ros2_ws/install/srdfdom:/home/drawmemaybe/DrawMeMaybe/ros2_ws/install/moveit_resources_pr2_description:/home/drawmemaybe/DrawMeMaybe/ros2_ws/install/moveit_resources_panda_description:/home/drawmemaybe/DrawMeMaybe/ros2_ws/install/moveit_common:/home/drawmemaybe/DrawMeMaybe/ros2_ws/install/launch_param_builder:${AMENT_PREFIX_PATH} CMAKE_PREFIX_PATH=/home/drawmemaybe/DrawMeMaybe/ros2_ws/install/moveit_ros_occupancy_map_monitor:/home/drawmemaybe/DrawMeMaybe/ros2_ws/install/moveit_core:/home/drawmemaybe/DrawMeMaybe/ros2_ws/install/moveit_resources_panda_moveit_config:/home/drawmemaybe/DrawMeMaybe/ros2_ws/install/srdfdom:/home/drawmemaybe/DrawMeMaybe/ros2_ws/install/moveit_resources_pr2_description:/home/drawmemaybe/DrawMeMaybe/ros2_ws/install/moveit_resources_panda_description:/home/drawmemaybe/DrawMeMaybe/ros2_ws/install/moveit_common:/opt/ros/humble LD_LIBRARY_PATH=/home/drawmemaybe/DrawMeMaybe/ros2_ws/install/moveit_ros_occupancy_map_monitor/lib:/home/drawmemaybe/DrawMeMaybe/ros2_ws/install/moveit_core/lib:/home/drawmemaybe/DrawMeMaybe/ros2_ws/install/srdfdom/lib:${LD_LIBRARY_PATH} PATH=/home/drawmemaybe/DrawMeMaybe/ros2_ws/install/moveit_core/bin:${PATH} PYTHONPATH=/home/drawmemaybe/DrawMeMaybe/ros2_ws/install/moveit_configs_utils/lib/python3.10/site-packages:/home/drawmemaybe/DrawMeMaybe/ros2_ws/install/srdfdom/local/lib/python3.10/dist-packages:/home/drawmemaybe/DrawMeMaybe/ros2_ws/install/launch_param_builder/lib/python3.10/site-packages:${PYTHONPATH} /usr/bin/cmake --build /home/drawmemaybe/DrawMeMaybe/ros2_ws/build/moveit_ros_planning -- -j24 -l24
[1.176s] [  1%] [32mBuilding CXX object gmock/CMakeFiles/gmock_main.dir/src/gmock_main.cc.o[0m
[1.176s] [  4%] [32mBuilding CXX object planning_pipeline/CMakeFiles/moveit_planning_pipeline.dir/src/planning_pipeline.cpp.o[0m
[1.176s] [  4%] [32mBuilding CXX object collision_plugin_loader/CMakeFiles/moveit_collision_plugin_loader.dir/src/collision_plugin_loader.cpp.o[0m
[1.176s] [  5%] [32mBuilding CXX object planning_request_adapter_plugins/CMakeFiles/moveit_default_planning_request_adapter_plugins.dir/src/fix_start_state_bounds.cpp.o[0m
[1.176s] [  7%] [32mBuilding CXX object gmock/CMakeFiles/gmock.dir/src/gmock-all.cc.o[0m
[1.176s] [ 13%] [32mBuilding CXX object planning_request_adapter_plugins/CMakeFiles/moveit_default_planning_request_adapter_plugins.dir/src/fix_start_state_collision.cpp.o[0m
[1.176s] [ 13%] [32mBuilding CXX object planning_request_adapter_plugins/CMakeFiles/moveit_default_planning_request_adapter_plugins.dir/src/add_time_parameterization.cpp.o[0m
[1.176s] [ 14%] [32mBuilding CXX object gmock/CMakeFiles/gmock.dir/opt/ros/humble/src/gtest_vendor/src/gtest-all.cc.o[0m
[1.176s] [ 17%] [32mBuilding CXX object planning_request_adapter_plugins/CMakeFiles/moveit_default_planning_request_adapter_plugins.dir/src/fix_workspace_bounds.cpp.o[0m
[1.176s] [ 17%] [32mBuilding CXX object planning_request_adapter_plugins/CMakeFiles/moveit_default_planning_request_adapter_plugins.dir/src/fix_start_state_path_constraints.cpp.o[0m
[1.176s] [ 19%] [32mBuilding CXX object planning_request_adapter_plugins/CMakeFiles/moveit_default_planning_request_adapter_plugins.dir/src/add_ruckig_traj_smoothing.cpp.o[0m
[1.176s] [ 22%] [32mBuilding CXX object planning_request_adapter_plugins/CMakeFiles/moveit_default_planning_request_adapter_plugins.dir/src/add_iterative_spline_parameterization.cpp.o[0m
[1.176s] [ 22%] [32mBuilding CXX object rdf_loader/CMakeFiles/moveit_rdf_loader.dir/src/synchronized_string_parameter.cpp.o[0m
[1.177s] [ 14%] [32mBuilding CXX object planning_request_adapter_plugins/CMakeFiles/moveit_default_planning_request_adapter_plugins.dir/src/empty.cpp.o[0m
[1.177s] [ 27%] [32mBuilding CXX object planning_request_adapter_plugins/CMakeFiles/moveit_list_request_adapter_plugins.dir/src/list.cpp.o[0m
[1.177s] [ 27%] [32mBuilding CXX object gtest/CMakeFiles/gtest.dir/src/gtest-all.cc.o[0m
[1.177s] [ 27%] [32mBuilding CXX object gtest/CMakeFiles/gtest_main.dir/src/gtest_main.cc.o[0m
[1.177s] [ 27%] [32mBuilding CXX object planning_request_adapter_plugins/CMakeFiles/moveit_default_planning_request_adapter_plugins.dir/src/add_time_optimal_parameterization.cpp.o[0m
[1.177s] [ 27%] [32mBuilding CXX object rdf_loader/CMakeFiles/moveit_rdf_loader.dir/src/rdf_loader.cpp.o[0m
[1.177s] [ 29%] [32mBuilding CXX object planning_request_adapter_plugins/CMakeFiles/moveit_default_planning_request_adapter_plugins.dir/src/resolve_constraint_frames.cpp.o[0m
[1.783s] [ 30%] [32m[1mLinking CXX static library libgtest_main.a[0m
[1.811s] [ 30%] Built target gtest_main
[1.983s] [ 32%] [32m[1mLinking CXX static library libgmock_main.a[0m
[2.009s] [ 32%] Built target gmock_main
[5.318s] [ 33%] [32m[1mLinking CXX static library libgmock.a[0m
[5.345s] [ 33%] Built target gmock
[5.386s] [ 35%] [32m[1mLinking CXX static library libgtest.a[0m
[5.413s] [ 35%] Built target gtest
[6.598s] [ 36%] [32m[1mLinking CXX shared library libmoveit_collision_plugin_loader.so[0m
[6.670s] [ 36%] Built target moveit_collision_plugin_loader
[7.239s] [ 38%] [32m[1mLinking CXX shared library libmoveit_default_planning_request_adapter_plugins.so[0m
[7.323s] [ 38%] Built target moveit_default_planning_request_adapter_plugins
[8.519s] [ 39%] [32m[1mLinking CXX shared library libmoveit_rdf_loader.so[0m
[8.625s] [ 39%] Built target moveit_rdf_loader
[8.633s] [ 41%] [32mBuilding CXX object constraint_sampler_manager_loader/CMakeFiles/moveit_constraint_sampler_manager_loader.dir/src/constraint_sampler_manager_loader.cpp.o[0m
[8.634s] [ 42%] [32mBuilding CXX object kinematics_plugin_loader/CMakeFiles/moveit_kinematics_plugin_loader.dir/src/kinematics_plugin_loader.cpp.o[0m
[8.713s] [ 44%] [32m[1mLinking CXX executable moveit_list_request_adapter_plugins[0m
[8.781s] [ 44%] Built target moveit_list_request_adapter_plugins
[11.153s] [ 45%] [32m[1mLinking CXX shared library libmoveit_planning_pipeline.so[0m
[11.245s] [ 45%] Built target moveit_planning_pipeline
[13.854s] [ 47%] [32m[1mLinking CXX shared library libmoveit_kinematics_plugin_loader.so[0m
[13.931s] [ 47%] Built target moveit_kinematics_plugin_loader
[13.939s] [ 48%] [32mBuilding CXX object robot_model_loader/CMakeFiles/moveit_robot_model_loader.dir/src/robot_model_loader.cpp.o[0m
[14.097s] [ 50%] [32m[1mLinking CXX shared library libmoveit_constraint_sampler_manager_loader.so[0m
[14.193s] [ 50%] Built target moveit_constraint_sampler_manager_loader
[16.457s] [ 51%] [32m[1mLinking CXX shared library libmoveit_robot_model_loader.so[0m
[16.526s] [ 51%] Built target moveit_robot_model_loader
[16.535s] [ 52%] [32mBuilding CXX object planning_components_tools/CMakeFiles/moveit_print_planning_model_info.dir/src/print_planning_model_info.cpp.o[0m
[16.535s] [ 54%] [32mBuilding CXX object planning_scene_monitor/CMakeFiles/moveit_planning_scene_monitor.dir/src/trajectory_monitor.cpp.o[0m
[16.535s] [ 57%] [32mBuilding CXX object planning_scene_monitor/CMakeFiles/moveit_planning_scene_monitor.dir/src/current_state_monitor.cpp.o[0m
[16.535s] [ 57%] [32mBuilding CXX object planning_scene_monitor/CMakeFiles/moveit_planning_scene_monitor.dir/src/current_state_monitor_middleware_handle.cpp.o[0m
[16.535s] [ 58%] [32mBuilding CXX object planning_scene_monitor/CMakeFiles/moveit_planning_scene_monitor.dir/src/trajectory_monitor_middleware_handle.cpp.o[0m
[16.536s] [ 60%] [32mBuilding CXX object planning_scene_monitor/CMakeFiles/moveit_planning_scene_monitor.dir/src/planning_scene_monitor.cpp.o[0m
[19.119s] [ 61%] [32m[1mLinking CXX executable moveit_print_planning_model_info[0m
[19.227s] [ 61%] Built target moveit_print_planning_model_info
[30.966s] [ 63%] [32m[1mLinking CXX shared library libmoveit_planning_scene_monitor.so[0m
[31.133s] [ 63%] Built target moveit_planning_scene_monitor
[31.141s] [ 64%] [32mBuilding CXX object planning_scene_monitor/CMakeFiles/trajectory_monitor_tests.dir/test/trajectory_monitor_tests.cpp.o[0m
[31.141s] [ 67%] [32mBuilding CXX object planning_scene_monitor/CMakeFiles/planning_scene_monitor_test.dir/test/planning_scene_monitor_test.cpp.o[0m
[31.141s] [ 67%] [32mBuilding CXX object planning_scene_monitor/CMakeFiles/current_state_monitor_tests.dir/test/current_state_monitor_tests.cpp.o[0m
[31.142s] [ 69%] [32mBuilding CXX object planning_components_tools/CMakeFiles/moveit_evaluate_collision_checking_speed.dir/src/evaluate_collision_checking_speed.cpp.o[0m
[31.142s] [ 70%] [32mBuilding CXX object planning_components_tools/CMakeFiles/moveit_print_planning_scene_info.dir/src/print_planning_scene_info.cpp.o[0m
[31.142s] [ 76%] [32mBuilding CXX object planning_components_tools/CMakeFiles/moveit_visualize_robot_collision_volume.dir/src/visualize_robot_collision_volume.cpp.o[0m
[31.142s] [ 76%] [32mBuilding CXX object planning_components_tools/CMakeFiles/moveit_display_random_state.dir/src/display_random_state.cpp.o[0m
[31.142s] [ 76%] [32mBuilding CXX object trajectory_execution_manager/CMakeFiles/moveit_trajectory_execution_manager.dir/src/trajectory_execution_manager.cpp.o[0m
[31.142s] [ 76%] [32mBuilding CXX object planning_scene_monitor/CMakeFiles/demo_scene.dir/demos/demo_scene.cpp.o[0m
[31.142s] [ 77%] [32mBuilding CXX object planning_components_tools/CMakeFiles/moveit_publish_scene_from_text.dir/src/publish_scene_from_text.cpp.o[0m
[35.776s] [ 79%] [32m[1mLinking CXX executable moveit_print_planning_scene_info[0m
[35.926s] [ 79%] Built target moveit_print_planning_scene_info
[36.635s] [ 80%] [32m[1mLinking CXX executable trajectory_monitor_tests[0m
[36.722s] [ 82%] [32m[1mLinking CXX executable moveit_evaluate_collision_checking_speed[0m
[36.733s] [ 83%] [32m[1mLinking CXX executable planning_scene_monitor_test[0m
[36.791s] [ 85%] [32m[1mLinking CXX executable current_state_monitor_tests[0m
[36.837s] [ 85%] Built target trajectory_monitor_tests
[36.862s] [ 85%] Built target moveit_evaluate_collision_checking_speed
[36.884s] [ 85%] Built target planning_scene_monitor_test
[36.975s] [ 86%] [32m[1mLinking CXX executable demo_scene[0m
[36.979s] [ 86%] Built target current_state_monitor_tests
[36.996s] [ 88%] [32m[1mLinking CXX executable moveit_visualize_robot_collision_volume[0m
[37.055s] [ 88%] Built target demo_scene
[37.139s] [ 88%] Built target moveit_visualize_robot_collision_volume
[37.180s] [ 89%] [32m[1mLinking CXX executable moveit_display_random_state[0m
[37.314s] [ 89%] Built target moveit_display_random_state
[37.490s] [ 91%] [32m[1mLinking CXX executable moveit_publish_scene_from_text[0m
[37.629s] [ 91%] Built target moveit_publish_scene_from_text
[42.974s] [ 92%] [32m[1mLinking CXX shared library libmoveit_trajectory_execution_manager.so[0m
[43.088s] [ 92%] Built target moveit_trajectory_execution_manager
[43.096s] [ 94%] [32mBuilding CXX object plan_execution/CMakeFiles/moveit_plan_execution.dir/src/plan_execution.cpp.o[0m
[43.097s] [ 95%] [32mBuilding CXX object moveit_cpp/CMakeFiles/moveit_cpp.dir/src/moveit_cpp.cpp.o[0m
[43.097s] [ 97%] [32mBuilding CXX object moveit_cpp/CMakeFiles/moveit_cpp.dir/src/planning_component.cpp.o[0m
[47.858s] [ 98%] [32m[1mLinking CXX shared library libmoveit_plan_execution.so[0m
[47.959s] [ 98%] Built target moveit_plan_execution
[49.905s] [100%] [32m[1mLinking CXX shared library libmoveit_cpp.so[0m
[50.021s] [100%] Built target moveit_cpp
[50.026s] Invoked command in '/home/drawmemaybe/DrawMeMaybe/ros2_ws/build/moveit_ros_planning' returned '0': AMENT_PREFIX_PATH=/home/drawmemaybe/DrawMeMaybe/ros2_ws/install/moveit_ros_occupancy_map_monitor:/home/drawmemaybe/DrawMeMaybe/ros2_ws/install/moveit_core:/home/drawmemaybe/DrawMeMaybe/ros2_ws/install/moveit_resources_panda_moveit_config:/home/drawmemaybe/DrawMeMaybe/ros2_ws/install/moveit_configs_utils:/home/drawmemaybe/DrawMeMaybe/ros2_ws/install/srdfdom:/home/drawmemaybe/DrawMeMaybe/ros2_ws/install/moveit_resources_pr2_description:/home/drawmemaybe/DrawMeMaybe/ros2_ws/install/moveit_resources_panda_description:/home/drawmemaybe/DrawMeMaybe/ros2_ws/install/moveit_common:/home/drawmemaybe/DrawMeMaybe/ros2_ws/install/launch_param_builder:${AMENT_PREFIX_PATH} CMAKE_PREFIX_PATH=/home/drawmemaybe/DrawMeMaybe/ros2_ws/install/moveit_ros_occupancy_map_monitor:/home/drawmemaybe/DrawMeMaybe/ros2_ws/install/moveit_core:/home/drawmemaybe/DrawMeMaybe/ros2_ws/install/moveit_resources_panda_moveit_config:/home/drawmemaybe/DrawMeMaybe/ros2_ws/install/srdfdom:/home/drawmemaybe/DrawMeMaybe/ros2_ws/install/moveit_resources_pr2_description:/home/drawmemaybe/DrawMeMaybe/ros2_ws/install/moveit_resources_panda_description:/home/drawmemaybe/DrawMeMaybe/ros2_ws/install/moveit_common:/opt/ros/humble LD_LIBRARY_PATH=/home/drawmemaybe/DrawMeMaybe/ros2_ws/install/moveit_ros_occupancy_map_monitor/lib:/home/drawmemaybe/DrawMeMaybe/ros2_ws/install/moveit_core/lib:/home/drawmemaybe/DrawMeMaybe/ros2_ws/install/srdfdom/lib:${LD_LIBRARY_PATH} PATH=/home/drawmemaybe/DrawMeMaybe/ros2_ws/install/moveit_core/bin:${PATH} PYTHONPATH=/home/drawmemaybe/DrawMeMaybe/ros2_ws/install/moveit_configs_utils/lib/python3.10/site-packages:/home/drawmemaybe/DrawMeMaybe/ros2_ws/install/srdfdom/local/lib/python3.10/dist-packages:/home/drawmemaybe/DrawMeMaybe/ros2_ws/install/launch_param_builder/lib/python3.10/site-packages:${PYTHONPATH} /usr/bin/cmake --build /home/drawmemaybe/DrawMeMaybe/ros2_ws/build/moveit_ros_planning -- -j24 -l24
[50.027s] Invoking command in '/home/drawmemaybe/DrawMeMaybe/ros2_ws/build/moveit_ros_planning': AMENT_PREFIX_PATH=/home/drawmemaybe/DrawMeMaybe/ros2_ws/install/moveit_ros_occupancy_map_monitor:/home/drawmemaybe/DrawMeMaybe/ros2_ws/install/moveit_core:/home/drawmemaybe/DrawMeMaybe/ros2_ws/install/moveit_resources_panda_moveit_config:/home/drawmemaybe/DrawMeMaybe/ros2_ws/install/moveit_configs_utils:/home/drawmemaybe/DrawMeMaybe/ros2_ws/install/srdfdom:/home/drawmemaybe/DrawMeMaybe/ros2_ws/install/moveit_resources_pr2_description:/home/drawmemaybe/DrawMeMaybe/ros2_ws/install/moveit_resources_panda_description:/home/drawmemaybe/DrawMeMaybe/ros2_ws/install/moveit_common:/home/drawmemaybe/DrawMeMaybe/ros2_ws/install/launch_param_builder:${AMENT_PREFIX_PATH} CMAKE_PREFIX_PATH=/home/drawmemaybe/DrawMeMaybe/ros2_ws/install/moveit_ros_occupancy_map_monitor:/home/drawmemaybe/DrawMeMaybe/ros2_ws/install/moveit_core:/home/drawmemaybe/DrawMeMaybe/ros2_ws/install/moveit_resources_panda_moveit_config:/home/drawmemaybe/DrawMeMaybe/ros2_ws/install/srdfdom:/home/drawmemaybe/DrawMeMaybe/ros2_ws/install/moveit_resources_pr2_description:/home/drawmemaybe/DrawMeMaybe/ros2_ws/install/moveit_resources_panda_description:/home/drawmemaybe/DrawMeMaybe/ros2_ws/install/moveit_common:/opt/ros/humble LD_LIBRARY_PATH=/home/drawmemaybe/DrawMeMaybe/ros2_ws/install/moveit_ros_occupancy_map_monitor/lib:/home/drawmemaybe/DrawMeMaybe/ros2_ws/install/moveit_core/lib:/home/drawmemaybe/DrawMeMaybe/ros2_ws/install/srdfdom/lib:${LD_LIBRARY_PATH} PATH=/home/drawmemaybe/DrawMeMaybe/ros2_ws/install/moveit_core/bin:${PATH} PYTHONPATH=/home/drawmemaybe/DrawMeMaybe/ros2_ws/install/moveit_configs_utils/lib/python3.10/site-packages:/home/drawmemaybe/DrawMeMaybe/ros2_ws/install/srdfdom/local/lib/python3.10/dist-packages:/home/drawmemaybe/DrawMeMaybe/ros2_ws/install/launch_param_builder/lib/python3.10/site-packages:${PYTHONPATH} /usr/bin/cmake --install /home/drawmemaybe/DrawMeMaybe/ros2_ws/build/moveit_ros_planning
[50.030s] -- Install configuration: "Release"
[50.030s] -- Installing: /home/drawmemaybe/DrawMeMaybe/ros2_ws/install/moveit_ros_planning/include
[50.030s] -- Installing: /home/drawmemaybe/DrawMeMaybe/ros2_ws/install/moveit_ros_planning/include/moveit
[50.030s] -- Installing: /home/drawmemaybe/DrawMeMaybe/ros2_ws/install/moveit_ros_planning/include/moveit/rdf_loader
[50.030s] -- Installing: /home/drawmemaybe/DrawMeMaybe/ros2_ws/install/moveit_ros_planning/include/moveit/rdf_loader/rdf_loader.h
[50.030s] -- Installing: /home/drawmemaybe/DrawMeMaybe/ros2_ws/install/moveit_ros_planning/include/moveit/rdf_loader/synchronized_string_parameter.h
[50.030s] -- Installing: /home/drawmemaybe/DrawMeMaybe/ros2_ws/install/moveit_ros_planning/share/moveit_ros_planning/rdf_loader/test/data
[50.030s] -- Installing: /home/drawmemaybe/DrawMeMaybe/ros2_ws/install/moveit_ros_planning/share/moveit_ros_planning/rdf_loader/test/data/kermit.urdf
[50.030s] -- Installing: /home/drawmemaybe/DrawMeMaybe/ros2_ws/install/moveit_ros_planning/share/moveit_ros_planning/rdf_loader/test/data/gonzo.urdf
[50.030s] -- Installing: /home/drawmemaybe/DrawMeMaybe/ros2_ws/install/moveit_ros_planning/share/moveit_ros_planning/rdf_loader/test/data/gonzo.srdf
[50.030s] -- Installing: /home/drawmemaybe/DrawMeMaybe/ros2_ws/install/moveit_ros_planning/share/moveit_ros_planning/rdf_loader/test/data/kermit.srdf
[50.030s] -- Installing: /home/drawmemaybe/DrawMeMaybe/ros2_ws/install/moveit_ros_planning/share/moveit_ros_planning/rdf_loader/test/data/robin.srdf.xacro
[50.030s] -- Installing: /home/drawmemaybe/DrawMeMaybe/ros2_ws/install/moveit_ros_planning/share/moveit_ros_planning/rdf_loader/test/launch
[50.030s] -- Installing: /home/drawmemaybe/DrawMeMaybe/ros2_ws/install/moveit_ros_planning/share/moveit_ros_planning/rdf_loader/test/launch/test_rdf_integration.test.py
[50.030s] -- Up-to-date: /home/drawmemaybe/DrawMeMaybe/ros2_ws/install/moveit_ros_planning/include
[50.030s] -- Up-to-date: /home/drawmemaybe/DrawMeMaybe/ros2_ws/install/moveit_ros_planning/include/moveit
[50.030s] -- Installing: /home/drawmemaybe/DrawMeMaybe/ros2_ws/install/moveit_ros_planning/include/moveit/collision_plugin_loader
[50.030s] -- Installing: /home/drawmemaybe/DrawMeMaybe/ros2_ws/install/moveit_ros_planning/include/moveit/collision_plugin_loader/collision_plugin_loader.h
[50.031s] -- Up-to-date: /home/drawmemaybe/DrawMeMaybe/ros2_ws/install/moveit_ros_planning/include
[50.031s] -- Up-to-date: /home/drawmemaybe/DrawMeMaybe/ros2_ws/install/moveit_ros_planning/include/moveit
[50.031s] -- Installing: /home/drawmemaybe/DrawMeMaybe/ros2_ws/install/moveit_ros_planning/include/moveit/kinematics_plugin_loader
[50.031s] -- Installing: /home/drawmemaybe/DrawMeMaybe/ros2_ws/install/moveit_ros_planning/include/moveit/kinematics_plugin_loader/kinematics_plugin_loader.h
[50.031s] -- Up-to-date: /home/drawmemaybe/DrawMeMaybe/ros2_ws/install/moveit_ros_planning/include
[50.031s] -- Up-to-date: /home/drawmemaybe/DrawMeMaybe/ros2_ws/install/moveit_ros_planning/include/moveit
[50.031s] -- Installing: /home/drawmemaybe/DrawMeMaybe/ros2_ws/install/moveit_ros_planning/include/moveit/robot_model_loader
[50.031s] -- Installing: /home/drawmemaybe/DrawMeMaybe/ros2_ws/install/moveit_ros_planning/include/moveit/robot_model_loader/robot_model_loader.h
[50.031s] -- Up-to-date: /home/drawmemaybe/DrawMeMaybe/ros2_ws/install/moveit_ros_planning/include
[50.031s] -- Up-to-date: /home/drawmemaybe/DrawMeMaybe/ros2_ws/install/moveit_ros_planning/include/moveit
[50.031s] -- Installing: /home/drawmemaybe/DrawMeMaybe/ros2_ws/install/moveit_ros_planning/include/moveit/constraint_sampler_manager_loader
[50.031s] -- Installing: /home/drawmemaybe/DrawMeMaybe/ros2_ws/install/moveit_ros_planning/include/moveit/constraint_sampler_manager_loader/constraint_sampler_manager_loader.h
[50.031s] -- Up-to-date: /home/drawmemaybe/DrawMeMaybe/ros2_ws/install/moveit_ros_planning/include
[50.031s] -- Up-to-date: /home/drawmemaybe/DrawMeMaybe/ros2_ws/install/moveit_ros_planning/include/moveit
[50.031s] -- Installing: /home/drawmemaybe/DrawMeMaybe/ros2_ws/install/moveit_ros_planning/include/moveit/planning_pipeline
[50.031s] -- Installing: /home/drawmemaybe/DrawMeMaybe/ros2_ws/install/moveit_ros_planning/include/moveit/planning_pipeline/planning_pipeline.h
[50.031s] -- Installing: /home/drawmemaybe/DrawMeMaybe/ros2_ws/install/moveit_ros_planning/include/moveit_planning_pipeline_export.h
[50.031s] -- Installing: /home/drawmemaybe/DrawMeMaybe/ros2_ws/install/moveit_ros_planning/lib/moveit_ros_planning/moveit_list_request_adapter_plugins
[50.031s] -- Set runtime path of "/home/drawmemaybe/DrawMeMaybe/ros2_ws/install/moveit_ros_planning/lib/moveit_ros_planning/moveit_list_request_adapter_plugins" to ""
[50.031s] -- Installing: /home/drawmemaybe/DrawMeMaybe/ros2_ws/install/moveit_ros_planning/lib/moveit_ros_planning/demo_scene
[50.031s] -- Set runtime path of "/home/drawmemaybe/DrawMeMaybe/ros2_ws/install/moveit_ros_planning/lib/moveit_ros_planning/demo_scene" to ""
[50.031s] -- Up-to-date: /home/drawmemaybe/DrawMeMaybe/ros2_ws/install/moveit_ros_planning/include
[50.031s] -- Up-to-date: /home/drawmemaybe/DrawMeMaybe/ros2_ws/install/moveit_ros_planning/include/moveit
[50.031s] -- Installing: /home/drawmemaybe/DrawMeMaybe/ros2_ws/install/moveit_ros_planning/include/moveit/planning_scene_monitor
[50.031s] -- Installing: /home/drawmemaybe/DrawMeMaybe/ros2_ws/install/moveit_ros_planning/include/moveit/planning_scene_monitor/trajectory_monitor.h
[50.031s] -- Installing: /home/drawmemaybe/DrawMeMaybe/ros2_ws/install/moveit_ros_planning/include/moveit/planning_scene_monitor/planning_scene_monitor.h
[50.031s] -- Installing: /home/drawmemaybe/DrawMeMaybe/ros2_ws/install/moveit_ros_planning/include/moveit/planning_scene_monitor/current_state_monitor.h
[50.032s] -- Installing: /home/drawmemaybe/DrawMeMaybe/ros2_ws/install/moveit_ros_planning/include/moveit/planning_scene_monitor/trajectory_monitor_middleware_handle.hpp
[50.032s] -- Installing: /home/drawmemaybe/DrawMeMaybe/ros2_ws/install/moveit_ros_planning/include/moveit/planning_scene_monitor/current_state_monitor_middleware_handle.hpp
[50.032s] -- Installing: /home/drawmemaybe/DrawMeMaybe/ros2_ws/install/moveit_ros_planning/include/moveit_planning_scene_monitor_export.h
[50.032s] -- Installing: /home/drawmemaybe/DrawMeMaybe/ros2_ws/install/moveit_ros_planning/lib/moveit_ros_planning/moveit_print_planning_model_info
[50.032s] -- Set runtime path of "/home/drawmemaybe/DrawMeMaybe/ros2_ws/install/moveit_ros_planning/lib/moveit_ros_planning/moveit_print_planning_model_info" to ""
[50.032s] -- Installing: /home/drawmemaybe/DrawMeMaybe/ros2_ws/install/moveit_ros_planning/lib/moveit_ros_planning/moveit_print_planning_scene_info
[50.032s] -- Set runtime path of "/home/drawmemaybe/DrawMeMaybe/ros2_ws/install/moveit_ros_planning/lib/moveit_ros_planning/moveit_print_planning_scene_info" to ""
[50.032s] -- Installing: /home/drawmemaybe/DrawMeMaybe/ros2_ws/install/moveit_ros_planning/lib/moveit_ros_planning/moveit_display_random_state
[50.032s] -- Set runtime path of "/home/drawmemaybe/DrawMeMaybe/ros2_ws/install/moveit_ros_planning/lib/moveit_ros_planning/moveit_display_random_state" to ""
[50.032s] -- Installing: /home/drawmemaybe/DrawMeMaybe/ros2_ws/install/moveit_ros_planning/lib/moveit_ros_planning/moveit_visualize_robot_collision_volume
[50.032s] -- Set runtime path of "/home/drawmemaybe/DrawMeMaybe/ros2_ws/install/moveit_ros_planning/lib/moveit_ros_planning/moveit_visualize_robot_collision_volume" to ""
[50.032s] -- Installing: /home/drawmemaybe/DrawMeMaybe/ros2_ws/install/moveit_ros_planning/lib/moveit_ros_planning/moveit_evaluate_collision_checking_speed
[50.032s] -- Set runtime path of "/home/drawmemaybe/DrawMeMaybe/ros2_ws/install/moveit_ros_planning/lib/moveit_ros_planning/moveit_evaluate_collision_checking_speed" to ""
[50.032s] -- Installing: /home/drawmemaybe/DrawMeMaybe/ros2_ws/install/moveit_ros_planning/lib/moveit_ros_planning/moveit_publish_scene_from_text
[50.033s] -- Set runtime path of "/home/drawmemaybe/DrawMeMaybe/ros2_ws/install/moveit_ros_planning/lib/moveit_ros_planning/moveit_publish_scene_from_text" to ""
[50.033s] -- Up-to-date: /home/drawmemaybe/DrawMeMaybe/ros2_ws/install/moveit_ros_planning/include
[50.033s] -- Up-to-date: /home/drawmemaybe/DrawMeMaybe/ros2_ws/install/moveit_ros_planning/include/moveit
[50.033s] -- Installing: /home/drawmemaybe/DrawMeMaybe/ros2_ws/install/moveit_ros_planning/include/moveit/trajectory_execution_manager
[50.033s] -- Installing: /home/drawmemaybe/DrawMeMaybe/ros2_ws/install/moveit_ros_planning/include/moveit/trajectory_execution_manager/trajectory_execution_manager.h
[50.033s] -- Installing: /home/drawmemaybe/DrawMeMaybe/ros2_ws/install/moveit_ros_planning/include/moveit_trajectory_execution_manager_export.h
[50.033s] -- Up-to-date: /home/drawmemaybe/DrawMeMaybe/ros2_ws/install/moveit_ros_planning/include
[50.033s] -- Up-to-date: /home/drawmemaybe/DrawMeMaybe/ros2_ws/install/moveit_ros_planning/include/moveit
[50.033s] -- Installing: /home/drawmemaybe/DrawMeMaybe/ros2_ws/install/moveit_ros_planning/include/moveit/plan_execution
[50.033s] -- Installing: /home/drawmemaybe/DrawMeMaybe/ros2_ws/install/moveit_ros_planning/include/moveit/plan_execution/plan_representation.h
[50.033s] -- Installing: /home/drawmemaybe/DrawMeMaybe/ros2_ws/install/moveit_ros_planning/include/moveit/plan_execution/plan_execution.h
[50.033s] -- Up-to-date: /home/drawmemaybe/DrawMeMaybe/ros2_ws/install/moveit_ros_planning/include
[50.033s] -- Up-to-date: /home/drawmemaybe/DrawMeMaybe/ros2_ws/install/moveit_ros_planning/include/moveit
[50.033s] -- Installing: /home/drawmemaybe/DrawMeMaybe/ros2_ws/install/moveit_ros_planning/include/moveit/moveit_cpp
[50.033s] -- Installing: /home/drawmemaybe/DrawMeMaybe/ros2_ws/install/moveit_ros_planning/include/moveit/moveit_cpp/planning_component.h
[50.033s] -- Installing: /home/drawmemaybe/DrawMeMaybe/ros2_ws/install/moveit_ros_planning/include/moveit/moveit_cpp/moveit_cpp.h
[50.033s] -- Installing: /home/drawmemaybe/DrawMeMaybe/ros2_ws/install/moveit_ros_planning/lib/libmoveit_rdf_loader.so.2.5.9
[50.033s] -- Set runtime path of "/home/drawmemaybe/DrawMeMaybe/ros2_ws/install/moveit_ros_planning/lib/libmoveit_rdf_loader.so.2.5.9" to ""
[50.034s] -- Installing: /home/drawmemaybe/DrawMeMaybe/ros2_ws/install/moveit_ros_planning/lib/libmoveit_rdf_loader.so
[50.034s] -- Installing: /home/drawmemaybe/DrawMeMaybe/ros2_ws/install/moveit_ros_planning/lib/libmoveit_kinematics_plugin_loader.so.2.5.9
[50.034s] -- Set runtime path of "/home/drawmemaybe/DrawMeMaybe/ros2_ws/install/moveit_ros_planning/lib/libmoveit_kinematics_plugin_loader.so.2.5.9" to ""
[50.034s] -- Installing: /home/drawmemaybe/DrawMeMaybe/ros2_ws/install/moveit_ros_planning/lib/libmoveit_kinematics_plugin_loader.so
[50.034s] -- Installing: /home/drawmemaybe/DrawMeMaybe/ros2_ws/install/moveit_ros_planning/lib/libmoveit_robot_model_loader.so.2.5.9
[50.034s] -- Set runtime path of "/home/drawmemaybe/DrawMeMaybe/ros2_ws/install/moveit_ros_planning/lib/libmoveit_robot_model_loader.so.2.5.9" to ""
[50.034s] -- Installing: /home/drawmemaybe/DrawMeMaybe/ros2_ws/install/moveit_ros_planning/lib/libmoveit_robot_model_loader.so
[50.034s] -- Installing: /home/drawmemaybe/DrawMeMaybe/ros2_ws/install/moveit_ros_planning/lib/libmoveit_constraint_sampler_manager_loader.so.2.5.9
[50.034s] -- Set runtime path of "/home/drawmemaybe/DrawMeMaybe/ros2_ws/install/moveit_ros_planning/lib/libmoveit_constraint_sampler_manager_loader.so.2.5.9" to ""
[50.034s] -- Installing: /home/drawmemaybe/DrawMeMaybe/ros2_ws/install/moveit_ros_planning/lib/libmoveit_constraint_sampler_manager_loader.so
[50.034s] -- Installing: /home/drawmemaybe/DrawMeMaybe/ros2_ws/install/moveit_ros_planning/lib/libmoveit_planning_pipeline.so.2.5.9
[50.035s] -- Set runtime path of "/home/drawmemaybe/DrawMeMaybe/ros2_ws/install/moveit_ros_planning/lib/libmoveit_planning_pipeline.so.2.5.9" to ""
[50.035s] -- Installing: /home/drawmemaybe/DrawMeMaybe/ros2_ws/install/moveit_ros_planning/lib/libmoveit_planning_pipeline.so
[50.035s] -- Installing: /home/drawmemaybe/DrawMeMaybe/ros2_ws/install/moveit_ros_planning/lib/libmoveit_trajectory_execution_manager.so.2.5.9
[50.035s] -- Set runtime path of "/home/drawmemaybe/DrawMeMaybe/ros2_ws/install/moveit_ros_planning/lib/libmoveit_trajectory_execution_manager.so.2.5.9" to ""
[50.035s] -- Installing: /home/drawmemaybe/DrawMeMaybe/ros2_ws/install/moveit_ros_planning/lib/libmoveit_trajectory_execution_manager.so
[50.035s] -- Installing: /home/drawmemaybe/DrawMeMaybe/ros2_ws/install/moveit_ros_planning/lib/libmoveit_plan_execution.so.2.5.9
[50.036s] -- Set runtime path of "/home/drawmemaybe/DrawMeMaybe/ros2_ws/install/moveit_ros_planning/lib/libmoveit_plan_execution.so.2.5.9" to ""
[50.036s] -- Installing: /home/drawmemaybe/DrawMeMaybe/ros2_ws/install/moveit_ros_planning/lib/libmoveit_plan_execution.so
[50.036s] -- Installing: /home/drawmemaybe/DrawMeMaybe/ros2_ws/install/moveit_ros_planning/lib/libmoveit_planning_scene_monitor.so.2.5.9
[50.037s] -- Set runtime path of "/home/drawmemaybe/DrawMeMaybe/ros2_ws/install/moveit_ros_planning/lib/libmoveit_planning_scene_monitor.so.2.5.9" to ""
[50.037s] -- Installing: /home/drawmemaybe/DrawMeMaybe/ros2_ws/install/moveit_ros_planning/lib/libmoveit_planning_scene_monitor.so
[50.037s] -- Installing: /home/drawmemaybe/DrawMeMaybe/ros2_ws/install/moveit_ros_planning/lib/libmoveit_collision_plugin_loader.so.2.5.9
[50.037s] -- Set runtime path of "/home/drawmemaybe/DrawMeMaybe/ros2_ws/install/moveit_ros_planning/lib/libmoveit_collision_plugin_loader.so.2.5.9" to ""
[50.037s] -- Installing: /home/drawmemaybe/DrawMeMaybe/ros2_ws/install/moveit_ros_planning/lib/libmoveit_collision_plugin_loader.so
[50.037s] -- Installing: /home/drawmemaybe/DrawMeMaybe/ros2_ws/install/moveit_ros_planning/lib/libmoveit_default_planning_request_adapter_plugins.so.2.5.9
[50.037s] -- Set runtime path of "/home/drawmemaybe/DrawMeMaybe/ros2_ws/install/moveit_ros_planning/lib/libmoveit_default_planning_request_adapter_plugins.so.2.5.9" to ""
[50.037s] -- Installing: /home/drawmemaybe/DrawMeMaybe/ros2_ws/install/moveit_ros_planning/lib/libmoveit_default_planning_request_adapter_plugins.so
[50.037s] -- Installing: /home/drawmemaybe/DrawMeMaybe/ros2_ws/install/moveit_ros_planning/lib/libmoveit_cpp.so.2.5.9
[50.038s] -- Set runtime path of "/home/drawmemaybe/DrawMeMaybe/ros2_ws/install/moveit_ros_planning/lib/libmoveit_cpp.so.2.5.9" to ""
[50.038s] -- Installing: /home/drawmemaybe/DrawMeMaybe/ros2_ws/install/moveit_ros_planning/lib/libmoveit_cpp.so
[50.038s] -- Installing: /home/drawmemaybe/DrawMeMaybe/ros2_ws/install/moveit_ros_planning/share/moveit_ros_planning/environment/library_path.sh
[50.038s] -- Installing: /home/drawmemaybe/DrawMeMaybe/ros2_ws/install/moveit_ros_planning/share/moveit_ros_planning/environment/library_path.dsv
[50.038s] -- Installing: /home/drawmemaybe/DrawMeMaybe/ros2_ws/install/moveit_ros_planning/share/moveit_ros_planning/planning_request_adapters_plugin_description.xml
[50.038s] -- Installing: /home/drawmemaybe/DrawMeMaybe/ros2_ws/install/moveit_ros_planning/share/ament_index/resource_index/package_run_dependencies/moveit_ros_planning
[50.038s] -- Installing: /home/drawmemaybe/DrawMeMaybe/ros2_ws/install/moveit_ros_planning/share/ament_index/resource_index/parent_prefix_path/moveit_ros_planning
[50.038s] -- Installing: /home/drawmemaybe/DrawMeMaybe/ros2_ws/install/moveit_ros_planning/share/moveit_ros_planning/environment/ament_prefix_path.sh
[50.038s] -- Installing: /home/drawmemaybe/DrawMeMaybe/ros2_ws/install/moveit_ros_planning/share/moveit_ros_planning/environment/ament_prefix_path.dsv
[50.038s] -- Installing: /home/drawmemaybe/DrawMeMaybe/ros2_ws/install/moveit_ros_planning/share/moveit_ros_planning/environment/path.sh
[50.038s] -- Installing: /home/drawmemaybe/DrawMeMaybe/ros2_ws/install/moveit_ros_planning/share/moveit_ros_planning/environment/path.dsv
[50.038s] -- Installing: /home/drawmemaybe/DrawMeMaybe/ros2_ws/install/moveit_ros_planning/share/moveit_ros_planning/local_setup.bash
[50.038s] -- Installing: /home/drawmemaybe/DrawMeMaybe/ros2_ws/install/moveit_ros_planning/share/moveit_ros_planning/local_setup.sh
[50.038s] -- Installing: /home/drawmemaybe/DrawMeMaybe/ros2_ws/install/moveit_ros_planning/share/moveit_ros_planning/local_setup.zsh
[50.038s] -- Installing: /home/drawmemaybe/DrawMeMaybe/ros2_ws/install/moveit_ros_planning/share/moveit_ros_planning/local_setup.dsv
[50.038s] -- Installing: /home/drawmemaybe/DrawMeMaybe/ros2_ws/install/moveit_ros_planning/share/moveit_ros_planning/package.dsv
[50.038s] -- Installing: /home/drawmemaybe/DrawMeMaybe/ros2_ws/install/moveit_ros_planning/share/ament_index/resource_index/packages/moveit_ros_planning
[50.038s] -- Installing: /home/drawmemaybe/DrawMeMaybe/ros2_ws/install/moveit_ros_planning/share/ament_index/resource_index/moveit_core__pluginlib__plugin/moveit_ros_planning
[50.038s] -- Installing: /home/drawmemaybe/DrawMeMaybe/ros2_ws/install/moveit_ros_planning/share/moveit_ros_planning/cmake/export_moveit_ros_planningExport.cmake
[50.038s] -- Installing: /home/drawmemaybe/DrawMeMaybe/ros2_ws/install/moveit_ros_planning/share/moveit_ros_planning/cmake/export_moveit_ros_planningExport-release.cmake
[50.038s] -- Installing: /home/drawmemaybe/DrawMeMaybe/ros2_ws/install/moveit_ros_planning/share/moveit_ros_planning/cmake/ConfigExtras.cmake
[50.038s] -- Installing: /home/drawmemaybe/DrawMeMaybe/ros2_ws/install/moveit_ros_planning/share/moveit_ros_planning/cmake/ament_cmake_export_targets-extras.cmake
[50.038s] -- Installing: /home/drawmemaybe/DrawMeMaybe/ros2_ws/install/moveit_ros_planning/share/moveit_ros_planning/cmake/ament_cmake_export_dependencies-extras.cmake
[50.039s] -- Installing: /home/drawmemaybe/DrawMeMaybe/ros2_ws/install/moveit_ros_planning/share/moveit_ros_planning/cmake/moveit_ros_planningConfig.cmake
[50.039s] -- Installing: /home/drawmemaybe/DrawMeMaybe/ros2_ws/install/moveit_ros_planning/share/moveit_ros_planning/cmake/moveit_ros_planningConfig-version.cmake
[50.039s] -- Installing: /home/drawmemaybe/DrawMeMaybe/ros2_ws/install/moveit_ros_planning/share/moveit_ros_planning/package.xml
[50.039s] Invoked command in '/home/drawmemaybe/DrawMeMaybe/ros2_ws/build/moveit_ros_planning' returned '0': AMENT_PREFIX_PATH=/home/drawmemaybe/DrawMeMaybe/ros2_ws/install/moveit_ros_occupancy_map_monitor:/home/drawmemaybe/DrawMeMaybe/ros2_ws/install/moveit_core:/home/drawmemaybe/DrawMeMaybe/ros2_ws/install/moveit_resources_panda_moveit_config:/home/drawmemaybe/DrawMeMaybe/ros2_ws/install/moveit_configs_utils:/home/drawmemaybe/DrawMeMaybe/ros2_ws/install/srdfdom:/home/drawmemaybe/DrawMeMaybe/ros2_ws/install/moveit_resources_pr2_description:/home/drawmemaybe/DrawMeMaybe/ros2_ws/install/moveit_resources_panda_description:/home/drawmemaybe/DrawMeMaybe/ros2_ws/install/moveit_common:/home/drawmemaybe/DrawMeMaybe/ros2_ws/install/launch_param_builder:${AMENT_PREFIX_PATH} CMAKE_PREFIX_PATH=/home/drawmemaybe/DrawMeMaybe/ros2_ws/install/moveit_ros_occupancy_map_monitor:/home/drawmemaybe/DrawMeMaybe/ros2_ws/install/moveit_core:/home/drawmemaybe/DrawMeMaybe/ros2_ws/install/moveit_resources_panda_moveit_config:/home/drawmemaybe/DrawMeMaybe/ros2_ws/install/srdfdom:/home/drawmemaybe/DrawMeMaybe/ros2_ws/install/moveit_resources_pr2_description:/home/drawmemaybe/DrawMeMaybe/ros2_ws/install/moveit_resources_panda_description:/home/drawmemaybe/DrawMeMaybe/ros2_ws/install/moveit_common:/opt/ros/humble LD_LIBRARY_PATH=/home/drawmemaybe/DrawMeMaybe/ros2_ws/install/moveit_ros_occupancy_map_monitor/lib:/home/drawmemaybe/DrawMeMaybe/ros2_ws/install/moveit_core/lib:/home/drawmemaybe/DrawMeMaybe/ros2_ws/install/srdfdom/lib:${LD_LIBRARY_PATH} PATH=/home/drawmemaybe/DrawMeMaybe/ros2_ws/install/moveit_core/bin:${PATH} PYTHONPATH=/home/drawmemaybe/DrawMeMaybe/ros2_ws/install/moveit_configs_utils/lib/python3.10/site-packages:/home/drawmemaybe/DrawMeMaybe/ros2_ws/install/srdfdom/local/lib/python3.10/dist-packages:/home/drawmemaybe/DrawMeMaybe/ros2_ws/install/launch_param_builder/lib/python3.10/site-packages:${PYTHONPATH} /usr/bin/cmake --install /home/drawmemaybe/DrawMeMaybe/ros2_ws/build/moveit_ros_planning
