[0.026s] Invoking command in '/home/drawmemaybe/DrawMeMaybe/ros2_ws/build/moveit_common': CMAKE_PREFIX_PATH=${CMAKE_PREFIX_PATH}:/home/drawmemaybe/DrawMeMaybe/ros2_ws/install/moveit_configs_utils:/home/drawmemaybe/DrawMeMaybe/ros2_ws/install/my_sample_pkg_python:/home/drawmemaybe/DrawMeMaybe/ros2_ws/install/launch_param_builder:/opt/ros/humble /usr/bin/cmake --build /home/drawmemaybe/DrawMeMaybe/ros2_ws/build/moveit_common -- -j24 -l24
[0.251s] Invoked command in '/home/drawmemaybe/DrawMeMaybe/ros2_ws/build/moveit_common' returned '0': CMAKE_PREFIX_PATH=${CMAKE_PREFIX_PATH}:/home/drawmemaybe/DrawMeMaybe/ros2_ws/install/moveit_configs_utils:/home/drawmemaybe/DrawMeMaybe/ros2_ws/install/my_sample_pkg_python:/home/drawmemaybe/DrawMeMaybe/ros2_ws/install/launch_param_builder:/opt/ros/humble /usr/bin/cmake --build /home/drawmemaybe/DrawMeMaybe/ros2_ws/build/moveit_common -- -j24 -l24
[0.251s] Invoking command in '/home/drawmemaybe/DrawMeMaybe/ros2_ws/build/moveit_common': CMAKE_PREFIX_PATH=${CMAKE_PREFIX_PATH}:/home/drawmemaybe/DrawMeMaybe/ros2_ws/install/moveit_configs_utils:/home/drawmemaybe/DrawMeMaybe/ros2_ws/install/my_sample_pkg_python:/home/drawmemaybe/DrawMeMaybe/ros2_ws/install/launch_param_builder:/opt/ros/humble /usr/bin/cmake --install /home/drawmemaybe/DrawMeMaybe/ros2_ws/build/moveit_common
[0.260s] -- Install configuration: ""
[0.260s] -- Up-to-date: /home/drawmemaybe/DrawMeMaybe/ros2_ws/install/moveit_common/share/ament_index/resource_index/package_run_dependencies/moveit_common
[0.260s] -- Up-to-date: /home/drawmemaybe/DrawMeMaybe/ros2_ws/install/moveit_common/share/ament_index/resource_index/parent_prefix_path/moveit_common
[0.260s] -- Up-to-date: /home/drawmemaybe/DrawMeMaybe/ros2_ws/install/moveit_common/share/moveit_common/environment/ament_prefix_path.sh
[0.260s] -- Up-to-date: /home/drawmemaybe/DrawMeMaybe/ros2_ws/install/moveit_common/share/moveit_common/environment/ament_prefix_path.dsv
[0.260s] -- Up-to-date: /home/drawmemaybe/DrawMeMaybe/ros2_ws/install/moveit_common/share/moveit_common/environment/path.sh
[0.260s] -- Up-to-date: /home/drawmemaybe/DrawMeMaybe/ros2_ws/install/moveit_common/share/moveit_common/environment/path.dsv
[0.260s] -- Up-to-date: /home/drawmemaybe/DrawMeMaybe/ros2_ws/install/moveit_common/share/moveit_common/local_setup.bash
[0.260s] -- Up-to-date: /home/drawmemaybe/DrawMeMaybe/ros2_ws/install/moveit_common/share/moveit_common/local_setup.sh
[0.260s] -- Up-to-date: /home/drawmemaybe/DrawMeMaybe/ros2_ws/install/moveit_common/share/moveit_common/local_setup.zsh
[0.260s] -- Up-to-date: /home/drawmemaybe/DrawMeMaybe/ros2_ws/install/moveit_common/share/moveit_common/local_setup.dsv
[0.260s] -- Installing: /home/drawmemaybe/DrawMeMaybe/ros2_ws/install/moveit_common/share/moveit_common/package.dsv
[0.260s] -- Up-to-date: /home/drawmemaybe/DrawMeMaybe/ros2_ws/install/moveit_common/share/ament_index/resource_index/packages/moveit_common
[0.260s] -- Up-to-date: /home/drawmemaybe/DrawMeMaybe/ros2_ws/install/moveit_common/share/moveit_common/cmake/moveit_common-extras.cmake
[0.260s] -- Up-to-date: /home/drawmemaybe/DrawMeMaybe/ros2_ws/install/moveit_common/share/moveit_common/cmake/moveit_commonConfig.cmake
[0.260s] -- Up-to-date: /home/drawmemaybe/DrawMeMaybe/ros2_ws/install/moveit_common/share/moveit_common/cmake/moveit_commonConfig-version.cmake
[0.260s] -- Up-to-date: /home/drawmemaybe/DrawMeMaybe/ros2_ws/install/moveit_common/share/moveit_common/package.xml
[0.260s] -- Up-to-date: /home/drawmemaybe/DrawMeMaybe/ros2_ws/install/moveit_common/share/moveit_common/cmake
[0.260s] -- Up-to-date: /home/drawmemaybe/DrawMeMaybe/ros2_ws/install/moveit_common/share/moveit_common/cmake/moveit_package.cmake
[0.279s] Invoked command in '/home/drawmemaybe/DrawMeMaybe/ros2_ws/build/moveit_common' returned '0': CMAKE_PREFIX_PATH=${CMAKE_PREFIX_PATH}:/home/drawmemaybe/DrawMeMaybe/ros2_ws/install/moveit_configs_utils:/home/drawmemaybe/DrawMeMaybe/ros2_ws/install/my_sample_pkg_python:/home/drawmemaybe/DrawMeMaybe/ros2_ws/install/launch_param_builder:/opt/ros/humble /usr/bin/cmake --install /home/drawmemaybe/DrawMeMaybe/ros2_ws/build/moveit_common
