running egg_info
creating ../../build/my_sample_pkg_python/my_sample_pkg_python.egg-info
writing ../../build/my_sample_pkg_python/my_sample_pkg_python.egg-info/PKG-INFO
writing dependency_links to ../../build/my_sample_pkg_python/my_sample_pkg_python.egg-info/dependency_links.txt
writing entry points to ../../build/my_sample_pkg_python/my_sample_pkg_python.egg-info/entry_points.txt
writing requirements to ../../build/my_sample_pkg_python/my_sample_pkg_python.egg-info/requires.txt
writing top-level names to ../../build/my_sample_pkg_python/my_sample_pkg_python.egg-info/top_level.txt
writing manifest file '../../build/my_sample_pkg_python/my_sample_pkg_python.egg-info/SOURCES.txt'
reading manifest file '../../build/my_sample_pkg_python/my_sample_pkg_python.egg-info/SOURCES.txt'
writing manifest file '../../build/my_sample_pkg_python/my_sample_pkg_python.egg-info/SOURCES.txt'
running build
running build_py
creating /home/drawmemaybe/DrawMeMaybe/ros2_ws/build/my_sample_pkg_python/build
creating /home/drawmemaybe/DrawMeMaybe/ros2_ws/build/my_sample_pkg_python/build/lib
creating /home/drawmemaybe/DrawMeMaybe/ros2_ws/build/my_sample_pkg_python/build/lib/my_sample_pkg_python
copying my_sample_pkg_python/test_node.py -> /home/drawmemaybe/DrawMeMaybe/ros2_ws/build/my_sample_pkg_python/build/lib/my_sample_pkg_python
copying my_sample_pkg_python/__init__.py -> /home/drawmemaybe/DrawMeMaybe/ros2_ws/build/my_sample_pkg_python/build/lib/my_sample_pkg_python
copying my_sample_pkg_python/spline_20cm.py -> /home/drawmemaybe/DrawMeMaybe/ros2_ws/build/my_sample_pkg_python/build/lib/my_sample_pkg_python
running install
running install_lib
creating /home/drawmemaybe/DrawMeMaybe/ros2_ws/install/my_sample_pkg_python/lib/python3.10/site-packages/my_sample_pkg_python
copying /home/drawmemaybe/DrawMeMaybe/ros2_ws/build/my_sample_pkg_python/build/lib/my_sample_pkg_python/test_node.py -> /home/drawmemaybe/DrawMeMaybe/ros2_ws/install/my_sample_pkg_python/lib/python3.10/site-packages/my_sample_pkg_python
copying /home/drawmemaybe/DrawMeMaybe/ros2_ws/build/my_sample_pkg_python/build/lib/my_sample_pkg_python/__init__.py -> /home/drawmemaybe/DrawMeMaybe/ros2_ws/install/my_sample_pkg_python/lib/python3.10/site-packages/my_sample_pkg_python
copying /home/drawmemaybe/DrawMeMaybe/ros2_ws/build/my_sample_pkg_python/build/lib/my_sample_pkg_python/spline_20cm.py -> /home/drawmemaybe/DrawMeMaybe/ros2_ws/install/my_sample_pkg_python/lib/python3.10/site-packages/my_sample_pkg_python
byte-compiling /home/drawmemaybe/DrawMeMaybe/ros2_ws/install/my_sample_pkg_python/lib/python3.10/site-packages/my_sample_pkg_python/test_node.py to test_node.cpython-310.pyc
byte-compiling /home/drawmemaybe/DrawMeMaybe/ros2_ws/install/my_sample_pkg_python/lib/python3.10/site-packages/my_sample_pkg_python/__init__.py to __init__.cpython-310.pyc
byte-compiling /home/drawmemaybe/DrawMeMaybe/ros2_ws/install/my_sample_pkg_python/lib/python3.10/site-packages/my_sample_pkg_python/spline_20cm.py to spline_20cm.cpython-310.pyc
running install_data
creating /home/drawmemaybe/DrawMeMaybe/ros2_ws/install/my_sample_pkg_python/share/ament_index
creating /home/drawmemaybe/DrawMeMaybe/ros2_ws/install/my_sample_pkg_python/share/ament_index/resource_index
creating /home/drawmemaybe/DrawMeMaybe/ros2_ws/install/my_sample_pkg_python/share/ament_index/resource_index/packages
copying resource/my_sample_pkg_python -> /home/drawmemaybe/DrawMeMaybe/ros2_ws/install/my_sample_pkg_python/share/ament_index/resource_index/packages
copying package.xml -> /home/drawmemaybe/DrawMeMaybe/ros2_ws/install/my_sample_pkg_python/share/my_sample_pkg_python
running install_egg_info
Copying ../../build/my_sample_pkg_python/my_sample_pkg_python.egg-info to /home/drawmemaybe/DrawMeMaybe/ros2_ws/install/my_sample_pkg_python/lib/python3.10/site-packages/my_sample_pkg_python-0.0.0-py3.10.egg-info
running install_scripts
Installing test_node script to /home/drawmemaybe/DrawMeMaybe/ros2_ws/install/my_sample_pkg_python/lib/my_sample_pkg_python
writing list of installed files to '/home/drawmemaybe/DrawMeMaybe/ros2_ws/build/my_sample_pkg_python/install.log'
