[0.226s] Invoking command in '/home/drawmemaybe/DrawMeMaybe/ros2_ws/src/my_sample_pkg_python': PYTHONPATH=/home/drawmemaybe/DrawMeMaybe/ros2_ws/build/my_sample_pkg_python/prefix_override:/usr/lib/python3/dist-packages/colcon_core/task/python/colcon_distutils_commands:/home/drawmemaybe/DrawMeMaybe/ros2_ws/install/my_sample_pkg_python/lib/python3.10/site-packages:${PYTHONPATH} /usr/bin/python3 -W ignore:setup.py install is deprecated -W ignore:easy_install command is deprecated setup.py egg_info --egg-base ../../build/my_sample_pkg_python build --build-base /home/drawmemaybe/DrawMeMaybe/ros2_ws/build/my_sample_pkg_python/build install --record /home/drawmemaybe/DrawMeMaybe/ros2_ws/build/my_sample_pkg_python/install.log --single-version-externally-managed install_data
[0.311s] running egg_info
[0.311s] creating ../../build/my_sample_pkg_python/my_sample_pkg_python.egg-info
[0.311s] writing ../../build/my_sample_pkg_python/my_sample_pkg_python.egg-info/PKG-INFO
[0.311s] writing dependency_links to ../../build/my_sample_pkg_python/my_sample_pkg_python.egg-info/dependency_links.txt
[0.311s] writing entry points to ../../build/my_sample_pkg_python/my_sample_pkg_python.egg-info/entry_points.txt
[0.311s] writing requirements to ../../build/my_sample_pkg_python/my_sample_pkg_python.egg-info/requires.txt
[0.311s] writing top-level names to ../../build/my_sample_pkg_python/my_sample_pkg_python.egg-info/top_level.txt
[0.311s] writing manifest file '../../build/my_sample_pkg_python/my_sample_pkg_python.egg-info/SOURCES.txt'
[0.312s] reading manifest file '../../build/my_sample_pkg_python/my_sample_pkg_python.egg-info/SOURCES.txt'
[0.312s] writing manifest file '../../build/my_sample_pkg_python/my_sample_pkg_python.egg-info/SOURCES.txt'
[0.312s] running build
[0.312s] running build_py
[0.312s] creating /home/drawmemaybe/DrawMeMaybe/ros2_ws/build/my_sample_pkg_python/build
[0.312s] creating /home/drawmemaybe/DrawMeMaybe/ros2_ws/build/my_sample_pkg_python/build/lib
[0.312s] creating /home/drawmemaybe/DrawMeMaybe/ros2_ws/build/my_sample_pkg_python/build/lib/my_sample_pkg_python
[0.312s] copying my_sample_pkg_python/test_node.py -> /home/drawmemaybe/DrawMeMaybe/ros2_ws/build/my_sample_pkg_python/build/lib/my_sample_pkg_python
[0.312s] copying my_sample_pkg_python/__init__.py -> /home/drawmemaybe/DrawMeMaybe/ros2_ws/build/my_sample_pkg_python/build/lib/my_sample_pkg_python
[0.312s] copying my_sample_pkg_python/spline_20cm.py -> /home/drawmemaybe/DrawMeMaybe/ros2_ws/build/my_sample_pkg_python/build/lib/my_sample_pkg_python
[0.312s] running install
[0.312s] running install_lib
[0.313s] creating /home/drawmemaybe/DrawMeMaybe/ros2_ws/install/my_sample_pkg_python/lib/python3.10/site-packages/my_sample_pkg_python
[0.313s] copying /home/drawmemaybe/DrawMeMaybe/ros2_ws/build/my_sample_pkg_python/build/lib/my_sample_pkg_python/test_node.py -> /home/drawmemaybe/DrawMeMaybe/ros2_ws/install/my_sample_pkg_python/lib/python3.10/site-packages/my_sample_pkg_python
[0.313s] copying /home/drawmemaybe/DrawMeMaybe/ros2_ws/build/my_sample_pkg_python/build/lib/my_sample_pkg_python/__init__.py -> /home/drawmemaybe/DrawMeMaybe/ros2_ws/install/my_sample_pkg_python/lib/python3.10/site-packages/my_sample_pkg_python
[0.313s] copying /home/drawmemaybe/DrawMeMaybe/ros2_ws/build/my_sample_pkg_python/build/lib/my_sample_pkg_python/spline_20cm.py -> /home/drawmemaybe/DrawMeMaybe/ros2_ws/install/my_sample_pkg_python/lib/python3.10/site-packages/my_sample_pkg_python
[0.313s] byte-compiling /home/drawmemaybe/DrawMeMaybe/ros2_ws/install/my_sample_pkg_python/lib/python3.10/site-packages/my_sample_pkg_python/test_node.py to test_node.cpython-310.pyc
[0.313s] byte-compiling /home/drawmemaybe/DrawMeMaybe/ros2_ws/install/my_sample_pkg_python/lib/python3.10/site-packages/my_sample_pkg_python/__init__.py to __init__.cpython-310.pyc
[0.313s] byte-compiling /home/drawmemaybe/DrawMeMaybe/ros2_ws/install/my_sample_pkg_python/lib/python3.10/site-packages/my_sample_pkg_python/spline_20cm.py to spline_20cm.cpython-310.pyc
[0.314s] running install_data
[0.314s] creating /home/drawmemaybe/DrawMeMaybe/ros2_ws/install/my_sample_pkg_python/share/ament_index
[0.314s] creating /home/drawmemaybe/DrawMeMaybe/ros2_ws/install/my_sample_pkg_python/share/ament_index/resource_index
[0.314s] creating /home/drawmemaybe/DrawMeMaybe/ros2_ws/install/my_sample_pkg_python/share/ament_index/resource_index/packages
[0.314s] copying resource/my_sample_pkg_python -> /home/drawmemaybe/DrawMeMaybe/ros2_ws/install/my_sample_pkg_python/share/ament_index/resource_index/packages
[0.314s] copying package.xml -> /home/drawmemaybe/DrawMeMaybe/ros2_ws/install/my_sample_pkg_python/share/my_sample_pkg_python
[0.314s] running install_egg_info
[0.314s] Copying ../../build/my_sample_pkg_python/my_sample_pkg_python.egg-info to /home/drawmemaybe/DrawMeMaybe/ros2_ws/install/my_sample_pkg_python/lib/python3.10/site-packages/my_sample_pkg_python-0.0.0-py3.10.egg-info
[0.315s] running install_scripts
[0.322s] Installing test_node script to /home/drawmemaybe/DrawMeMaybe/ros2_ws/install/my_sample_pkg_python/lib/my_sample_pkg_python
[0.323s] writing list of installed files to '/home/drawmemaybe/DrawMeMaybe/ros2_ws/build/my_sample_pkg_python/install.log'
[0.332s] Invoked command in '/home/drawmemaybe/DrawMeMaybe/ros2_ws/src/my_sample_pkg_python' returned '0': PYTHONPATH=/home/drawmemaybe/DrawMeMaybe/ros2_ws/build/my_sample_pkg_python/prefix_override:/usr/lib/python3/dist-packages/colcon_core/task/python/colcon_distutils_commands:/home/drawmemaybe/DrawMeMaybe/ros2_ws/install/my_sample_pkg_python/lib/python3.10/site-packages:${PYTHONPATH} /usr/bin/python3 -W ignore:setup.py install is deprecated -W ignore:easy_install command is deprecated setup.py egg_info --egg-base ../../build/my_sample_pkg_python build --build-base /home/drawmemaybe/DrawMeMaybe/ros2_ws/build/my_sample_pkg_python/build install --record /home/drawmemaybe/DrawMeMaybe/ros2_ws/build/my_sample_pkg_python/install.log --single-version-externally-managed install_data
