[0.014s] Invoking command in '/home/drawmemaybe/DrawMeMaybe/ros2_ws/build/srdfdom': CMAKE_PREFIX_PATH=/opt/ros/humble /usr/bin/cmake /home/drawmemaybe/DrawMeMaybe/ros2_ws/src/srdfdom -DCMAKE_INSTALL_PREFIX=/home/drawmemaybe/DrawMeMaybe/ros2_ws/install/srdfdom
[0.215s] -- The CXX compiler identification is GNU 11.4.0
[0.215s] -- Detecting CXX compiler ABI info
[0.215s] -- Detecting CXX compiler ABI info - done
[0.215s] -- Check for working CXX compiler: /usr/bin/c++ - skipped
[0.215s] -- Detecting CXX compile features
[0.215s] -- Detecting CXX compile features - done
[0.215s] -- Found Boost: /usr/lib/x86_64-linux-gnu/cmake/Boost-1.74.0/BoostConfig.cmake (found version "1.74.0")  
[0.215s] -- Found ament_cmake: 1.3.12 (/opt/ros/humble/share/ament_cmake/cmake)
[0.225s] -- Found Python3: /usr/bin/python3 (found version "3.10.12") found components: Interpreter 
[0.264s] -- Found urdf: 2.6.1 (/opt/ros/humble/share/urdf/cmake)
[0.289s] -- Found TinyXML2 via Config file: TinyXML2_DIR-NOTFOUND
[0.327s] -- Found ament_cmake_gtest: 1.3.12 (/opt/ros/humble/share/ament_cmake_gtest/cmake)
[0.328s] -- Found ament_cmake_pytest: 1.3.12 (/opt/ros/humble/share/ament_cmake_pytest/cmake)
[0.558s] -- Found gtest sources under '/opt/ros/humble/src/gtest_vendor': C++ tests using 'Google Test' will be built
[0.576s] -- The C compiler identification is GNU 11.4.0
[0.578s] -- Detecting C compiler ABI info
[0.607s] -- Detecting C compiler ABI info - done
[0.610s] -- Check for working C compiler: /usr/bin/cc - skipped
[0.610s] -- Detecting C compile features
[0.610s] -- Detecting C compile features - done
[0.612s] -- Looking for C++ include pthread.h
[0.649s] -- Looking for C++ include pthread.h - found
[0.649s] -- Performing Test CMAKE_HAVE_LIBC_PTHREAD
[0.684s] -- Performing Test CMAKE_HAVE_LIBC_PTHREAD - Success
[0.685s] -- Found Threads: TRUE  
[0.686s] -- Found ament_lint_auto: 0.12.14 (/opt/ros/humble/share/ament_lint_auto/cmake)
[0.693s] -- Configuring done
[0.697s] -- Generating done
[0.698s] -- Build files have been written to: /home/drawmemaybe/DrawMeMaybe/ros2_ws/build/srdfdom
[0.702s] Invoked command in '/home/drawmemaybe/DrawMeMaybe/ros2_ws/build/srdfdom' returned '0': CMAKE_PREFIX_PATH=/opt/ros/humble /usr/bin/cmake /home/drawmemaybe/DrawMeMaybe/ros2_ws/src/srdfdom -DCMAKE_INSTALL_PREFIX=/home/drawmemaybe/DrawMeMaybe/ros2_ws/install/srdfdom
[0.702s] Invoking command in '/home/drawmemaybe/DrawMeMaybe/ros2_ws/build/srdfdom': CMAKE_PREFIX_PATH=/opt/ros/humble /usr/bin/cmake --build /home/drawmemaybe/DrawMeMaybe/ros2_ws/build/srdfdom -- -j24 -l24
[0.719s] [  9%] [32mBuilding CXX object CMakeFiles/srdfdom.dir/src/srdf_writer.cpp.o[0m
[0.719s] [ 18%] [32mBuilding CXX object CMakeFiles/srdfdom.dir/src/model.cpp.o[0m
[0.719s] [ 27%] [32mBuilding CXX object gtest/CMakeFiles/gtest.dir/src/gtest-all.cc.o[0m
[0.720s] [ 36%] [32mBuilding CXX object gtest/CMakeFiles/gtest_main.dir/src/gtest_main.cc.o[0m
[0.722s] [ 36%] Built target ament_cmake_python_copy_srdfdom
[0.819s] running egg_info
[0.819s] creating srdfdom.egg-info
[0.819s] writing srdfdom.egg-info/PKG-INFO
[0.819s] writing dependency_links to srdfdom.egg-info/dependency_links.txt
[0.819s] writing top-level names to srdfdom.egg-info/top_level.txt
[0.819s] writing manifest file 'srdfdom.egg-info/SOURCES.txt'
[0.820s] reading manifest file 'srdfdom.egg-info/SOURCES.txt'
[0.820s] writing manifest file 'srdfdom.egg-info/SOURCES.txt'
[0.834s] [ 36%] Built target ament_cmake_python_build_srdfdom_egg
[1.105s] [ 45%] [32m[1mLinking CXX static library libgtest_main.a[0m
[1.119s] [ 45%] Built target gtest_main
[1.565s] [ 54%] [32m[1mLinking CXX shared library libsrdfdom.so[0m
[1.619s] [ 54%] Built target srdfdom
[2.144s] [ 63%] [32m[1mLinking CXX static library libgtest.a[0m
[2.186s] [ 63%] Built target gtest
[2.206s] [ 72%] [32mBuilding CXX object CMakeFiles/test_cpp_nl_NL.UTF-8.dir/test/test_parser.cpp.o[0m
[2.207s] [ 81%] [32mBuilding CXX object CMakeFiles/test_cpp_C.dir/test/test_parser.cpp.o[0m
[3.154s] [100%] [32m[1mLinking CXX executable test_cpp_nl_NL.UTF-8[0m
[3.154s] [100%] [32m[1mLinking CXX executable test_cpp_C[0m
[3.216s] [100%] Built target test_cpp_nl_NL.UTF-8
[3.216s] [100%] Built target test_cpp_C
[3.220s] Invoked command in '/home/drawmemaybe/DrawMeMaybe/ros2_ws/build/srdfdom' returned '0': CMAKE_PREFIX_PATH=/opt/ros/humble /usr/bin/cmake --build /home/drawmemaybe/DrawMeMaybe/ros2_ws/build/srdfdom -- -j24 -l24
[3.221s] Invoking command in '/home/drawmemaybe/DrawMeMaybe/ros2_ws/build/srdfdom': CMAKE_PREFIX_PATH=/opt/ros/humble /usr/bin/cmake --install /home/drawmemaybe/DrawMeMaybe/ros2_ws/build/srdfdom
[3.223s] -- Install configuration: ""
[3.223s] -- Installing: /home/drawmemaybe/DrawMeMaybe/ros2_ws/install/srdfdom/lib/libsrdfdom.so.2.0.8
[3.224s] -- Set runtime path of "/home/drawmemaybe/DrawMeMaybe/ros2_ws/install/srdfdom/lib/libsrdfdom.so.2.0.8" to ""
[3.224s] -- Installing: /home/drawmemaybe/DrawMeMaybe/ros2_ws/install/srdfdom/lib/libsrdfdom.so
[3.224s] -- Installing: /home/drawmemaybe/DrawMeMaybe/ros2_ws/install/srdfdom/include/srdfdom
[3.224s] -- Installing: /home/drawmemaybe/DrawMeMaybe/ros2_ws/install/srdfdom/include/srdfdom/srdfdom
[3.224s] -- Installing: /home/drawmemaybe/DrawMeMaybe/ros2_ws/install/srdfdom/include/srdfdom/srdfdom/model.h
[3.224s] -- Installing: /home/drawmemaybe/DrawMeMaybe/ros2_ws/install/srdfdom/include/srdfdom/srdfdom/srdf_writer.h
[3.224s] -- Installing: /home/drawmemaybe/DrawMeMaybe/ros2_ws/install/srdfdom/include/srdfdom/srdfdom/visibility_control.h
[3.224s] -- Installing: /home/drawmemaybe/DrawMeMaybe/ros2_ws/install/srdfdom/lib/srdfdom/display_srdf
[3.224s] -- Installing: /home/drawmemaybe/DrawMeMaybe/ros2_ws/install/srdfdom/share/srdfdom/environment/pythonpath.sh
[3.224s] -- Installing: /home/drawmemaybe/DrawMeMaybe/ros2_ws/install/srdfdom/share/srdfdom/environment/pythonpath.dsv
[3.224s] -- Installing: /home/drawmemaybe/DrawMeMaybe/ros2_ws/install/srdfdom/local/lib/python3.10/dist-packages/srdfdom-2.0.8-py3.10.egg-info
[3.224s] -- Installing: /home/drawmemaybe/DrawMeMaybe/ros2_ws/install/srdfdom/local/lib/python3.10/dist-packages/srdfdom-2.0.8-py3.10.egg-info/dependency_links.txt
[3.224s] -- Installing: /home/drawmemaybe/DrawMeMaybe/ros2_ws/install/srdfdom/local/lib/python3.10/dist-packages/srdfdom-2.0.8-py3.10.egg-info/PKG-INFO
[3.224s] -- Installing: /home/drawmemaybe/DrawMeMaybe/ros2_ws/install/srdfdom/local/lib/python3.10/dist-packages/srdfdom-2.0.8-py3.10.egg-info/top_level.txt
[3.224s] -- Installing: /home/drawmemaybe/DrawMeMaybe/ros2_ws/install/srdfdom/local/lib/python3.10/dist-packages/srdfdom-2.0.8-py3.10.egg-info/SOURCES.txt
[3.224s] -- Installing: /home/drawmemaybe/DrawMeMaybe/ros2_ws/install/srdfdom/local/lib/python3.10/dist-packages/srdfdom
[3.224s] -- Installing: /home/drawmemaybe/DrawMeMaybe/ros2_ws/install/srdfdom/local/lib/python3.10/dist-packages/srdfdom/__init__.py
[3.224s] -- Installing: /home/drawmemaybe/DrawMeMaybe/ros2_ws/install/srdfdom/local/lib/python3.10/dist-packages/srdfdom/srdf.py
[3.240s] Listing '/home/drawmemaybe/DrawMeMaybe/ros2_ws/install/srdfdom/local/lib/python3.10/dist-packages/srdfdom'...
[3.240s] Compiling '/home/drawmemaybe/DrawMeMaybe/ros2_ws/install/srdfdom/local/lib/python3.10/dist-packages/srdfdom/__init__.py'...
[3.240s] Compiling '/home/drawmemaybe/DrawMeMaybe/ros2_ws/install/srdfdom/local/lib/python3.10/dist-packages/srdfdom/srdf.py'...
[3.242s] -- Installing: /home/drawmemaybe/DrawMeMaybe/ros2_ws/install/srdfdom/share/srdfdom/environment/library_path.sh
[3.242s] -- Installing: /home/drawmemaybe/DrawMeMaybe/ros2_ws/install/srdfdom/share/srdfdom/environment/library_path.dsv
[3.242s] -- Installing: /home/drawmemaybe/DrawMeMaybe/ros2_ws/install/srdfdom/share/ament_index/resource_index/package_run_dependencies/srdfdom
[3.242s] -- Installing: /home/drawmemaybe/DrawMeMaybe/ros2_ws/install/srdfdom/share/ament_index/resource_index/parent_prefix_path/srdfdom
[3.242s] -- Installing: /home/drawmemaybe/DrawMeMaybe/ros2_ws/install/srdfdom/share/srdfdom/environment/ament_prefix_path.sh
[3.242s] -- Installing: /home/drawmemaybe/DrawMeMaybe/ros2_ws/install/srdfdom/share/srdfdom/environment/ament_prefix_path.dsv
[3.242s] -- Installing: /home/drawmemaybe/DrawMeMaybe/ros2_ws/install/srdfdom/share/srdfdom/environment/path.sh
[3.243s] -- Installing: /home/drawmemaybe/DrawMeMaybe/ros2_ws/install/srdfdom/share/srdfdom/environment/path.dsv
[3.243s] -- Installing: /home/drawmemaybe/DrawMeMaybe/ros2_ws/install/srdfdom/share/srdfdom/local_setup.bash
[3.243s] -- Installing: /home/drawmemaybe/DrawMeMaybe/ros2_ws/install/srdfdom/share/srdfdom/local_setup.sh
[3.243s] -- Installing: /home/drawmemaybe/DrawMeMaybe/ros2_ws/install/srdfdom/share/srdfdom/local_setup.zsh
[3.243s] -- Installing: /home/drawmemaybe/DrawMeMaybe/ros2_ws/install/srdfdom/share/srdfdom/local_setup.dsv
[3.243s] -- Installing: /home/drawmemaybe/DrawMeMaybe/ros2_ws/install/srdfdom/share/srdfdom/package.dsv
[3.243s] -- Installing: /home/drawmemaybe/DrawMeMaybe/ros2_ws/install/srdfdom/share/ament_index/resource_index/packages/srdfdom
[3.243s] -- Installing: /home/drawmemaybe/DrawMeMaybe/ros2_ws/install/srdfdom/share/srdfdom/cmake/srdfdomTargetsExport.cmake
[3.243s] -- Installing: /home/drawmemaybe/DrawMeMaybe/ros2_ws/install/srdfdom/share/srdfdom/cmake/srdfdomTargetsExport-noconfig.cmake
[3.243s] -- Installing: /home/drawmemaybe/DrawMeMaybe/ros2_ws/install/srdfdom/share/srdfdom/cmake/ament_cmake_export_targets-extras.cmake
[3.243s] -- Installing: /home/drawmemaybe/DrawMeMaybe/ros2_ws/install/srdfdom/share/srdfdom/cmake/ament_cmake_export_dependencies-extras.cmake
[3.243s] -- Installing: /home/drawmemaybe/DrawMeMaybe/ros2_ws/install/srdfdom/share/srdfdom/cmake/srdfdomConfig.cmake
[3.243s] -- Installing: /home/drawmemaybe/DrawMeMaybe/ros2_ws/install/srdfdom/share/srdfdom/cmake/srdfdomConfig-version.cmake
[3.243s] -- Installing: /home/drawmemaybe/DrawMeMaybe/ros2_ws/install/srdfdom/share/srdfdom/package.xml
[3.245s] Invoked command in '/home/drawmemaybe/DrawMeMaybe/ros2_ws/build/srdfdom' returned '0': CMAKE_PREFIX_PATH=/opt/ros/humble /usr/bin/cmake --install /home/drawmemaybe/DrawMeMaybe/ros2_ws/build/srdfdom
