[0.022s] Invoking command in '/home/drawmemaybe/DrawMeMaybe/ros2_ws/build/srdfdom': CMAKE_PREFIX_PATH=${CMAKE_PREFIX_PATH}:/home/drawmemaybe/DrawMeMaybe/ros2_ws/install/moveit_configs_utils:/home/drawmemaybe/DrawMeMaybe/ros2_ws/install/my_sample_pkg_python:/home/drawmemaybe/DrawMeMaybe/ros2_ws/install/launch_param_builder:/opt/ros/humble /usr/bin/cmake --build /home/drawmemaybe/DrawMeMaybe/ros2_ws/build/srdfdom -- -j24 -l24
[0.236s] [ 36%] Built target gtest_main
[0.236s] [ 36%] Built target gtest
[0.236s] [ 63%] Built target srdfdom
[0.236s] [ 63%] Built target ament_cmake_python_copy_srdfdom
[0.236s] [ 81%] Built target test_cpp_C
[0.236s] [100%] Built target test_cpp_nl_NL.UTF-8
[0.236s] running egg_info
[0.236s] writing srdfdom.egg-info/PKG-INFO
[0.236s] writing dependency_links to srdfdom.egg-info/dependency_links.txt
[0.236s] writing top-level names to srdfdom.egg-info/top_level.txt
[0.236s] reading manifest file 'srdfdom.egg-info/SOURCES.txt'
[0.236s] writing manifest file 'srdfdom.egg-info/SOURCES.txt'
[0.236s] [100%] Built target ament_cmake_python_build_srdfdom_egg
[0.246s] Invoked command in '/home/drawmemaybe/DrawMeMaybe/ros2_ws/build/srdfdom' returned '0': CMAKE_PREFIX_PATH=${CMAKE_PREFIX_PATH}:/home/drawmemaybe/DrawMeMaybe/ros2_ws/install/moveit_configs_utils:/home/drawmemaybe/DrawMeMaybe/ros2_ws/install/my_sample_pkg_python:/home/drawmemaybe/DrawMeMaybe/ros2_ws/install/launch_param_builder:/opt/ros/humble /usr/bin/cmake --build /home/drawmemaybe/DrawMeMaybe/ros2_ws/build/srdfdom -- -j24 -l24
[0.247s] Invoking command in '/home/drawmemaybe/DrawMeMaybe/ros2_ws/build/srdfdom': CMAKE_PREFIX_PATH=${CMAKE_PREFIX_PATH}:/home/drawmemaybe/DrawMeMaybe/ros2_ws/install/moveit_configs_utils:/home/drawmemaybe/DrawMeMaybe/ros2_ws/install/my_sample_pkg_python:/home/drawmemaybe/DrawMeMaybe/ros2_ws/install/launch_param_builder:/opt/ros/humble /usr/bin/cmake --install /home/drawmemaybe/DrawMeMaybe/ros2_ws/build/srdfdom
[0.259s] -- Install configuration: ""
[0.259s] -- Up-to-date: /home/drawmemaybe/DrawMeMaybe/ros2_ws/install/srdfdom/lib/libsrdfdom.so.2.0.8
[0.260s] -- Up-to-date: /home/drawmemaybe/DrawMeMaybe/ros2_ws/install/srdfdom/lib/libsrdfdom.so
[0.260s] -- Up-to-date: /home/drawmemaybe/DrawMeMaybe/ros2_ws/install/srdfdom/include/srdfdom
[0.260s] -- Up-to-date: /home/drawmemaybe/DrawMeMaybe/ros2_ws/install/srdfdom/include/srdfdom/srdfdom
[0.260s] -- Up-to-date: /home/drawmemaybe/DrawMeMaybe/ros2_ws/install/srdfdom/include/srdfdom/srdfdom/model.h
[0.260s] -- Up-to-date: /home/drawmemaybe/DrawMeMaybe/ros2_ws/install/srdfdom/include/srdfdom/srdfdom/srdf_writer.h
[0.260s] -- Up-to-date: /home/drawmemaybe/DrawMeMaybe/ros2_ws/install/srdfdom/include/srdfdom/srdfdom/visibility_control.h
[0.260s] -- Up-to-date: /home/drawmemaybe/DrawMeMaybe/ros2_ws/install/srdfdom/lib/srdfdom/display_srdf
[0.260s] -- Up-to-date: /home/drawmemaybe/DrawMeMaybe/ros2_ws/install/srdfdom/share/srdfdom/environment/pythonpath.sh
[0.260s] -- Up-to-date: /home/drawmemaybe/DrawMeMaybe/ros2_ws/install/srdfdom/share/srdfdom/environment/pythonpath.dsv
[0.260s] -- Up-to-date: /home/drawmemaybe/DrawMeMaybe/ros2_ws/install/srdfdom/local/lib/python3.10/dist-packages/srdfdom-2.0.8-py3.10.egg-info
[0.261s] -- Installing: /home/drawmemaybe/DrawMeMaybe/ros2_ws/install/srdfdom/local/lib/python3.10/dist-packages/srdfdom-2.0.8-py3.10.egg-info/dependency_links.txt
[0.261s] -- Installing: /home/drawmemaybe/DrawMeMaybe/ros2_ws/install/srdfdom/local/lib/python3.10/dist-packages/srdfdom-2.0.8-py3.10.egg-info/PKG-INFO
[0.261s] -- Installing: /home/drawmemaybe/DrawMeMaybe/ros2_ws/install/srdfdom/local/lib/python3.10/dist-packages/srdfdom-2.0.8-py3.10.egg-info/top_level.txt
[0.261s] -- Installing: /home/drawmemaybe/DrawMeMaybe/ros2_ws/install/srdfdom/local/lib/python3.10/dist-packages/srdfdom-2.0.8-py3.10.egg-info/SOURCES.txt
[0.261s] -- Up-to-date: /home/drawmemaybe/DrawMeMaybe/ros2_ws/install/srdfdom/local/lib/python3.10/dist-packages/srdfdom
[0.261s] -- Up-to-date: /home/drawmemaybe/DrawMeMaybe/ros2_ws/install/srdfdom/local/lib/python3.10/dist-packages/srdfdom/__init__.py
[0.261s] -- Up-to-date: /home/drawmemaybe/DrawMeMaybe/ros2_ws/install/srdfdom/local/lib/python3.10/dist-packages/srdfdom/srdf.py
[0.266s] Listing '/home/drawmemaybe/DrawMeMaybe/ros2_ws/install/srdfdom/local/lib/python3.10/dist-packages/srdfdom'...
[0.269s] -- Up-to-date: /home/drawmemaybe/DrawMeMaybe/ros2_ws/install/srdfdom/share/srdfdom/environment/library_path.sh
[0.269s] -- Up-to-date: /home/drawmemaybe/DrawMeMaybe/ros2_ws/install/srdfdom/share/srdfdom/environment/library_path.dsv
[0.269s] -- Up-to-date: /home/drawmemaybe/DrawMeMaybe/ros2_ws/install/srdfdom/share/ament_index/resource_index/package_run_dependencies/srdfdom
[0.269s] -- Up-to-date: /home/drawmemaybe/DrawMeMaybe/ros2_ws/install/srdfdom/share/ament_index/resource_index/parent_prefix_path/srdfdom
[0.269s] -- Up-to-date: /home/drawmemaybe/DrawMeMaybe/ros2_ws/install/srdfdom/share/srdfdom/environment/ament_prefix_path.sh
[0.269s] -- Up-to-date: /home/drawmemaybe/DrawMeMaybe/ros2_ws/install/srdfdom/share/srdfdom/environment/ament_prefix_path.dsv
[0.269s] -- Up-to-date: /home/drawmemaybe/DrawMeMaybe/ros2_ws/install/srdfdom/share/srdfdom/environment/path.sh
[0.269s] -- Up-to-date: /home/drawmemaybe/DrawMeMaybe/ros2_ws/install/srdfdom/share/srdfdom/environment/path.dsv
[0.269s] -- Up-to-date: /home/drawmemaybe/DrawMeMaybe/ros2_ws/install/srdfdom/share/srdfdom/local_setup.bash
[0.269s] -- Up-to-date: /home/drawmemaybe/DrawMeMaybe/ros2_ws/install/srdfdom/share/srdfdom/local_setup.sh
[0.269s] -- Up-to-date: /home/drawmemaybe/DrawMeMaybe/ros2_ws/install/srdfdom/share/srdfdom/local_setup.zsh
[0.269s] -- Up-to-date: /home/drawmemaybe/DrawMeMaybe/ros2_ws/install/srdfdom/share/srdfdom/local_setup.dsv
[0.269s] -- Installing: /home/drawmemaybe/DrawMeMaybe/ros2_ws/install/srdfdom/share/srdfdom/package.dsv
[0.269s] -- Up-to-date: /home/drawmemaybe/DrawMeMaybe/ros2_ws/install/srdfdom/share/ament_index/resource_index/packages/srdfdom
[0.269s] -- Up-to-date: /home/drawmemaybe/DrawMeMaybe/ros2_ws/install/srdfdom/share/srdfdom/cmake/srdfdomTargetsExport.cmake
[0.269s] -- Up-to-date: /home/drawmemaybe/DrawMeMaybe/ros2_ws/install/srdfdom/share/srdfdom/cmake/srdfdomTargetsExport-noconfig.cmake
[0.269s] -- Up-to-date: /home/drawmemaybe/DrawMeMaybe/ros2_ws/install/srdfdom/share/srdfdom/cmake/ament_cmake_export_targets-extras.cmake
[0.269s] -- Up-to-date: /home/drawmemaybe/DrawMeMaybe/ros2_ws/install/srdfdom/share/srdfdom/cmake/ament_cmake_export_dependencies-extras.cmake
[0.269s] -- Up-to-date: /home/drawmemaybe/DrawMeMaybe/ros2_ws/install/srdfdom/share/srdfdom/cmake/srdfdomConfig.cmake
[0.269s] -- Up-to-date: /home/drawmemaybe/DrawMeMaybe/ros2_ws/install/srdfdom/share/srdfdom/cmake/srdfdomConfig-version.cmake
[0.269s] -- Up-to-date: /home/drawmemaybe/DrawMeMaybe/ros2_ws/install/srdfdom/share/srdfdom/package.xml
[0.299s] Invoked command in '/home/drawmemaybe/DrawMeMaybe/ros2_ws/build/srdfdom' returned '0': CMAKE_PREFIX_PATH=${CMAKE_PREFIX_PATH}:/home/drawmemaybe/DrawMeMaybe/ros2_ws/install/moveit_configs_utils:/home/drawmemaybe/DrawMeMaybe/ros2_ws/install/my_sample_pkg_python:/home/drawmemaybe/DrawMeMaybe/ros2_ws/install/launch_param_builder:/opt/ros/humble /usr/bin/cmake --install /home/drawmemaybe/DrawMeMaybe/ros2_ws/build/srdfdom
