[0.206s] Invoking command in '/home/drawmemaybe/DrawMeMaybe/ros2_ws/build/rosparam_shortcuts': CMAKE_PREFIX_PATH=/opt/ros/humble /usr/bin/cmake /home/drawmemaybe/DrawMeMaybe/ros2_ws/src/rosparam_shortcuts -DCMAKE_INSTALL_PREFIX=/home/drawmemaybe/DrawMeMaybe/ros2_ws/install/rosparam_shortcuts
[0.228s] -- The C compiler identification is GNU 11.4.0
[0.252s] -- The CXX compiler identification is GNU 11.4.0
[0.255s] -- Detecting C compiler ABI info
[0.283s] -- Detecting C compiler ABI info - done
[0.286s] -- Check for working C compiler: /usr/bin/cc - skipped
[0.286s] -- Detecting C compile features
[0.286s] -- Detecting C compile features - done
[0.288s] -- Detecting CXX compiler ABI info
[0.322s] -- Detecting CXX compiler ABI info - done
[0.325s] -- Check for working CXX compiler: /usr/bin/c++ - skipped
[0.325s] -- Detecting CXX compile features
[0.325s] -- Detecting CXX compile features - done
[0.326s] -- Found ament_cmake: 1.3.12 (/opt/ros/humble/share/ament_cmake/cmake)
[0.396s] -- Found Python3: /usr/bin/python3 (found version "3.10.12") found components: Interpreter 
[0.435s] -- Found eigen3_cmake_module: 0.1.1 (/opt/ros/humble/share/eigen3_cmake_module/cmake)
[0.439s] -- Found Eigen3: TRUE (found version "3.4.0") 
[0.440s] -- Found geometry_msgs: 4.9.0 (/opt/ros/humble/share/geometry_msgs/cmake)
[0.454s] -- Found rosidl_generator_c: 3.1.7 (/opt/ros/humble/share/rosidl_generator_c/cmake)
[0.455s] -- Found rosidl_adapter: 3.1.7 (/opt/ros/humble/share/rosidl_adapter/cmake)
[0.458s] -- Found rosidl_generator_cpp: 3.1.7 (/opt/ros/humble/share/rosidl_generator_cpp/cmake)
[0.463s] -- Using all available rosidl_typesupport_c: rosidl_typesupport_fastrtps_c;rosidl_typesupport_introspection_c
[0.469s] -- Using all available rosidl_typesupport_cpp: rosidl_typesupport_fastrtps_cpp;rosidl_typesupport_introspection_cpp
[0.484s] -- Found rclcpp: 16.0.16 (/opt/ros/humble/share/rclcpp/cmake)
[0.510s] -- Found rmw_implementation_cmake: 6.1.2 (/opt/ros/humble/share/rmw_implementation_cmake/cmake)
[0.512s] -- Found rmw_fastrtps_cpp: 6.2.9 (/opt/ros/humble/share/rmw_fastrtps_cpp/cmake)
[0.551s] -- Found OpenSSL: /usr/lib/x86_64-linux-gnu/libcrypto.so (found version "3.0.2")  
[0.562s] -- Found FastRTPS: /opt/ros/humble/include  
[0.580s] -- Using RMW implementation 'rmw_fastrtps_cpp' as default
[0.586s] -- Looking for pthread.h
[0.621s] -- Looking for pthread.h - found
[0.621s] -- Performing Test CMAKE_HAVE_LIBC_PTHREAD
[0.651s] -- Performing Test CMAKE_HAVE_LIBC_PTHREAD - Success
[0.652s] -- Found Threads: TRUE  
[0.676s] -- Found tf2_eigen: 0.25.17 (/opt/ros/humble/share/tf2_eigen/cmake)
[0.732s] -- Found ament_lint_auto: 0.12.14 (/opt/ros/humble/share/ament_lint_auto/cmake)
[0.733s] -- Found ament_cmake_gtest: 1.3.12 (/opt/ros/humble/share/ament_cmake_gtest/cmake)
[0.733s] -- Found ros_testing: 0.4.0 (/opt/ros/humble/share/ros_testing/cmake)
[0.734s] -- Found launch_testing_ament_cmake: 1.0.13 (/opt/ros/humble/share/launch_testing_ament_cmake/cmake)
[0.736s] -- Found python_cmake_module: 0.10.0 (/opt/ros/humble/share/python_cmake_module/cmake)
[0.746s] -- Found PythonInterp: /usr/bin/python3 (found suitable version "3.10.12", minimum required is "3.6") 
[0.749s] -- Found PythonLibs: /usr/lib/x86_64-linux-gnu/libpython3.10.so (found suitable version "3.10.12", minimum required is "3.5") 
[0.749s] -- Using PYTHON_EXECUTABLE: /usr/bin/python3
[0.749s] -- Using PYTHON_INCLUDE_DIRS: /usr/include/python3.10
[0.749s] -- Using PYTHON_LIBRARIES: /usr/lib/x86_64-linux-gnu/libpython3.10.so
[0.759s] -- Found PythonExtra: .so  
[0.792s] -- Found gtest sources under '/opt/ros/humble/src/gtest_vendor': C++ tests using 'Google Test' will be built
[0.796s] -- Added test 'copyright' to check source files copyright and LICENSE
[0.796s] -- Added test 'lint_cmake' to check CMake code style
[0.797s] -- Added test 'pep257' to check Python code against some of the docstring style conventions in PEP 257
[0.797s] -- Added test 'xmllint' to check XML markup files
[0.797s] -- Configuring done
[0.807s] -- Generating done
[0.810s] -- Build files have been written to: /home/drawmemaybe/DrawMeMaybe/ros2_ws/build/rosparam_shortcuts
[0.817s] Invoked command in '/home/drawmemaybe/DrawMeMaybe/ros2_ws/build/rosparam_shortcuts' returned '0': CMAKE_PREFIX_PATH=/opt/ros/humble /usr/bin/cmake /home/drawmemaybe/DrawMeMaybe/ros2_ws/src/rosparam_shortcuts -DCMAKE_INSTALL_PREFIX=/home/drawmemaybe/DrawMeMaybe/ros2_ws/install/rosparam_shortcuts
[0.818s] Invoking command in '/home/drawmemaybe/DrawMeMaybe/ros2_ws/build/rosparam_shortcuts': CMAKE_PREFIX_PATH=/opt/ros/humble /usr/bin/cmake --build /home/drawmemaybe/DrawMeMaybe/ros2_ws/build/rosparam_shortcuts -- -j24 -l24
[0.837s] [  7%] [32mBuilding CXX object gtest/CMakeFiles/gtest.dir/src/gtest-all.cc.o[0m
[0.837s] [ 15%] [32mBuilding CXX object CMakeFiles/rosparam_shortcuts.dir/src/rosparam_shortcuts.cpp.o[0m
[0.838s] [ 23%] [32mBuilding CXX object gtest/CMakeFiles/gtest_main.dir/src/gtest_main.cc.o[0m
[0.838s] [ 30%] [32mBuilding CXX object CMakeFiles/rosparam_shortcuts.dir/src/node_parameters.cpp.o[0m
[1.177s] [ 38%] [32m[1mLinking CXX static library libgtest_main.a[0m
[1.188s] [ 38%] Built target gtest_main
[2.240s] [ 46%] [32m[1mLinking CXX static library libgtest.a[0m
[2.285s] [ 46%] Built target gtest
[3.826s] [ 53%] [32m[1mLinking CXX shared library librosparam_shortcuts.so[0m
[3.885s] [ 53%] Built target rosparam_shortcuts
[3.893s] [ 61%] [32mBuilding CXX object CMakeFiles/rosparam_shortcuts_example.dir/src/example.cpp.o[0m
[3.893s] [ 69%] [32mBuilding CXX object CMakeFiles/test_node_parameters.dir/test/test_node_parameters.cpp.o[0m
[3.894s] [ 76%] [32mBuilding CXX object CMakeFiles/rosparam_shortcuts_node_parameters_example.dir/src/node_parameters_example.cpp.o[0m
[5.552s] [ 84%] [32m[1mLinking CXX executable node_parameters_example[0m
[5.565s] [ 92%] [32m[1mLinking CXX executable example[0m
[5.613s] [ 92%] Built target rosparam_shortcuts_node_parameters_example
[5.625s] [ 92%] Built target rosparam_shortcuts_example
[6.341s] [100%] [32m[1mLinking CXX executable test_node_parameters[0m
[6.437s] [100%] Built target test_node_parameters
[6.442s] Invoked command in '/home/drawmemaybe/DrawMeMaybe/ros2_ws/build/rosparam_shortcuts' returned '0': CMAKE_PREFIX_PATH=/opt/ros/humble /usr/bin/cmake --build /home/drawmemaybe/DrawMeMaybe/ros2_ws/build/rosparam_shortcuts -- -j24 -l24
[6.443s] Invoking command in '/home/drawmemaybe/DrawMeMaybe/ros2_ws/build/rosparam_shortcuts': CMAKE_PREFIX_PATH=/opt/ros/humble /usr/bin/cmake --install /home/drawmemaybe/DrawMeMaybe/ros2_ws/build/rosparam_shortcuts
[6.446s] -- Install configuration: ""
[6.446s] -- Installing: /home/drawmemaybe/DrawMeMaybe/ros2_ws/install/rosparam_shortcuts/lib/librosparam_shortcuts.so
[6.447s] -- Set runtime path of "/home/drawmemaybe/DrawMeMaybe/ros2_ws/install/rosparam_shortcuts/lib/librosparam_shortcuts.so" to ""
[6.447s] -- Installing: /home/drawmemaybe/DrawMeMaybe/ros2_ws/install/rosparam_shortcuts/lib/rosparam_shortcuts/example
[6.447s] -- Set runtime path of "/home/drawmemaybe/DrawMeMaybe/ros2_ws/install/rosparam_shortcuts/lib/rosparam_shortcuts/example" to ""
[6.447s] -- Installing: /home/drawmemaybe/DrawMeMaybe/ros2_ws/install/rosparam_shortcuts/lib/rosparam_shortcuts/node_parameters_example
[6.447s] -- Set runtime path of "/home/drawmemaybe/DrawMeMaybe/ros2_ws/install/rosparam_shortcuts/lib/rosparam_shortcuts/node_parameters_example" to ""
[6.447s] -- Installing: /home/drawmemaybe/DrawMeMaybe/ros2_ws/install/rosparam_shortcuts/include
[6.447s] -- Installing: /home/drawmemaybe/DrawMeMaybe/ros2_ws/install/rosparam_shortcuts/include/rosparam_shortcuts
[6.447s] -- Installing: /home/drawmemaybe/DrawMeMaybe/ros2_ws/install/rosparam_shortcuts/include/rosparam_shortcuts/node_parameters.h
[6.447s] -- Installing: /home/drawmemaybe/DrawMeMaybe/ros2_ws/install/rosparam_shortcuts/include/rosparam_shortcuts/rosparam_shortcuts.h
[6.447s] -- Installing: /home/drawmemaybe/DrawMeMaybe/ros2_ws/install/rosparam_shortcuts/share/rosparam_shortcuts/launch
[6.447s] -- Installing: /home/drawmemaybe/DrawMeMaybe/ros2_ws/install/rosparam_shortcuts/share/rosparam_shortcuts/launch/example.launch.py
[6.447s] -- Installing: /home/drawmemaybe/DrawMeMaybe/ros2_ws/install/rosparam_shortcuts/share/rosparam_shortcuts/config
[6.447s] -- Installing: /home/drawmemaybe/DrawMeMaybe/ros2_ws/install/rosparam_shortcuts/share/rosparam_shortcuts/config/example.yaml
[6.447s] -- Installing: /home/drawmemaybe/DrawMeMaybe/ros2_ws/install/rosparam_shortcuts/share/rosparam_shortcuts/environment/library_path.sh
[6.447s] -- Installing: /home/drawmemaybe/DrawMeMaybe/ros2_ws/install/rosparam_shortcuts/share/rosparam_shortcuts/environment/library_path.dsv
[6.447s] -- Installing: /home/drawmemaybe/DrawMeMaybe/ros2_ws/install/rosparam_shortcuts/share/ament_index/resource_index/package_run_dependencies/rosparam_shortcuts
[6.447s] -- Installing: /home/drawmemaybe/DrawMeMaybe/ros2_ws/install/rosparam_shortcuts/share/ament_index/resource_index/parent_prefix_path/rosparam_shortcuts
[6.447s] -- Installing: /home/drawmemaybe/DrawMeMaybe/ros2_ws/install/rosparam_shortcuts/share/rosparam_shortcuts/environment/ament_prefix_path.sh
[6.447s] -- Installing: /home/drawmemaybe/DrawMeMaybe/ros2_ws/install/rosparam_shortcuts/share/rosparam_shortcuts/environment/ament_prefix_path.dsv
[6.448s] -- Installing: /home/drawmemaybe/DrawMeMaybe/ros2_ws/install/rosparam_shortcuts/share/rosparam_shortcuts/environment/path.sh
[6.448s] -- Installing: /home/drawmemaybe/DrawMeMaybe/ros2_ws/install/rosparam_shortcuts/share/rosparam_shortcuts/environment/path.dsv
[6.448s] -- Installing: /home/drawmemaybe/DrawMeMaybe/ros2_ws/install/rosparam_shortcuts/share/rosparam_shortcuts/local_setup.bash
[6.448s] -- Installing: /home/drawmemaybe/DrawMeMaybe/ros2_ws/install/rosparam_shortcuts/share/rosparam_shortcuts/local_setup.sh
[6.448s] -- Installing: /home/drawmemaybe/DrawMeMaybe/ros2_ws/install/rosparam_shortcuts/share/rosparam_shortcuts/local_setup.zsh
[6.448s] -- Installing: /home/drawmemaybe/DrawMeMaybe/ros2_ws/install/rosparam_shortcuts/share/rosparam_shortcuts/local_setup.dsv
[6.448s] -- Installing: /home/drawmemaybe/DrawMeMaybe/ros2_ws/install/rosparam_shortcuts/share/rosparam_shortcuts/package.dsv
[6.448s] -- Installing: /home/drawmemaybe/DrawMeMaybe/ros2_ws/install/rosparam_shortcuts/share/ament_index/resource_index/packages/rosparam_shortcuts
[6.448s] -- Installing: /home/drawmemaybe/DrawMeMaybe/ros2_ws/install/rosparam_shortcuts/share/rosparam_shortcuts/cmake/export_rosparam_shortcutsExport.cmake
[6.448s] -- Installing: /home/drawmemaybe/DrawMeMaybe/ros2_ws/install/rosparam_shortcuts/share/rosparam_shortcuts/cmake/export_rosparam_shortcutsExport-noconfig.cmake
[6.448s] -- Installing: /home/drawmemaybe/DrawMeMaybe/ros2_ws/install/rosparam_shortcuts/share/rosparam_shortcuts/cmake/ament_cmake_export_targets-extras.cmake
[6.448s] -- Installing: /home/drawmemaybe/DrawMeMaybe/ros2_ws/install/rosparam_shortcuts/share/rosparam_shortcuts/cmake/ament_cmake_export_dependencies-extras.cmake
[6.448s] -- Installing: /home/drawmemaybe/DrawMeMaybe/ros2_ws/install/rosparam_shortcuts/share/rosparam_shortcuts/cmake/rosparam_shortcutsConfig.cmake
[6.448s] -- Installing: /home/drawmemaybe/DrawMeMaybe/ros2_ws/install/rosparam_shortcuts/share/rosparam_shortcuts/cmake/rosparam_shortcutsConfig-version.cmake
[6.448s] -- Installing: /home/drawmemaybe/DrawMeMaybe/ros2_ws/install/rosparam_shortcuts/share/rosparam_shortcuts/package.xml
[6.449s] Invoked command in '/home/drawmemaybe/DrawMeMaybe/ros2_ws/build/rosparam_shortcuts' returned '0': CMAKE_PREFIX_PATH=/opt/ros/humble /usr/bin/cmake --install /home/drawmemaybe/DrawMeMaybe/ros2_ws/build/rosparam_shortcuts
