[0.227s] Invoking command in '/home/drawmemaybe/DrawMeMaybe/ros2_ws/build/rosparam_shortcuts': CMAKE_PREFIX_PATH=${CMAKE_PREFIX_PATH}:/home/drawmemaybe/DrawMeMaybe/ros2_ws/install/moveit_configs_utils:/home/drawmemaybe/DrawMeMaybe/ros2_ws/install/my_sample_pkg_python:/home/drawmemaybe/DrawMeMaybe/ros2_ws/install/launch_param_builder:/opt/ros/humble /usr/bin/cmake --build /home/drawmemaybe/DrawMeMaybe/ros2_ws/build/rosparam_shortcuts -- -j24 -l24
[0.254s] [ 15%] Built target gtest_main
[0.255s] [ 30%] Built target gtest
[0.256s] [ 53%] Built target rosparam_shortcuts
[0.270s] [ 69%] Built target rosparam_shortcuts_example
[0.271s] [ 84%] Built target test_node_parameters
[0.271s] [100%] Built target rosparam_shortcuts_node_parameters_example
[0.291s] Invoked command in '/home/drawmemaybe/DrawMeMaybe/ros2_ws/build/rosparam_shortcuts' returned '0': CMAKE_PREFIX_PATH=${CMAKE_PREFIX_PATH}:/home/drawmemaybe/DrawMeMaybe/ros2_ws/install/moveit_configs_utils:/home/drawmemaybe/DrawMeMaybe/ros2_ws/install/my_sample_pkg_python:/home/drawmemaybe/DrawMeMaybe/ros2_ws/install/launch_param_builder:/opt/ros/humble /usr/bin/cmake --build /home/drawmemaybe/DrawMeMaybe/ros2_ws/build/rosparam_shortcuts -- -j24 -l24
[0.291s] Invoking command in '/home/drawmemaybe/DrawMeMaybe/ros2_ws/build/rosparam_shortcuts': CMAKE_PREFIX_PATH=${CMAKE_PREFIX_PATH}:/home/drawmemaybe/DrawMeMaybe/ros2_ws/install/moveit_configs_utils:/home/drawmemaybe/DrawMeMaybe/ros2_ws/install/my_sample_pkg_python:/home/drawmemaybe/DrawMeMaybe/ros2_ws/install/launch_param_builder:/opt/ros/humble /usr/bin/cmake --install /home/drawmemaybe/DrawMeMaybe/ros2_ws/build/rosparam_shortcuts
[0.297s] -- Install configuration: ""
[0.299s] -- Up-to-date: /home/drawmemaybe/DrawMeMaybe/ros2_ws/install/rosparam_shortcuts/lib/librosparam_shortcuts.so
[0.299s] -- Up-to-date: /home/drawmemaybe/DrawMeMaybe/ros2_ws/install/rosparam_shortcuts/lib/rosparam_shortcuts/example
[0.299s] -- Up-to-date: /home/drawmemaybe/DrawMeMaybe/ros2_ws/install/rosparam_shortcuts/lib/rosparam_shortcuts/node_parameters_example
[0.299s] -- Up-to-date: /home/drawmemaybe/DrawMeMaybe/ros2_ws/install/rosparam_shortcuts/include
[0.299s] -- Up-to-date: /home/drawmemaybe/DrawMeMaybe/ros2_ws/install/rosparam_shortcuts/include/rosparam_shortcuts
[0.299s] -- Up-to-date: /home/drawmemaybe/DrawMeMaybe/ros2_ws/install/rosparam_shortcuts/include/rosparam_shortcuts/node_parameters.h
[0.299s] -- Up-to-date: /home/drawmemaybe/DrawMeMaybe/ros2_ws/install/rosparam_shortcuts/include/rosparam_shortcuts/rosparam_shortcuts.h
[0.299s] -- Up-to-date: /home/drawmemaybe/DrawMeMaybe/ros2_ws/install/rosparam_shortcuts/share/rosparam_shortcuts/launch
[0.299s] -- Up-to-date: /home/drawmemaybe/DrawMeMaybe/ros2_ws/install/rosparam_shortcuts/share/rosparam_shortcuts/launch/example.launch.py
[0.299s] -- Up-to-date: /home/drawmemaybe/DrawMeMaybe/ros2_ws/install/rosparam_shortcuts/share/rosparam_shortcuts/config
[0.299s] -- Up-to-date: /home/drawmemaybe/DrawMeMaybe/ros2_ws/install/rosparam_shortcuts/share/rosparam_shortcuts/config/example.yaml
[0.299s] -- Up-to-date: /home/drawmemaybe/DrawMeMaybe/ros2_ws/install/rosparam_shortcuts/share/rosparam_shortcuts/environment/library_path.sh
[0.299s] -- Up-to-date: /home/drawmemaybe/DrawMeMaybe/ros2_ws/install/rosparam_shortcuts/share/rosparam_shortcuts/environment/library_path.dsv
[0.300s] -- Up-to-date: /home/drawmemaybe/DrawMeMaybe/ros2_ws/install/rosparam_shortcuts/share/ament_index/resource_index/package_run_dependencies/rosparam_shortcuts
[0.300s] -- Up-to-date: /home/drawmemaybe/DrawMeMaybe/ros2_ws/install/rosparam_shortcuts/share/ament_index/resource_index/parent_prefix_path/rosparam_shortcuts
[0.300s] -- Up-to-date: /home/drawmemaybe/DrawMeMaybe/ros2_ws/install/rosparam_shortcuts/share/rosparam_shortcuts/environment/ament_prefix_path.sh
[0.300s] -- Up-to-date: /home/drawmemaybe/DrawMeMaybe/ros2_ws/install/rosparam_shortcuts/share/rosparam_shortcuts/environment/ament_prefix_path.dsv
[0.300s] -- Up-to-date: /home/drawmemaybe/DrawMeMaybe/ros2_ws/install/rosparam_shortcuts/share/rosparam_shortcuts/environment/path.sh
[0.300s] -- Up-to-date: /home/drawmemaybe/DrawMeMaybe/ros2_ws/install/rosparam_shortcuts/share/rosparam_shortcuts/environment/path.dsv
[0.300s] -- Up-to-date: /home/drawmemaybe/DrawMeMaybe/ros2_ws/install/rosparam_shortcuts/share/rosparam_shortcuts/local_setup.bash
[0.300s] -- Up-to-date: /home/drawmemaybe/DrawMeMaybe/ros2_ws/install/rosparam_shortcuts/share/rosparam_shortcuts/local_setup.sh
[0.300s] -- Up-to-date: /home/drawmemaybe/DrawMeMaybe/ros2_ws/install/rosparam_shortcuts/share/rosparam_shortcuts/local_setup.zsh
[0.300s] -- Up-to-date: /home/drawmemaybe/DrawMeMaybe/ros2_ws/install/rosparam_shortcuts/share/rosparam_shortcuts/local_setup.dsv
[0.300s] -- Installing: /home/drawmemaybe/DrawMeMaybe/ros2_ws/install/rosparam_shortcuts/share/rosparam_shortcuts/package.dsv
[0.300s] -- Up-to-date: /home/drawmemaybe/DrawMeMaybe/ros2_ws/install/rosparam_shortcuts/share/ament_index/resource_index/packages/rosparam_shortcuts
[0.300s] -- Up-to-date: /home/drawmemaybe/DrawMeMaybe/ros2_ws/install/rosparam_shortcuts/share/rosparam_shortcuts/cmake/export_rosparam_shortcutsExport.cmake
[0.300s] -- Up-to-date: /home/drawmemaybe/DrawMeMaybe/ros2_ws/install/rosparam_shortcuts/share/rosparam_shortcuts/cmake/export_rosparam_shortcutsExport-noconfig.cmake
[0.300s] -- Up-to-date: /home/drawmemaybe/DrawMeMaybe/ros2_ws/install/rosparam_shortcuts/share/rosparam_shortcuts/cmake/ament_cmake_export_targets-extras.cmake
[0.300s] -- Up-to-date: /home/drawmemaybe/DrawMeMaybe/ros2_ws/install/rosparam_shortcuts/share/rosparam_shortcuts/cmake/ament_cmake_export_dependencies-extras.cmake
[0.300s] -- Up-to-date: /home/drawmemaybe/DrawMeMaybe/ros2_ws/install/rosparam_shortcuts/share/rosparam_shortcuts/cmake/rosparam_shortcutsConfig.cmake
[0.300s] -- Up-to-date: /home/drawmemaybe/DrawMeMaybe/ros2_ws/install/rosparam_shortcuts/share/rosparam_shortcuts/cmake/rosparam_shortcutsConfig-version.cmake
[0.300s] -- Up-to-date: /home/drawmemaybe/DrawMeMaybe/ros2_ws/install/rosparam_shortcuts/share/rosparam_shortcuts/package.xml
[0.303s] Invoked command in '/home/drawmemaybe/DrawMeMaybe/ros2_ws/build/rosparam_shortcuts' returned '0': CMAKE_PREFIX_PATH=${CMAKE_PREFIX_PATH}:/home/drawmemaybe/DrawMeMaybe/ros2_ws/install/moveit_configs_utils:/home/drawmemaybe/DrawMeMaybe/ros2_ws/install/my_sample_pkg_python:/home/drawmemaybe/DrawMeMaybe/ros2_ws/install/launch_param_builder:/opt/ros/humble /usr/bin/cmake --install /home/drawmemaybe/DrawMeMaybe/ros2_ws/build/rosparam_shortcuts
