[0.004s] Invoking command in '/home/drawmemaybe/DrawMeMaybe/ros2_ws/build/moveit_core': AMENT_PREFIX_PATH=/home/drawmemaybe/DrawMeMaybe/ros2_ws/install/moveit_resources_panda_moveit_config:/home/drawmemaybe/DrawMeMaybe/ros2_ws/install/srdfdom:/home/drawmemaybe/DrawMeMaybe/ros2_ws/install/moveit_resources_pr2_description:/home/drawmemaybe/DrawMeMaybe/ros2_ws/install/moveit_resources_panda_description:/home/drawmemaybe/DrawMeMaybe/ros2_ws/install/moveit_common:${AMENT_PREFIX_PATH} CMAKE_PREFIX_PATH=/home/drawmemaybe/DrawMeMaybe/ros2_ws/install/moveit_resources_panda_moveit_config:/home/drawmemaybe/DrawMeMaybe/ros2_ws/install/srdfdom:/home/drawmemaybe/DrawMeMaybe/ros2_ws/install/moveit_resources_pr2_description:/home/drawmemaybe/DrawMeMaybe/ros2_ws/install/moveit_resources_panda_description:/home/drawmemaybe/DrawMeMaybe/ros2_ws/install/moveit_common:/opt/ros/humble LD_LIBRARY_PATH=/home/drawmemaybe/DrawMeMaybe/ros2_ws/install/srdfdom/lib:${LD_LIBRARY_PATH} PYTHONPATH=/home/drawmemaybe/DrawMeMaybe/ros2_ws/install/srdfdom/local/lib/python3.10/dist-packages:${PYTHONPATH} /usr/bin/cmake /home/drawmemaybe/DrawMeMaybe/ros2_ws/src/moveit2/moveit_core -DCMAKE_INSTALL_PREFIX=/home/drawmemaybe/DrawMeMaybe/ros2_ws/install/moveit_core
[0.030s] -- The CXX compiler identification is GNU 11.4.0
[0.033s] -- Detecting CXX compiler ABI info
[0.067s] -- Detecting CXX compiler ABI info - done
[0.070s] -- Check for working CXX compiler: /usr/bin/c++ - skipped
[0.070s] -- Detecting CXX compile features
[0.070s] -- Detecting CXX compile features - done
[0.071s] -- Found moveit_common: 2.5.9 (/home/drawmemaybe/DrawMeMaybe/ros2_ws/install/moveit_common/share/moveit_common/cmake)
[0.072s] -- Found ament_cmake: 1.3.12 (/opt/ros/humble/share/ament_cmake/cmake)
[0.138s] -- Found Python3: /usr/bin/python3 (found version "3.10.12") found components: Interpreter 
[0.208s] [0mmoveit_core: You did not request a specific build type: Choosing 'Release' for maximum performance[0m
[0.209s] -- Found angles: 1.15.0 (/opt/ros/humble/share/angles/cmake)
[0.220s] -- Found Bullet: /usr/lib/x86_64-linux-gnu/libBulletDynamics.so (Required is at least version "2.87") 
[0.221s] -- Found common_interfaces: 4.9.0 (/opt/ros/humble/share/common_interfaces/cmake)
[0.222s] -- Found eigen_stl_containers: 1.1.0 (/opt/ros/humble/share/eigen_stl_containers/cmake)
[0.227s] -- Found eigen3_cmake_module: 0.1.1 (/opt/ros/humble/share/eigen3_cmake_module/cmake)
[0.228s] -- Found Eigen3: TRUE (found version "3.4.0") 
[0.231s] -- Found generate_parameter_library: 0.5.0 (/opt/ros/humble/share/generate_parameter_library/cmake)
[0.233s] -- Found parameter_traits: 0.5.0 (/opt/ros/humble/share/parameter_traits/cmake)
[0.249s] -- Found rosidl_generator_c: 3.1.7 (/opt/ros/humble/share/rosidl_generator_c/cmake)
[0.251s] -- Found rosidl_adapter: 3.1.7 (/opt/ros/humble/share/rosidl_adapter/cmake)
[0.254s] -- Found rosidl_generator_cpp: 3.1.7 (/opt/ros/humble/share/rosidl_generator_cpp/cmake)
[0.259s] -- Using all available rosidl_typesupport_c: rosidl_typesupport_fastrtps_c;rosidl_typesupport_introspection_c
[0.265s] -- Using all available rosidl_typesupport_cpp: rosidl_typesupport_fastrtps_cpp;rosidl_typesupport_introspection_cpp
[0.283s] -- Found rmw_implementation_cmake: 6.1.2 (/opt/ros/humble/share/rmw_implementation_cmake/cmake)
[0.284s] -- Found rmw_fastrtps_cpp: 6.2.9 (/opt/ros/humble/share/rmw_fastrtps_cpp/cmake)
[0.319s] -- Found OpenSSL: /usr/lib/x86_64-linux-gnu/libcrypto.so (found version "3.0.2")  
[0.330s] -- Found FastRTPS: /opt/ros/humble/include  
[0.345s] -- Using RMW implementation 'rmw_fastrtps_cpp' as default
[0.349s] -- Looking for C++ include pthread.h
[0.396s] -- Looking for C++ include pthread.h - found
[0.396s] -- Performing Test CMAKE_HAVE_LIBC_PTHREAD
[0.440s] -- Performing Test CMAKE_HAVE_LIBC_PTHREAD - Success
[0.441s] -- Found Threads: TRUE  
[0.469s] -- Found rclcpp_lifecycle: 16.0.16 (/opt/ros/humble/share/rclcpp_lifecycle/cmake)
[0.482s] -- Found geometric_shapes: 2.3.2 (/opt/ros/humble/share/geometric_shapes/cmake)
[0.487s] -- Found Boost: /usr/lib/x86_64-linux-gnu/cmake/Boost-1.74.0/BoostConfig.cmake (found version "1.74.0") found components: filesystem 
[0.529s] -- library: /usr/lib/x86_64-linux-gnu/libcurl.so
[0.552s] -- Found kdl_parser: 2.6.4 (/opt/ros/humble/share/kdl_parser/cmake)
[0.557s] -- Ensuring Eigen3 include directory is part of orocos-kdl CMake target
[0.559s] -- Found moveit_msgs: 2.2.1 (/opt/ros/humble/share/moveit_msgs/cmake)
[0.602s] -- Found pluginlib: 5.1.2 (/opt/ros/humble/share/pluginlib/cmake)
[0.611s] -- Found srdfdom: 2.0.8 (/home/drawmemaybe/DrawMeMaybe/ros2_ws/install/srdfdom/share/srdfdom/cmake)
[0.616s] -- Found tf2_eigen: 0.25.17 (/opt/ros/humble/share/tf2_eigen/cmake)
[0.644s] -- Found tf2_geometry_msgs: 0.25.17 (/opt/ros/humble/share/tf2_geometry_msgs/cmake)
[0.647s] -- Found tf2_kdl: 0.25.17 (/opt/ros/humble/share/tf2_kdl/cmake)
[0.666s] -- Found Boost: /usr/lib/x86_64-linux-gnu/cmake/Boost-1.74.0/BoostConfig.cmake (found version "1.74.0") found components: chrono date_time filesystem iostreams program_options regex serialization system thread 
[0.667s] --  *** Building MoveIt 2.5.9-Alpha ***
[0.669s] -- Performing Test COMPILER_HAS_HIDDEN_VISIBILITY
[0.710s] -- Performing Test COMPILER_HAS_HIDDEN_VISIBILITY - Success
[0.711s] -- Performing Test COMPILER_HAS_HIDDEN_INLINE_VISIBILITY
[0.755s] -- Performing Test COMPILER_HAS_HIDDEN_INLINE_VISIBILITY - Success
[0.755s] -- Performing Test COMPILER_HAS_DEPRECATED_ATTR
[0.799s] -- Performing Test COMPILER_HAS_DEPRECATED_ATTR - Success
[0.802s] -- Found ament_cmake_gtest: 1.3.12 (/opt/ros/humble/share/ament_cmake_gtest/cmake)
[0.803s] -- Found gtest sources under '/opt/ros/humble/src/gtest_vendor': C++ tests using 'Google Test' will be built
[0.821s] -- The C compiler identification is GNU 11.4.0
[0.823s] -- Detecting C compiler ABI info
[0.860s] -- Detecting C compiler ABI info - done
[0.863s] -- Check for working C compiler: /usr/bin/cc - skipped
[0.863s] -- Detecting C compile features
[0.863s] -- Detecting C compile features - done
[0.868s] -- Found ament_cmake_gmock: 1.3.12 (/opt/ros/humble/share/ament_cmake_gmock/cmake)
[0.871s] -- Found gmock sources under '/opt/ros/humble/src/gmock_vendor': C++ tests using 'Google Mock' will be built
[0.872s] -- Found ament_cmake_gtest: 1.3.12 (/opt/ros/humble/share/ament_cmake_gtest/cmake)
[0.872s] -- Found gtest sources under '/opt/ros/humble/src/gtest_vendor': C++ tests using 'Google Test' will be built
[0.876s] -- Found ament_cmake_gtest: 1.3.12 (/opt/ros/humble/share/ament_cmake_gtest/cmake)
[0.876s] -- Found gtest sources under '/opt/ros/humble/src/gtest_vendor': C++ tests using 'Google Test' will be built
[0.886s] -- Found ament_cmake_gtest: 1.3.12 (/opt/ros/humble/share/ament_cmake_gtest/cmake)
[0.886s] -- Found gtest sources under '/opt/ros/humble/src/gtest_vendor': C++ tests using 'Google Test' will be built
[0.892s] -- Found ament_lint_auto: 0.12.14 (/opt/ros/humble/share/ament_lint_auto/cmake)
[0.892s] -- Found ament_cmake_gtest: 1.3.12 (/opt/ros/humble/share/ament_cmake_gtest/cmake)
[0.893s] -- Found gtest sources under '/opt/ros/humble/src/gtest_vendor': C++ tests using 'Google Test' will be built
[0.899s] -- Found ament_cmake_gtest: 1.3.12 (/opt/ros/humble/share/ament_cmake_gtest/cmake)
[0.899s] -- Found gtest sources under '/opt/ros/humble/src/gtest_vendor': C++ tests using 'Google Test' will be built
[0.903s] -- Found ament_cmake_gtest: 1.3.12 (/opt/ros/humble/share/ament_cmake_gtest/cmake)
[0.904s] -- Found gtest sources under '/opt/ros/humble/src/gtest_vendor': C++ tests using 'Google Test' will be built
[0.907s] -- Found ament_cmake_gtest: 1.3.12 (/opt/ros/humble/share/ament_cmake_gtest/cmake)
[0.907s] -- Found gmock sources under '/opt/ros/humble/src/gmock_vendor': C++ tests using 'Google Mock' will be built
[0.907s] -- Found gtest sources under '/opt/ros/humble/src/gtest_vendor': C++ tests using 'Google Test' will be built
[0.912s] -- Found gtest sources under '/opt/ros/humble/src/gtest_vendor': C++ tests using 'Google Test' will be built
[0.916s] -- Found gtest sources under '/opt/ros/humble/src/gtest_vendor': C++ tests using 'Google Test' will be built
[0.920s] -- Found ament_cmake_gtest: 1.3.12 (/opt/ros/humble/share/ament_cmake_gtest/cmake)
[0.921s] -- Found gtest sources under '/opt/ros/humble/src/gtest_vendor': C++ tests using 'Google Test' will be built
[0.928s] -- Found gtest sources under '/opt/ros/humble/src/gtest_vendor': C++ tests using 'Google Test' will be built
[0.934s] -- Found gtest sources under '/opt/ros/humble/src/gtest_vendor': C++ tests using 'Google Test' will be built
[0.938s] -- Found gtest sources under '/opt/ros/humble/src/gtest_vendor': C++ tests using 'Google Test' will be built
[0.941s] -- Found ament_lint_auto: 0.12.14 (/opt/ros/humble/share/ament_lint_auto/cmake)
[0.952s] -- Added test 'cppcheck' to perform static code analysis on C / C++ code
[0.952s] -- Configured cppcheck include dirs: /home/drawmemaybe/DrawMeMaybe/ros2_ws/src/moveit2/moveit_core/exceptions/include;/home/drawmemaybe/DrawMeMaybe/ros2_ws/src/moveit2/moveit_core/collision_detection/include;/home/drawmemaybe/DrawMeMaybe/ros2_ws/src/moveit2/moveit_core/collision_detection_fcl/include;/home/drawmemaybe/DrawMeMaybe/ros2_ws/src/moveit2/moveit_core/collision_detection_bullet/include;/home/drawmemaybe/DrawMeMaybe/ros2_ws/src/moveit2/moveit_core/constraint_samplers/include;/home/drawmemaybe/DrawMeMaybe/ros2_ws/src/moveit2/moveit_core/controller_manager/include;/home/drawmemaybe/DrawMeMaybe/ros2_ws/src/moveit2/moveit_core/distance_field/include;/home/drawmemaybe/DrawMeMaybe/ros2_ws/src/moveit2/moveit_core/collision_distance_field/include;/home/drawmemaybe/DrawMeMaybe/ros2_ws/src/moveit2/moveit_core/dynamics_solver/include;/home/drawmemaybe/DrawMeMaybe/ros2_ws/src/moveit2/moveit_core/kinematics_base/include;/home/drawmemaybe/DrawMeMaybe/ros2_ws/src/moveit2/moveit_core/kinematics_metrics/include;/home/drawmemaybe/DrawMeMaybe/ros2_ws/src/moveit2/moveit_core/robot_model/include;/home/drawmemaybe/DrawMeMaybe/ros2_ws/src/moveit2/moveit_core/transforms/include;/home/drawmemaybe/DrawMeMaybe/ros2_ws/src/moveit2/moveit_core/robot_state/include;/home/drawmemaybe/DrawMeMaybe/ros2_ws/src/moveit2/moveit_core/robot_trajectory/include;/home/drawmemaybe/DrawMeMaybe/ros2_ws/src/moveit2/moveit_core/kinematic_constraints/include;/home/drawmemaybe/DrawMeMaybe/ros2_ws/src/moveit2/moveit_core/macros/include;/home/drawmemaybe/DrawMeMaybe/ros2_ws/src/moveit2/moveit_core/online_signal_smoothing/include;/home/drawmemaybe/DrawMeMaybe/ros2_ws/src/moveit2/moveit_core/planning_interface/include;/home/drawmemaybe/DrawMeMaybe/ros2_ws/src/moveit2/moveit_core/planning_request_adapter/include;/home/drawmemaybe/DrawMeMaybe/ros2_ws/src/moveit2/moveit_core/planning_scene/include;/home/drawmemaybe/DrawMeMaybe/ros2_ws/src/moveit2/moveit_core/sensor_manager/include;/home/drawmemaybe/DrawMeMaybe/ros2_ws/src/moveit2/moveit_core/trajectory_processing/include;/home/drawmemaybe/DrawMeMaybe/ros2_ws/src/moveit2/moveit_core/utils/include
[0.952s] -- Configured cppcheck exclude dirs and/or files: 
[0.953s] -- Added test 'pep257' to check Python code against some of the docstring style conventions in PEP 257
[0.954s] -- Added test 'xmllint' to check XML markup files
[0.955s] -- Configuring done
[1.201s] -- Generating done
[1.269s] -- Build files have been written to: /home/drawmemaybe/DrawMeMaybe/ros2_ws/build/moveit_core
[1.300s] Invoked command in '/home/drawmemaybe/DrawMeMaybe/ros2_ws/build/moveit_core' returned '0': AMENT_PREFIX_PATH=/home/drawmemaybe/DrawMeMaybe/ros2_ws/install/moveit_resources_panda_moveit_config:/home/drawmemaybe/DrawMeMaybe/ros2_ws/install/srdfdom:/home/drawmemaybe/DrawMeMaybe/ros2_ws/install/moveit_resources_pr2_description:/home/drawmemaybe/DrawMeMaybe/ros2_ws/install/moveit_resources_panda_description:/home/drawmemaybe/DrawMeMaybe/ros2_ws/install/moveit_common:${AMENT_PREFIX_PATH} CMAKE_PREFIX_PATH=/home/drawmemaybe/DrawMeMaybe/ros2_ws/install/moveit_resources_panda_moveit_config:/home/drawmemaybe/DrawMeMaybe/ros2_ws/install/srdfdom:/home/drawmemaybe/DrawMeMaybe/ros2_ws/install/moveit_resources_pr2_description:/home/drawmemaybe/DrawMeMaybe/ros2_ws/install/moveit_resources_panda_description:/home/drawmemaybe/DrawMeMaybe/ros2_ws/install/moveit_common:/opt/ros/humble LD_LIBRARY_PATH=/home/drawmemaybe/DrawMeMaybe/ros2_ws/install/srdfdom/lib:${LD_LIBRARY_PATH} PYTHONPATH=/home/drawmemaybe/DrawMeMaybe/ros2_ws/install/srdfdom/local/lib/python3.10/dist-packages:${PYTHONPATH} /usr/bin/cmake /home/drawmemaybe/DrawMeMaybe/ros2_ws/src/moveit2/moveit_core -DCMAKE_INSTALL_PREFIX=/home/drawmemaybe/DrawMeMaybe/ros2_ws/install/moveit_core
[1.301s] Invoking command in '/home/drawmemaybe/DrawMeMaybe/ros2_ws/build/moveit_core': AMENT_PREFIX_PATH=/home/drawmemaybe/DrawMeMaybe/ros2_ws/install/moveit_resources_panda_moveit_config:/home/drawmemaybe/DrawMeMaybe/ros2_ws/install/srdfdom:/home/drawmemaybe/DrawMeMaybe/ros2_ws/install/moveit_resources_pr2_description:/home/drawmemaybe/DrawMeMaybe/ros2_ws/install/moveit_resources_panda_description:/home/drawmemaybe/DrawMeMaybe/ros2_ws/install/moveit_common:${AMENT_PREFIX_PATH} CMAKE_PREFIX_PATH=/home/drawmemaybe/DrawMeMaybe/ros2_ws/install/moveit_resources_panda_moveit_config:/home/drawmemaybe/DrawMeMaybe/ros2_ws/install/srdfdom:/home/drawmemaybe/DrawMeMaybe/ros2_ws/install/moveit_resources_pr2_description:/home/drawmemaybe/DrawMeMaybe/ros2_ws/install/moveit_resources_panda_description:/home/drawmemaybe/DrawMeMaybe/ros2_ws/install/moveit_common:/opt/ros/humble LD_LIBRARY_PATH=/home/drawmemaybe/DrawMeMaybe/ros2_ws/install/srdfdom/lib:${LD_LIBRARY_PATH} PYTHONPATH=/home/drawmemaybe/DrawMeMaybe/ros2_ws/install/srdfdom/local/lib/python3.10/dist-packages:${PYTHONPATH} /usr/bin/cmake --build /home/drawmemaybe/DrawMeMaybe/ros2_ws/build/moveit_core -- -j24 -l24
[1.327s] [  1%] [32mBuilding CXX object exceptions/CMakeFiles/moveit_exceptions.dir/src/exceptions.cpp.o[0m
[1.327s] [  2%] [32mBuilding CXX object gtest/CMakeFiles/gtest_main.dir/src/gtest_main.cc.o[0m
[1.327s] [  4%] [32mBuilding CXX object distance_field/CMakeFiles/moveit_distance_field.dir/src/distance_field.cpp.o[0m
[1.327s] [  4%] [32mBuilding CXX object distance_field/CMakeFiles/moveit_distance_field.dir/src/find_internal_points.cpp.o[0m
[1.327s] [  4%] [32mBuilding CXX object gtest/CMakeFiles/gtest.dir/src/gtest-all.cc.o[0m
[1.327s] [  6%] [32mBuilding CXX object distance_field/CMakeFiles/moveit_distance_field.dir/src/propagation_distance_field.cpp.o[0m
[1.327s] [  6%] [34m[1mRunning `/opt/ros/humble/bin/generate_parameter_library_cpp /home/drawmemaybe/DrawMeMaybe/ros2_ws/build/moveit_core/online_signal_smoothing/include/moveit_core/moveit_butterworth_parameters.hpp /home/drawmemaybe/DrawMeMaybe/ros2_ws/src/moveit2/moveit_core/online_signal_smoothing/src/butterworth_parameters.yaml `[0m
[1.327s] [  6%] [32mBuilding CXX object kinematics_base/CMakeFiles/moveit_kinematics_base.dir/src/kinematics_base.cpp.o[0m
[1.328s] [  6%] [32mBuilding CXX object gmock/CMakeFiles/gmock_main.dir/src/gmock_main.cc.o[0m
[1.328s] [  7%] [32mBuilding CXX object gmock/CMakeFiles/gmock.dir/src/gmock-all.cc.o[0m
[1.328s] [  8%] [32mBuilding CXX object online_signal_smoothing/CMakeFiles/moveit_smoothing_base.dir/src/smoothing_base_class.cpp.o[0m
[1.328s] [  8%] [32mBuilding CXX object gmock/CMakeFiles/gmock.dir/opt/ros/humble/src/gtest_vendor/src/gtest-all.cc.o[0m
[1.328s] [  9%] [32mBuilding CXX object utils/CMakeFiles/moveit_utils.dir/src/lexical_casts.cpp.o[0m
[1.328s] [  9%] [32mBuilding CXX object utils/CMakeFiles/moveit_utils.dir/src/message_checks.cpp.o[0m
[1.329s] [ 10%] [32mBuilding CXX object version/CMakeFiles/moveit_version.dir/version.cpp.o[0m
[1.329s] [ 10%] [32mBuilding CXX object transforms/CMakeFiles/moveit_transforms.dir/src/transforms.cpp.o[0m
[1.329s] [ 11%] [32mBuilding CXX object utils/CMakeFiles/moveit_utils.dir/src/rclcpp_utils.cpp.o[0m
[1.353s] [ 12%] [32m[1mLinking CXX executable moveit_version[0m
[1.403s] [ 12%] Built target moveit_version
[1.440s] [ 13%] [34m[1mCreating deprecated header file /home/drawmemaybe/DrawMeMaybe/ros2_ws/build/moveit_core/online_signal_smoothing/include/moveit_butterworth_parameters.hpp[0m
[1.455s] [ 13%] Built target moveit_butterworth_parameters
[1.630s] [ 13%] [32m[1mLinking CXX shared library libmoveit_exceptions.so[0m
[1.707s] [ 13%] Built target moveit_exceptions
[1.753s] [ 13%] [32m[1mLinking CXX static library libgtest_main.a[0m
[1.767s] [ 13%] Built target gtest_main
[1.862s] [ 14%] [32m[1mLinking CXX shared library libmoveit_utils.so[0m
[1.981s] [ 15%] [32m[1mLinking CXX static library libgmock_main.a[0m
[1.996s] [ 15%] Built target gmock_main
[2.110s] [ 15%] Built target moveit_utils
[2.785s] [ 15%] [32m[1mLinking CXX shared library libmoveit_smoothing_base.so[0m
[2.832s] [ 15%] Built target moveit_smoothing_base
[3.615s] [ 15%] [32m[1mLinking CXX shared library libmoveit_kinematics_base.so[0m
[3.673s] [ 15%] Built target moveit_kinematics_base
[3.682s] [ 15%] [32mBuilding CXX object robot_model/CMakeFiles/moveit_robot_model.dir/src/floating_joint_model.cpp.o[0m
[3.682s] [ 16%] [32mBuilding CXX object robot_model/CMakeFiles/moveit_robot_model.dir/src/aabb.cpp.o[0m
[3.682s] [ 16%] [32mBuilding CXX object robot_model/CMakeFiles/moveit_robot_model.dir/src/link_model.cpp.o[0m
[3.682s] [ 18%] [32mBuilding CXX object robot_model/CMakeFiles/moveit_robot_model.dir/src/planar_joint_model.cpp.o[0m
[3.682s] [ 18%] [32mBuilding CXX object robot_model/CMakeFiles/moveit_robot_model.dir/src/fixed_joint_model.cpp.o[0m
[3.683s] [ 19%] [32mBuilding CXX object robot_model/CMakeFiles/moveit_robot_model.dir/src/joint_model.cpp.o[0m
[3.683s] [ 19%] [32mBuilding CXX object robot_model/CMakeFiles/moveit_robot_model.dir/src/prismatic_joint_model.cpp.o[0m
[3.683s] [ 19%] [32mBuilding CXX object robot_model/CMakeFiles/moveit_robot_model.dir/src/joint_model_group.cpp.o[0m
[3.683s] [ 20%] [32mBuilding CXX object robot_model/CMakeFiles/moveit_robot_model.dir/src/revolute_joint_model.cpp.o[0m
[3.683s] [ 20%] [32mBuilding CXX object robot_model/CMakeFiles/moveit_robot_model.dir/src/robot_model.cpp.o[0m
[4.634s] [ 20%] [32m[1mLinking CXX shared library libmoveit_transforms.so[0m
[4.698s] [ 20%] Built target moveit_transforms
[5.086s] [ 21%] [32m[1mLinking CXX shared library libmoveit_distance_field.so[0m
[5.086s] [ 22%] [32m[1mLinking CXX static library libgtest.a[0m
[5.100s] [ 22%] Built target gtest
[5.107s] [ 22%] [32mBuilding CXX object transforms/CMakeFiles/test_transforms.dir/test/test_transforms.cpp.o[0m
[5.151s] [ 22%] Built target moveit_distance_field
[5.158s] [ 23%] [32mBuilding CXX object distance_field/CMakeFiles/test_voxel_grid.dir/test/test_voxel_grid.cpp.o[0m
[5.159s] [ 24%] [32mBuilding CXX object distance_field/CMakeFiles/test_distance_field.dir/test/test_distance_field.cpp.o[0m
[5.181s] [ 25%] [32m[1mLinking CXX static library libgmock.a[0m
[5.195s] [ 25%] Built target gmock
[6.409s] [ 26%] [32m[1mLinking CXX executable test_transforms[0m
[6.463s] [ 26%] Built target test_transforms
[7.112s] [ 26%] [32m[1mLinking CXX executable test_voxel_grid[0m
[7.178s] [ 26%] Built target test_voxel_grid
[7.797s] [ 27%] [32m[1mLinking CXX shared library libmoveit_robot_model.so[0m
[7.864s] [ 27%] Built target moveit_robot_model
[7.871s] [ 28%] [32mBuilding CXX object robot_state/CMakeFiles/moveit_robot_state.dir/src/conversions.cpp.o[0m
[7.871s] [ 28%] [32mBuilding CXX object robot_state/CMakeFiles/moveit_robot_state.dir/src/attached_body.cpp.o[0m
[7.871s] [ 29%] [32mBuilding CXX object robot_state/CMakeFiles/moveit_robot_state.dir/src/robot_state.cpp.o[0m
[7.871s] [ 29%] [32mBuilding CXX object robot_state/CMakeFiles/moveit_robot_state.dir/src/cartesian_interpolator.cpp.o[0m
[7.873s] [ 30%] [32mBuilding CXX object utils/CMakeFiles/moveit_test_utils.dir/src/robot_model_test_utils.cpp.o[0m
[7.874s] [ 31%] [32mBuilding CXX object online_signal_smoothing/CMakeFiles/moveit_butterworth_filter.dir/src/butterworth_filter.cpp.o[0m
[9.333s] [ 31%] [32m[1mLinking CXX executable test_distance_field[0m
[9.427s] [ 31%] Built target test_distance_field
[10.782s] [ 31%] [32m[1mLinking CXX shared library libmoveit_butterworth_filter.so[0m
[10.841s] [ 31%] Built target moveit_butterworth_filter
[10.849s] [ 31%] [32mBuilding CXX object online_signal_smoothing/CMakeFiles/test_butterworth_filter.dir/test/test_butterworth_filter.cpp.o[0m
[11.677s] [ 32%] [32m[1mLinking CXX shared library libmoveit_test_utils.so[0m
[11.743s] [ 32%] Built target moveit_test_utils
[11.750s] [ 33%] [32mBuilding CXX object robot_model/CMakeFiles/test_robot_model.dir/test/test.cpp.o[0m
[13.603s] [ 34%] [32m[1mLinking CXX executable test_butterworth_filter[0m
[13.660s] [ 34%] Built target test_butterworth_filter
[14.196s] [ 34%] [32m[1mLinking CXX executable test_robot_model[0m
[14.287s] [ 34%] Built target test_robot_model
[17.314s] [ 35%] [32m[1mLinking CXX shared library libmoveit_robot_state.so[0m
[17.374s] [ 35%] Built target moveit_robot_state
[17.382s] [ 36%] [32mBuilding CXX object collision_detection/CMakeFiles/moveit_collision_detection.dir/src/collision_common.cpp.o[0m
[17.382s] [ 37%] [32mBuilding CXX object collision_detection/CMakeFiles/moveit_collision_detection.dir/src/world.cpp.o[0m
[17.383s] [ 37%] [32mBuilding CXX object collision_detection/CMakeFiles/moveit_collision_detection.dir/src/collision_octomap_filter.cpp.o[0m
[17.383s] [ 37%] [32mBuilding CXX object collision_detection/CMakeFiles/moveit_collision_detection.dir/src/allvalid/collision_env_allvalid.cpp.o[0m
[17.383s] [ 37%] [32mBuilding CXX object robot_state/CMakeFiles/test_robot_state_benchmark.dir/test/robot_state_benchmark.cpp.o[0m
[17.383s] [ 37%] [32mBuilding CXX object collision_detection/CMakeFiles/moveit_collision_detection.dir/src/collision_matrix.cpp.o[0m
[17.383s] [ 39%] [32mBuilding CXX object kinematics_metrics/CMakeFiles/moveit_kinematics_metrics.dir/src/kinematics_metrics.cpp.o[0m
[17.383s] [ 39%] [32mBuilding CXX object collision_detection/CMakeFiles/moveit_collision_detection.dir/src/world_diff.cpp.o[0m
[17.383s] [ 39%] [32mBuilding CXX object robot_state/CMakeFiles/test_aabb.dir/test/test_aabb.cpp.o[0m
[17.383s] [ 40%] [32mBuilding CXX object collision_detection/CMakeFiles/moveit_collision_detection.dir/src/collision_tools.cpp.o[0m
[17.384s] [ 40%] [32mBuilding CXX object collision_detection/CMakeFiles/moveit_collision_detection.dir/src/collision_env.cpp.o[0m
[17.384s] [ 41%] [32mBuilding CXX object robot_trajectory/CMakeFiles/moveit_robot_trajectory.dir/src/robot_trajectory.cpp.o[0m
[17.384s] [ 42%] [32mBuilding CXX object robot_state/CMakeFiles/test_cartesian_interpolator.dir/test/test_cartesian_interpolator.cpp.o[0m
[17.384s] [ 43%] [32mBuilding CXX object dynamics_solver/CMakeFiles/moveit_dynamics_solver.dir/src/dynamics_solver.cpp.o[0m
[17.384s] [ 43%] [32mBuilding CXX object collision_detection/CMakeFiles/moveit_collision_detection.dir/src/collision_plugin_cache.cpp.o[0m
[17.384s] [ 43%] [32mBuilding CXX object robot_state/CMakeFiles/test_robot_state_complex.dir/test/test_kinematic_complex.cpp.o[0m
[17.384s] [ 44%] [32mBuilding CXX object robot_state/CMakeFiles/test_robot_state.dir/test/robot_state_test.cpp.o[0m
[20.518s] [ 44%] [32m[1mLinking CXX executable test_cartesian_interpolator[0m
[20.630s] [ 44%] Built target test_cartesian_interpolator
[21.142s] [ 45%] [32m[1mLinking CXX executable test_robot_state_benchmark[0m
[21.247s] [ 46%] [32m[1mLinking CXX shared library libmoveit_dynamics_solver.so[0m
[21.264s] [ 46%] Built target test_robot_state_benchmark
[21.312s] [ 46%] Built target moveit_dynamics_solver
[21.559s] [ 47%] [32m[1mLinking CXX executable test_robot_state_complex[0m
[21.693s] [ 47%] Built target test_robot_state_complex
[21.734s] [ 47%] [32m[1mLinking CXX shared library libmoveit_robot_trajectory.so[0m
[21.751s] [ 48%] [32m[1mLinking CXX executable test_aabb[0m
[21.800s] [ 48%] Built target moveit_robot_trajectory
[21.807s] [ 49%] [32mBuilding CXX object trajectory_processing/CMakeFiles/moveit_trajectory_processing.dir/src/iterative_time_parameterization.cpp.o[0m
[21.807s] [ 49%] [32mBuilding CXX object trajectory_processing/CMakeFiles/moveit_trajectory_processing.dir/src/iterative_spline_parameterization.cpp.o[0m
[21.807s] [ 50%] [32mBuilding CXX object planning_interface/CMakeFiles/moveit_planning_interface.dir/src/planning_interface.cpp.o[0m
[21.807s] [ 51%] [32mBuilding CXX object trajectory_processing/CMakeFiles/moveit_trajectory_processing.dir/src/trajectory_tools.cpp.o[0m
[21.807s] [ 52%] [32mBuilding CXX object planning_interface/CMakeFiles/moveit_planning_interface.dir/src/planning_response.cpp.o[0m
[21.808s] [ 52%] [32mBuilding CXX object trajectory_processing/CMakeFiles/moveit_trajectory_processing.dir/src/ruckig_traj_smoothing.cpp.o[0m
[21.808s] [ 52%] [32mBuilding CXX object trajectory_processing/CMakeFiles/moveit_trajectory_processing.dir/src/time_optimal_trajectory_generation.cpp.o[0m
[21.809s] [ 53%] [32mBuilding CXX object robot_trajectory/CMakeFiles/test_robot_trajectory.dir/test/test_robot_trajectory.cpp.o[0m
[21.860s] [ 53%] Built target test_aabb
[22.244s] [ 54%] [32m[1mLinking CXX executable test_robot_state[0m
[22.361s] [ 54%] Built target test_robot_state
[24.341s] [ 54%] [32m[1mLinking CXX shared library libmoveit_collision_detection.so[0m
[24.421s] [ 54%] Built target moveit_collision_detection
[24.430s] [ 56%] [32mBuilding CXX object collision_detection_fcl/CMakeFiles/moveit_collision_detection_fcl.dir/src/collision_env_fcl.cpp.o[0m
[24.430s] [ 56%] [32mBuilding CXX object collision_detection/CMakeFiles/test_all_valid.dir/test/test_all_valid.cpp.o[0m
[24.430s] [ 56%] [32mBuilding CXX object collision_detection/CMakeFiles/test_world_diff.dir/test/test_world_diff.cpp.o[0m
[24.430s] [ 58%] [32mBuilding CXX object collision_detection/CMakeFiles/test_world.dir/test/test_world.cpp.o[0m
[24.430s] [ 58%] [32mBuilding CXX object collision_detection_fcl/CMakeFiles/moveit_collision_detection_fcl.dir/src/collision_common.cpp.o[0m
[24.435s] [ 61%] [32mBuilding CXX object collision_detection_bullet/CMakeFiles/moveit_collision_detection_bullet.dir/src/bullet_integration/contact_checker_common.cpp.o[0m
[24.435s] [ 61%] [32mBuilding CXX object collision_detection_bullet/CMakeFiles/moveit_collision_detection_bullet.dir/src/collision_env_bullet.cpp.o[0m
[24.435s] [ 61%] [32mBuilding CXX object collision_detection_bullet/CMakeFiles/moveit_collision_detection_bullet.dir/src/bullet_integration/bullet_discrete_bvh_manager.cpp.o[0m
[24.435s] [ 62%] [32mBuilding CXX object collision_detection_bullet/CMakeFiles/moveit_collision_detection_bullet.dir/src/bullet_integration/ros_bullet_utils.cpp.o[0m
[24.435s] [ 63%] [32mBuilding CXX object collision_detection_bullet/CMakeFiles/moveit_collision_detection_bullet.dir/src/bullet_integration/bullet_cast_bvh_manager.cpp.o[0m
[24.435s] [ 63%] [32mBuilding CXX object collision_detection_bullet/CMakeFiles/moveit_collision_detection_bullet.dir/src/bullet_integration/bullet_bvh_manager.cpp.o[0m
[24.435s] [ 63%] [32mBuilding CXX object collision_detection_bullet/CMakeFiles/moveit_collision_detection_bullet.dir/src/bullet_integration/bullet_utils.cpp.o[0m
[26.005s] [ 63%] [32m[1mLinking CXX executable test_robot_trajectory[0m
[26.145s] [ 63%] Built target test_robot_trajectory
[26.473s] [ 63%] [32m[1mLinking CXX shared library libmoveit_planning_interface.so[0m
[26.513s] [ 64%] [32m[1mLinking CXX shared library libmoveit_trajectory_processing.so[0m
[26.572s] [ 64%] Built target moveit_planning_interface
[26.589s] [ 64%] Built target moveit_trajectory_processing
[26.598s] [ 64%] [32mBuilding CXX object trajectory_processing/CMakeFiles/test_time_parameterization.dir/test/test_time_parameterization.cpp.o[0m
[26.601s] [ 66%] [32mBuilding CXX object trajectory_processing/CMakeFiles/test_time_optimal_trajectory_generation.dir/test/test_time_optimal_trajectory_generation.cpp.o[0m
[26.601s] [ 66%] [32mBuilding CXX object trajectory_processing/CMakeFiles/test_ruckig_traj_smoothing.dir/test/test_ruckig_traj_smoothing.cpp.o[0m
[26.974s] [ 66%] [32m[1mLinking CXX shared library libmoveit_kinematics_metrics.so[0m
[27.049s] [ 66%] Built target moveit_kinematics_metrics
[27.247s] [ 67%] [32m[1mLinking CXX executable test_world_diff[0m
[27.444s] [ 67%] Built target test_world_diff
[27.663s] [ 67%] [32m[1mLinking CXX executable test_world[0m
[27.774s] [ 67%] Built target test_world
[28.282s] [ 67%] [32m[1mLinking CXX executable test_all_valid[0m
[28.373s] [ 67%] Built target test_all_valid
[28.582s] [ 67%] [32m[1mLinking CXX shared library libmoveit_collision_detection_bullet.so[0m
[28.676s] [ 67%] Built target moveit_collision_detection_bullet
[28.684s] [ 68%] [32mBuilding CXX object collision_detection_bullet/CMakeFiles/test_bullet_collision_detection_panda.dir/test/test_bullet_collision_detection_panda.cpp.o[0m
[28.684s] [ 68%] [32mBuilding CXX object collision_detection_bullet/CMakeFiles/test_bullet_continuous_collision_checking.dir/test/test_bullet_continuous_collision_checking.cpp.o[0m
[28.684s] [ 69%] [32mBuilding CXX object collision_detection_bullet/CMakeFiles/test_bullet_collision_detection.dir/test/test_bullet_collision_detection_pr2.cpp.o[0m
[29.559s] [ 70%] [32m[1mLinking CXX shared library libmoveit_collision_detection_fcl.so[0m
[29.639s] [ 70%] Built target moveit_collision_detection_fcl
[29.646s] [ 70%] [32mBuilding CXX object kinematic_constraints/CMakeFiles/moveit_kinematic_constraints.dir/src/utils.cpp.o[0m
[29.646s] [ 70%] [32mBuilding CXX object collision_detection_fcl/CMakeFiles/test_fcl_collision_env.dir/test/test_fcl_env.cpp.o[0m
[29.646s] [ 71%] [32mBuilding CXX object collision_detection_fcl/CMakeFiles/test_fcl_collision_detection.dir/test/test_fcl_collision_detection_pr2.cpp.o[0m
[29.647s] [ 72%] [32mBuilding CXX object collision_detection_fcl/CMakeFiles/test_fcl_collision_detection_panda.dir/test/test_fcl_collision_detection_panda.cpp.o[0m
[29.648s] [ 73%] [32mBuilding CXX object kinematic_constraints/CMakeFiles/moveit_kinematic_constraints.dir/src/kinematic_constraint.cpp.o[0m
[30.251s] [ 74%] [32m[1mLinking CXX executable test_time_parameterization[0m
[30.374s] [ 74%] Built target test_time_parameterization
[30.624s] [ 74%] [32m[1mLinking CXX executable test_ruckig_traj_smoothing[0m
[30.744s] [ 74%] Built target test_ruckig_traj_smoothing
[31.032s] [ 75%] [32m[1mLinking CXX executable test_time_optimal_trajectory_generation[0m
[31.147s] [ 75%] Built target test_time_optimal_trajectory_generation
[32.548s] [ 76%] [32m[1mLinking CXX executable test_bullet_collision_detection_panda[0m
[32.657s] [ 76%] Built target test_bullet_collision_detection_panda
[33.174s] [ 76%] [32m[1mLinking CXX executable test_bullet_collision_detection[0m
[33.313s] [ 76%] Built target test_bullet_collision_detection
[33.431s] [ 77%] [32m[1mLinking CXX executable test_fcl_collision_env[0m
[33.559s] [ 77%] Built target test_fcl_collision_env
[33.589s] [ 78%] [32m[1mLinking CXX executable test_bullet_continuous_collision_checking[0m
[33.715s] [ 78%] Built target test_bullet_continuous_collision_checking
[33.977s] [ 79%] [32m[1mLinking CXX executable test_fcl_collision_detection_panda[0m
[34.089s] [ 79%] Built target test_fcl_collision_detection_panda
[34.347s] [ 79%] [32m[1mLinking CXX executable test_fcl_collision_detection[0m
[34.464s] [ 79%] Built target test_fcl_collision_detection
[35.726s] [ 80%] [32m[1mLinking CXX shared library libmoveit_kinematic_constraints.so[0m
[35.797s] [ 80%] Built target moveit_kinematic_constraints
[35.804s] [ 81%] [32mBuilding CXX object planning_scene/CMakeFiles/moveit_planning_scene.dir/src/planning_scene.cpp.o[0m
[35.804s] [ 82%] [32mBuilding CXX object kinematic_constraints/CMakeFiles/test_orientation_constraints.dir/test/test_orientation_constraints.cpp.o[0m
[35.805s] [ 82%] [32mBuilding CXX object kinematic_constraints/CMakeFiles/test_constraints.dir/test/test_constraints.cpp.o[0m
[40.146s] [ 82%] [32m[1mLinking CXX executable test_orientation_constraints[0m
[40.253s] [ 82%] Built target test_orientation_constraints
[40.721s] [ 83%] [32m[1mLinking CXX executable test_constraints[0m
[40.820s] [ 83%] Built target test_constraints
[43.409s] [ 84%] [32m[1mLinking CXX shared library libmoveit_planning_scene.so[0m
[43.483s] [ 84%] Built target moveit_planning_scene
[43.491s] [ 85%] [32mBuilding CXX object planning_scene/CMakeFiles/test_planning_scene.dir/test/test_planning_scene.cpp.o[0m
[43.492s] [ 86%] [32mBuilding CXX object constraint_samplers/CMakeFiles/moveit_constraint_samplers.dir/src/constraint_sampler.cpp.o[0m
[43.492s] [ 86%] [32mBuilding CXX object collision_detection_bullet/CMakeFiles/collision_detector_bullet_plugin.dir/src/collision_detector_bullet_plugin_loader.cpp.o[0m
[43.492s] [ 86%] [32mBuilding CXX object collision_distance_field/CMakeFiles/moveit_collision_distance_field.dir/src/collision_common_distance_field.cpp.o[0m
[43.492s] [ 86%] [32mBuilding CXX object planning_scene/CMakeFiles/test_multi_threaded.dir/test/test_multi_threaded.cpp.o[0m
[43.492s] [ 87%] [32mBuilding CXX object planning_request_adapter/CMakeFiles/moveit_planning_request_adapter.dir/src/planning_request_adapter.cpp.o[0m
[43.492s] [ 88%] [32mBuilding CXX object planning_scene/CMakeFiles/test_collision_objects.dir/test/test_collision_objects.cpp.o[0m
[43.492s] [ 88%] [32mBuilding CXX object collision_distance_field/CMakeFiles/moveit_collision_distance_field.dir/src/collision_env_hybrid.cpp.o[0m
[43.492s] [ 88%] [32mBuilding CXX object constraint_samplers/CMakeFiles/moveit_constraint_samplers.dir/src/constraint_sampler_manager.cpp.o[0m
[43.492s] [ 89%] [32mBuilding CXX object constraint_samplers/CMakeFiles/moveit_constraint_samplers.dir/src/constraint_sampler_tools.cpp.o[0m
[43.492s] [ 90%] [32mBuilding CXX object constraint_samplers/CMakeFiles/moveit_constraint_samplers.dir/src/union_constraint_sampler.cpp.o[0m
[43.492s] [ 90%] [32mBuilding CXX object constraint_samplers/CMakeFiles/moveit_constraint_samplers.dir/src/default_constraint_samplers.cpp.o[0m
[43.492s] [ 91%] [32mBuilding CXX object collision_distance_field/CMakeFiles/moveit_collision_distance_field.dir/src/collision_distance_field_types.cpp.o[0m
[43.492s] [ 91%] [32mBuilding CXX object collision_detection_fcl/CMakeFiles/collision_detector_fcl_plugin.dir/src/collision_detector_fcl_plugin_loader.cpp.o[0m
[43.493s] [ 92%] [32mBuilding CXX object collision_distance_field/CMakeFiles/moveit_collision_distance_field.dir/src/collision_env_distance_field.cpp.o[0m
[47.038s] [ 92%] [32m[1mLinking CXX shared library libmoveit_planning_request_adapter.so[0m
[47.110s] [ 92%] Built target moveit_planning_request_adapter
[47.695s] [ 93%] [32m[1mLinking CXX executable test_multi_threaded[0m
[47.823s] [ 93%] Built target test_multi_threaded
[48.267s] [ 94%] [32m[1mLinking CXX shared library libcollision_detector_bullet_plugin.so[0m
[48.331s] [ 94%] Built target collision_detector_bullet_plugin
[48.800s] [ 94%] [32m[1mLinking CXX executable test_collision_objects[0m
[48.805s] [ 94%] [32m[1mLinking CXX shared library libmoveit_constraint_samplers.so[0m
[48.877s] [ 94%] Built target moveit_constraint_samplers
[48.885s] [ 95%] [32mBuilding CXX object constraint_samplers/CMakeFiles/test_constraint_samplers.dir/test/test_constraint_samplers.cpp.o[0m
[48.885s] [ 96%] [32mBuilding CXX object constraint_samplers/CMakeFiles/test_constraint_samplers.dir/test/pr2_arm_kinematics_plugin.cpp.o[0m
[48.885s] [ 96%] [32mBuilding CXX object constraint_samplers/CMakeFiles/test_constraint_samplers.dir/test/pr2_arm_ik.cpp.o[0m
[48.922s] [ 96%] Built target test_collision_objects
[49.045s] [ 97%] [32m[1mLinking CXX shared library libcollision_detector_fcl_plugin.so[0m
[49.106s] [ 97%] Built target collision_detector_fcl_plugin
[50.708s] [ 97%] [32m[1mLinking CXX executable test_planning_scene[0m
[50.841s] [ 97%] Built target test_planning_scene
[51.531s] [ 98%] [32m[1mLinking CXX shared library libmoveit_collision_distance_field.so[0m
[51.611s] [ 98%] Built target moveit_collision_distance_field
[51.619s] [ 99%] [32mBuilding CXX object collision_distance_field/CMakeFiles/test_collision_distance_field.dir/test/test_collision_distance_field.cpp.o[0m
[54.985s] [100%] [32m[1mLinking CXX executable test_constraint_samplers[0m
[55.107s] [100%] Built target test_constraint_samplers
[56.163s] [100%] [32m[1mLinking CXX executable test_collision_distance_field[0m
[56.260s] [100%] Built target test_collision_distance_field
[56.265s] Invoked command in '/home/drawmemaybe/DrawMeMaybe/ros2_ws/build/moveit_core' returned '0': AMENT_PREFIX_PATH=/home/drawmemaybe/DrawMeMaybe/ros2_ws/install/moveit_resources_panda_moveit_config:/home/drawmemaybe/DrawMeMaybe/ros2_ws/install/srdfdom:/home/drawmemaybe/DrawMeMaybe/ros2_ws/install/moveit_resources_pr2_description:/home/drawmemaybe/DrawMeMaybe/ros2_ws/install/moveit_resources_panda_description:/home/drawmemaybe/DrawMeMaybe/ros2_ws/install/moveit_common:${AMENT_PREFIX_PATH} CMAKE_PREFIX_PATH=/home/drawmemaybe/DrawMeMaybe/ros2_ws/install/moveit_resources_panda_moveit_config:/home/drawmemaybe/DrawMeMaybe/ros2_ws/install/srdfdom:/home/drawmemaybe/DrawMeMaybe/ros2_ws/install/moveit_resources_pr2_description:/home/drawmemaybe/DrawMeMaybe/ros2_ws/install/moveit_resources_panda_description:/home/drawmemaybe/DrawMeMaybe/ros2_ws/install/moveit_common:/opt/ros/humble LD_LIBRARY_PATH=/home/drawmemaybe/DrawMeMaybe/ros2_ws/install/srdfdom/lib:${LD_LIBRARY_PATH} PYTHONPATH=/home/drawmemaybe/DrawMeMaybe/ros2_ws/install/srdfdom/local/lib/python3.10/dist-packages:${PYTHONPATH} /usr/bin/cmake --build /home/drawmemaybe/DrawMeMaybe/ros2_ws/build/moveit_core -- -j24 -l24
[56.266s] Invoking command in '/home/drawmemaybe/DrawMeMaybe/ros2_ws/build/moveit_core': AMENT_PREFIX_PATH=/home/drawmemaybe/DrawMeMaybe/ros2_ws/install/moveit_resources_panda_moveit_config:/home/drawmemaybe/DrawMeMaybe/ros2_ws/install/srdfdom:/home/drawmemaybe/DrawMeMaybe/ros2_ws/install/moveit_resources_pr2_description:/home/drawmemaybe/DrawMeMaybe/ros2_ws/install/moveit_resources_panda_description:/home/drawmemaybe/DrawMeMaybe/ros2_ws/install/moveit_common:${AMENT_PREFIX_PATH} CMAKE_PREFIX_PATH=/home/drawmemaybe/DrawMeMaybe/ros2_ws/install/moveit_resources_panda_moveit_config:/home/drawmemaybe/DrawMeMaybe/ros2_ws/install/srdfdom:/home/drawmemaybe/DrawMeMaybe/ros2_ws/install/moveit_resources_pr2_description:/home/drawmemaybe/DrawMeMaybe/ros2_ws/install/moveit_resources_panda_description:/home/drawmemaybe/DrawMeMaybe/ros2_ws/install/moveit_common:/opt/ros/humble LD_LIBRARY_PATH=/home/drawmemaybe/DrawMeMaybe/ros2_ws/install/srdfdom/lib:${LD_LIBRARY_PATH} PYTHONPATH=/home/drawmemaybe/DrawMeMaybe/ros2_ws/install/srdfdom/local/lib/python3.10/dist-packages:${PYTHONPATH} /usr/bin/cmake --install /home/drawmemaybe/DrawMeMaybe/ros2_ws/build/moveit_core
[56.269s] -- Install configuration: "Release"
[56.269s] -- Installing: /home/drawmemaybe/DrawMeMaybe/ros2_ws/install/moveit_core/include/moveit/version.h
[56.270s] -- Up-to-date: /home/drawmemaybe/DrawMeMaybe/ros2_ws/install/moveit_core/include
[56.270s] -- Up-to-date: /home/drawmemaybe/DrawMeMaybe/ros2_ws/install/moveit_core/include/moveit
[56.270s] -- Installing: /home/drawmemaybe/DrawMeMaybe/ros2_ws/install/moveit_core/include/moveit/collision_distance_field
[56.270s] -- Installing: /home/drawmemaybe/DrawMeMaybe/ros2_ws/install/moveit_core/include/moveit/collision_distance_field/collision_common_distance_field.h
[56.270s] -- Installing: /home/drawmemaybe/DrawMeMaybe/ros2_ws/install/moveit_core/include/moveit/collision_distance_field/collision_env_distance_field.h
[56.270s] -- Installing: /home/drawmemaybe/DrawMeMaybe/ros2_ws/install/moveit_core/include/moveit/collision_distance_field/collision_detector_allocator_hybrid.h
[56.270s] -- Installing: /home/drawmemaybe/DrawMeMaybe/ros2_ws/install/moveit_core/include/moveit/collision_distance_field/collision_env_hybrid.h
[56.270s] -- Installing: /home/drawmemaybe/DrawMeMaybe/ros2_ws/install/moveit_core/include/moveit/collision_distance_field/collision_detector_allocator_distance_field.h
[56.270s] -- Installing: /home/drawmemaybe/DrawMeMaybe/ros2_ws/install/moveit_core/include/moveit/collision_distance_field/collision_distance_field_types.h
[56.270s] -- Installing: /home/drawmemaybe/DrawMeMaybe/ros2_ws/install/moveit_core/include/moveit_collision_distance_field_export.h
[56.270s] -- Up-to-date: /home/drawmemaybe/DrawMeMaybe/ros2_ws/install/moveit_core/include
[56.270s] -- Up-to-date: /home/drawmemaybe/DrawMeMaybe/ros2_ws/install/moveit_core/include/moveit
[56.270s] -- Installing: /home/drawmemaybe/DrawMeMaybe/ros2_ws/install/moveit_core/include/moveit/constraint_samplers
[56.270s] -- Installing: /home/drawmemaybe/DrawMeMaybe/ros2_ws/install/moveit_core/include/moveit/constraint_samplers/constraint_sampler_allocator.h
[56.270s] -- Installing: /home/drawmemaybe/DrawMeMaybe/ros2_ws/install/moveit_core/include/moveit/constraint_samplers/default_constraint_samplers.h
[56.270s] -- Installing: /home/drawmemaybe/DrawMeMaybe/ros2_ws/install/moveit_core/include/moveit/constraint_samplers/constraint_sampler_tools.h
[56.270s] -- Installing: /home/drawmemaybe/DrawMeMaybe/ros2_ws/install/moveit_core/include/moveit/constraint_samplers/constraint_sampler.h
[56.270s] -- Installing: /home/drawmemaybe/DrawMeMaybe/ros2_ws/install/moveit_core/include/moveit/constraint_samplers/constraint_sampler_manager.h
[56.270s] -- Installing: /home/drawmemaybe/DrawMeMaybe/ros2_ws/install/moveit_core/include/moveit/constraint_samplers/union_constraint_sampler.h
[56.270s] -- Up-to-date: /home/drawmemaybe/DrawMeMaybe/ros2_ws/install/moveit_core/include
[56.271s] -- Up-to-date: /home/drawmemaybe/DrawMeMaybe/ros2_ws/install/moveit_core/include/moveit
[56.271s] -- Installing: /home/drawmemaybe/DrawMeMaybe/ros2_ws/install/moveit_core/include/moveit/controller_manager
[56.271s] -- Installing: /home/drawmemaybe/DrawMeMaybe/ros2_ws/install/moveit_core/include/moveit/controller_manager/controller_manager.h
[56.271s] -- Up-to-date: /home/drawmemaybe/DrawMeMaybe/ros2_ws/install/moveit_core/include
[56.271s] -- Up-to-date: /home/drawmemaybe/DrawMeMaybe/ros2_ws/install/moveit_core/include/moveit
[56.271s] -- Installing: /home/drawmemaybe/DrawMeMaybe/ros2_ws/install/moveit_core/include/moveit/distance_field
[56.271s] -- Installing: /home/drawmemaybe/DrawMeMaybe/ros2_ws/install/moveit_core/include/moveit/distance_field/find_internal_points.h
[56.271s] -- Installing: /home/drawmemaybe/DrawMeMaybe/ros2_ws/install/moveit_core/include/moveit/distance_field/distance_field.h
[56.271s] -- Installing: /home/drawmemaybe/DrawMeMaybe/ros2_ws/install/moveit_core/include/moveit/distance_field/voxel_grid.h
[56.271s] -- Installing: /home/drawmemaybe/DrawMeMaybe/ros2_ws/install/moveit_core/include/moveit/distance_field/propagation_distance_field.h
[56.271s] -- Up-to-date: /home/drawmemaybe/DrawMeMaybe/ros2_ws/install/moveit_core/include
[56.271s] -- Up-to-date: /home/drawmemaybe/DrawMeMaybe/ros2_ws/install/moveit_core/include/moveit
[56.271s] -- Installing: /home/drawmemaybe/DrawMeMaybe/ros2_ws/install/moveit_core/include/moveit/dynamics_solver
[56.271s] -- Installing: /home/drawmemaybe/DrawMeMaybe/ros2_ws/install/moveit_core/include/moveit/dynamics_solver/dynamics_solver.h
[56.271s] -- Up-to-date: /home/drawmemaybe/DrawMeMaybe/ros2_ws/install/moveit_core/include
[56.271s] -- Up-to-date: /home/drawmemaybe/DrawMeMaybe/ros2_ws/install/moveit_core/include/moveit
[56.271s] -- Installing: /home/drawmemaybe/DrawMeMaybe/ros2_ws/install/moveit_core/include/moveit/exceptions
[56.271s] -- Installing: /home/drawmemaybe/DrawMeMaybe/ros2_ws/install/moveit_core/include/moveit/exceptions/exceptions.h
[56.271s] -- Up-to-date: /home/drawmemaybe/DrawMeMaybe/ros2_ws/install/moveit_core/include
[56.271s] -- Up-to-date: /home/drawmemaybe/DrawMeMaybe/ros2_ws/install/moveit_core/include/moveit
[56.271s] -- Installing: /home/drawmemaybe/DrawMeMaybe/ros2_ws/install/moveit_core/include/moveit/kinematics_base
[56.271s] -- Installing: /home/drawmemaybe/DrawMeMaybe/ros2_ws/install/moveit_core/include/moveit/kinematics_base/kinematics_base.h
[56.271s] -- Installing: /home/drawmemaybe/DrawMeMaybe/ros2_ws/install/moveit_core/include/moveit_kinematics_base_export.h
[56.271s] -- Up-to-date: /home/drawmemaybe/DrawMeMaybe/ros2_ws/install/moveit_core/include
[56.271s] -- Up-to-date: /home/drawmemaybe/DrawMeMaybe/ros2_ws/install/moveit_core/include/moveit
[56.271s] -- Installing: /home/drawmemaybe/DrawMeMaybe/ros2_ws/install/moveit_core/include/moveit/kinematic_constraints
[56.271s] -- Installing: /home/drawmemaybe/DrawMeMaybe/ros2_ws/install/moveit_core/include/moveit/kinematic_constraints/utils.h
[56.271s] -- Installing: /home/drawmemaybe/DrawMeMaybe/ros2_ws/install/moveit_core/include/moveit/kinematic_constraints/kinematic_constraint.h
[56.271s] -- Up-to-date: /home/drawmemaybe/DrawMeMaybe/ros2_ws/install/moveit_core/include
[56.271s] -- Up-to-date: /home/drawmemaybe/DrawMeMaybe/ros2_ws/install/moveit_core/include/moveit
[56.271s] -- Installing: /home/drawmemaybe/DrawMeMaybe/ros2_ws/install/moveit_core/include/moveit/kinematics_metrics
[56.271s] -- Installing: /home/drawmemaybe/DrawMeMaybe/ros2_ws/install/moveit_core/include/moveit/kinematics_metrics/kinematics_metrics.h
[56.271s] -- Up-to-date: /home/drawmemaybe/DrawMeMaybe/ros2_ws/install/moveit_core/include
[56.271s] -- Up-to-date: /home/drawmemaybe/DrawMeMaybe/ros2_ws/install/moveit_core/include/moveit
[56.271s] -- Installing: /home/drawmemaybe/DrawMeMaybe/ros2_ws/install/moveit_core/include/moveit/macros
[56.271s] -- Installing: /home/drawmemaybe/DrawMeMaybe/ros2_ws/install/moveit_core/include/moveit/macros/console_colors.h
[56.271s] -- Installing: /home/drawmemaybe/DrawMeMaybe/ros2_ws/install/moveit_core/include/moveit/macros/class_forward.h
[56.271s] -- Installing: /home/drawmemaybe/DrawMeMaybe/ros2_ws/install/moveit_core/include/moveit/macros/deprecation.h
[56.271s] -- Installing: /home/drawmemaybe/DrawMeMaybe/ros2_ws/install/moveit_core/include/moveit/macros/declare_ptr.h
[56.271s] -- Installing: /home/drawmemaybe/DrawMeMaybe/ros2_ws/install/moveit_core/include/moveit_core
[56.271s] -- Installing: /home/drawmemaybe/DrawMeMaybe/ros2_ws/install/moveit_core/include/moveit_core/moveit_butterworth_parameters.hpp
[56.271s] -- Up-to-date: /home/drawmemaybe/DrawMeMaybe/ros2_ws/install/moveit_core/include
[56.271s] -- Up-to-date: /home/drawmemaybe/DrawMeMaybe/ros2_ws/install/moveit_core/include/moveit
[56.271s] -- Installing: /home/drawmemaybe/DrawMeMaybe/ros2_ws/install/moveit_core/include/moveit/online_signal_smoothing
[56.271s] -- Installing: /home/drawmemaybe/DrawMeMaybe/ros2_ws/install/moveit_core/include/moveit/online_signal_smoothing/butterworth_filter.h
[56.272s] -- Installing: /home/drawmemaybe/DrawMeMaybe/ros2_ws/install/moveit_core/include/moveit/online_signal_smoothing/smoothing_base_class.h
[56.272s] -- Installing: /home/drawmemaybe/DrawMeMaybe/ros2_ws/install/moveit_core/include/moveit_smoothing_base_export.h
[56.272s] -- Installing: /home/drawmemaybe/DrawMeMaybe/ros2_ws/install/moveit_core/include/moveit_butterworth_filter_export.h
[56.272s] -- Up-to-date: /home/drawmemaybe/DrawMeMaybe/ros2_ws/install/moveit_core/include
[56.272s] -- Up-to-date: /home/drawmemaybe/DrawMeMaybe/ros2_ws/install/moveit_core/include/moveit
[56.272s] -- Installing: /home/drawmemaybe/DrawMeMaybe/ros2_ws/install/moveit_core/include/moveit/planning_interface
[56.272s] -- Installing: /home/drawmemaybe/DrawMeMaybe/ros2_ws/install/moveit_core/include/moveit/planning_interface/planning_response.h
[56.272s] -- Installing: /home/drawmemaybe/DrawMeMaybe/ros2_ws/install/moveit_core/include/moveit/planning_interface/planning_interface.h
[56.272s] -- Installing: /home/drawmemaybe/DrawMeMaybe/ros2_ws/install/moveit_core/include/moveit/planning_interface/planning_request.h
[56.272s] -- Up-to-date: /home/drawmemaybe/DrawMeMaybe/ros2_ws/install/moveit_core/include
[56.272s] -- Up-to-date: /home/drawmemaybe/DrawMeMaybe/ros2_ws/install/moveit_core/include/moveit
[56.272s] -- Installing: /home/drawmemaybe/DrawMeMaybe/ros2_ws/install/moveit_core/include/moveit/planning_request_adapter
[56.272s] -- Installing: /home/drawmemaybe/DrawMeMaybe/ros2_ws/install/moveit_core/include/moveit/planning_request_adapter/planning_request_adapter.h
[56.272s] -- Up-to-date: /home/drawmemaybe/DrawMeMaybe/ros2_ws/install/moveit_core/include
[56.272s] -- Up-to-date: /home/drawmemaybe/DrawMeMaybe/ros2_ws/install/moveit_core/include/moveit
[56.272s] -- Installing: /home/drawmemaybe/DrawMeMaybe/ros2_ws/install/moveit_core/include/moveit/planning_scene
[56.272s] -- Installing: /home/drawmemaybe/DrawMeMaybe/ros2_ws/install/moveit_core/include/moveit/planning_scene/planning_scene.h
[56.272s] -- Installing: /home/drawmemaybe/DrawMeMaybe/ros2_ws/install/moveit_core/include/moveit_planning_scene_export.h
[56.272s] -- Up-to-date: /home/drawmemaybe/DrawMeMaybe/ros2_ws/install/moveit_core/include
[56.272s] -- Up-to-date: /home/drawmemaybe/DrawMeMaybe/ros2_ws/install/moveit_core/include/moveit
[56.272s] -- Installing: /home/drawmemaybe/DrawMeMaybe/ros2_ws/install/moveit_core/include/moveit/robot_model
[56.272s] -- Installing: /home/drawmemaybe/DrawMeMaybe/ros2_ws/install/moveit_core/include/moveit/robot_model/robot_model.h
[56.272s] -- Installing: /home/drawmemaybe/DrawMeMaybe/ros2_ws/install/moveit_core/include/moveit/robot_model/joint_model.h
[56.272s] -- Installing: /home/drawmemaybe/DrawMeMaybe/ros2_ws/install/moveit_core/include/moveit/robot_model/prismatic_joint_model.h
[56.272s] -- Installing: /home/drawmemaybe/DrawMeMaybe/ros2_ws/install/moveit_core/include/moveit/robot_model/planar_joint_model.h
[56.272s] -- Installing: /home/drawmemaybe/DrawMeMaybe/ros2_ws/install/moveit_core/include/moveit/robot_model/revolute_joint_model.h
[56.272s] -- Installing: /home/drawmemaybe/DrawMeMaybe/ros2_ws/install/moveit_core/include/moveit/robot_model/link_model.h
[56.272s] -- Installing: /home/drawmemaybe/DrawMeMaybe/ros2_ws/install/moveit_core/include/moveit/robot_model/joint_model_group.h
[56.272s] -- Installing: /home/drawmemaybe/DrawMeMaybe/ros2_ws/install/moveit_core/include/moveit/robot_model/floating_joint_model.h
[56.272s] -- Installing: /home/drawmemaybe/DrawMeMaybe/ros2_ws/install/moveit_core/include/moveit/robot_model/aabb.h
[56.272s] -- Installing: /home/drawmemaybe/DrawMeMaybe/ros2_ws/install/moveit_core/include/moveit/robot_model/fixed_joint_model.h
[56.272s] -- Up-to-date: /home/drawmemaybe/DrawMeMaybe/ros2_ws/install/moveit_core/include
[56.272s] -- Up-to-date: /home/drawmemaybe/DrawMeMaybe/ros2_ws/install/moveit_core/include/moveit
[56.272s] -- Installing: /home/drawmemaybe/DrawMeMaybe/ros2_ws/install/moveit_core/include/moveit/robot_state
[56.272s] -- Installing: /home/drawmemaybe/DrawMeMaybe/ros2_ws/install/moveit_core/include/moveit/robot_state/robot_state.h
[56.272s] -- Installing: /home/drawmemaybe/DrawMeMaybe/ros2_ws/install/moveit_core/include/moveit/robot_state/attached_body.h
[56.272s] -- Installing: /home/drawmemaybe/DrawMeMaybe/ros2_ws/install/moveit_core/include/moveit/robot_state/conversions.h
[56.272s] -- Installing: /home/drawmemaybe/DrawMeMaybe/ros2_ws/install/moveit_core/include/moveit/robot_state/cartesian_interpolator.h
[56.272s] -- Up-to-date: /home/drawmemaybe/DrawMeMaybe/ros2_ws/install/moveit_core/include
[56.272s] -- Up-to-date: /home/drawmemaybe/DrawMeMaybe/ros2_ws/install/moveit_core/include/moveit
[56.272s] -- Installing: /home/drawmemaybe/DrawMeMaybe/ros2_ws/install/moveit_core/include/moveit/robot_trajectory
[56.272s] -- Installing: /home/drawmemaybe/DrawMeMaybe/ros2_ws/install/moveit_core/include/moveit/robot_trajectory/robot_trajectory.h
[56.272s] -- Up-to-date: /home/drawmemaybe/DrawMeMaybe/ros2_ws/install/moveit_core/include
[56.272s] -- Up-to-date: /home/drawmemaybe/DrawMeMaybe/ros2_ws/install/moveit_core/include/moveit
[56.272s] -- Installing: /home/drawmemaybe/DrawMeMaybe/ros2_ws/install/moveit_core/include/moveit/sensor_manager
[56.272s] -- Installing: /home/drawmemaybe/DrawMeMaybe/ros2_ws/install/moveit_core/include/moveit/sensor_manager/sensor_manager.h
[56.273s] -- Up-to-date: /home/drawmemaybe/DrawMeMaybe/ros2_ws/install/moveit_core/include
[56.273s] -- Up-to-date: /home/drawmemaybe/DrawMeMaybe/ros2_ws/install/moveit_core/include/moveit
[56.273s] -- Installing: /home/drawmemaybe/DrawMeMaybe/ros2_ws/install/moveit_core/include/moveit/trajectory_processing
[56.273s] -- Installing: /home/drawmemaybe/DrawMeMaybe/ros2_ws/install/moveit_core/include/moveit/trajectory_processing/time_optimal_trajectory_generation.h
[56.273s] -- Installing: /home/drawmemaybe/DrawMeMaybe/ros2_ws/install/moveit_core/include/moveit/trajectory_processing/time_parameterization.h
[56.273s] -- Installing: /home/drawmemaybe/DrawMeMaybe/ros2_ws/install/moveit_core/include/moveit/trajectory_processing/ruckig_traj_smoothing.h
[56.273s] -- Installing: /home/drawmemaybe/DrawMeMaybe/ros2_ws/install/moveit_core/include/moveit/trajectory_processing/iterative_time_parameterization.h
[56.273s] -- Installing: /home/drawmemaybe/DrawMeMaybe/ros2_ws/install/moveit_core/include/moveit/trajectory_processing/iterative_spline_parameterization.h
[56.273s] -- Installing: /home/drawmemaybe/DrawMeMaybe/ros2_ws/install/moveit_core/include/moveit/trajectory_processing/trajectory_tools.h
[56.273s] -- Up-to-date: /home/drawmemaybe/DrawMeMaybe/ros2_ws/install/moveit_core/include
[56.273s] -- Up-to-date: /home/drawmemaybe/DrawMeMaybe/ros2_ws/install/moveit_core/include/moveit
[56.273s] -- Installing: /home/drawmemaybe/DrawMeMaybe/ros2_ws/install/moveit_core/include/moveit/transforms
[56.273s] -- Installing: /home/drawmemaybe/DrawMeMaybe/ros2_ws/install/moveit_core/include/moveit/transforms/transforms.h
[56.273s] -- Up-to-date: /home/drawmemaybe/DrawMeMaybe/ros2_ws/install/moveit_core/include
[56.273s] -- Up-to-date: /home/drawmemaybe/DrawMeMaybe/ros2_ws/install/moveit_core/include/moveit
[56.273s] -- Installing: /home/drawmemaybe/DrawMeMaybe/ros2_ws/install/moveit_core/include/moveit/utils
[56.273s] -- Installing: /home/drawmemaybe/DrawMeMaybe/ros2_ws/install/moveit_core/include/moveit/utils/message_checks.h
[56.273s] -- Installing: /home/drawmemaybe/DrawMeMaybe/ros2_ws/install/moveit_core/include/moveit/utils/rclcpp_utils.h
[56.273s] -- Installing: /home/drawmemaybe/DrawMeMaybe/ros2_ws/install/moveit_core/include/moveit/utils/robot_model_test_utils.h
[56.273s] -- Installing: /home/drawmemaybe/DrawMeMaybe/ros2_ws/install/moveit_core/include/moveit/utils/lexical_casts.h
[56.273s] -- Installing: /home/drawmemaybe/DrawMeMaybe/ros2_ws/install/moveit_core/include/moveit/utils/moveit_error_code.h
[56.273s] -- Installing: /home/drawmemaybe/DrawMeMaybe/ros2_ws/install/moveit_core/bin/moveit_version
[56.273s] -- Up-to-date: /home/drawmemaybe/DrawMeMaybe/ros2_ws/install/moveit_core/include
[56.273s] -- Up-to-date: /home/drawmemaybe/DrawMeMaybe/ros2_ws/install/moveit_core/include/moveit
[56.273s] -- Installing: /home/drawmemaybe/DrawMeMaybe/ros2_ws/install/moveit_core/include/moveit/collision_detection
[56.273s] -- Installing: /home/drawmemaybe/DrawMeMaybe/ros2_ws/install/moveit_core/include/moveit/collision_detection/world.h
[56.273s] -- Installing: /home/drawmemaybe/DrawMeMaybe/ros2_ws/install/moveit_core/include/moveit/collision_detection/occupancy_map.h
[56.273s] -- Installing: /home/drawmemaybe/DrawMeMaybe/ros2_ws/install/moveit_core/include/moveit/collision_detection/collision_plugin.h
[56.273s] -- Installing: /home/drawmemaybe/DrawMeMaybe/ros2_ws/install/moveit_core/include/moveit/collision_detection/collision_matrix.h
[56.273s] -- Installing: /home/drawmemaybe/DrawMeMaybe/ros2_ws/install/moveit_core/include/moveit/collision_detection/collision_tools.h
[56.273s] -- Installing: /home/drawmemaybe/DrawMeMaybe/ros2_ws/install/moveit_core/include/moveit/collision_detection/collision_octomap_filter.h
[56.273s] -- Installing: /home/drawmemaybe/DrawMeMaybe/ros2_ws/install/moveit_core/include/moveit/collision_detection/test_collision_common_panda.h
[56.273s] -- Installing: /home/drawmemaybe/DrawMeMaybe/ros2_ws/install/moveit_core/include/moveit/collision_detection/collision_common.h
[56.273s] -- Installing: /home/drawmemaybe/DrawMeMaybe/ros2_ws/install/moveit_core/include/moveit/collision_detection/world_diff.h
[56.273s] -- Installing: /home/drawmemaybe/DrawMeMaybe/ros2_ws/install/moveit_core/include/moveit/collision_detection/allvalid
[56.273s] -- Installing: /home/drawmemaybe/DrawMeMaybe/ros2_ws/install/moveit_core/include/moveit/collision_detection/allvalid/collision_detector_allocator_allvalid.h
[56.273s] -- Installing: /home/drawmemaybe/DrawMeMaybe/ros2_ws/install/moveit_core/include/moveit/collision_detection/allvalid/collision_env_allvalid.h
[56.273s] -- Installing: /home/drawmemaybe/DrawMeMaybe/ros2_ws/install/moveit_core/include/moveit/collision_detection/collision_detector_allocator.h
[56.273s] -- Installing: /home/drawmemaybe/DrawMeMaybe/ros2_ws/install/moveit_core/include/moveit/collision_detection/test_collision_common_pr2.h
[56.273s] -- Installing: /home/drawmemaybe/DrawMeMaybe/ros2_ws/install/moveit_core/include/moveit/collision_detection/collision_env.h
[56.273s] -- Installing: /home/drawmemaybe/DrawMeMaybe/ros2_ws/install/moveit_core/include/moveit/collision_detection/collision_plugin_cache.h
[56.274s] -- Installing: /home/drawmemaybe/DrawMeMaybe/ros2_ws/install/moveit_core/include/moveit_collision_detection_export.h
[56.274s] -- Up-to-date: /home/drawmemaybe/DrawMeMaybe/ros2_ws/install/moveit_core/include
[56.274s] -- Up-to-date: /home/drawmemaybe/DrawMeMaybe/ros2_ws/install/moveit_core/include/moveit
[56.274s] -- Installing: /home/drawmemaybe/DrawMeMaybe/ros2_ws/install/moveit_core/include/moveit/collision_detection_bullet
[56.274s] -- Installing: /home/drawmemaybe/DrawMeMaybe/ros2_ws/install/moveit_core/include/moveit/collision_detection_bullet/bullet_integration
[56.274s] -- Installing: /home/drawmemaybe/DrawMeMaybe/ros2_ws/install/moveit_core/include/moveit/collision_detection_bullet/bullet_integration/basic_types.h
[56.274s] -- Installing: /home/drawmemaybe/DrawMeMaybe/ros2_ws/install/moveit_core/include/moveit/collision_detection_bullet/bullet_integration/bullet_bvh_manager.h
[56.274s] -- Installing: /home/drawmemaybe/DrawMeMaybe/ros2_ws/install/moveit_core/include/moveit/collision_detection_bullet/bullet_integration/bullet_cast_bvh_manager.h
[56.274s] -- Installing: /home/drawmemaybe/DrawMeMaybe/ros2_ws/install/moveit_core/include/moveit/collision_detection_bullet/bullet_integration/contact_checker_common.h
[56.274s] -- Installing: /home/drawmemaybe/DrawMeMaybe/ros2_ws/install/moveit_core/include/moveit/collision_detection_bullet/bullet_integration/bullet_utils.h
[56.274s] -- Installing: /home/drawmemaybe/DrawMeMaybe/ros2_ws/install/moveit_core/include/moveit/collision_detection_bullet/bullet_integration/bullet_discrete_bvh_manager.h
[56.274s] -- Installing: /home/drawmemaybe/DrawMeMaybe/ros2_ws/install/moveit_core/include/moveit/collision_detection_bullet/bullet_integration/ros_bullet_utils.h
[56.274s] -- Installing: /home/drawmemaybe/DrawMeMaybe/ros2_ws/install/moveit_core/include/moveit/collision_detection_bullet/collision_detector_bullet_plugin_loader.h
[56.274s] -- Installing: /home/drawmemaybe/DrawMeMaybe/ros2_ws/install/moveit_core/include/moveit/collision_detection_bullet/collision_env_bullet.h
[56.274s] -- Installing: /home/drawmemaybe/DrawMeMaybe/ros2_ws/install/moveit_core/include/moveit/collision_detection_bullet/collision_detector_allocator_bullet.h
[56.274s] -- Installing: /home/drawmemaybe/DrawMeMaybe/ros2_ws/install/moveit_core/include/moveit_collision_detection_bullet_export.h
[56.274s] -- Up-to-date: /home/drawmemaybe/DrawMeMaybe/ros2_ws/install/moveit_core/include
[56.274s] -- Up-to-date: /home/drawmemaybe/DrawMeMaybe/ros2_ws/install/moveit_core/include/moveit
[56.274s] -- Installing: /home/drawmemaybe/DrawMeMaybe/ros2_ws/install/moveit_core/include/moveit/collision_detection_fcl
[56.274s] -- Installing: /home/drawmemaybe/DrawMeMaybe/ros2_ws/install/moveit_core/include/moveit/collision_detection_fcl/collision_detector_allocator_fcl.h
[56.274s] -- Installing: /home/drawmemaybe/DrawMeMaybe/ros2_ws/install/moveit_core/include/moveit/collision_detection_fcl/collision_common.h
[56.274s] -- Installing: /home/drawmemaybe/DrawMeMaybe/ros2_ws/install/moveit_core/include/moveit/collision_detection_fcl/collision_detector_fcl_plugin_loader.h
[56.274s] -- Installing: /home/drawmemaybe/DrawMeMaybe/ros2_ws/install/moveit_core/include/moveit/collision_detection_fcl/fcl_compat.h
[56.274s] -- Installing: /home/drawmemaybe/DrawMeMaybe/ros2_ws/install/moveit_core/include/moveit/collision_detection_fcl/collision_env_fcl.h
[56.274s] -- Installing: /home/drawmemaybe/DrawMeMaybe/ros2_ws/install/moveit_core/include/moveit_collision_detection_fcl_export.h
[56.274s] -- Installing: /home/drawmemaybe/DrawMeMaybe/ros2_ws/install/moveit_core/lib/libcollision_detector_bullet_plugin.so.2.5.9
[56.274s] -- Set runtime path of "/home/drawmemaybe/DrawMeMaybe/ros2_ws/install/moveit_core/lib/libcollision_detector_bullet_plugin.so.2.5.9" to ""
[56.274s] -- Installing: /home/drawmemaybe/DrawMeMaybe/ros2_ws/install/moveit_core/lib/libcollision_detector_bullet_plugin.so
[56.274s] -- Installing: /home/drawmemaybe/DrawMeMaybe/ros2_ws/install/moveit_core/lib/libmoveit_butterworth_filter.so.2.5.9
[56.274s] -- Set runtime path of "/home/drawmemaybe/DrawMeMaybe/ros2_ws/install/moveit_core/lib/libmoveit_butterworth_filter.so.2.5.9" to ""
[56.274s] -- Installing: /home/drawmemaybe/DrawMeMaybe/ros2_ws/install/moveit_core/lib/libmoveit_butterworth_filter.so
[56.274s] -- Installing: /home/drawmemaybe/DrawMeMaybe/ros2_ws/install/moveit_core/lib/libmoveit_collision_distance_field.so.2.5.9
[56.275s] -- Set runtime path of "/home/drawmemaybe/DrawMeMaybe/ros2_ws/install/moveit_core/lib/libmoveit_collision_distance_field.so.2.5.9" to ""
[56.275s] -- Installing: /home/drawmemaybe/DrawMeMaybe/ros2_ws/install/moveit_core/lib/libmoveit_collision_distance_field.so
[56.275s] -- Installing: /home/drawmemaybe/DrawMeMaybe/ros2_ws/install/moveit_core/lib/libmoveit_collision_detection.so.2.5.9
[56.275s] -- Set runtime path of "/home/drawmemaybe/DrawMeMaybe/ros2_ws/install/moveit_core/lib/libmoveit_collision_detection.so.2.5.9" to ""
[56.275s] -- Installing: /home/drawmemaybe/DrawMeMaybe/ros2_ws/install/moveit_core/lib/libmoveit_collision_detection.so
[56.275s] -- Installing: /home/drawmemaybe/DrawMeMaybe/ros2_ws/install/moveit_core/lib/libmoveit_collision_detection_fcl.so.2.5.9
[56.275s] -- Set runtime path of "/home/drawmemaybe/DrawMeMaybe/ros2_ws/install/moveit_core/lib/libmoveit_collision_detection_fcl.so.2.5.9" to ""
[56.275s] -- Installing: /home/drawmemaybe/DrawMeMaybe/ros2_ws/install/moveit_core/lib/libmoveit_collision_detection_fcl.so
[56.275s] -- Installing: /home/drawmemaybe/DrawMeMaybe/ros2_ws/install/moveit_core/lib/libmoveit_collision_detection_bullet.so.2.5.9
[56.275s] -- Set runtime path of "/home/drawmemaybe/DrawMeMaybe/ros2_ws/install/moveit_core/lib/libmoveit_collision_detection_bullet.so.2.5.9" to ""
[56.275s] -- Installing: /home/drawmemaybe/DrawMeMaybe/ros2_ws/install/moveit_core/lib/libmoveit_collision_detection_bullet.so
[56.275s] -- Installing: /home/drawmemaybe/DrawMeMaybe/ros2_ws/install/moveit_core/lib/libmoveit_dynamics_solver.so.2.5.9
[56.275s] -- Set runtime path of "/home/drawmemaybe/DrawMeMaybe/ros2_ws/install/moveit_core/lib/libmoveit_dynamics_solver.so.2.5.9" to ""
[56.275s] -- Installing: /home/drawmemaybe/DrawMeMaybe/ros2_ws/install/moveit_core/lib/libmoveit_dynamics_solver.so
[56.276s] -- Installing: /home/drawmemaybe/DrawMeMaybe/ros2_ws/install/moveit_core/lib/libmoveit_constraint_samplers.so.2.5.9
[56.276s] -- Set runtime path of "/home/drawmemaybe/DrawMeMaybe/ros2_ws/install/moveit_core/lib/libmoveit_constraint_samplers.so.2.5.9" to ""
[56.276s] -- Installing: /home/drawmemaybe/DrawMeMaybe/ros2_ws/install/moveit_core/lib/libmoveit_constraint_samplers.so
[56.276s] -- Installing: /home/drawmemaybe/DrawMeMaybe/ros2_ws/install/moveit_core/lib/libmoveit_distance_field.so.2.5.9
[56.276s] -- Set runtime path of "/home/drawmemaybe/DrawMeMaybe/ros2_ws/install/moveit_core/lib/libmoveit_distance_field.so.2.5.9" to ""
[56.276s] -- Installing: /home/drawmemaybe/DrawMeMaybe/ros2_ws/install/moveit_core/lib/libmoveit_distance_field.so
[56.276s] -- Installing: /home/drawmemaybe/DrawMeMaybe/ros2_ws/install/moveit_core/lib/libmoveit_exceptions.so.2.5.9
[56.276s] -- Set runtime path of "/home/drawmemaybe/DrawMeMaybe/ros2_ws/install/moveit_core/lib/libmoveit_exceptions.so.2.5.9" to ""
[56.276s] -- Installing: /home/drawmemaybe/DrawMeMaybe/ros2_ws/install/moveit_core/lib/libmoveit_exceptions.so
[56.276s] -- Installing: /home/drawmemaybe/DrawMeMaybe/ros2_ws/install/moveit_core/lib/libmoveit_kinematics_base.so
[56.276s] -- Set runtime path of "/home/drawmemaybe/DrawMeMaybe/ros2_ws/install/moveit_core/lib/libmoveit_kinematics_base.so" to ""
[56.276s] -- Installing: /home/drawmemaybe/DrawMeMaybe/ros2_ws/install/moveit_core/lib/libmoveit_kinematic_constraints.so.2.5.9
[56.276s] -- Set runtime path of "/home/drawmemaybe/DrawMeMaybe/ros2_ws/install/moveit_core/lib/libmoveit_kinematic_constraints.so.2.5.9" to ""
[56.276s] -- Installing: /home/drawmemaybe/DrawMeMaybe/ros2_ws/install/moveit_core/lib/libmoveit_kinematic_constraints.so
[56.276s] -- Installing: /home/drawmemaybe/DrawMeMaybe/ros2_ws/install/moveit_core/lib/libmoveit_kinematics_metrics.so.2.5.9
[56.276s] -- Set runtime path of "/home/drawmemaybe/DrawMeMaybe/ros2_ws/install/moveit_core/lib/libmoveit_kinematics_metrics.so.2.5.9" to ""
[56.276s] -- Installing: /home/drawmemaybe/DrawMeMaybe/ros2_ws/install/moveit_core/lib/libmoveit_kinematics_metrics.so
[56.276s] -- Installing: /home/drawmemaybe/DrawMeMaybe/ros2_ws/install/moveit_core/lib/libmoveit_planning_interface.so.2.5.9
[56.277s] -- Set runtime path of "/home/drawmemaybe/DrawMeMaybe/ros2_ws/install/moveit_core/lib/libmoveit_planning_interface.so.2.5.9" to ""
[56.277s] -- Installing: /home/drawmemaybe/DrawMeMaybe/ros2_ws/install/moveit_core/lib/libmoveit_planning_interface.so
[56.277s] -- Installing: /home/drawmemaybe/DrawMeMaybe/ros2_ws/install/moveit_core/lib/libmoveit_planning_scene.so.2.5.9
[56.277s] -- Set runtime path of "/home/drawmemaybe/DrawMeMaybe/ros2_ws/install/moveit_core/lib/libmoveit_planning_scene.so.2.5.9" to ""
[56.277s] -- Installing: /home/drawmemaybe/DrawMeMaybe/ros2_ws/install/moveit_core/lib/libmoveit_planning_scene.so
[56.277s] -- Installing: /home/drawmemaybe/DrawMeMaybe/ros2_ws/install/moveit_core/lib/libmoveit_planning_request_adapter.so.2.5.9
[56.277s] -- Set runtime path of "/home/drawmemaybe/DrawMeMaybe/ros2_ws/install/moveit_core/lib/libmoveit_planning_request_adapter.so.2.5.9" to ""
[56.277s] -- Installing: /home/drawmemaybe/DrawMeMaybe/ros2_ws/install/moveit_core/lib/libmoveit_planning_request_adapter.so
[56.277s] -- Installing: /home/drawmemaybe/DrawMeMaybe/ros2_ws/install/moveit_core/lib/libmoveit_robot_model.so.2.5.9
[56.277s] -- Set runtime path of "/home/drawmemaybe/DrawMeMaybe/ros2_ws/install/moveit_core/lib/libmoveit_robot_model.so.2.5.9" to ""
[56.277s] -- Installing: /home/drawmemaybe/DrawMeMaybe/ros2_ws/install/moveit_core/lib/libmoveit_robot_model.so
[56.277s] -- Installing: /home/drawmemaybe/DrawMeMaybe/ros2_ws/install/moveit_core/lib/libmoveit_robot_state.so.2.5.9
[56.278s] -- Set runtime path of "/home/drawmemaybe/DrawMeMaybe/ros2_ws/install/moveit_core/lib/libmoveit_robot_state.so.2.5.9" to ""
[56.278s] -- Installing: /home/drawmemaybe/DrawMeMaybe/ros2_ws/install/moveit_core/lib/libmoveit_robot_state.so
[56.278s] -- Installing: /home/drawmemaybe/DrawMeMaybe/ros2_ws/install/moveit_core/lib/libmoveit_robot_trajectory.so.2.5.9
[56.278s] -- Set runtime path of "/home/drawmemaybe/DrawMeMaybe/ros2_ws/install/moveit_core/lib/libmoveit_robot_trajectory.so.2.5.9" to ""
[56.278s] -- Installing: /home/drawmemaybe/DrawMeMaybe/ros2_ws/install/moveit_core/lib/libmoveit_robot_trajectory.so
[56.278s] -- Installing: /home/drawmemaybe/DrawMeMaybe/ros2_ws/install/moveit_core/lib/libmoveit_smoothing_base.so.2.5.9
[56.278s] -- Set runtime path of "/home/drawmemaybe/DrawMeMaybe/ros2_ws/install/moveit_core/lib/libmoveit_smoothing_base.so.2.5.9" to ""
[56.278s] -- Installing: /home/drawmemaybe/DrawMeMaybe/ros2_ws/install/moveit_core/lib/libmoveit_smoothing_base.so
[56.278s] -- Installing: /home/drawmemaybe/DrawMeMaybe/ros2_ws/install/moveit_core/lib/libmoveit_test_utils.so.2.5.9
[56.278s] -- Set runtime path of "/home/drawmemaybe/DrawMeMaybe/ros2_ws/install/moveit_core/lib/libmoveit_test_utils.so.2.5.9" to ""
[56.278s] -- Installing: /home/drawmemaybe/DrawMeMaybe/ros2_ws/install/moveit_core/lib/libmoveit_test_utils.so
[56.278s] -- Installing: /home/drawmemaybe/DrawMeMaybe/ros2_ws/install/moveit_core/lib/libmoveit_trajectory_processing.so.2.5.9
[56.278s] -- Set runtime path of "/home/drawmemaybe/DrawMeMaybe/ros2_ws/install/moveit_core/lib/libmoveit_trajectory_processing.so.2.5.9" to ""
[56.278s] -- Installing: /home/drawmemaybe/DrawMeMaybe/ros2_ws/install/moveit_core/lib/libmoveit_trajectory_processing.so
[56.278s] -- Installing: /home/drawmemaybe/DrawMeMaybe/ros2_ws/install/moveit_core/lib/libmoveit_transforms.so.2.5.9
[56.278s] -- Set runtime path of "/home/drawmemaybe/DrawMeMaybe/ros2_ws/install/moveit_core/lib/libmoveit_transforms.so.2.5.9" to ""
[56.278s] -- Installing: /home/drawmemaybe/DrawMeMaybe/ros2_ws/install/moveit_core/lib/libmoveit_transforms.so
[56.278s] -- Installing: /home/drawmemaybe/DrawMeMaybe/ros2_ws/install/moveit_core/lib/libmoveit_utils.so.2.5.9
[56.278s] -- Set runtime path of "/home/drawmemaybe/DrawMeMaybe/ros2_ws/install/moveit_core/lib/libmoveit_utils.so.2.5.9" to ""
[56.278s] -- Installing: /home/drawmemaybe/DrawMeMaybe/ros2_ws/install/moveit_core/lib/libmoveit_utils.so
[56.278s] -- Installing: /home/drawmemaybe/DrawMeMaybe/ros2_ws/install/moveit_core/share/moveit_core/environment/library_path.sh
[56.278s] -- Installing: /home/drawmemaybe/DrawMeMaybe/ros2_ws/install/moveit_core/share/moveit_core/environment/library_path.dsv
[56.279s] -- Installing: /home/drawmemaybe/DrawMeMaybe/ros2_ws/install/moveit_core/share/moveit_core/collision_detector_fcl_description.xml
[56.279s] -- Installing: /home/drawmemaybe/DrawMeMaybe/ros2_ws/install/moveit_core/share/moveit_core/collision_detector_bullet_description.xml
[56.279s] -- Installing: /home/drawmemaybe/DrawMeMaybe/ros2_ws/install/moveit_core/share/moveit_core/filter_plugin_butterworth.xml
[56.279s] -- Installing: /home/drawmemaybe/DrawMeMaybe/ros2_ws/install/moveit_core/share/ament_index/resource_index/package_run_dependencies/moveit_core
[56.279s] -- Installing: /home/drawmemaybe/DrawMeMaybe/ros2_ws/install/moveit_core/share/ament_index/resource_index/parent_prefix_path/moveit_core
[56.279s] -- Installing: /home/drawmemaybe/DrawMeMaybe/ros2_ws/install/moveit_core/share/moveit_core/environment/ament_prefix_path.sh
[56.279s] -- Installing: /home/drawmemaybe/DrawMeMaybe/ros2_ws/install/moveit_core/share/moveit_core/environment/ament_prefix_path.dsv
[56.279s] -- Installing: /home/drawmemaybe/DrawMeMaybe/ros2_ws/install/moveit_core/share/moveit_core/environment/path.sh
[56.279s] -- Installing: /home/drawmemaybe/DrawMeMaybe/ros2_ws/install/moveit_core/share/moveit_core/environment/path.dsv
[56.279s] -- Installing: /home/drawmemaybe/DrawMeMaybe/ros2_ws/install/moveit_core/share/moveit_core/local_setup.bash
[56.279s] -- Installing: /home/drawmemaybe/DrawMeMaybe/ros2_ws/install/moveit_core/share/moveit_core/local_setup.sh
[56.279s] -- Installing: /home/drawmemaybe/DrawMeMaybe/ros2_ws/install/moveit_core/share/moveit_core/local_setup.zsh
[56.279s] -- Installing: /home/drawmemaybe/DrawMeMaybe/ros2_ws/install/moveit_core/share/moveit_core/local_setup.dsv
[56.279s] -- Installing: /home/drawmemaybe/DrawMeMaybe/ros2_ws/install/moveit_core/share/moveit_core/package.dsv
[56.279s] -- Installing: /home/drawmemaybe/DrawMeMaybe/ros2_ws/install/moveit_core/share/ament_index/resource_index/packages/moveit_core
[56.279s] -- Installing: /home/drawmemaybe/DrawMeMaybe/ros2_ws/install/moveit_core/share/ament_index/resource_index/moveit_core__pluginlib__plugin/moveit_core
[56.279s] -- Installing: /home/drawmemaybe/DrawMeMaybe/ros2_ws/install/moveit_core/share/moveit_core/cmake/export_moveit_coreExport.cmake
[56.279s] -- Installing: /home/drawmemaybe/DrawMeMaybe/ros2_ws/install/moveit_core/share/moveit_core/cmake/export_moveit_coreExport-release.cmake
[56.279s] -- Installing: /home/drawmemaybe/DrawMeMaybe/ros2_ws/install/moveit_core/share/moveit_core/cmake/ConfigExtras.cmake
[56.279s] -- Installing: /home/drawmemaybe/DrawMeMaybe/ros2_ws/install/moveit_core/share/moveit_core/cmake/ament_cmake_export_targets-extras.cmake
[56.279s] -- Installing: /home/drawmemaybe/DrawMeMaybe/ros2_ws/install/moveit_core/share/moveit_core/cmake/ament_cmake_export_dependencies-extras.cmake
[56.279s] -- Installing: /home/drawmemaybe/DrawMeMaybe/ros2_ws/install/moveit_core/share/moveit_core/cmake/moveit_coreConfig.cmake
[56.279s] -- Installing: /home/drawmemaybe/DrawMeMaybe/ros2_ws/install/moveit_core/share/moveit_core/cmake/moveit_coreConfig-version.cmake
[56.279s] -- Installing: /home/drawmemaybe/DrawMeMaybe/ros2_ws/install/moveit_core/share/moveit_core/package.xml
[56.280s] Invoked command in '/home/drawmemaybe/DrawMeMaybe/ros2_ws/build/moveit_core' returned '0': AMENT_PREFIX_PATH=/home/drawmemaybe/DrawMeMaybe/ros2_ws/install/moveit_resources_panda_moveit_config:/home/drawmemaybe/DrawMeMaybe/ros2_ws/install/srdfdom:/home/drawmemaybe/DrawMeMaybe/ros2_ws/install/moveit_resources_pr2_description:/home/drawmemaybe/DrawMeMaybe/ros2_ws/install/moveit_resources_panda_description:/home/drawmemaybe/DrawMeMaybe/ros2_ws/install/moveit_common:${AMENT_PREFIX_PATH} CMAKE_PREFIX_PATH=/home/drawmemaybe/DrawMeMaybe/ros2_ws/install/moveit_resources_panda_moveit_config:/home/drawmemaybe/DrawMeMaybe/ros2_ws/install/srdfdom:/home/drawmemaybe/DrawMeMaybe/ros2_ws/install/moveit_resources_pr2_description:/home/drawmemaybe/DrawMeMaybe/ros2_ws/install/moveit_resources_panda_description:/home/drawmemaybe/DrawMeMaybe/ros2_ws/install/moveit_common:/opt/ros/humble LD_LIBRARY_PATH=/home/drawmemaybe/DrawMeMaybe/ros2_ws/install/srdfdom/lib:${LD_LIBRARY_PATH} PYTHONPATH=/home/drawmemaybe/DrawMeMaybe/ros2_ws/install/srdfdom/local/lib/python3.10/dist-packages:${PYTHONPATH} /usr/bin/cmake --install /home/drawmemaybe/DrawMeMaybe/ros2_ws/build/moveit_core
