[0.019s] Invoking command in '/home/drawmemaybe/DrawMeMaybe/ros2_ws/build/moveit_task_constructor_core': AMENT_PREFIX_PATH=/home/drawmemaybe/DrawMeMaybe/ros2_ws/install/moveit_planners:/home/drawmemaybe/DrawMeMaybe/ros2_ws/install/pilz_industrial_motion_planner:/home/drawmemaybe/DrawMeMaybe/ros2_ws/install/moveit_resources_prbt_pg70_support:/home/drawmemaybe/DrawMeMaybe/ros2_ws/install/moveit_ros_planning_interface:/home/drawmemaybe/DrawMeMaybe/ros2_ws/install/moveit_resources_prbt_moveit_config:/home/drawmemaybe/DrawMeMaybe/ros2_ws/install/moveit_ros_move_group:/home/drawmemaybe/DrawMeMaybe/ros2_ws/install/moveit_ros_warehouse:/home/drawmemaybe/DrawMeMaybe/ros2_ws/install/moveit_planners_ompl:/home/drawmemaybe/DrawMeMaybe/ros2_ws/install/moveit_kinematics:/home/drawmemaybe/DrawMeMaybe/ros2_ws/install/moveit_ros_planning:/home/drawmemaybe/DrawMeMaybe/ros2_ws/install/moveit_planners_chomp:/home/drawmemaybe/DrawMeMaybe/ros2_ws/install/pilz_industrial_motion_planner_testutils:/home/drawmemaybe/DrawMeMaybe/ros2_ws/install/moveit_simple_controller_manager:/home/drawmemaybe/DrawMeMaybe/ros2_ws/install/moveit_ros_occupancy_map_monitor:/home/drawmemaybe/DrawMeMaybe/ros2_ws/install/moveit_resources_prbt_ikfast_manipulator_plugin:/home/drawmemaybe/DrawMeMaybe/ros2_ws/install/chomp_motion_planner:/home/drawmemaybe/DrawMeMaybe/ros2_ws/install/moveit_core:/home/drawmemaybe/DrawMeMaybe/ros2_ws/install/rviz_marker_tools:/home/drawmemaybe/DrawMeMaybe/ros2_ws/install/moveit_resources_panda_moveit_config:/home/drawmemaybe/DrawMeMaybe/ros2_ws/install/moveit_resources_fanuc_moveit_config:/home/drawmemaybe/DrawMeMaybe/ros2_ws/install/moveit_configs_utils:/home/drawmemaybe/DrawMeMaybe/ros2_ws/install/srdfdom:/home/drawmemaybe/DrawMeMaybe/ros2_ws/install/moveit_task_constructor_msgs:/home/drawmemaybe/DrawMeMaybe/ros2_ws/install/moveit_resources_prbt_support:/home/drawmemaybe/DrawMeMaybe/ros2_ws/install/moveit_resources_pr2_description:/home/drawmemaybe/DrawMeMaybe/ros2_ws/install/moveit_resources_panda_description:/home/drawmemaybe/DrawMeMaybe/ros2_ws/install/moveit_resources_fanuc_description:/home/drawmemaybe/DrawMeMaybe/ros2_ws/install/moveit_common:/home/drawmemaybe/DrawMeMaybe/ros2_ws/install/launch_param_builder:${AMENT_PREFIX_PATH} CMAKE_PREFIX_PATH=/home/drawmemaybe/DrawMeMaybe/ros2_ws/install/moveit_planners:/home/drawmemaybe/DrawMeMaybe/ros2_ws/install/pilz_industrial_motion_planner:/home/drawmemaybe/DrawMeMaybe/ros2_ws/install/moveit_resources_prbt_pg70_support:/home/drawmemaybe/DrawMeMaybe/ros2_ws/install/moveit_ros_planning_interface:/home/drawmemaybe/DrawMeMaybe/ros2_ws/install/moveit_resources_prbt_moveit_config:/home/drawmemaybe/DrawMeMaybe/ros2_ws/install/moveit_ros_move_group:/home/drawmemaybe/DrawMeMaybe/ros2_ws/install/moveit_ros_warehouse:/home/drawmemaybe/DrawMeMaybe/ros2_ws/install/moveit_planners_ompl:/home/drawmemaybe/DrawMeMaybe/ros2_ws/install/moveit_kinematics:/home/drawmemaybe/DrawMeMaybe/ros2_ws/install/moveit_ros_planning:/home/drawmemaybe/DrawMeMaybe/ros2_ws/install/moveit_planners_chomp:/home/drawmemaybe/DrawMeMaybe/ros2_ws/install/pilz_industrial_motion_planner_testutils:/home/drawmemaybe/DrawMeMaybe/ros2_ws/install/moveit_simple_controller_manager:/home/drawmemaybe/DrawMeMaybe/ros2_ws/install/moveit_ros_occupancy_map_monitor:/home/drawmemaybe/DrawMeMaybe/ros2_ws/install/moveit_resources_prbt_ikfast_manipulator_plugin:/home/drawmemaybe/DrawMeMaybe/ros2_ws/install/chomp_motion_planner:/home/drawmemaybe/DrawMeMaybe/ros2_ws/install/moveit_core:/home/drawmemaybe/DrawMeMaybe/ros2_ws/install/rviz_marker_tools:/home/drawmemaybe/DrawMeMaybe/ros2_ws/install/moveit_resources_panda_moveit_config:/home/drawmemaybe/DrawMeMaybe/ros2_ws/install/moveit_resources_fanuc_moveit_config:/home/drawmemaybe/DrawMeMaybe/ros2_ws/install/srdfdom:/home/drawmemaybe/DrawMeMaybe/ros2_ws/install/moveit_task_constructor_msgs:/home/drawmemaybe/DrawMeMaybe/ros2_ws/install/moveit_resources_prbt_support:/home/drawmemaybe/DrawMeMaybe/ros2_ws/install/moveit_resources_pr2_description:/home/drawmemaybe/DrawMeMaybe/ros2_ws/install/moveit_resources_panda_description:/home/drawmemaybe/DrawMeMaybe/ros2_ws/install/moveit_resources_fanuc_description:/home/drawmemaybe/DrawMeMaybe/ros2_ws/install/moveit_common:/opt/ros/humble LD_LIBRARY_PATH=/home/drawmemaybe/DrawMeMaybe/ros2_ws/install/pilz_industrial_motion_planner/lib:/home/drawmemaybe/DrawMeMaybe/ros2_ws/install/moveit_ros_planning_interface/lib:/home/drawmemaybe/DrawMeMaybe/ros2_ws/install/moveit_ros_move_group/lib:/home/drawmemaybe/DrawMeMaybe/ros2_ws/install/moveit_ros_warehouse/lib:/home/drawmemaybe/DrawMeMaybe/ros2_ws/install/moveit_planners_ompl/lib:/home/drawmemaybe/DrawMeMaybe/ros2_ws/install/moveit_kinematics/lib:/home/drawmemaybe/DrawMeMaybe/ros2_ws/install/moveit_ros_planning/lib:/home/drawmemaybe/DrawMeMaybe/ros2_ws/install/moveit_planners_chomp/lib:/home/drawmemaybe/DrawMeMaybe/ros2_ws/install/pilz_industrial_motion_planner_testutils/lib:/home/drawmemaybe/DrawMeMaybe/ros2_ws/install/moveit_simple_controller_manager/lib:/home/drawmemaybe/DrawMeMaybe/ros2_ws/install/moveit_ros_occupancy_map_monitor/lib:/home/drawmemaybe/DrawMeMaybe/ros2_ws/install/moveit_resources_prbt_ikfast_manipulator_plugin/lib:/home/drawmemaybe/DrawMeMaybe/ros2_ws/install/chomp_motion_planner/lib:/home/drawmemaybe/DrawMeMaybe/ros2_ws/install/moveit_core/lib:/home/drawmemaybe/DrawMeMaybe/ros2_ws/install/rviz_marker_tools/lib:/home/drawmemaybe/DrawMeMaybe/ros2_ws/install/srdfdom/lib:/home/drawmemaybe/DrawMeMaybe/ros2_ws/install/moveit_task_constructor_msgs/lib:${LD_LIBRARY_PATH} PATH=/home/drawmemaybe/DrawMeMaybe/ros2_ws/install/moveit_core/bin:${PATH} PYTHONPATH=/home/drawmemaybe/DrawMeMaybe/ros2_ws/install/moveit_configs_utils/lib/python3.10/site-packages:/home/drawmemaybe/DrawMeMaybe/ros2_ws/install/srdfdom/local/lib/python3.10/dist-packages:/home/drawmemaybe/DrawMeMaybe/ros2_ws/install/moveit_task_constructor_msgs/local/lib/python3.10/dist-packages:/home/drawmemaybe/DrawMeMaybe/ros2_ws/install/launch_param_builder/lib/python3.10/site-packages:${PYTHONPATH} /usr/bin/cmake /home/drawmemaybe/DrawMeMaybe/ros2_ws/src/moveit_task_constructor/core -DCMAKE_INSTALL_PREFIX=/home/drawmemaybe/DrawMeMaybe/ros2_ws/install/moveit_task_constructor_core
[0.042s] -- The C compiler identification is GNU 11.4.0
[0.065s] -- The CXX compiler identification is GNU 11.4.0
[0.067s] -- Detecting C compiler ABI info
[0.096s] -- Detecting C compiler ABI info - done
[0.099s] -- Check for working C compiler: /usr/bin/cc - skipped
[0.099s] -- Detecting C compile features
[0.099s] -- Detecting C compile features - done
[0.101s] -- Detecting CXX compiler ABI info
[0.133s] -- Detecting CXX compiler ABI info - done
[0.136s] -- Check for working CXX compiler: /usr/bin/c++ - skipped
[0.136s] -- Detecting CXX compile features
[0.137s] -- Detecting CXX compile features - done
[0.138s] -- Found ament_cmake: 1.3.12 (/opt/ros/humble/share/ament_cmake/cmake)
[0.204s] -- Found Python3: /usr/bin/python3 (found version "3.10.12") found components: Interpreter 
[0.254s] -- Found Boost: /usr/lib/x86_64-linux-gnu/cmake/Boost-1.74.0/BoostConfig.cmake (found version "1.74.0")  
[0.257s] -- Found geometry_msgs: 4.9.0 (/opt/ros/humble/share/geometry_msgs/cmake)
[0.278s] -- Found rosidl_generator_c: 3.1.7 (/opt/ros/humble/share/rosidl_generator_c/cmake)
[0.281s] -- Found rosidl_adapter: 3.1.7 (/opt/ros/humble/share/rosidl_adapter/cmake)
[0.286s] -- Found rosidl_generator_cpp: 3.1.7 (/opt/ros/humble/share/rosidl_generator_cpp/cmake)
[0.292s] -- Using all available rosidl_typesupport_c: rosidl_typesupport_fastrtps_c;rosidl_typesupport_introspection_c
[0.301s] -- Using all available rosidl_typesupport_cpp: rosidl_typesupport_fastrtps_cpp;rosidl_typesupport_introspection_cpp
[0.319s] -- Found moveit_common: 2.5.9 (/home/drawmemaybe/DrawMeMaybe/ros2_ws/install/moveit_common/share/moveit_common/cmake)
[0.346s] [0mmoveit_task_constructor_core: You did not request a specific build type: Choosing 'Release' for maximum performance[0m
[0.346s] -- Found moveit_core: 2.5.9 (/home/drawmemaybe/DrawMeMaybe/ros2_ws/install/moveit_core/share/moveit_core/cmake)
[0.453s] -- Found Boost: /usr/lib/x86_64-linux-gnu/cmake/Boost-1.74.0/BoostConfig.cmake (found version "1.74.0") found components: chrono date_time filesystem iostreams program_options regex serialization system thread 
[0.479s] -- Found parameter_traits: 0.5.0 (/opt/ros/humble/share/parameter_traits/cmake)
[0.502s] -- Found rmw_implementation_cmake: 6.1.2 (/opt/ros/humble/share/rmw_implementation_cmake/cmake)
[0.504s] -- Found rmw_fastrtps_cpp: 6.2.9 (/opt/ros/humble/share/rmw_fastrtps_cpp/cmake)
[0.546s] -- Found OpenSSL: /usr/lib/x86_64-linux-gnu/libcrypto.so (found version "3.0.2")  
[0.556s] -- Found FastRTPS: /opt/ros/humble/include  
[0.574s] -- Using RMW implementation 'rmw_fastrtps_cpp' as default
[0.579s] -- Found Threads: TRUE  
[0.601s] -- Found rclcpp_lifecycle: 16.0.16 (/opt/ros/humble/share/rclcpp_lifecycle/cmake)
[0.613s] -- Found Boost: /usr/lib/x86_64-linux-gnu/cmake/Boost-1.74.0/BoostConfig.cmake (found version "1.74.0") found components: filesystem 
[0.655s] -- library: /usr/lib/x86_64-linux-gnu/libcurl.so
[0.684s] -- Found Eigen3: TRUE (found version "3.4.0") 
[0.684s] -- Ensuring Eigen3 include directory is part of orocos-kdl CMake target
[0.794s] -- Found moveit_ros_planning: 2.5.9 (/home/drawmemaybe/DrawMeMaybe/ros2_ws/install/moveit_ros_planning/share/moveit_ros_planning/cmake)
[0.797s] -- Found Boost: /usr/lib/x86_64-linux-gnu/cmake/Boost-1.74.0/BoostConfig.cmake (found version "1.74.0") found components: system filesystem date_time program_options thread chrono 
[0.807s] -- Found moveit_ros_planning_interface: 2.5.9 (/home/drawmemaybe/DrawMeMaybe/ros2_ws/install/moveit_ros_planning_interface/share/moveit_ros_planning_interface/cmake)
[0.809s] -- Found Boost: /usr/lib/x86_64-linux-gnu/cmake/Boost-1.74.0/BoostConfig.cmake (found version "1.74.0") found components: date_time filesystem program_options system thread 
[0.814s] -- Found Boost: /usr/lib/x86_64-linux-gnu/cmake/Boost-1.74.0/BoostConfig.cmake (found version "1.74.0") found components: thread system filesystem regex date_time program_options 
[0.824s] -- Found Boost: /usr/lib/x86_64-linux-gnu/cmake/Boost-1.74.0/BoostConfig.cmake (found version "1.74.0") found components: system filesystem date_time program_options thread 
[0.837s] -- Found moveit_task_constructor_msgs: 0.1.3 (/home/drawmemaybe/DrawMeMaybe/ros2_ws/install/moveit_task_constructor_msgs/share/moveit_task_constructor_msgs/cmake)
[0.849s] -- Found py_binding_tools: 2.0.1 (/opt/ros/humble/share/py_binding_tools/cmake)
[0.850s] -- Found rviz_marker_tools: 0.1.3 (/home/drawmemaybe/DrawMeMaybe/ros2_ws/install/rviz_marker_tools/share/rviz_marker_tools/cmake)
[0.947s] -- Found Python3: /usr/bin/python3 (found version "3.10.12") found components: Interpreter Development Development.Module Development.Embed 
[0.947s] [0mMissing content of submodule pybind11: Use 'git clone --recurse-submodule' in future.
[0.947s] Checking out content automatically[0m
[0.962s] Submodule 'core/python/pybind11' (https://github.com/pybind/pybind11) registered for path 'pybind11'
[0.962s] Submodule 'core/src/scope_guard' (https://github.com/ricab/scope_guard) registered for path '../src/scope_guard'
[0.972s] Cloning into '/home/drawmemaybe/DrawMeMaybe/ros2_ws/src/moveit_task_constructor/core/python/pybind11'...
[1.491s] Cloning into '/home/drawmemaybe/DrawMeMaybe/ros2_ws/src/moveit_task_constructor/core/src/scope_guard'...
[3.764s] From https://github.com/pybind/pybind11
[3.764s]  * branch              f4bc71f981d4eb2dd780215fd3c5a7420f1f03aa -> FETCH_HEAD
[3.782s] Submodule path 'pybind11': checked out 'f4bc71f981d4eb2dd780215fd3c5a7420f1f03aa'
[3.789s] Submodule path '../src/scope_guard': checked out '71a04528184db1749dd08ebbbf4daf3b5dca21fd'
[3.793s] -- pybind11 v2.13.0 dev1
[3.805s] -- Found PythonInterp: /usr/bin/python3 (found suitable version "3.10.12", minimum required is "3.6") 
[3.815s] -- Found PythonLibs: /usr/lib/x86_64-linux-gnu/libpython3.10.so
[3.815s] -- Performing Test HAS_FLTO
[3.875s] -- Performing Test HAS_FLTO - Success
[3.882s] -- Found ament_cmake_pytest: 1.3.12 (/opt/ros/humble/share/ament_cmake_pytest/cmake)
[3.883s] -- Found launch_testing_ament_cmake: 1.0.13 (/opt/ros/humble/share/launch_testing_ament_cmake/cmake)
[3.885s] -- Found python_cmake_module: 0.10.0 (/opt/ros/humble/share/python_cmake_module/cmake)
[3.896s] -- Found PythonLibs: /usr/lib/x86_64-linux-gnu/libpython3.10.so (found suitable version "3.12.12", minimum required is "3.5") 
[3.896s] -- Using PYTHON_EXECUTABLE: /usr/bin/python3
[3.896s] -- Using PYTHON_INCLUDE_DIRS: /usr/include/python3.12
[3.896s] -- Using PYTHON_LIBRARIES: /usr/lib/x86_64-linux-gnu/libpython3.10.so
[3.906s] -- Found PythonExtra: .so  
[4.064s] -- Found ament_cmake_gtest: 1.3.12 (/opt/ros/humble/share/ament_cmake_gtest/cmake)
[4.066s] -- Found ament_cmake_gmock: 1.3.12 (/opt/ros/humble/share/ament_cmake_gmock/cmake)
[4.066s] -- Found launch_testing_ament_cmake: 1.0.13 (/opt/ros/humble/share/launch_testing_ament_cmake/cmake)
[4.066s] -- Found python_cmake_module: 0.10.0 (/opt/ros/humble/share/python_cmake_module/cmake)
[4.077s] -- Using PYTHON_EXECUTABLE: /usr/bin/python3
[4.077s] -- Using PYTHON_INCLUDE_DIRS: /usr/include/python3.12
[4.077s] -- Using PYTHON_LIBRARIES: /usr/lib/x86_64-linux-gnu/libpython3.10.so
[4.079s] -- Found gmock sources under '/opt/ros/humble/src/gmock_vendor': C++ tests using 'Google Mock' will be built
[4.082s] -- Found gtest sources under '/opt/ros/humble/src/gtest_vendor': C++ tests using 'Google Test' will be built
[4.093s] -- Configuring done
[4.240s] -- Generating done
[4.280s] -- Build files have been written to: /home/drawmemaybe/DrawMeMaybe/ros2_ws/build/moveit_task_constructor_core
[4.303s] Invoked command in '/home/drawmemaybe/DrawMeMaybe/ros2_ws/build/moveit_task_constructor_core' returned '0': AMENT_PREFIX_PATH=/home/drawmemaybe/DrawMeMaybe/ros2_ws/install/moveit_planners:/home/drawmemaybe/DrawMeMaybe/ros2_ws/install/pilz_industrial_motion_planner:/home/drawmemaybe/DrawMeMaybe/ros2_ws/install/moveit_resources_prbt_pg70_support:/home/drawmemaybe/DrawMeMaybe/ros2_ws/install/moveit_ros_planning_interface:/home/drawmemaybe/DrawMeMaybe/ros2_ws/install/moveit_resources_prbt_moveit_config:/home/drawmemaybe/DrawMeMaybe/ros2_ws/install/moveit_ros_move_group:/home/drawmemaybe/DrawMeMaybe/ros2_ws/install/moveit_ros_warehouse:/home/drawmemaybe/DrawMeMaybe/ros2_ws/install/moveit_planners_ompl:/home/drawmemaybe/DrawMeMaybe/ros2_ws/install/moveit_kinematics:/home/drawmemaybe/DrawMeMaybe/ros2_ws/install/moveit_ros_planning:/home/drawmemaybe/DrawMeMaybe/ros2_ws/install/moveit_planners_chomp:/home/drawmemaybe/DrawMeMaybe/ros2_ws/install/pilz_industrial_motion_planner_testutils:/home/drawmemaybe/DrawMeMaybe/ros2_ws/install/moveit_simple_controller_manager:/home/drawmemaybe/DrawMeMaybe/ros2_ws/install/moveit_ros_occupancy_map_monitor:/home/drawmemaybe/DrawMeMaybe/ros2_ws/install/moveit_resources_prbt_ikfast_manipulator_plugin:/home/drawmemaybe/DrawMeMaybe/ros2_ws/install/chomp_motion_planner:/home/drawmemaybe/DrawMeMaybe/ros2_ws/install/moveit_core:/home/drawmemaybe/DrawMeMaybe/ros2_ws/install/rviz_marker_tools:/home/drawmemaybe/DrawMeMaybe/ros2_ws/install/moveit_resources_panda_moveit_config:/home/drawmemaybe/DrawMeMaybe/ros2_ws/install/moveit_resources_fanuc_moveit_config:/home/drawmemaybe/DrawMeMaybe/ros2_ws/install/moveit_configs_utils:/home/drawmemaybe/DrawMeMaybe/ros2_ws/install/srdfdom:/home/drawmemaybe/DrawMeMaybe/ros2_ws/install/moveit_task_constructor_msgs:/home/drawmemaybe/DrawMeMaybe/ros2_ws/install/moveit_resources_prbt_support:/home/drawmemaybe/DrawMeMaybe/ros2_ws/install/moveit_resources_pr2_description:/home/drawmemaybe/DrawMeMaybe/ros2_ws/install/moveit_resources_panda_description:/home/drawmemaybe/DrawMeMaybe/ros2_ws/install/moveit_resources_fanuc_description:/home/drawmemaybe/DrawMeMaybe/ros2_ws/install/moveit_common:/home/drawmemaybe/DrawMeMaybe/ros2_ws/install/launch_param_builder:${AMENT_PREFIX_PATH} CMAKE_PREFIX_PATH=/home/drawmemaybe/DrawMeMaybe/ros2_ws/install/moveit_planners:/home/drawmemaybe/DrawMeMaybe/ros2_ws/install/pilz_industrial_motion_planner:/home/drawmemaybe/DrawMeMaybe/ros2_ws/install/moveit_resources_prbt_pg70_support:/home/drawmemaybe/DrawMeMaybe/ros2_ws/install/moveit_ros_planning_interface:/home/drawmemaybe/DrawMeMaybe/ros2_ws/install/moveit_resources_prbt_moveit_config:/home/drawmemaybe/DrawMeMaybe/ros2_ws/install/moveit_ros_move_group:/home/drawmemaybe/DrawMeMaybe/ros2_ws/install/moveit_ros_warehouse:/home/drawmemaybe/DrawMeMaybe/ros2_ws/install/moveit_planners_ompl:/home/drawmemaybe/DrawMeMaybe/ros2_ws/install/moveit_kinematics:/home/drawmemaybe/DrawMeMaybe/ros2_ws/install/moveit_ros_planning:/home/drawmemaybe/DrawMeMaybe/ros2_ws/install/moveit_planners_chomp:/home/drawmemaybe/DrawMeMaybe/ros2_ws/install/pilz_industrial_motion_planner_testutils:/home/drawmemaybe/DrawMeMaybe/ros2_ws/install/moveit_simple_controller_manager:/home/drawmemaybe/DrawMeMaybe/ros2_ws/install/moveit_ros_occupancy_map_monitor:/home/drawmemaybe/DrawMeMaybe/ros2_ws/install/moveit_resources_prbt_ikfast_manipulator_plugin:/home/drawmemaybe/DrawMeMaybe/ros2_ws/install/chomp_motion_planner:/home/drawmemaybe/DrawMeMaybe/ros2_ws/install/moveit_core:/home/drawmemaybe/DrawMeMaybe/ros2_ws/install/rviz_marker_tools:/home/drawmemaybe/DrawMeMaybe/ros2_ws/install/moveit_resources_panda_moveit_config:/home/drawmemaybe/DrawMeMaybe/ros2_ws/install/moveit_resources_fanuc_moveit_config:/home/drawmemaybe/DrawMeMaybe/ros2_ws/install/srdfdom:/home/drawmemaybe/DrawMeMaybe/ros2_ws/install/moveit_task_constructor_msgs:/home/drawmemaybe/DrawMeMaybe/ros2_ws/install/moveit_resources_prbt_support:/home/drawmemaybe/DrawMeMaybe/ros2_ws/install/moveit_resources_pr2_description:/home/drawmemaybe/DrawMeMaybe/ros2_ws/install/moveit_resources_panda_description:/home/drawmemaybe/DrawMeMaybe/ros2_ws/install/moveit_resources_fanuc_description:/home/drawmemaybe/DrawMeMaybe/ros2_ws/install/moveit_common:/opt/ros/humble LD_LIBRARY_PATH=/home/drawmemaybe/DrawMeMaybe/ros2_ws/install/pilz_industrial_motion_planner/lib:/home/drawmemaybe/DrawMeMaybe/ros2_ws/install/moveit_ros_planning_interface/lib:/home/drawmemaybe/DrawMeMaybe/ros2_ws/install/moveit_ros_move_group/lib:/home/drawmemaybe/DrawMeMaybe/ros2_ws/install/moveit_ros_warehouse/lib:/home/drawmemaybe/DrawMeMaybe/ros2_ws/install/moveit_planners_ompl/lib:/home/drawmemaybe/DrawMeMaybe/ros2_ws/install/moveit_kinematics/lib:/home/drawmemaybe/DrawMeMaybe/ros2_ws/install/moveit_ros_planning/lib:/home/drawmemaybe/DrawMeMaybe/ros2_ws/install/moveit_planners_chomp/lib:/home/drawmemaybe/DrawMeMaybe/ros2_ws/install/pilz_industrial_motion_planner_testutils/lib:/home/drawmemaybe/DrawMeMaybe/ros2_ws/install/moveit_simple_controller_manager/lib:/home/drawmemaybe/DrawMeMaybe/ros2_ws/install/moveit_ros_occupancy_map_monitor/lib:/home/drawmemaybe/DrawMeMaybe/ros2_ws/install/moveit_resources_prbt_ikfast_manipulator_plugin/lib:/home/drawmemaybe/DrawMeMaybe/ros2_ws/install/chomp_motion_planner/lib:/home/drawmemaybe/DrawMeMaybe/ros2_ws/install/moveit_core/lib:/home/drawmemaybe/DrawMeMaybe/ros2_ws/install/rviz_marker_tools/lib:/home/drawmemaybe/DrawMeMaybe/ros2_ws/install/srdfdom/lib:/home/drawmemaybe/DrawMeMaybe/ros2_ws/install/moveit_task_constructor_msgs/lib:${LD_LIBRARY_PATH} PATH=/home/drawmemaybe/DrawMeMaybe/ros2_ws/install/moveit_core/bin:${PATH} PYTHONPATH=/home/drawmemaybe/DrawMeMaybe/ros2_ws/install/moveit_configs_utils/lib/python3.10/site-packages:/home/drawmemaybe/DrawMeMaybe/ros2_ws/install/srdfdom/local/lib/python3.10/dist-packages:/home/drawmemaybe/DrawMeMaybe/ros2_ws/install/moveit_task_constructor_msgs/local/lib/python3.10/dist-packages:/home/drawmemaybe/DrawMeMaybe/ros2_ws/install/launch_param_builder/lib/python3.10/site-packages:${PYTHONPATH} /usr/bin/cmake /home/drawmemaybe/DrawMeMaybe/ros2_ws/src/moveit_task_constructor/core -DCMAKE_INSTALL_PREFIX=/home/drawmemaybe/DrawMeMaybe/ros2_ws/install/moveit_task_constructor_core
[4.304s] Invoking command in '/home/drawmemaybe/DrawMeMaybe/ros2_ws/build/moveit_task_constructor_core': AMENT_PREFIX_PATH=/home/drawmemaybe/DrawMeMaybe/ros2_ws/install/moveit_planners:/home/drawmemaybe/DrawMeMaybe/ros2_ws/install/pilz_industrial_motion_planner:/home/drawmemaybe/DrawMeMaybe/ros2_ws/install/moveit_resources_prbt_pg70_support:/home/drawmemaybe/DrawMeMaybe/ros2_ws/install/moveit_ros_planning_interface:/home/drawmemaybe/DrawMeMaybe/ros2_ws/install/moveit_resources_prbt_moveit_config:/home/drawmemaybe/DrawMeMaybe/ros2_ws/install/moveit_ros_move_group:/home/drawmemaybe/DrawMeMaybe/ros2_ws/install/moveit_ros_warehouse:/home/drawmemaybe/DrawMeMaybe/ros2_ws/install/moveit_planners_ompl:/home/drawmemaybe/DrawMeMaybe/ros2_ws/install/moveit_kinematics:/home/drawmemaybe/DrawMeMaybe/ros2_ws/install/moveit_ros_planning:/home/drawmemaybe/DrawMeMaybe/ros2_ws/install/moveit_planners_chomp:/home/drawmemaybe/DrawMeMaybe/ros2_ws/install/pilz_industrial_motion_planner_testutils:/home/drawmemaybe/DrawMeMaybe/ros2_ws/install/moveit_simple_controller_manager:/home/drawmemaybe/DrawMeMaybe/ros2_ws/install/moveit_ros_occupancy_map_monitor:/home/drawmemaybe/DrawMeMaybe/ros2_ws/install/moveit_resources_prbt_ikfast_manipulator_plugin:/home/drawmemaybe/DrawMeMaybe/ros2_ws/install/chomp_motion_planner:/home/drawmemaybe/DrawMeMaybe/ros2_ws/install/moveit_core:/home/drawmemaybe/DrawMeMaybe/ros2_ws/install/rviz_marker_tools:/home/drawmemaybe/DrawMeMaybe/ros2_ws/install/moveit_resources_panda_moveit_config:/home/drawmemaybe/DrawMeMaybe/ros2_ws/install/moveit_resources_fanuc_moveit_config:/home/drawmemaybe/DrawMeMaybe/ros2_ws/install/moveit_configs_utils:/home/drawmemaybe/DrawMeMaybe/ros2_ws/install/srdfdom:/home/drawmemaybe/DrawMeMaybe/ros2_ws/install/moveit_task_constructor_msgs:/home/drawmemaybe/DrawMeMaybe/ros2_ws/install/moveit_resources_prbt_support:/home/drawmemaybe/DrawMeMaybe/ros2_ws/install/moveit_resources_pr2_description:/home/drawmemaybe/DrawMeMaybe/ros2_ws/install/moveit_resources_panda_description:/home/drawmemaybe/DrawMeMaybe/ros2_ws/install/moveit_resources_fanuc_description:/home/drawmemaybe/DrawMeMaybe/ros2_ws/install/moveit_common:/home/drawmemaybe/DrawMeMaybe/ros2_ws/install/launch_param_builder:${AMENT_PREFIX_PATH} CMAKE_PREFIX_PATH=/home/drawmemaybe/DrawMeMaybe/ros2_ws/install/moveit_planners:/home/drawmemaybe/DrawMeMaybe/ros2_ws/install/pilz_industrial_motion_planner:/home/drawmemaybe/DrawMeMaybe/ros2_ws/install/moveit_resources_prbt_pg70_support:/home/drawmemaybe/DrawMeMaybe/ros2_ws/install/moveit_ros_planning_interface:/home/drawmemaybe/DrawMeMaybe/ros2_ws/install/moveit_resources_prbt_moveit_config:/home/drawmemaybe/DrawMeMaybe/ros2_ws/install/moveit_ros_move_group:/home/drawmemaybe/DrawMeMaybe/ros2_ws/install/moveit_ros_warehouse:/home/drawmemaybe/DrawMeMaybe/ros2_ws/install/moveit_planners_ompl:/home/drawmemaybe/DrawMeMaybe/ros2_ws/install/moveit_kinematics:/home/drawmemaybe/DrawMeMaybe/ros2_ws/install/moveit_ros_planning:/home/drawmemaybe/DrawMeMaybe/ros2_ws/install/moveit_planners_chomp:/home/drawmemaybe/DrawMeMaybe/ros2_ws/install/pilz_industrial_motion_planner_testutils:/home/drawmemaybe/DrawMeMaybe/ros2_ws/install/moveit_simple_controller_manager:/home/drawmemaybe/DrawMeMaybe/ros2_ws/install/moveit_ros_occupancy_map_monitor:/home/drawmemaybe/DrawMeMaybe/ros2_ws/install/moveit_resources_prbt_ikfast_manipulator_plugin:/home/drawmemaybe/DrawMeMaybe/ros2_ws/install/chomp_motion_planner:/home/drawmemaybe/DrawMeMaybe/ros2_ws/install/moveit_core:/home/drawmemaybe/DrawMeMaybe/ros2_ws/install/rviz_marker_tools:/home/drawmemaybe/DrawMeMaybe/ros2_ws/install/moveit_resources_panda_moveit_config:/home/drawmemaybe/DrawMeMaybe/ros2_ws/install/moveit_resources_fanuc_moveit_config:/home/drawmemaybe/DrawMeMaybe/ros2_ws/install/srdfdom:/home/drawmemaybe/DrawMeMaybe/ros2_ws/install/moveit_task_constructor_msgs:/home/drawmemaybe/DrawMeMaybe/ros2_ws/install/moveit_resources_prbt_support:/home/drawmemaybe/DrawMeMaybe/ros2_ws/install/moveit_resources_pr2_description:/home/drawmemaybe/DrawMeMaybe/ros2_ws/install/moveit_resources_panda_description:/home/drawmemaybe/DrawMeMaybe/ros2_ws/install/moveit_resources_fanuc_description:/home/drawmemaybe/DrawMeMaybe/ros2_ws/install/moveit_common:/opt/ros/humble LD_LIBRARY_PATH=/home/drawmemaybe/DrawMeMaybe/ros2_ws/install/pilz_industrial_motion_planner/lib:/home/drawmemaybe/DrawMeMaybe/ros2_ws/install/moveit_ros_planning_interface/lib:/home/drawmemaybe/DrawMeMaybe/ros2_ws/install/moveit_ros_move_group/lib:/home/drawmemaybe/DrawMeMaybe/ros2_ws/install/moveit_ros_warehouse/lib:/home/drawmemaybe/DrawMeMaybe/ros2_ws/install/moveit_planners_ompl/lib:/home/drawmemaybe/DrawMeMaybe/ros2_ws/install/moveit_kinematics/lib:/home/drawmemaybe/DrawMeMaybe/ros2_ws/install/moveit_ros_planning/lib:/home/drawmemaybe/DrawMeMaybe/ros2_ws/install/moveit_planners_chomp/lib:/home/drawmemaybe/DrawMeMaybe/ros2_ws/install/pilz_industrial_motion_planner_testutils/lib:/home/drawmemaybe/DrawMeMaybe/ros2_ws/install/moveit_simple_controller_manager/lib:/home/drawmemaybe/DrawMeMaybe/ros2_ws/install/moveit_ros_occupancy_map_monitor/lib:/home/drawmemaybe/DrawMeMaybe/ros2_ws/install/moveit_resources_prbt_ikfast_manipulator_plugin/lib:/home/drawmemaybe/DrawMeMaybe/ros2_ws/install/chomp_motion_planner/lib:/home/drawmemaybe/DrawMeMaybe/ros2_ws/install/moveit_core/lib:/home/drawmemaybe/DrawMeMaybe/ros2_ws/install/rviz_marker_tools/lib:/home/drawmemaybe/DrawMeMaybe/ros2_ws/install/srdfdom/lib:/home/drawmemaybe/DrawMeMaybe/ros2_ws/install/moveit_task_constructor_msgs/lib:${LD_LIBRARY_PATH} PATH=/home/drawmemaybe/DrawMeMaybe/ros2_ws/install/moveit_core/bin:${PATH} PYTHONPATH=/home/drawmemaybe/DrawMeMaybe/ros2_ws/install/moveit_configs_utils/lib/python3.10/site-packages:/home/drawmemaybe/DrawMeMaybe/ros2_ws/install/srdfdom/local/lib/python3.10/dist-packages:/home/drawmemaybe/DrawMeMaybe/ros2_ws/install/moveit_task_constructor_msgs/local/lib/python3.10/dist-packages:/home/drawmemaybe/DrawMeMaybe/ros2_ws/install/launch_param_builder/lib/python3.10/site-packages:${PYTHONPATH} /usr/bin/cmake --build /home/drawmemaybe/DrawMeMaybe/ros2_ws/build/moveit_task_constructor_core -- -j24 -l24
[4.329s] [  1%] [32mBuilding CXX object gtest/CMakeFiles/gtest_main.dir/src/gtest_main.cc.o[0m
[4.329s] [  2%] [32mBuilding CXX object gmock/CMakeFiles/gmock.dir/opt/ros/humble/src/gtest_vendor/src/gtest-all.cc.o[0m
[4.330s] [  3%] [32mBuilding CXX object gmock/CMakeFiles/gmock.dir/src/gmock-all.cc.o[0m
[4.330s] [  4%] [32mBuilding CXX object src/CMakeFiles/moveit_task_constructor_core.dir/introspection.cpp.o[0m
[4.330s] [  5%] [32mBuilding CXX object src/CMakeFiles/moveit_task_constructor_core.dir/merge.cpp.o[0m
[4.332s] [  8%] [32mBuilding CXX object src/CMakeFiles/moveit_task_constructor_core.dir/storage.cpp.o[0m
[4.332s] [  8%] [32mBuilding CXX object src/CMakeFiles/moveit_task_constructor_core.dir/stage.cpp.o[0m
[4.332s] [  9%] [32mBuilding CXX object src/CMakeFiles/moveit_task_constructor_core.dir/utils.cpp.o[0m
[4.332s] [ 11%] [32mBuilding CXX object src/CMakeFiles/moveit_task_constructor_core.dir/solvers/cartesian_path.cpp.o[0m
[4.332s] [ 11%] [32mBuilding CXX object src/CMakeFiles/moveit_task_constructor_core.dir/solvers/joint_interpolation.cpp.o[0m
[4.332s] [ 18%] [32mBuilding CXX object src/CMakeFiles/moveit_task_constructor_core.dir/properties.cpp.o[0m
[4.332s] [ 18%] [32mBuilding CXX object src/CMakeFiles/moveit_task_constructor_core.dir/task.cpp.o[0m
[4.333s] [ 18%] [32mBuilding CXX object src/CMakeFiles/moveit_task_constructor_core.dir/solvers/planner_interface.cpp.o[0m
[4.333s] [ 18%] [32mBuilding CXX object src/CMakeFiles/moveit_task_constructor_core.dir/container.cpp.o[0m
[4.333s] [ 18%] [32mBuilding CXX object src/CMakeFiles/moveit_task_constructor_core.dir/cost_terms.cpp.o[0m
[4.333s] [ 20%] [32mBuilding CXX object src/CMakeFiles/moveit_task_constructor_core.dir/marker_tools.cpp.o[0m
[4.333s] [ 18%] [32mBuilding CXX object gtest/CMakeFiles/gtest.dir/src/gtest-all.cc.o[0m
[4.333s] [ 21%] [32mBuilding CXX object src/CMakeFiles/moveit_task_constructor_core.dir/solvers/pipeline_planner.cpp.o[0m
[4.334s] [ 22%] [32mBuilding CXX object src/CMakeFiles/moveit_task_constructor_core.dir/solvers/multi_planner.cpp.o[0m
[4.335s] [ 23%] [32mBuilding CXX object gmock/CMakeFiles/gmock_main.dir/src/gmock_main.cc.o[0m
[4.337s] [ 23%] Built target ament_cmake_python_copy_moveit
[4.513s] running egg_info
[4.513s] creating moveit.egg-info
[4.513s] writing moveit.egg-info/PKG-INFO
[4.513s] writing dependency_links to moveit.egg-info/dependency_links.txt
[4.513s] writing top-level names to moveit.egg-info/top_level.txt
[4.513s] writing manifest file 'moveit.egg-info/SOURCES.txt'
[4.514s] reading manifest file 'moveit.egg-info/SOURCES.txt'
[4.514s] writing manifest file 'moveit.egg-info/SOURCES.txt'
[4.542s] [ 23%] Built target ament_cmake_python_build_moveit_egg
[4.957s] [ 24%] [32m[1mLinking CXX static library libgtest_main.a[0m
[5.023s] [ 24%] Built target gtest_main
[5.172s] [ 25%] [32m[1mLinking CXX static library libgmock_main.a[0m
[5.201s] [ 25%] Built target gmock_main
[11.219s] [ 27%] [32m[1mLinking CXX static library libgmock.a[0m
[11.299s] [ 27%] Built target gmock
[11.740s] [ 28%] [32m[1mLinking CXX static library libgtest.a[0m
[11.805s] [ 28%] Built target gtest
[17.823s] [ 29%] [32m[1mLinking CXX shared library libmoveit_task_constructor_core.so[0m
[17.975s] [ 29%] Built target moveit_task_constructor_core
[17.991s] [ 32%] [32mBuilding CXX object src/stages/CMakeFiles/moveit_task_constructor_core_stages.dir/fixed_cartesian_poses.cpp.o[0m
[17.991s] [ 32%] [32mBuilding CXX object src/stages/CMakeFiles/moveit_task_constructor_core_stages.dir/generate_place_pose.cpp.o[0m
[17.991s] [ 34%] [32mBuilding CXX object src/stages/CMakeFiles/moveit_task_constructor_core_stages.dir/modify_planning_scene.cpp.o[0m
[17.991s] [ 36%] [32mBuilding CXX object src/stages/CMakeFiles/moveit_task_constructor_core_stages.dir/fixed_state.cpp.o[0m
[17.991s] [ 37%] [32mBuilding CXX object src/stages/CMakeFiles/moveit_task_constructor_core_stages.dir/generate_pose.cpp.o[0m
[17.991s] [ 38%] [32mBuilding CXX object src/stages/CMakeFiles/moveit_task_constructor_core_stages.dir/generate_random_pose.cpp.o[0m
[17.991s] [ 32%] [32mBuilding CXX object src/stages/CMakeFiles/moveit_task_constructor_core_stages.dir/generate_grasp_pose.cpp.o[0m
[17.991s] [ 40%] [32mBuilding CXX object src/stages/CMakeFiles/moveit_task_constructor_core_stages.dir/fix_collision_objects.cpp.o[0m
[17.991s] [ 40%] [32mBuilding CXX object test/CMakeFiles/gtest_utils.dir/gtest_value_printers.cpp.o[0m
[17.992s] [ 41%] [32mBuilding CXX object src/stages/CMakeFiles/moveit_task_constructor_core_stages.dir/current_state.cpp.o[0m
[17.993s] [ 42%] [32mBuilding CXX object src/stages/CMakeFiles/moveit_task_constructor_core_stages.dir/compute_ik.cpp.o[0m
[17.993s] [ 43%] [32mBuilding CXX object test/CMakeFiles/gtest_utils.dir/models.cpp.o[0m
[17.995s] [ 44%] [32mBuilding CXX object src/stages/CMakeFiles/moveit_task_constructor_core_stages.dir/passthrough.cpp.o[0m
[17.995s] [ 47%] [32mBuilding CXX object test/CMakeFiles/gtest_utils.dir/stage_mockups.cpp.o[0m
[17.996s] [ 48%] [32mBuilding CXX object src/stages/CMakeFiles/moveit_task_constructor_core_stages.dir/connect.cpp.o[0m
[17.996s] [ 47%] [32mBuilding CXX object src/stages/CMakeFiles/moveit_task_constructor_core_stages.dir/predicate_filter.cpp.o[0m
[17.996s] [ 49%] [32mBuilding CXX object src/stages/CMakeFiles/moveit_task_constructor_core_stages.dir/move_to.cpp.o[0m
[18.027s] [ 51%] [32mBuilding CXX object src/stages/CMakeFiles/moveit_task_constructor_core_stages.dir/move_relative.cpp.o[0m
[18.027s] [ 51%] [32mBuilding CXX object src/stages/CMakeFiles/moveit_task_constructor_core_stages.dir/simple_grasp.cpp.o[0m
[18.029s] [ 52%] [32mBuilding CXX object src/stages/CMakeFiles/moveit_task_constructor_core_stages.dir/pick.cpp.o[0m
[25.911s] [ 54%] [32m[1mLinking CXX shared library libgtest_utils.so[0m
[26.063s] [ 54%] Built target gtest_utils
[30.542s] [ 55%] [32m[1mLinking CXX shared library libmoveit_task_constructor_core_stages.so[0m
[30.660s] [ 55%] Built target moveit_task_constructor_core_stages
[30.675s] [ 56%] [32mBuilding CXX object test/CMakeFiles/moveit_task_constructor_core-test-pruning.dir/test_pruning.cpp.o[0m
[30.675s] [ 57%] [32mBuilding CXX object test/CMakeFiles/moveit_task_constructor_core-test-serial.dir/test_serial.cpp.o[0m
[30.675s] [ 58%] [32mBuilding CXX object python/bindings/CMakeFiles/pymoveit_mtc.dir/src/core.cpp.o[0m
[30.675s] [ 61%] [32mBuilding CXX object test/CMakeFiles/moveit_task_constructor_core-test-cost-terms.dir/test_cost_terms.cpp.o[0m
[30.675s] [ 61%] [32mBuilding CXX object python/bindings/CMakeFiles/pymoveit_mtc.dir/src/stages.cpp.o[0m
[30.675s] [ 62%] [32mBuilding CXX object python/bindings/CMakeFiles/pymoveit_mtc.dir/src/module.cpp.o[0m
[30.675s] [ 65%] [32mBuilding CXX object python/bindings/CMakeFiles/pymoveit_mtc.dir/src/properties.cpp.o[0m
[30.676s] [ 65%] [32mBuilding CXX object python/bindings/CMakeFiles/pymoveit_mtc.dir/src/solvers.cpp.o[0m
[30.676s] [ 65%] [32mBuilding CXX object test/CMakeFiles/pick_ur5.dir/pick_ur5.cpp.o[0m
[30.676s] [ 69%] [32mBuilding CXX object test/CMakeFiles/moveit_task_constructor_core-test-properties.dir/test_properties.cpp.o[0m
[30.676s] [ 69%] [32mBuilding CXX object src/stages/CMakeFiles/moveit_task_constructor_core_stage_plugins.dir/plugins.cpp.o[0m
[30.676s] [ 67%] [32mBuilding CXX object test/CMakeFiles/moveit_task_constructor_core-test-mockups.dir/test_mockups.cpp.o[0m
[30.676s] [ 70%] [32mBuilding CXX object test/CMakeFiles/moveit_task_constructor_core-test-cost-queue.dir/test_cost_queue.cpp.o[0m
[30.676s] [ 71%] [32mBuilding CXX object test/CMakeFiles/moveit_task_constructor_core-test-stage.dir/test_stage.cpp.o[0m
[30.676s] [ 72%] [32mBuilding CXX object test/CMakeFiles/moveit_task_constructor_core-test-container.dir/test_container.cpp.o[0m
[30.676s] [ 74%] [32mBuilding CXX object test/CMakeFiles/moveit_task_constructor_core-test-fallback.dir/test_fallback.cpp.o[0m
[30.676s] [ 76%] [32mBuilding CXX object test/CMakeFiles/moveit_task_constructor_core-test-interface-state.dir/test_interface_state.cpp.o[0m
[30.676s] [ 76%] [32mBuilding CXX object test/CMakeFiles/moveit_task_constructor_core-test-move-to.dir/test_move_to.cpp.o[0m
[30.676s] [ 77%] [32mBuilding CXX object test/CMakeFiles/moveit_task_constructor_core-test-move-relative.dir/test_move_relative.cpp.o[0m
[30.677s] [ 78%] [32mBuilding CXX object test/CMakeFiles/pick_pa10.dir/pick_pa10.cpp.o[0m
[30.677s] [ 80%] [32mBuilding CXX object test/CMakeFiles/pick_pr2.dir/pick_pr2.cpp.o[0m
[32.109s] [ 81%] [32m[1mLinking CXX shared library libmoveit_task_constructor_core_stage_plugins.so[0m
[32.230s] [ 81%] Built target moveit_task_constructor_core_stage_plugins
[32.578s] [ 82%] [32m[1mLinking CXX executable moveit_task_constructor_core-test-properties[0m
[32.873s] [ 82%] Built target moveit_task_constructor_core-test-properties
[33.858s] [ 83%] [32m[1mLinking CXX executable moveit_task_constructor_core-test-cost-queue[0m
[34.156s] [ 83%] Built target moveit_task_constructor_core-test-cost-queue
[37.110s] [ 84%] [32m[1mLinking CXX executable moveit_task_constructor_core-test-stage[0m
[37.355s] [ 85%] [32m[1mLinking CXX executable pick_pr2[0m
[37.454s] [ 85%] Built target moveit_task_constructor_core-test-stage
[37.532s] [ 87%] [32m[1mLinking CXX executable moveit_task_constructor_core-test-interface-state[0m
[37.539s] [ 87%] Built target pick_pr2
[37.570s] [ 88%] [32m[1mLinking CXX executable moveit_task_constructor_core-test-pruning[0m
[37.745s] [ 88%] Built target moveit_task_constructor_core-test-interface-state
[37.762s] [ 88%] Built target moveit_task_constructor_core-test-pruning
[37.772s] [ 89%] [32m[1mLinking CXX executable moveit_task_constructor_core-test-fallback[0m
[37.963s] [ 89%] Built target moveit_task_constructor_core-test-fallback
[38.118s] [ 90%] [32m[1mLinking CXX executable pick_ur5[0m
[38.273s] [ 90%] Built target pick_ur5
[38.419s] [ 91%] [32m[1mLinking CXX executable moveit_task_constructor_core-test-serial[0m
[38.589s] [ 91%] Built target moveit_task_constructor_core-test-serial
[38.624s] [ 92%] [32m[1mLinking CXX executable moveit_task_constructor_core-test-move-relative[0m
[38.685s] [ 94%] [32m[1mLinking CXX executable moveit_task_constructor_core-test-cost-terms[0m
[38.736s] [ 95%] [32m[1mLinking CXX executable pick_pa10[0m
[38.792s] [ 95%] Built target moveit_task_constructor_core-test-move-relative
[38.852s] [ 95%] Built target moveit_task_constructor_core-test-cost-terms
[38.868s] [ 96%] [32m[1mLinking CXX executable moveit_task_constructor_core-test-move-to[0m
[38.876s] [ 97%] [32m[1mLinking CXX executable moveit_task_constructor_core-test-mockups[0m
[38.904s] [ 97%] Built target pick_pa10
[39.056s] [ 97%] Built target moveit_task_constructor_core-test-mockups
[39.069s] [ 97%] Built target moveit_task_constructor_core-test-move-to
[39.294s] [ 98%] [32m[1mLinking CXX executable moveit_task_constructor_core-test-container[0m
[39.464s] [ 98%] Built target moveit_task_constructor_core-test-container
[42.161s] [100%] [32m[1mLinking CXX shared module pymoveit_mtc.cpython-310-x86_64-linux-gnu.so[0m
[42.936s] lto-wrapper: warning: using serial compilation of 12 LTRANS jobs
[48.628s] [100%] Built target pymoveit_mtc
[48.634s] Invoked command in '/home/drawmemaybe/DrawMeMaybe/ros2_ws/build/moveit_task_constructor_core' returned '0': AMENT_PREFIX_PATH=/home/drawmemaybe/DrawMeMaybe/ros2_ws/install/moveit_planners:/home/drawmemaybe/DrawMeMaybe/ros2_ws/install/pilz_industrial_motion_planner:/home/drawmemaybe/DrawMeMaybe/ros2_ws/install/moveit_resources_prbt_pg70_support:/home/drawmemaybe/DrawMeMaybe/ros2_ws/install/moveit_ros_planning_interface:/home/drawmemaybe/DrawMeMaybe/ros2_ws/install/moveit_resources_prbt_moveit_config:/home/drawmemaybe/DrawMeMaybe/ros2_ws/install/moveit_ros_move_group:/home/drawmemaybe/DrawMeMaybe/ros2_ws/install/moveit_ros_warehouse:/home/drawmemaybe/DrawMeMaybe/ros2_ws/install/moveit_planners_ompl:/home/drawmemaybe/DrawMeMaybe/ros2_ws/install/moveit_kinematics:/home/drawmemaybe/DrawMeMaybe/ros2_ws/install/moveit_ros_planning:/home/drawmemaybe/DrawMeMaybe/ros2_ws/install/moveit_planners_chomp:/home/drawmemaybe/DrawMeMaybe/ros2_ws/install/pilz_industrial_motion_planner_testutils:/home/drawmemaybe/DrawMeMaybe/ros2_ws/install/moveit_simple_controller_manager:/home/drawmemaybe/DrawMeMaybe/ros2_ws/install/moveit_ros_occupancy_map_monitor:/home/drawmemaybe/DrawMeMaybe/ros2_ws/install/moveit_resources_prbt_ikfast_manipulator_plugin:/home/drawmemaybe/DrawMeMaybe/ros2_ws/install/chomp_motion_planner:/home/drawmemaybe/DrawMeMaybe/ros2_ws/install/moveit_core:/home/drawmemaybe/DrawMeMaybe/ros2_ws/install/rviz_marker_tools:/home/drawmemaybe/DrawMeMaybe/ros2_ws/install/moveit_resources_panda_moveit_config:/home/drawmemaybe/DrawMeMaybe/ros2_ws/install/moveit_resources_fanuc_moveit_config:/home/drawmemaybe/DrawMeMaybe/ros2_ws/install/moveit_configs_utils:/home/drawmemaybe/DrawMeMaybe/ros2_ws/install/srdfdom:/home/drawmemaybe/DrawMeMaybe/ros2_ws/install/moveit_task_constructor_msgs:/home/drawmemaybe/DrawMeMaybe/ros2_ws/install/moveit_resources_prbt_support:/home/drawmemaybe/DrawMeMaybe/ros2_ws/install/moveit_resources_pr2_description:/home/drawmemaybe/DrawMeMaybe/ros2_ws/install/moveit_resources_panda_description:/home/drawmemaybe/DrawMeMaybe/ros2_ws/install/moveit_resources_fanuc_description:/home/drawmemaybe/DrawMeMaybe/ros2_ws/install/moveit_common:/home/drawmemaybe/DrawMeMaybe/ros2_ws/install/launch_param_builder:${AMENT_PREFIX_PATH} CMAKE_PREFIX_PATH=/home/drawmemaybe/DrawMeMaybe/ros2_ws/install/moveit_planners:/home/drawmemaybe/DrawMeMaybe/ros2_ws/install/pilz_industrial_motion_planner:/home/drawmemaybe/DrawMeMaybe/ros2_ws/install/moveit_resources_prbt_pg70_support:/home/drawmemaybe/DrawMeMaybe/ros2_ws/install/moveit_ros_planning_interface:/home/drawmemaybe/DrawMeMaybe/ros2_ws/install/moveit_resources_prbt_moveit_config:/home/drawmemaybe/DrawMeMaybe/ros2_ws/install/moveit_ros_move_group:/home/drawmemaybe/DrawMeMaybe/ros2_ws/install/moveit_ros_warehouse:/home/drawmemaybe/DrawMeMaybe/ros2_ws/install/moveit_planners_ompl:/home/drawmemaybe/DrawMeMaybe/ros2_ws/install/moveit_kinematics:/home/drawmemaybe/DrawMeMaybe/ros2_ws/install/moveit_ros_planning:/home/drawmemaybe/DrawMeMaybe/ros2_ws/install/moveit_planners_chomp:/home/drawmemaybe/DrawMeMaybe/ros2_ws/install/pilz_industrial_motion_planner_testutils:/home/drawmemaybe/DrawMeMaybe/ros2_ws/install/moveit_simple_controller_manager:/home/drawmemaybe/DrawMeMaybe/ros2_ws/install/moveit_ros_occupancy_map_monitor:/home/drawmemaybe/DrawMeMaybe/ros2_ws/install/moveit_resources_prbt_ikfast_manipulator_plugin:/home/drawmemaybe/DrawMeMaybe/ros2_ws/install/chomp_motion_planner:/home/drawmemaybe/DrawMeMaybe/ros2_ws/install/moveit_core:/home/drawmemaybe/DrawMeMaybe/ros2_ws/install/rviz_marker_tools:/home/drawmemaybe/DrawMeMaybe/ros2_ws/install/moveit_resources_panda_moveit_config:/home/drawmemaybe/DrawMeMaybe/ros2_ws/install/moveit_resources_fanuc_moveit_config:/home/drawmemaybe/DrawMeMaybe/ros2_ws/install/srdfdom:/home/drawmemaybe/DrawMeMaybe/ros2_ws/install/moveit_task_constructor_msgs:/home/drawmemaybe/DrawMeMaybe/ros2_ws/install/moveit_resources_prbt_support:/home/drawmemaybe/DrawMeMaybe/ros2_ws/install/moveit_resources_pr2_description:/home/drawmemaybe/DrawMeMaybe/ros2_ws/install/moveit_resources_panda_description:/home/drawmemaybe/DrawMeMaybe/ros2_ws/install/moveit_resources_fanuc_description:/home/drawmemaybe/DrawMeMaybe/ros2_ws/install/moveit_common:/opt/ros/humble LD_LIBRARY_PATH=/home/drawmemaybe/DrawMeMaybe/ros2_ws/install/pilz_industrial_motion_planner/lib:/home/drawmemaybe/DrawMeMaybe/ros2_ws/install/moveit_ros_planning_interface/lib:/home/drawmemaybe/DrawMeMaybe/ros2_ws/install/moveit_ros_move_group/lib:/home/drawmemaybe/DrawMeMaybe/ros2_ws/install/moveit_ros_warehouse/lib:/home/drawmemaybe/DrawMeMaybe/ros2_ws/install/moveit_planners_ompl/lib:/home/drawmemaybe/DrawMeMaybe/ros2_ws/install/moveit_kinematics/lib:/home/drawmemaybe/DrawMeMaybe/ros2_ws/install/moveit_ros_planning/lib:/home/drawmemaybe/DrawMeMaybe/ros2_ws/install/moveit_planners_chomp/lib:/home/drawmemaybe/DrawMeMaybe/ros2_ws/install/pilz_industrial_motion_planner_testutils/lib:/home/drawmemaybe/DrawMeMaybe/ros2_ws/install/moveit_simple_controller_manager/lib:/home/drawmemaybe/DrawMeMaybe/ros2_ws/install/moveit_ros_occupancy_map_monitor/lib:/home/drawmemaybe/DrawMeMaybe/ros2_ws/install/moveit_resources_prbt_ikfast_manipulator_plugin/lib:/home/drawmemaybe/DrawMeMaybe/ros2_ws/install/chomp_motion_planner/lib:/home/drawmemaybe/DrawMeMaybe/ros2_ws/install/moveit_core/lib:/home/drawmemaybe/DrawMeMaybe/ros2_ws/install/rviz_marker_tools/lib:/home/drawmemaybe/DrawMeMaybe/ros2_ws/install/srdfdom/lib:/home/drawmemaybe/DrawMeMaybe/ros2_ws/install/moveit_task_constructor_msgs/lib:${LD_LIBRARY_PATH} PATH=/home/drawmemaybe/DrawMeMaybe/ros2_ws/install/moveit_core/bin:${PATH} PYTHONPATH=/home/drawmemaybe/DrawMeMaybe/ros2_ws/install/moveit_configs_utils/lib/python3.10/site-packages:/home/drawmemaybe/DrawMeMaybe/ros2_ws/install/srdfdom/local/lib/python3.10/dist-packages:/home/drawmemaybe/DrawMeMaybe/ros2_ws/install/moveit_task_constructor_msgs/local/lib/python3.10/dist-packages:/home/drawmemaybe/DrawMeMaybe/ros2_ws/install/launch_param_builder/lib/python3.10/site-packages:${PYTHONPATH} /usr/bin/cmake --build /home/drawmemaybe/DrawMeMaybe/ros2_ws/build/moveit_task_constructor_core -- -j24 -l24
[48.635s] Invoking command in '/home/drawmemaybe/DrawMeMaybe/ros2_ws/build/moveit_task_constructor_core': AMENT_PREFIX_PATH=/home/drawmemaybe/DrawMeMaybe/ros2_ws/install/moveit_planners:/home/drawmemaybe/DrawMeMaybe/ros2_ws/install/pilz_industrial_motion_planner:/home/drawmemaybe/DrawMeMaybe/ros2_ws/install/moveit_resources_prbt_pg70_support:/home/drawmemaybe/DrawMeMaybe/ros2_ws/install/moveit_ros_planning_interface:/home/drawmemaybe/DrawMeMaybe/ros2_ws/install/moveit_resources_prbt_moveit_config:/home/drawmemaybe/DrawMeMaybe/ros2_ws/install/moveit_ros_move_group:/home/drawmemaybe/DrawMeMaybe/ros2_ws/install/moveit_ros_warehouse:/home/drawmemaybe/DrawMeMaybe/ros2_ws/install/moveit_planners_ompl:/home/drawmemaybe/DrawMeMaybe/ros2_ws/install/moveit_kinematics:/home/drawmemaybe/DrawMeMaybe/ros2_ws/install/moveit_ros_planning:/home/drawmemaybe/DrawMeMaybe/ros2_ws/install/moveit_planners_chomp:/home/drawmemaybe/DrawMeMaybe/ros2_ws/install/pilz_industrial_motion_planner_testutils:/home/drawmemaybe/DrawMeMaybe/ros2_ws/install/moveit_simple_controller_manager:/home/drawmemaybe/DrawMeMaybe/ros2_ws/install/moveit_ros_occupancy_map_monitor:/home/drawmemaybe/DrawMeMaybe/ros2_ws/install/moveit_resources_prbt_ikfast_manipulator_plugin:/home/drawmemaybe/DrawMeMaybe/ros2_ws/install/chomp_motion_planner:/home/drawmemaybe/DrawMeMaybe/ros2_ws/install/moveit_core:/home/drawmemaybe/DrawMeMaybe/ros2_ws/install/rviz_marker_tools:/home/drawmemaybe/DrawMeMaybe/ros2_ws/install/moveit_resources_panda_moveit_config:/home/drawmemaybe/DrawMeMaybe/ros2_ws/install/moveit_resources_fanuc_moveit_config:/home/drawmemaybe/DrawMeMaybe/ros2_ws/install/moveit_configs_utils:/home/drawmemaybe/DrawMeMaybe/ros2_ws/install/srdfdom:/home/drawmemaybe/DrawMeMaybe/ros2_ws/install/moveit_task_constructor_msgs:/home/drawmemaybe/DrawMeMaybe/ros2_ws/install/moveit_resources_prbt_support:/home/drawmemaybe/DrawMeMaybe/ros2_ws/install/moveit_resources_pr2_description:/home/drawmemaybe/DrawMeMaybe/ros2_ws/install/moveit_resources_panda_description:/home/drawmemaybe/DrawMeMaybe/ros2_ws/install/moveit_resources_fanuc_description:/home/drawmemaybe/DrawMeMaybe/ros2_ws/install/moveit_common:/home/drawmemaybe/DrawMeMaybe/ros2_ws/install/launch_param_builder:${AMENT_PREFIX_PATH} CMAKE_PREFIX_PATH=/home/drawmemaybe/DrawMeMaybe/ros2_ws/install/moveit_planners:/home/drawmemaybe/DrawMeMaybe/ros2_ws/install/pilz_industrial_motion_planner:/home/drawmemaybe/DrawMeMaybe/ros2_ws/install/moveit_resources_prbt_pg70_support:/home/drawmemaybe/DrawMeMaybe/ros2_ws/install/moveit_ros_planning_interface:/home/drawmemaybe/DrawMeMaybe/ros2_ws/install/moveit_resources_prbt_moveit_config:/home/drawmemaybe/DrawMeMaybe/ros2_ws/install/moveit_ros_move_group:/home/drawmemaybe/DrawMeMaybe/ros2_ws/install/moveit_ros_warehouse:/home/drawmemaybe/DrawMeMaybe/ros2_ws/install/moveit_planners_ompl:/home/drawmemaybe/DrawMeMaybe/ros2_ws/install/moveit_kinematics:/home/drawmemaybe/DrawMeMaybe/ros2_ws/install/moveit_ros_planning:/home/drawmemaybe/DrawMeMaybe/ros2_ws/install/moveit_planners_chomp:/home/drawmemaybe/DrawMeMaybe/ros2_ws/install/pilz_industrial_motion_planner_testutils:/home/drawmemaybe/DrawMeMaybe/ros2_ws/install/moveit_simple_controller_manager:/home/drawmemaybe/DrawMeMaybe/ros2_ws/install/moveit_ros_occupancy_map_monitor:/home/drawmemaybe/DrawMeMaybe/ros2_ws/install/moveit_resources_prbt_ikfast_manipulator_plugin:/home/drawmemaybe/DrawMeMaybe/ros2_ws/install/chomp_motion_planner:/home/drawmemaybe/DrawMeMaybe/ros2_ws/install/moveit_core:/home/drawmemaybe/DrawMeMaybe/ros2_ws/install/rviz_marker_tools:/home/drawmemaybe/DrawMeMaybe/ros2_ws/install/moveit_resources_panda_moveit_config:/home/drawmemaybe/DrawMeMaybe/ros2_ws/install/moveit_resources_fanuc_moveit_config:/home/drawmemaybe/DrawMeMaybe/ros2_ws/install/srdfdom:/home/drawmemaybe/DrawMeMaybe/ros2_ws/install/moveit_task_constructor_msgs:/home/drawmemaybe/DrawMeMaybe/ros2_ws/install/moveit_resources_prbt_support:/home/drawmemaybe/DrawMeMaybe/ros2_ws/install/moveit_resources_pr2_description:/home/drawmemaybe/DrawMeMaybe/ros2_ws/install/moveit_resources_panda_description:/home/drawmemaybe/DrawMeMaybe/ros2_ws/install/moveit_resources_fanuc_description:/home/drawmemaybe/DrawMeMaybe/ros2_ws/install/moveit_common:/opt/ros/humble LD_LIBRARY_PATH=/home/drawmemaybe/DrawMeMaybe/ros2_ws/install/pilz_industrial_motion_planner/lib:/home/drawmemaybe/DrawMeMaybe/ros2_ws/install/moveit_ros_planning_interface/lib:/home/drawmemaybe/DrawMeMaybe/ros2_ws/install/moveit_ros_move_group/lib:/home/drawmemaybe/DrawMeMaybe/ros2_ws/install/moveit_ros_warehouse/lib:/home/drawmemaybe/DrawMeMaybe/ros2_ws/install/moveit_planners_ompl/lib:/home/drawmemaybe/DrawMeMaybe/ros2_ws/install/moveit_kinematics/lib:/home/drawmemaybe/DrawMeMaybe/ros2_ws/install/moveit_ros_planning/lib:/home/drawmemaybe/DrawMeMaybe/ros2_ws/install/moveit_planners_chomp/lib:/home/drawmemaybe/DrawMeMaybe/ros2_ws/install/pilz_industrial_motion_planner_testutils/lib:/home/drawmemaybe/DrawMeMaybe/ros2_ws/install/moveit_simple_controller_manager/lib:/home/drawmemaybe/DrawMeMaybe/ros2_ws/install/moveit_ros_occupancy_map_monitor/lib:/home/drawmemaybe/DrawMeMaybe/ros2_ws/install/moveit_resources_prbt_ikfast_manipulator_plugin/lib:/home/drawmemaybe/DrawMeMaybe/ros2_ws/install/chomp_motion_planner/lib:/home/drawmemaybe/DrawMeMaybe/ros2_ws/install/moveit_core/lib:/home/drawmemaybe/DrawMeMaybe/ros2_ws/install/rviz_marker_tools/lib:/home/drawmemaybe/DrawMeMaybe/ros2_ws/install/srdfdom/lib:/home/drawmemaybe/DrawMeMaybe/ros2_ws/install/moveit_task_constructor_msgs/lib:${LD_LIBRARY_PATH} PATH=/home/drawmemaybe/DrawMeMaybe/ros2_ws/install/moveit_core/bin:${PATH} PYTHONPATH=/home/drawmemaybe/DrawMeMaybe/ros2_ws/install/moveit_configs_utils/lib/python3.10/site-packages:/home/drawmemaybe/DrawMeMaybe/ros2_ws/install/srdfdom/local/lib/python3.10/dist-packages:/home/drawmemaybe/DrawMeMaybe/ros2_ws/install/moveit_task_constructor_msgs/local/lib/python3.10/dist-packages:/home/drawmemaybe/DrawMeMaybe/ros2_ws/install/launch_param_builder/lib/python3.10/site-packages:${PYTHONPATH} /usr/bin/cmake --install /home/drawmemaybe/DrawMeMaybe/ros2_ws/build/moveit_task_constructor_core
[48.638s] -- Install configuration: "Release"
[48.639s] -- Installing: /home/drawmemaybe/DrawMeMaybe/ros2_ws/install/moveit_task_constructor_core/lib/libmoveit_task_constructor_core_stages.so
[48.639s] -- Set runtime path of "/home/drawmemaybe/DrawMeMaybe/ros2_ws/install/moveit_task_constructor_core/lib/libmoveit_task_constructor_core_stages.so" to ""
[48.639s] -- Installing: /home/drawmemaybe/DrawMeMaybe/ros2_ws/install/moveit_task_constructor_core/lib/libmoveit_task_constructor_core_stage_plugins.so
[48.639s] -- Set runtime path of "/home/drawmemaybe/DrawMeMaybe/ros2_ws/install/moveit_task_constructor_core/lib/libmoveit_task_constructor_core_stage_plugins.so" to ""
[48.639s] -- Installing: /home/drawmemaybe/DrawMeMaybe/ros2_ws/install/moveit_task_constructor_core/lib/libmoveit_task_constructor_core.so
[48.640s] -- Set runtime path of "/home/drawmemaybe/DrawMeMaybe/ros2_ws/install/moveit_task_constructor_core/lib/libmoveit_task_constructor_core.so" to ""
[48.640s] -- Installing: /home/drawmemaybe/DrawMeMaybe/ros2_ws/install/moveit_task_constructor_core/share/moveit_task_constructor_core/environment/pythonpath.sh
[48.640s] -- Installing: /home/drawmemaybe/DrawMeMaybe/ros2_ws/install/moveit_task_constructor_core/share/moveit_task_constructor_core/environment/pythonpath.dsv
[48.640s] -- Installing: /home/drawmemaybe/DrawMeMaybe/ros2_ws/install/moveit_task_constructor_core/local/lib/python3.10/dist-packages/moveit-0.1.3-py3.10.egg-info
[48.640s] -- Installing: /home/drawmemaybe/DrawMeMaybe/ros2_ws/install/moveit_task_constructor_core/local/lib/python3.10/dist-packages/moveit-0.1.3-py3.10.egg-info/dependency_links.txt
[48.640s] -- Installing: /home/drawmemaybe/DrawMeMaybe/ros2_ws/install/moveit_task_constructor_core/local/lib/python3.10/dist-packages/moveit-0.1.3-py3.10.egg-info/PKG-INFO
[48.640s] -- Installing: /home/drawmemaybe/DrawMeMaybe/ros2_ws/install/moveit_task_constructor_core/local/lib/python3.10/dist-packages/moveit-0.1.3-py3.10.egg-info/top_level.txt
[48.640s] -- Installing: /home/drawmemaybe/DrawMeMaybe/ros2_ws/install/moveit_task_constructor_core/local/lib/python3.10/dist-packages/moveit-0.1.3-py3.10.egg-info/SOURCES.txt
[48.640s] -- Installing: /home/drawmemaybe/DrawMeMaybe/ros2_ws/install/moveit_task_constructor_core/local/lib/python3.10/dist-packages/moveit
[48.640s] -- Installing: /home/drawmemaybe/DrawMeMaybe/ros2_ws/install/moveit_task_constructor_core/local/lib/python3.10/dist-packages/moveit/task_constructor
[48.640s] -- Installing: /home/drawmemaybe/DrawMeMaybe/ros2_ws/install/moveit_task_constructor_core/local/lib/python3.10/dist-packages/moveit/task_constructor/core.py
[48.640s] -- Installing: /home/drawmemaybe/DrawMeMaybe/ros2_ws/install/moveit_task_constructor_core/local/lib/python3.10/dist-packages/moveit/task_constructor/stages.py
[48.640s] -- Installing: /home/drawmemaybe/DrawMeMaybe/ros2_ws/install/moveit_task_constructor_core/local/lib/python3.10/dist-packages/moveit/task_constructor/__init__.py
[48.641s] -- Installing: /home/drawmemaybe/DrawMeMaybe/ros2_ws/install/moveit_task_constructor_core/local/lib/python3.10/dist-packages/moveit/__init__.py
[48.656s] Listing '/home/drawmemaybe/DrawMeMaybe/ros2_ws/install/moveit_task_constructor_core/local/lib/python3.10/dist-packages/moveit'...
[48.656s] Compiling '/home/drawmemaybe/DrawMeMaybe/ros2_ws/install/moveit_task_constructor_core/local/lib/python3.10/dist-packages/moveit/__init__.py'...
[48.656s] Listing '/home/drawmemaybe/DrawMeMaybe/ros2_ws/install/moveit_task_constructor_core/local/lib/python3.10/dist-packages/moveit/task_constructor'...
[48.656s] Compiling '/home/drawmemaybe/DrawMeMaybe/ros2_ws/install/moveit_task_constructor_core/local/lib/python3.10/dist-packages/moveit/task_constructor/__init__.py'...
[48.656s] Compiling '/home/drawmemaybe/DrawMeMaybe/ros2_ws/install/moveit_task_constructor_core/local/lib/python3.10/dist-packages/moveit/task_constructor/core.py'...
[48.656s] Compiling '/home/drawmemaybe/DrawMeMaybe/ros2_ws/install/moveit_task_constructor_core/local/lib/python3.10/dist-packages/moveit/task_constructor/stages.py'...
[48.659s] -- Installing: /home/drawmemaybe/DrawMeMaybe/ros2_ws/install/moveit_task_constructor_core/include/moveit/python/pybind11
[48.659s] -- Installing: /home/drawmemaybe/DrawMeMaybe/ros2_ws/install/moveit_task_constructor_core/include/moveit/python/pybind11/eval.h
[48.659s] -- Installing: /home/drawmemaybe/DrawMeMaybe/ros2_ws/install/moveit_task_constructor_core/include/moveit/python/pybind11/options.h
[48.659s] -- Installing: /home/drawmemaybe/DrawMeMaybe/ros2_ws/install/moveit_task_constructor_core/include/moveit/python/pybind11/iostream.h
[48.659s] -- Installing: /home/drawmemaybe/DrawMeMaybe/ros2_ws/install/moveit_task_constructor_core/include/moveit/python/pybind11/common.h
[48.659s] -- Installing: /home/drawmemaybe/DrawMeMaybe/ros2_ws/install/moveit_task_constructor_core/include/moveit/python/pybind11/numpy.h
[48.659s] -- Installing: /home/drawmemaybe/DrawMeMaybe/ros2_ws/install/moveit_task_constructor_core/include/moveit/python/pybind11/stl_bind.h
[48.659s] -- Installing: /home/drawmemaybe/DrawMeMaybe/ros2_ws/install/moveit_task_constructor_core/include/moveit/python/pybind11/cast.h
[48.659s] -- Installing: /home/drawmemaybe/DrawMeMaybe/ros2_ws/install/moveit_task_constructor_core/include/moveit/python/pybind11/complex.h
[48.659s] -- Installing: /home/drawmemaybe/DrawMeMaybe/ros2_ws/install/moveit_task_constructor_core/include/moveit/python/pybind11/pybind11.h
[48.659s] -- Installing: /home/drawmemaybe/DrawMeMaybe/ros2_ws/install/moveit_task_constructor_core/include/moveit/python/pybind11/gil.h
[48.659s] -- Installing: /home/drawmemaybe/DrawMeMaybe/ros2_ws/install/moveit_task_constructor_core/include/moveit/python/pybind11/eigen
[48.659s] -- Installing: /home/drawmemaybe/DrawMeMaybe/ros2_ws/install/moveit_task_constructor_core/include/moveit/python/pybind11/eigen/common.h
[48.659s] -- Installing: /home/drawmemaybe/DrawMeMaybe/ros2_ws/install/moveit_task_constructor_core/include/moveit/python/pybind11/eigen/matrix.h
[48.660s] -- Installing: /home/drawmemaybe/DrawMeMaybe/ros2_ws/install/moveit_task_constructor_core/include/moveit/python/pybind11/eigen/tensor.h
[48.660s] -- Installing: /home/drawmemaybe/DrawMeMaybe/ros2_ws/install/moveit_task_constructor_core/include/moveit/python/pybind11/detail
[48.660s] -- Installing: /home/drawmemaybe/DrawMeMaybe/ros2_ws/install/moveit_task_constructor_core/include/moveit/python/pybind11/detail/descr.h
[48.660s] -- Installing: /home/drawmemaybe/DrawMeMaybe/ros2_ws/install/moveit_task_constructor_core/include/moveit/python/pybind11/detail/class.h
[48.660s] -- Installing: /home/drawmemaybe/DrawMeMaybe/ros2_ws/install/moveit_task_constructor_core/include/moveit/python/pybind11/detail/dynamic_raw_ptr_cast_if_possible.h
[48.660s] -- Installing: /home/drawmemaybe/DrawMeMaybe/ros2_ws/install/moveit_task_constructor_core/include/moveit/python/pybind11/detail/common.h
[48.660s] -- Installing: /home/drawmemaybe/DrawMeMaybe/ros2_ws/install/moveit_task_constructor_core/include/moveit/python/pybind11/detail/smart_holder_poc.h
[48.660s] -- Installing: /home/drawmemaybe/DrawMeMaybe/ros2_ws/install/moveit_task_constructor_core/include/moveit/python/pybind11/detail/type_caster_base.h
[48.660s] -- Installing: /home/drawmemaybe/DrawMeMaybe/ros2_ws/install/moveit_task_constructor_core/include/moveit/python/pybind11/detail/typeid.h
[48.660s] -- Installing: /home/drawmemaybe/DrawMeMaybe/ros2_ws/install/moveit_task_constructor_core/include/moveit/python/pybind11/detail/smart_holder_type_casters.h
[48.660s] -- Installing: /home/drawmemaybe/DrawMeMaybe/ros2_ws/install/moveit_task_constructor_core/include/moveit/python/pybind11/detail/init.h
[48.660s] -- Installing: /home/drawmemaybe/DrawMeMaybe/ros2_ws/install/moveit_task_constructor_core/include/moveit/python/pybind11/detail/smart_holder_sfinae_hooks_only.h
[48.660s] -- Installing: /home/drawmemaybe/DrawMeMaybe/ros2_ws/install/moveit_task_constructor_core/include/moveit/python/pybind11/detail/type_caster_odr_guard.h
[48.660s] -- Installing: /home/drawmemaybe/DrawMeMaybe/ros2_ws/install/moveit_task_constructor_core/include/moveit/python/pybind11/detail/internals.h
[48.660s] -- Installing: /home/drawmemaybe/DrawMeMaybe/ros2_ws/install/moveit_task_constructor_core/include/moveit/python/pybind11/typing.h
[48.660s] -- Installing: /home/drawmemaybe/DrawMeMaybe/ros2_ws/install/moveit_task_constructor_core/include/moveit/python/pybind11/type_caster_pyobject_ptr.h
[48.660s] -- Installing: /home/drawmemaybe/DrawMeMaybe/ros2_ws/install/moveit_task_constructor_core/include/moveit/python/pybind11/stl
[48.660s] -- Installing: /home/drawmemaybe/DrawMeMaybe/ros2_ws/install/moveit_task_constructor_core/include/moveit/python/pybind11/stl/filesystem.h
[48.660s] -- Installing: /home/drawmemaybe/DrawMeMaybe/ros2_ws/install/moveit_task_constructor_core/include/moveit/python/pybind11/smart_holder.h
[48.660s] -- Installing: /home/drawmemaybe/DrawMeMaybe/ros2_ws/install/moveit_task_constructor_core/include/moveit/python/pybind11/buffer_info.h
[48.660s] -- Installing: /home/drawmemaybe/DrawMeMaybe/ros2_ws/install/moveit_task_constructor_core/include/moveit/python/pybind11/pytypes.h
[48.660s] -- Installing: /home/drawmemaybe/DrawMeMaybe/ros2_ws/install/moveit_task_constructor_core/include/moveit/python/pybind11/gil_safe_call_once.h
[48.660s] -- Installing: /home/drawmemaybe/DrawMeMaybe/ros2_ws/install/moveit_task_constructor_core/include/moveit/python/pybind11/trampoline_self_life_support.h
[48.660s] -- Installing: /home/drawmemaybe/DrawMeMaybe/ros2_ws/install/moveit_task_constructor_core/include/moveit/python/pybind11/operators.h
[48.660s] -- Installing: /home/drawmemaybe/DrawMeMaybe/ros2_ws/install/moveit_task_constructor_core/include/moveit/python/pybind11/chrono.h
[48.660s] -- Installing: /home/drawmemaybe/DrawMeMaybe/ros2_ws/install/moveit_task_constructor_core/include/moveit/python/pybind11/eigen.h
[48.660s] -- Installing: /home/drawmemaybe/DrawMeMaybe/ros2_ws/install/moveit_task_constructor_core/include/moveit/python/pybind11/attr.h
[48.660s] -- Installing: /home/drawmemaybe/DrawMeMaybe/ros2_ws/install/moveit_task_constructor_core/include/moveit/python/pybind11/stl.h
[48.661s] -- Installing: /home/drawmemaybe/DrawMeMaybe/ros2_ws/install/moveit_task_constructor_core/include/moveit/python/pybind11/functional.h
[48.661s] -- Installing: /home/drawmemaybe/DrawMeMaybe/ros2_ws/install/moveit_task_constructor_core/include/moveit/python/pybind11/embed.h
[48.661s] -- Installing: /home/drawmemaybe/DrawMeMaybe/ros2_ws/install/moveit_task_constructor_core/share/moveit_task_constructor_core/cmake/pybind11Config.cmake
[48.661s] -- Installing: /home/drawmemaybe/DrawMeMaybe/ros2_ws/install/moveit_task_constructor_core/share/moveit_task_constructor_core/cmake/pybind11ConfigVersion.cmake
[48.661s] -- Installing: /home/drawmemaybe/DrawMeMaybe/ros2_ws/install/moveit_task_constructor_core/share/moveit_task_constructor_core/cmake/FindPythonLibsNew.cmake
[48.661s] -- Installing: /home/drawmemaybe/DrawMeMaybe/ros2_ws/install/moveit_task_constructor_core/share/moveit_task_constructor_core/cmake/pybind11Common.cmake
[48.661s] -- Installing: /home/drawmemaybe/DrawMeMaybe/ros2_ws/install/moveit_task_constructor_core/share/moveit_task_constructor_core/cmake/pybind11Tools.cmake
[48.661s] -- Installing: /home/drawmemaybe/DrawMeMaybe/ros2_ws/install/moveit_task_constructor_core/share/moveit_task_constructor_core/cmake/pybind11NewTools.cmake
[48.661s] -- Installing: /home/drawmemaybe/DrawMeMaybe/ros2_ws/install/moveit_task_constructor_core/share/moveit_task_constructor_core/cmake/pybind11Targets.cmake
[48.661s] -- Installing: /home/drawmemaybe/DrawMeMaybe/ros2_ws/install/moveit_task_constructor_core/share/pkgconfig/pybind11.pc
[48.661s] -- Installing: /home/drawmemaybe/DrawMeMaybe/ros2_ws/install/moveit_task_constructor_core/local/lib/python3.10/dist-packages/pymoveit_mtc.cpython-310-x86_64-linux-gnu.so
[48.661s] -- Set runtime path of "/home/drawmemaybe/DrawMeMaybe/ros2_ws/install/moveit_task_constructor_core/local/lib/python3.10/dist-packages/pymoveit_mtc.cpython-310-x86_64-linux-gnu.so" to ""
[48.661s] -- Up-to-date: /home/drawmemaybe/DrawMeMaybe/ros2_ws/install/moveit_task_constructor_core/include
[48.661s] -- Up-to-date: /home/drawmemaybe/DrawMeMaybe/ros2_ws/install/moveit_task_constructor_core/include/moveit
[48.661s] -- Installing: /home/drawmemaybe/DrawMeMaybe/ros2_ws/install/moveit_task_constructor_core/include/moveit/task_constructor
[48.661s] -- Installing: /home/drawmemaybe/DrawMeMaybe/ros2_ws/install/moveit_task_constructor_core/include/moveit/task_constructor/stages
[48.661s] -- Installing: /home/drawmemaybe/DrawMeMaybe/ros2_ws/install/moveit_task_constructor_core/include/moveit/task_constructor/stages/compute_ik.h
[48.661s] -- Installing: /home/drawmemaybe/DrawMeMaybe/ros2_ws/install/moveit_task_constructor_core/include/moveit/task_constructor/stages/passthrough.h
[48.661s] -- Installing: /home/drawmemaybe/DrawMeMaybe/ros2_ws/install/moveit_task_constructor_core/include/moveit/task_constructor/stages/move_to.h
[48.662s] -- Installing: /home/drawmemaybe/DrawMeMaybe/ros2_ws/install/moveit_task_constructor_core/include/moveit/task_constructor/stages/move_relative.h
[48.662s] -- Installing: /home/drawmemaybe/DrawMeMaybe/ros2_ws/install/moveit_task_constructor_core/include/moveit/task_constructor/stages/modify_planning_scene.h
[48.662s] -- Installing: /home/drawmemaybe/DrawMeMaybe/ros2_ws/install/moveit_task_constructor_core/include/moveit/task_constructor/stages/generate_grasp_pose.h
[48.662s] -- Installing: /home/drawmemaybe/DrawMeMaybe/ros2_ws/install/moveit_task_constructor_core/include/moveit/task_constructor/stages/fixed_cartesian_poses.h
[48.662s] -- Installing: /home/drawmemaybe/DrawMeMaybe/ros2_ws/install/moveit_task_constructor_core/include/moveit/task_constructor/stages/pick.h
[48.662s] -- Installing: /home/drawmemaybe/DrawMeMaybe/ros2_ws/install/moveit_task_constructor_core/include/moveit/task_constructor/stages/current_state.h
[48.662s] -- Installing: /home/drawmemaybe/DrawMeMaybe/ros2_ws/install/moveit_task_constructor_core/include/moveit/task_constructor/stages/fixed_state.h
[48.663s] -- Installing: /home/drawmemaybe/DrawMeMaybe/ros2_ws/install/moveit_task_constructor_core/include/moveit/task_constructor/stages/generate_place_pose.h
[48.663s] -- Installing: /home/drawmemaybe/DrawMeMaybe/ros2_ws/install/moveit_task_constructor_core/include/moveit/task_constructor/stages/generate_random_pose.h
[48.663s] -- Installing: /home/drawmemaybe/DrawMeMaybe/ros2_ws/install/moveit_task_constructor_core/include/moveit/task_constructor/stages/simple_grasp.h
[48.663s] -- Installing: /home/drawmemaybe/DrawMeMaybe/ros2_ws/install/moveit_task_constructor_core/include/moveit/task_constructor/stages/predicate_filter.h
[48.663s] -- Installing: /home/drawmemaybe/DrawMeMaybe/ros2_ws/install/moveit_task_constructor_core/include/moveit/task_constructor/stages/connect.h
[48.663s] -- Installing: /home/drawmemaybe/DrawMeMaybe/ros2_ws/install/moveit_task_constructor_core/include/moveit/task_constructor/stages/noop.h
[48.663s] -- Installing: /home/drawmemaybe/DrawMeMaybe/ros2_ws/install/moveit_task_constructor_core/include/moveit/task_constructor/stages/fix_collision_objects.h
[48.663s] -- Installing: /home/drawmemaybe/DrawMeMaybe/ros2_ws/install/moveit_task_constructor_core/include/moveit/task_constructor/stages/generate_pose.h
[48.663s] -- Installing: /home/drawmemaybe/DrawMeMaybe/ros2_ws/install/moveit_task_constructor_core/include/moveit/task_constructor/solvers
[48.663s] -- Installing: /home/drawmemaybe/DrawMeMaybe/ros2_ws/install/moveit_task_constructor_core/include/moveit/task_constructor/solvers/cartesian_path.h
[48.663s] -- Installing: /home/drawmemaybe/DrawMeMaybe/ros2_ws/install/moveit_task_constructor_core/include/moveit/task_constructor/solvers/multi_planner.h
[48.663s] -- Installing: /home/drawmemaybe/DrawMeMaybe/ros2_ws/install/moveit_task_constructor_core/include/moveit/task_constructor/solvers/pipeline_planner.h
[48.663s] -- Installing: /home/drawmemaybe/DrawMeMaybe/ros2_ws/install/moveit_task_constructor_core/include/moveit/task_constructor/solvers/joint_interpolation.h
[48.663s] -- Installing: /home/drawmemaybe/DrawMeMaybe/ros2_ws/install/moveit_task_constructor_core/include/moveit/task_constructor/solvers/planner_interface.h
[48.663s] -- Installing: /home/drawmemaybe/DrawMeMaybe/ros2_ws/install/moveit_task_constructor_core/include/moveit/task_constructor/stages.h
[48.663s] -- Installing: /home/drawmemaybe/DrawMeMaybe/ros2_ws/install/moveit_task_constructor_core/include/moveit/task_constructor/container.h
[48.663s] -- Installing: /home/drawmemaybe/DrawMeMaybe/ros2_ws/install/moveit_task_constructor_core/include/moveit/task_constructor/utils.h
[48.663s] -- Installing: /home/drawmemaybe/DrawMeMaybe/ros2_ws/install/moveit_task_constructor_core/include/moveit/task_constructor/marker_tools.h
[48.663s] -- Installing: /home/drawmemaybe/DrawMeMaybe/ros2_ws/install/moveit_task_constructor_core/include/moveit/task_constructor/stage.h
[48.663s] -- Installing: /home/drawmemaybe/DrawMeMaybe/ros2_ws/install/moveit_task_constructor_core/include/moveit/task_constructor/properties.h
[48.663s] -- Installing: /home/drawmemaybe/DrawMeMaybe/ros2_ws/install/moveit_task_constructor_core/include/moveit/task_constructor/moveit_compat.h
[48.663s] -- Installing: /home/drawmemaybe/DrawMeMaybe/ros2_ws/install/moveit_task_constructor_core/include/moveit/task_constructor/trajectory_execution_info.h
[48.663s] -- Installing: /home/drawmemaybe/DrawMeMaybe/ros2_ws/install/moveit_task_constructor_core/include/moveit/task_constructor/solvers.h
[48.663s] -- Installing: /home/drawmemaybe/DrawMeMaybe/ros2_ws/install/moveit_task_constructor_core/include/moveit/task_constructor/introspection.h
[48.663s] -- Installing: /home/drawmemaybe/DrawMeMaybe/ros2_ws/install/moveit_task_constructor_core/include/moveit/task_constructor/merge.h
[48.663s] -- Installing: /home/drawmemaybe/DrawMeMaybe/ros2_ws/install/moveit_task_constructor_core/include/moveit/task_constructor/storage.h
[48.663s] -- Installing: /home/drawmemaybe/DrawMeMaybe/ros2_ws/install/moveit_task_constructor_core/include/moveit/task_constructor/task.h
[48.663s] -- Installing: /home/drawmemaybe/DrawMeMaybe/ros2_ws/install/moveit_task_constructor_core/include/moveit/task_constructor/type_traits.h
[48.663s] -- Installing: /home/drawmemaybe/DrawMeMaybe/ros2_ws/install/moveit_task_constructor_core/include/moveit/task_constructor/cost_terms.h
[48.663s] -- Installing: /home/drawmemaybe/DrawMeMaybe/ros2_ws/install/moveit_task_constructor_core/include/moveit/task_constructor/cost_queue.h
[48.663s] -- Up-to-date: /home/drawmemaybe/DrawMeMaybe/ros2_ws/install/moveit_task_constructor_core/include/moveit/python
[48.663s] -- Installing: /home/drawmemaybe/DrawMeMaybe/ros2_ws/install/moveit_task_constructor_core/include/moveit/python/task_constructor
[48.663s] -- Installing: /home/drawmemaybe/DrawMeMaybe/ros2_ws/install/moveit_task_constructor_core/include/moveit/python/task_constructor/properties.h
[48.663s] -- Installing: /home/drawmemaybe/DrawMeMaybe/ros2_ws/install/moveit_task_constructor_core/share/moveit_task_constructor_core/motion_planning_stages_plugin_description.xml
[48.663s] -- Installing: /home/drawmemaybe/DrawMeMaybe/ros2_ws/install/moveit_task_constructor_core/share/moveit_task_constructor_core/environment/library_path.sh
[48.663s] -- Installing: /home/drawmemaybe/DrawMeMaybe/ros2_ws/install/moveit_task_constructor_core/share/moveit_task_constructor_core/environment/library_path.dsv
[48.663s] -- Installing: /home/drawmemaybe/DrawMeMaybe/ros2_ws/install/moveit_task_constructor_core/share/ament_index/resource_index/package_run_dependencies/moveit_task_constructor_core
[48.663s] -- Installing: /home/drawmemaybe/DrawMeMaybe/ros2_ws/install/moveit_task_constructor_core/share/ament_index/resource_index/parent_prefix_path/moveit_task_constructor_core
[48.663s] -- Installing: /home/drawmemaybe/DrawMeMaybe/ros2_ws/install/moveit_task_constructor_core/share/moveit_task_constructor_core/environment/ament_prefix_path.sh
[48.663s] -- Installing: /home/drawmemaybe/DrawMeMaybe/ros2_ws/install/moveit_task_constructor_core/share/moveit_task_constructor_core/environment/ament_prefix_path.dsv
[48.663s] -- Installing: /home/drawmemaybe/DrawMeMaybe/ros2_ws/install/moveit_task_constructor_core/share/moveit_task_constructor_core/environment/path.sh
[48.663s] -- Installing: /home/drawmemaybe/DrawMeMaybe/ros2_ws/install/moveit_task_constructor_core/share/moveit_task_constructor_core/environment/path.dsv
[48.663s] -- Installing: /home/drawmemaybe/DrawMeMaybe/ros2_ws/install/moveit_task_constructor_core/share/moveit_task_constructor_core/local_setup.bash
[48.663s] -- Installing: /home/drawmemaybe/DrawMeMaybe/ros2_ws/install/moveit_task_constructor_core/share/moveit_task_constructor_core/local_setup.sh
[48.663s] -- Installing: /home/drawmemaybe/DrawMeMaybe/ros2_ws/install/moveit_task_constructor_core/share/moveit_task_constructor_core/local_setup.zsh
[48.663s] -- Installing: /home/drawmemaybe/DrawMeMaybe/ros2_ws/install/moveit_task_constructor_core/share/moveit_task_constructor_core/local_setup.dsv
[48.663s] -- Installing: /home/drawmemaybe/DrawMeMaybe/ros2_ws/install/moveit_task_constructor_core/share/moveit_task_constructor_core/package.dsv
[48.663s] -- Installing: /home/drawmemaybe/DrawMeMaybe/ros2_ws/install/moveit_task_constructor_core/share/ament_index/resource_index/packages/moveit_task_constructor_core
[48.663s] -- Installing: /home/drawmemaybe/DrawMeMaybe/ros2_ws/install/moveit_task_constructor_core/share/ament_index/resource_index/moveit_task_constructor_core__pluginlib__plugin/moveit_task_constructor_core
[48.664s] -- Installing: /home/drawmemaybe/DrawMeMaybe/ros2_ws/install/moveit_task_constructor_core/share/moveit_task_constructor_core/cmake/moveit_task_constructor_coreTargetsExport.cmake
[48.664s] -- Installing: /home/drawmemaybe/DrawMeMaybe/ros2_ws/install/moveit_task_constructor_core/share/moveit_task_constructor_core/cmake/moveit_task_constructor_coreTargetsExport-release.cmake
[48.664s] -- Installing: /home/drawmemaybe/DrawMeMaybe/ros2_ws/install/moveit_task_constructor_core/share/moveit_task_constructor_core/cmake/ament_cmake_export_targets-extras.cmake
[48.664s] -- Installing: /home/drawmemaybe/DrawMeMaybe/ros2_ws/install/moveit_task_constructor_core/share/moveit_task_constructor_core/cmake/ament_cmake_export_dependencies-extras.cmake
[48.664s] -- Installing: /home/drawmemaybe/DrawMeMaybe/ros2_ws/install/moveit_task_constructor_core/share/moveit_task_constructor_core/cmake/moveit_task_constructor_coreConfig.cmake
[48.664s] -- Installing: /home/drawmemaybe/DrawMeMaybe/ros2_ws/install/moveit_task_constructor_core/share/moveit_task_constructor_core/cmake/moveit_task_constructor_coreConfig-version.cmake
[48.664s] -- Installing: /home/drawmemaybe/DrawMeMaybe/ros2_ws/install/moveit_task_constructor_core/share/moveit_task_constructor_core/package.xml
[48.665s] Invoked command in '/home/drawmemaybe/DrawMeMaybe/ros2_ws/build/moveit_task_constructor_core' returned '0': AMENT_PREFIX_PATH=/home/drawmemaybe/DrawMeMaybe/ros2_ws/install/moveit_planners:/home/drawmemaybe/DrawMeMaybe/ros2_ws/install/pilz_industrial_motion_planner:/home/drawmemaybe/DrawMeMaybe/ros2_ws/install/moveit_resources_prbt_pg70_support:/home/drawmemaybe/DrawMeMaybe/ros2_ws/install/moveit_ros_planning_interface:/home/drawmemaybe/DrawMeMaybe/ros2_ws/install/moveit_resources_prbt_moveit_config:/home/drawmemaybe/DrawMeMaybe/ros2_ws/install/moveit_ros_move_group:/home/drawmemaybe/DrawMeMaybe/ros2_ws/install/moveit_ros_warehouse:/home/drawmemaybe/DrawMeMaybe/ros2_ws/install/moveit_planners_ompl:/home/drawmemaybe/DrawMeMaybe/ros2_ws/install/moveit_kinematics:/home/drawmemaybe/DrawMeMaybe/ros2_ws/install/moveit_ros_planning:/home/drawmemaybe/DrawMeMaybe/ros2_ws/install/moveit_planners_chomp:/home/drawmemaybe/DrawMeMaybe/ros2_ws/install/pilz_industrial_motion_planner_testutils:/home/drawmemaybe/DrawMeMaybe/ros2_ws/install/moveit_simple_controller_manager:/home/drawmemaybe/DrawMeMaybe/ros2_ws/install/moveit_ros_occupancy_map_monitor:/home/drawmemaybe/DrawMeMaybe/ros2_ws/install/moveit_resources_prbt_ikfast_manipulator_plugin:/home/drawmemaybe/DrawMeMaybe/ros2_ws/install/chomp_motion_planner:/home/drawmemaybe/DrawMeMaybe/ros2_ws/install/moveit_core:/home/drawmemaybe/DrawMeMaybe/ros2_ws/install/rviz_marker_tools:/home/drawmemaybe/DrawMeMaybe/ros2_ws/install/moveit_resources_panda_moveit_config:/home/drawmemaybe/DrawMeMaybe/ros2_ws/install/moveit_resources_fanuc_moveit_config:/home/drawmemaybe/DrawMeMaybe/ros2_ws/install/moveit_configs_utils:/home/drawmemaybe/DrawMeMaybe/ros2_ws/install/srdfdom:/home/drawmemaybe/DrawMeMaybe/ros2_ws/install/moveit_task_constructor_msgs:/home/drawmemaybe/DrawMeMaybe/ros2_ws/install/moveit_resources_prbt_support:/home/drawmemaybe/DrawMeMaybe/ros2_ws/install/moveit_resources_pr2_description:/home/drawmemaybe/DrawMeMaybe/ros2_ws/install/moveit_resources_panda_description:/home/drawmemaybe/DrawMeMaybe/ros2_ws/install/moveit_resources_fanuc_description:/home/drawmemaybe/DrawMeMaybe/ros2_ws/install/moveit_common:/home/drawmemaybe/DrawMeMaybe/ros2_ws/install/launch_param_builder:${AMENT_PREFIX_PATH} CMAKE_PREFIX_PATH=/home/drawmemaybe/DrawMeMaybe/ros2_ws/install/moveit_planners:/home/drawmemaybe/DrawMeMaybe/ros2_ws/install/pilz_industrial_motion_planner:/home/drawmemaybe/DrawMeMaybe/ros2_ws/install/moveit_resources_prbt_pg70_support:/home/drawmemaybe/DrawMeMaybe/ros2_ws/install/moveit_ros_planning_interface:/home/drawmemaybe/DrawMeMaybe/ros2_ws/install/moveit_resources_prbt_moveit_config:/home/drawmemaybe/DrawMeMaybe/ros2_ws/install/moveit_ros_move_group:/home/drawmemaybe/DrawMeMaybe/ros2_ws/install/moveit_ros_warehouse:/home/drawmemaybe/DrawMeMaybe/ros2_ws/install/moveit_planners_ompl:/home/drawmemaybe/DrawMeMaybe/ros2_ws/install/moveit_kinematics:/home/drawmemaybe/DrawMeMaybe/ros2_ws/install/moveit_ros_planning:/home/drawmemaybe/DrawMeMaybe/ros2_ws/install/moveit_planners_chomp:/home/drawmemaybe/DrawMeMaybe/ros2_ws/install/pilz_industrial_motion_planner_testutils:/home/drawmemaybe/DrawMeMaybe/ros2_ws/install/moveit_simple_controller_manager:/home/drawmemaybe/DrawMeMaybe/ros2_ws/install/moveit_ros_occupancy_map_monitor:/home/drawmemaybe/DrawMeMaybe/ros2_ws/install/moveit_resources_prbt_ikfast_manipulator_plugin:/home/drawmemaybe/DrawMeMaybe/ros2_ws/install/chomp_motion_planner:/home/drawmemaybe/DrawMeMaybe/ros2_ws/install/moveit_core:/home/drawmemaybe/DrawMeMaybe/ros2_ws/install/rviz_marker_tools:/home/drawmemaybe/DrawMeMaybe/ros2_ws/install/moveit_resources_panda_moveit_config:/home/drawmemaybe/DrawMeMaybe/ros2_ws/install/moveit_resources_fanuc_moveit_config:/home/drawmemaybe/DrawMeMaybe/ros2_ws/install/srdfdom:/home/drawmemaybe/DrawMeMaybe/ros2_ws/install/moveit_task_constructor_msgs:/home/drawmemaybe/DrawMeMaybe/ros2_ws/install/moveit_resources_prbt_support:/home/drawmemaybe/DrawMeMaybe/ros2_ws/install/moveit_resources_pr2_description:/home/drawmemaybe/DrawMeMaybe/ros2_ws/install/moveit_resources_panda_description:/home/drawmemaybe/DrawMeMaybe/ros2_ws/install/moveit_resources_fanuc_description:/home/drawmemaybe/DrawMeMaybe/ros2_ws/install/moveit_common:/opt/ros/humble LD_LIBRARY_PATH=/home/drawmemaybe/DrawMeMaybe/ros2_ws/install/pilz_industrial_motion_planner/lib:/home/drawmemaybe/DrawMeMaybe/ros2_ws/install/moveit_ros_planning_interface/lib:/home/drawmemaybe/DrawMeMaybe/ros2_ws/install/moveit_ros_move_group/lib:/home/drawmemaybe/DrawMeMaybe/ros2_ws/install/moveit_ros_warehouse/lib:/home/drawmemaybe/DrawMeMaybe/ros2_ws/install/moveit_planners_ompl/lib:/home/drawmemaybe/DrawMeMaybe/ros2_ws/install/moveit_kinematics/lib:/home/drawmemaybe/DrawMeMaybe/ros2_ws/install/moveit_ros_planning/lib:/home/drawmemaybe/DrawMeMaybe/ros2_ws/install/moveit_planners_chomp/lib:/home/drawmemaybe/DrawMeMaybe/ros2_ws/install/pilz_industrial_motion_planner_testutils/lib:/home/drawmemaybe/DrawMeMaybe/ros2_ws/install/moveit_simple_controller_manager/lib:/home/drawmemaybe/DrawMeMaybe/ros2_ws/install/moveit_ros_occupancy_map_monitor/lib:/home/drawmemaybe/DrawMeMaybe/ros2_ws/install/moveit_resources_prbt_ikfast_manipulator_plugin/lib:/home/drawmemaybe/DrawMeMaybe/ros2_ws/install/chomp_motion_planner/lib:/home/drawmemaybe/DrawMeMaybe/ros2_ws/install/moveit_core/lib:/home/drawmemaybe/DrawMeMaybe/ros2_ws/install/rviz_marker_tools/lib:/home/drawmemaybe/DrawMeMaybe/ros2_ws/install/srdfdom/lib:/home/drawmemaybe/DrawMeMaybe/ros2_ws/install/moveit_task_constructor_msgs/lib:${LD_LIBRARY_PATH} PATH=/home/drawmemaybe/DrawMeMaybe/ros2_ws/install/moveit_core/bin:${PATH} PYTHONPATH=/home/drawmemaybe/DrawMeMaybe/ros2_ws/install/moveit_configs_utils/lib/python3.10/site-packages:/home/drawmemaybe/DrawMeMaybe/ros2_ws/install/srdfdom/local/lib/python3.10/dist-packages:/home/drawmemaybe/DrawMeMaybe/ros2_ws/install/moveit_task_constructor_msgs/local/lib/python3.10/dist-packages:/home/drawmemaybe/DrawMeMaybe/ros2_ws/install/launch_param_builder/lib/python3.10/site-packages:${PYTHONPATH} /usr/bin/cmake --install /home/drawmemaybe/DrawMeMaybe/ros2_ws/build/moveit_task_constructor_core
