[0.103s] Invoking command in '/home/drawmemaybe/DrawMeMaybe/ros2_ws/build/moveit_resources_prbt_support': CMAKE_PREFIX_PATH=/opt/ros/humble /usr/bin/cmake /home/drawmemaybe/DrawMeMaybe/ros2_ws/src/moveit2/moveit_planners/test_configs/prbt_support -DCMAKE_INSTALL_PREFIX=/home/drawmemaybe/DrawMeMaybe/ros2_ws/install/moveit_resources_prbt_support
[0.212s] -- The C compiler identification is GNU 11.4.0
[0.212s] -- The CXX compiler identification is GNU 11.4.0
[0.212s] -- Detecting C compiler ABI info
[0.212s] -- Detecting C compiler ABI info - done
[0.212s] -- Check for working C compiler: /usr/bin/cc - skipped
[0.212s] -- Detecting C compile features
[0.212s] -- Detecting C compile features - done
[0.212s] -- Detecting CXX compiler ABI info
[0.216s] -- Detecting CXX compiler ABI info - done
[0.219s] -- Check for working CXX compiler: /usr/bin/c++ - skipped
[0.219s] -- Detecting CXX compile features
[0.220s] -- Detecting CXX compile features - done
[0.221s] -- Found ament_cmake: 1.3.12 (/opt/ros/humble/share/ament_cmake/cmake)
[0.287s] -- Found Python3: /usr/bin/python3 (found version "3.10.12") found components: Interpreter 
[0.355s] -- Configuring done
[0.356s] -- Generating done
[0.356s] -- Build files have been written to: /home/drawmemaybe/DrawMeMaybe/ros2_ws/build/moveit_resources_prbt_support
[0.368s] Invoked command in '/home/drawmemaybe/DrawMeMaybe/ros2_ws/build/moveit_resources_prbt_support' returned '0': CMAKE_PREFIX_PATH=/opt/ros/humble /usr/bin/cmake /home/drawmemaybe/DrawMeMaybe/ros2_ws/src/moveit2/moveit_planners/test_configs/prbt_support -DCMAKE_INSTALL_PREFIX=/home/drawmemaybe/DrawMeMaybe/ros2_ws/install/moveit_resources_prbt_support
[0.369s] Invoking command in '/home/drawmemaybe/DrawMeMaybe/ros2_ws/build/moveit_resources_prbt_support': CMAKE_PREFIX_PATH=/opt/ros/humble /usr/bin/cmake --build /home/drawmemaybe/DrawMeMaybe/ros2_ws/build/moveit_resources_prbt_support -- -j24 -l24
[0.386s] Invoked command in '/home/drawmemaybe/DrawMeMaybe/ros2_ws/build/moveit_resources_prbt_support' returned '0': CMAKE_PREFIX_PATH=/opt/ros/humble /usr/bin/cmake --build /home/drawmemaybe/DrawMeMaybe/ros2_ws/build/moveit_resources_prbt_support -- -j24 -l24
[0.387s] Invoking command in '/home/drawmemaybe/DrawMeMaybe/ros2_ws/build/moveit_resources_prbt_support': CMAKE_PREFIX_PATH=/opt/ros/humble /usr/bin/cmake --install /home/drawmemaybe/DrawMeMaybe/ros2_ws/build/moveit_resources_prbt_support
[0.389s] -- Install configuration: ""
[0.389s] -- Installing: /home/drawmemaybe/DrawMeMaybe/ros2_ws/install/moveit_resources_prbt_support/share/ament_index/resource_index/package_run_dependencies/moveit_resources_prbt_support
[0.389s] -- Installing: /home/drawmemaybe/DrawMeMaybe/ros2_ws/install/moveit_resources_prbt_support/share/ament_index/resource_index/parent_prefix_path/moveit_resources_prbt_support
[0.389s] -- Installing: /home/drawmemaybe/DrawMeMaybe/ros2_ws/install/moveit_resources_prbt_support/share/moveit_resources_prbt_support/environment/ament_prefix_path.sh
[0.389s] -- Installing: /home/drawmemaybe/DrawMeMaybe/ros2_ws/install/moveit_resources_prbt_support/share/moveit_resources_prbt_support/environment/ament_prefix_path.dsv
[0.389s] -- Installing: /home/drawmemaybe/DrawMeMaybe/ros2_ws/install/moveit_resources_prbt_support/share/moveit_resources_prbt_support/environment/path.sh
[0.389s] -- Installing: /home/drawmemaybe/DrawMeMaybe/ros2_ws/install/moveit_resources_prbt_support/share/moveit_resources_prbt_support/environment/path.dsv
[0.389s] -- Installing: /home/drawmemaybe/DrawMeMaybe/ros2_ws/install/moveit_resources_prbt_support/share/moveit_resources_prbt_support/local_setup.bash
[0.390s] -- Installing: /home/drawmemaybe/DrawMeMaybe/ros2_ws/install/moveit_resources_prbt_support/share/moveit_resources_prbt_support/local_setup.sh
[0.390s] -- Installing: /home/drawmemaybe/DrawMeMaybe/ros2_ws/install/moveit_resources_prbt_support/share/moveit_resources_prbt_support/local_setup.zsh
[0.390s] -- Installing: /home/drawmemaybe/DrawMeMaybe/ros2_ws/install/moveit_resources_prbt_support/share/moveit_resources_prbt_support/local_setup.dsv
[0.391s] -- Installing: /home/drawmemaybe/DrawMeMaybe/ros2_ws/install/moveit_resources_prbt_support/share/moveit_resources_prbt_support/package.dsv
[0.391s] -- Installing: /home/drawmemaybe/DrawMeMaybe/ros2_ws/install/moveit_resources_prbt_support/share/ament_index/resource_index/packages/moveit_resources_prbt_support
[0.391s] -- Installing: /home/drawmemaybe/DrawMeMaybe/ros2_ws/install/moveit_resources_prbt_support/share/moveit_resources_prbt_support/cmake/moveit_resources_prbt_supportConfig.cmake
[0.391s] -- Installing: /home/drawmemaybe/DrawMeMaybe/ros2_ws/install/moveit_resources_prbt_support/share/moveit_resources_prbt_support/cmake/moveit_resources_prbt_supportConfig-version.cmake
[0.391s] -- Installing: /home/drawmemaybe/DrawMeMaybe/ros2_ws/install/moveit_resources_prbt_support/share/moveit_resources_prbt_support/package.xml
[0.391s] -- Installing: /home/drawmemaybe/DrawMeMaybe/ros2_ws/install/moveit_resources_prbt_support/share/moveit_resources_prbt_support/urdf
[0.391s] -- Installing: /home/drawmemaybe/DrawMeMaybe/ros2_ws/install/moveit_resources_prbt_support/share/moveit_resources_prbt_support/urdf/prbt_macro.xacro
[0.391s] -- Installing: /home/drawmemaybe/DrawMeMaybe/ros2_ws/install/moveit_resources_prbt_support/share/moveit_resources_prbt_support/urdf/prbt.ros2_control.xacro
[0.391s] -- Installing: /home/drawmemaybe/DrawMeMaybe/ros2_ws/install/moveit_resources_prbt_support/share/moveit_resources_prbt_support/urdf/prbt.xacro
[0.391s] -- Installing: /home/drawmemaybe/DrawMeMaybe/ros2_ws/install/moveit_resources_prbt_support/share/moveit_resources_prbt_support/urdf/simple_gripper_brackets.urdf.xacro
[0.391s] -- Installing: /home/drawmemaybe/DrawMeMaybe/ros2_ws/install/moveit_resources_prbt_support/share/moveit_resources_prbt_support/meshes
[0.391s] -- Installing: /home/drawmemaybe/DrawMeMaybe/ros2_ws/install/moveit_resources_prbt_support/share/moveit_resources_prbt_support/meshes/link_2.stl
[0.391s] -- Installing: /home/drawmemaybe/DrawMeMaybe/ros2_ws/install/moveit_resources_prbt_support/share/moveit_resources_prbt_support/meshes/link_5.dae
[0.391s] -- Installing: /home/drawmemaybe/DrawMeMaybe/ros2_ws/install/moveit_resources_prbt_support/share/moveit_resources_prbt_support/meshes/link_1.dae
[0.391s] -- Installing: /home/drawmemaybe/DrawMeMaybe/ros2_ws/install/moveit_resources_prbt_support/share/moveit_resources_prbt_support/meshes/link_3.stl
[0.391s] -- Installing: /home/drawmemaybe/DrawMeMaybe/ros2_ws/install/moveit_resources_prbt_support/share/moveit_resources_prbt_support/meshes/link_4.dae
[0.391s] -- Installing: /home/drawmemaybe/DrawMeMaybe/ros2_ws/install/moveit_resources_prbt_support/share/moveit_resources_prbt_support/meshes/link_3.dae
[0.391s] -- Installing: /home/drawmemaybe/DrawMeMaybe/ros2_ws/install/moveit_resources_prbt_support/share/moveit_resources_prbt_support/meshes/link_2.dae
[0.391s] -- Installing: /home/drawmemaybe/DrawMeMaybe/ros2_ws/install/moveit_resources_prbt_support/share/moveit_resources_prbt_support/meshes/link_1.stl
[0.391s] -- Installing: /home/drawmemaybe/DrawMeMaybe/ros2_ws/install/moveit_resources_prbt_support/share/moveit_resources_prbt_support/meshes/flange.stl
[0.391s] -- Installing: /home/drawmemaybe/DrawMeMaybe/ros2_ws/install/moveit_resources_prbt_support/share/moveit_resources_prbt_support/meshes/foot.dae
[0.391s] -- Installing: /home/drawmemaybe/DrawMeMaybe/ros2_ws/install/moveit_resources_prbt_support/share/moveit_resources_prbt_support/meshes/link_5.stl
[0.391s] -- Installing: /home/drawmemaybe/DrawMeMaybe/ros2_ws/install/moveit_resources_prbt_support/share/moveit_resources_prbt_support/meshes/foot.stl
[0.391s] -- Installing: /home/drawmemaybe/DrawMeMaybe/ros2_ws/install/moveit_resources_prbt_support/share/moveit_resources_prbt_support/meshes/flange.dae
[0.392s] -- Installing: /home/drawmemaybe/DrawMeMaybe/ros2_ws/install/moveit_resources_prbt_support/share/moveit_resources_prbt_support/meshes/link_4.stl
[0.392s] -- Installing: /home/drawmemaybe/DrawMeMaybe/ros2_ws/install/moveit_resources_prbt_support/share/moveit_resources_prbt_support/config
[0.392s] -- Installing: /home/drawmemaybe/DrawMeMaybe/ros2_ws/install/moveit_resources_prbt_support/share/moveit_resources_prbt_support/config/prbt_0_1.dcf
[0.392s] -- Installing: /home/drawmemaybe/DrawMeMaybe/ros2_ws/install/moveit_resources_prbt_support/share/moveit_resources_prbt_support/config/manipulator_driver.yaml
[0.392s] -- Installing: /home/drawmemaybe/DrawMeMaybe/ros2_ws/install/moveit_resources_prbt_support/share/moveit_resources_prbt_support/config/manipulator_controller.yaml
[0.400s] Invoked command in '/home/drawmemaybe/DrawMeMaybe/ros2_ws/build/moveit_resources_prbt_support' returned '0': CMAKE_PREFIX_PATH=/opt/ros/humble /usr/bin/cmake --install /home/drawmemaybe/DrawMeMaybe/ros2_ws/build/moveit_resources_prbt_support
