[0.015s] Invoking command in '/home/drawmemaybe/DrawMeMaybe/ros2_ws/build/moveit_py': AMENT_PREFIX_PATH=/home/drawmemaybe/DrawMeMaybe/ros2_ws/install/moveit_ros_planning_interface:/home/drawmemaybe/DrawMeMaybe/ros2_ws/install/moveit_ros_move_group:/home/drawmemaybe/DrawMeMaybe/ros2_ws/install/moveit_ros_warehouse:/home/drawmemaybe/DrawMeMaybe/ros2_ws/install/moveit_planners_ompl:/home/drawmemaybe/DrawMeMaybe/ros2_ws/install/moveit_kinematics:/home/drawmemaybe/DrawMeMaybe/ros2_ws/install/moveit_ros_planning:/home/drawmemaybe/DrawMeMaybe/ros2_ws/install/moveit_simple_controller_manager:/home/drawmemaybe/DrawMeMaybe/ros2_ws/install/moveit_ros_occupancy_map_monitor:/home/drawmemaybe/DrawMeMaybe/ros2_ws/install/moveit_core:/home/drawmemaybe/DrawMeMaybe/ros2_ws/install/moveit_resources_panda_moveit_config:/home/drawmemaybe/DrawMeMaybe/ros2_ws/install/moveit_resources_fanuc_moveit_config:/home/drawmemaybe/DrawMeMaybe/ros2_ws/install/moveit_configs_utils:/home/drawmemaybe/DrawMeMaybe/ros2_ws/install/srdfdom:/home/drawmemaybe/DrawMeMaybe/ros2_ws/install/moveit_resources_pr2_description:/home/drawmemaybe/DrawMeMaybe/ros2_ws/install/moveit_resources_panda_description:/home/drawmemaybe/DrawMeMaybe/ros2_ws/install/moveit_resources_fanuc_description:/home/drawmemaybe/DrawMeMaybe/ros2_ws/install/moveit_common:/home/drawmemaybe/DrawMeMaybe/ros2_ws/install/launch_param_builder:${AMENT_PREFIX_PATH} CMAKE_PREFIX_PATH=/home/drawmemaybe/DrawMeMaybe/ros2_ws/install/moveit_ros_planning_interface:/home/drawmemaybe/DrawMeMaybe/ros2_ws/install/moveit_ros_move_group:/home/drawmemaybe/DrawMeMaybe/ros2_ws/install/moveit_ros_warehouse:/home/drawmemaybe/DrawMeMaybe/ros2_ws/install/moveit_planners_ompl:/home/drawmemaybe/DrawMeMaybe/ros2_ws/install/moveit_kinematics:/home/drawmemaybe/DrawMeMaybe/ros2_ws/install/moveit_ros_planning:/home/drawmemaybe/DrawMeMaybe/ros2_ws/install/moveit_simple_controller_manager:/home/drawmemaybe/DrawMeMaybe/ros2_ws/install/moveit_ros_occupancy_map_monitor:/home/drawmemaybe/DrawMeMaybe/ros2_ws/install/moveit_core:/home/drawmemaybe/DrawMeMaybe/ros2_ws/install/moveit_resources_panda_moveit_config:/home/drawmemaybe/DrawMeMaybe/ros2_ws/install/moveit_resources_fanuc_moveit_config:/home/drawmemaybe/DrawMeMaybe/ros2_ws/install/srdfdom:/home/drawmemaybe/DrawMeMaybe/ros2_ws/install/moveit_resources_pr2_description:/home/drawmemaybe/DrawMeMaybe/ros2_ws/install/moveit_resources_panda_description:/home/drawmemaybe/DrawMeMaybe/ros2_ws/install/moveit_resources_fanuc_description:/home/drawmemaybe/DrawMeMaybe/ros2_ws/install/moveit_common:/opt/ros/humble LD_LIBRARY_PATH=/home/drawmemaybe/DrawMeMaybe/ros2_ws/install/moveit_ros_planning_interface/lib:/home/drawmemaybe/DrawMeMaybe/ros2_ws/install/moveit_ros_move_group/lib:/home/drawmemaybe/DrawMeMaybe/ros2_ws/install/moveit_ros_warehouse/lib:/home/drawmemaybe/DrawMeMaybe/ros2_ws/install/moveit_planners_ompl/lib:/home/drawmemaybe/DrawMeMaybe/ros2_ws/install/moveit_kinematics/lib:/home/drawmemaybe/DrawMeMaybe/ros2_ws/install/moveit_ros_planning/lib:/home/drawmemaybe/DrawMeMaybe/ros2_ws/install/moveit_simple_controller_manager/lib:/home/drawmemaybe/DrawMeMaybe/ros2_ws/install/moveit_ros_occupancy_map_monitor/lib:/home/drawmemaybe/DrawMeMaybe/ros2_ws/install/moveit_core/lib:/home/drawmemaybe/DrawMeMaybe/ros2_ws/install/srdfdom/lib:${LD_LIBRARY_PATH} PATH=/home/drawmemaybe/DrawMeMaybe/ros2_ws/install/moveit_core/bin:${PATH} PYTHONPATH=/home/drawmemaybe/DrawMeMaybe/ros2_ws/install/moveit_configs_utils/lib/python3.10/site-packages:/home/drawmemaybe/DrawMeMaybe/ros2_ws/install/srdfdom/local/lib/python3.10/dist-packages:/home/drawmemaybe/DrawMeMaybe/ros2_ws/install/launch_param_builder/lib/python3.10/site-packages:${PYTHONPATH} /usr/bin/cmake /home/drawmemaybe/DrawMeMaybe/ros2_ws/src/moveit2/moveit_py -DCMAKE_INSTALL_PREFIX=/home/drawmemaybe/DrawMeMaybe/ros2_ws/install/moveit_py
[0.037s] -- The C compiler identification is GNU 11.4.0
[0.059s] -- The CXX compiler identification is GNU 11.4.0
[0.061s] -- Detecting C compiler ABI info
[0.091s] -- Detecting C compiler ABI info - done
[0.094s] -- Check for working C compiler: /usr/bin/cc - skipped
[0.095s] -- Detecting C compile features
[0.095s] -- Detecting C compile features - done
[0.096s] -- Detecting CXX compiler ABI info
[0.129s] -- Detecting CXX compiler ABI info - done
[0.132s] -- Check for working CXX compiler: /usr/bin/c++ - skipped
[0.132s] -- Detecting CXX compile features
[0.132s] -- Detecting CXX compile features - done
[0.134s] -- Found ament_cmake: 1.3.12 (/opt/ros/humble/share/ament_cmake/cmake)
[0.201s] -- Found Python3: /usr/bin/python3 (found version "3.10.12") found components: Interpreter 
[0.245s] -- Found rclcpp: 16.0.16 (/opt/ros/humble/share/rclcpp/cmake)
[0.265s] -- Found rosidl_generator_c: 3.1.7 (/opt/ros/humble/share/rosidl_generator_c/cmake)
[0.268s] -- Found rosidl_adapter: 3.1.7 (/opt/ros/humble/share/rosidl_adapter/cmake)
[0.272s] -- Found rosidl_generator_cpp: 3.1.7 (/opt/ros/humble/share/rosidl_generator_cpp/cmake)
[0.278s] -- Using all available rosidl_typesupport_c: rosidl_typesupport_fastrtps_c;rosidl_typesupport_introspection_c
[0.285s] -- Using all available rosidl_typesupport_cpp: rosidl_typesupport_fastrtps_cpp;rosidl_typesupport_introspection_cpp
[0.307s] -- Found rmw_implementation_cmake: 6.1.2 (/opt/ros/humble/share/rmw_implementation_cmake/cmake)
[0.309s] -- Found rmw_fastrtps_cpp: 6.2.9 (/opt/ros/humble/share/rmw_fastrtps_cpp/cmake)
[0.348s] -- Found OpenSSL: /usr/lib/x86_64-linux-gnu/libcrypto.so (found version "3.0.2")  
[0.360s] -- Found FastRTPS: /opt/ros/humble/include  
[0.378s] -- Using RMW implementation 'rmw_fastrtps_cpp' as default
[0.383s] -- Looking for pthread.h
[0.412s] -- Looking for pthread.h - found
[0.413s] -- Performing Test CMAKE_HAVE_LIBC_PTHREAD
[0.443s] -- Performing Test CMAKE_HAVE_LIBC_PTHREAD - Success
[0.444s] -- Found Threads: TRUE  
[0.465s] -- Found rclpy: 3.3.19 (/opt/ros/humble/share/rclpy/cmake)
[0.466s] -- Found geometry_msgs: 4.9.0 (/opt/ros/humble/share/geometry_msgs/cmake)
[0.471s] -- Found moveit_ros_planning: 2.5.9 (/home/drawmemaybe/DrawMeMaybe/ros2_ws/install/moveit_ros_planning/share/moveit_ros_planning/cmake)
[0.485s] -- Found Boost: /usr/lib/x86_64-linux-gnu/cmake/Boost-1.74.0/BoostConfig.cmake (found version "1.74.0") found components: system filesystem date_time program_options thread chrono 
[0.555s] -- Found Boost: /usr/lib/x86_64-linux-gnu/cmake/Boost-1.74.0/BoostConfig.cmake (found version "1.74.0") found components: chrono date_time filesystem iostreams program_options regex serialization system thread 
[0.574s] -- Found parameter_traits: 0.5.0 (/opt/ros/humble/share/parameter_traits/cmake)
[0.580s] -- Found rclcpp_lifecycle: 16.0.16 (/opt/ros/humble/share/rclcpp_lifecycle/cmake)
[0.591s] -- Found Boost: /usr/lib/x86_64-linux-gnu/cmake/Boost-1.74.0/BoostConfig.cmake (found version "1.74.0") found components: filesystem 
[0.627s] -- library: /usr/lib/x86_64-linux-gnu/libcurl.so
[0.655s] -- Found Eigen3: TRUE (found version "3.4.0") 
[0.655s] -- Ensuring Eigen3 include directory is part of orocos-kdl CMake target
[0.710s] -- Found moveit_ros_planning_interface: 2.5.9 (/home/drawmemaybe/DrawMeMaybe/ros2_ws/install/moveit_ros_planning_interface/share/moveit_ros_planning_interface/cmake)
[0.712s] -- Found Boost: /usr/lib/x86_64-linux-gnu/cmake/Boost-1.74.0/BoostConfig.cmake (found version "1.74.0") found components: date_time filesystem program_options system thread 
[0.718s] -- Found Boost: /usr/lib/x86_64-linux-gnu/cmake/Boost-1.74.0/BoostConfig.cmake (found version "1.74.0") found components: thread system filesystem regex date_time program_options 
[0.728s] -- Found Boost: /usr/lib/x86_64-linux-gnu/cmake/Boost-1.74.0/BoostConfig.cmake (found version "1.74.0") found components: system filesystem date_time program_options thread 
[0.813s] -- Found Python3: /usr/bin/python3 (found version "3.10.12") found components: Interpreter Development Development.Module Development.Embed 
[0.817s] -- Found pybind11_vendor: 2.4.2 (/opt/ros/humble/share/pybind11_vendor/cmake)
[0.839s] -- Performing Test HAS_FLTO
[0.918s] -- Performing Test HAS_FLTO - Success
[0.918s] -- Found pybind11: /usr/include (found version "2.9.1")
[0.961s] -- Found ament_cmake_pytest: 1.3.12 (/opt/ros/humble/share/ament_cmake_pytest/cmake)
[1.407s] -- Configuring done
[1.447s] -- Generating done
[1.459s] -- Build files have been written to: /home/drawmemaybe/DrawMeMaybe/ros2_ws/build/moveit_py
[1.491s] Invoked command in '/home/drawmemaybe/DrawMeMaybe/ros2_ws/build/moveit_py' returned '0': AMENT_PREFIX_PATH=/home/drawmemaybe/DrawMeMaybe/ros2_ws/install/moveit_ros_planning_interface:/home/drawmemaybe/DrawMeMaybe/ros2_ws/install/moveit_ros_move_group:/home/drawmemaybe/DrawMeMaybe/ros2_ws/install/moveit_ros_warehouse:/home/drawmemaybe/DrawMeMaybe/ros2_ws/install/moveit_planners_ompl:/home/drawmemaybe/DrawMeMaybe/ros2_ws/install/moveit_kinematics:/home/drawmemaybe/DrawMeMaybe/ros2_ws/install/moveit_ros_planning:/home/drawmemaybe/DrawMeMaybe/ros2_ws/install/moveit_simple_controller_manager:/home/drawmemaybe/DrawMeMaybe/ros2_ws/install/moveit_ros_occupancy_map_monitor:/home/drawmemaybe/DrawMeMaybe/ros2_ws/install/moveit_core:/home/drawmemaybe/DrawMeMaybe/ros2_ws/install/moveit_resources_panda_moveit_config:/home/drawmemaybe/DrawMeMaybe/ros2_ws/install/moveit_resources_fanuc_moveit_config:/home/drawmemaybe/DrawMeMaybe/ros2_ws/install/moveit_configs_utils:/home/drawmemaybe/DrawMeMaybe/ros2_ws/install/srdfdom:/home/drawmemaybe/DrawMeMaybe/ros2_ws/install/moveit_resources_pr2_description:/home/drawmemaybe/DrawMeMaybe/ros2_ws/install/moveit_resources_panda_description:/home/drawmemaybe/DrawMeMaybe/ros2_ws/install/moveit_resources_fanuc_description:/home/drawmemaybe/DrawMeMaybe/ros2_ws/install/moveit_common:/home/drawmemaybe/DrawMeMaybe/ros2_ws/install/launch_param_builder:${AMENT_PREFIX_PATH} CMAKE_PREFIX_PATH=/home/drawmemaybe/DrawMeMaybe/ros2_ws/install/moveit_ros_planning_interface:/home/drawmemaybe/DrawMeMaybe/ros2_ws/install/moveit_ros_move_group:/home/drawmemaybe/DrawMeMaybe/ros2_ws/install/moveit_ros_warehouse:/home/drawmemaybe/DrawMeMaybe/ros2_ws/install/moveit_planners_ompl:/home/drawmemaybe/DrawMeMaybe/ros2_ws/install/moveit_kinematics:/home/drawmemaybe/DrawMeMaybe/ros2_ws/install/moveit_ros_planning:/home/drawmemaybe/DrawMeMaybe/ros2_ws/install/moveit_simple_controller_manager:/home/drawmemaybe/DrawMeMaybe/ros2_ws/install/moveit_ros_occupancy_map_monitor:/home/drawmemaybe/DrawMeMaybe/ros2_ws/install/moveit_core:/home/drawmemaybe/DrawMeMaybe/ros2_ws/install/moveit_resources_panda_moveit_config:/home/drawmemaybe/DrawMeMaybe/ros2_ws/install/moveit_resources_fanuc_moveit_config:/home/drawmemaybe/DrawMeMaybe/ros2_ws/install/srdfdom:/home/drawmemaybe/DrawMeMaybe/ros2_ws/install/moveit_resources_pr2_description:/home/drawmemaybe/DrawMeMaybe/ros2_ws/install/moveit_resources_panda_description:/home/drawmemaybe/DrawMeMaybe/ros2_ws/install/moveit_resources_fanuc_description:/home/drawmemaybe/DrawMeMaybe/ros2_ws/install/moveit_common:/opt/ros/humble LD_LIBRARY_PATH=/home/drawmemaybe/DrawMeMaybe/ros2_ws/install/moveit_ros_planning_interface/lib:/home/drawmemaybe/DrawMeMaybe/ros2_ws/install/moveit_ros_move_group/lib:/home/drawmemaybe/DrawMeMaybe/ros2_ws/install/moveit_ros_warehouse/lib:/home/drawmemaybe/DrawMeMaybe/ros2_ws/install/moveit_planners_ompl/lib:/home/drawmemaybe/DrawMeMaybe/ros2_ws/install/moveit_kinematics/lib:/home/drawmemaybe/DrawMeMaybe/ros2_ws/install/moveit_ros_planning/lib:/home/drawmemaybe/DrawMeMaybe/ros2_ws/install/moveit_simple_controller_manager/lib:/home/drawmemaybe/DrawMeMaybe/ros2_ws/install/moveit_ros_occupancy_map_monitor/lib:/home/drawmemaybe/DrawMeMaybe/ros2_ws/install/moveit_core/lib:/home/drawmemaybe/DrawMeMaybe/ros2_ws/install/srdfdom/lib:${LD_LIBRARY_PATH} PATH=/home/drawmemaybe/DrawMeMaybe/ros2_ws/install/moveit_core/bin:${PATH} PYTHONPATH=/home/drawmemaybe/DrawMeMaybe/ros2_ws/install/moveit_configs_utils/lib/python3.10/site-packages:/home/drawmemaybe/DrawMeMaybe/ros2_ws/install/srdfdom/local/lib/python3.10/dist-packages:/home/drawmemaybe/DrawMeMaybe/ros2_ws/install/launch_param_builder/lib/python3.10/site-packages:${PYTHONPATH} /usr/bin/cmake /home/drawmemaybe/DrawMeMaybe/ros2_ws/src/moveit2/moveit_py -DCMAKE_INSTALL_PREFIX=/home/drawmemaybe/DrawMeMaybe/ros2_ws/install/moveit_py
[1.494s] Invoking command in '/home/drawmemaybe/DrawMeMaybe/ros2_ws/build/moveit_py': AMENT_PREFIX_PATH=/home/drawmemaybe/DrawMeMaybe/ros2_ws/install/moveit_ros_planning_interface:/home/drawmemaybe/DrawMeMaybe/ros2_ws/install/moveit_ros_move_group:/home/drawmemaybe/DrawMeMaybe/ros2_ws/install/moveit_ros_warehouse:/home/drawmemaybe/DrawMeMaybe/ros2_ws/install/moveit_planners_ompl:/home/drawmemaybe/DrawMeMaybe/ros2_ws/install/moveit_kinematics:/home/drawmemaybe/DrawMeMaybe/ros2_ws/install/moveit_ros_planning:/home/drawmemaybe/DrawMeMaybe/ros2_ws/install/moveit_simple_controller_manager:/home/drawmemaybe/DrawMeMaybe/ros2_ws/install/moveit_ros_occupancy_map_monitor:/home/drawmemaybe/DrawMeMaybe/ros2_ws/install/moveit_core:/home/drawmemaybe/DrawMeMaybe/ros2_ws/install/moveit_resources_panda_moveit_config:/home/drawmemaybe/DrawMeMaybe/ros2_ws/install/moveit_resources_fanuc_moveit_config:/home/drawmemaybe/DrawMeMaybe/ros2_ws/install/moveit_configs_utils:/home/drawmemaybe/DrawMeMaybe/ros2_ws/install/srdfdom:/home/drawmemaybe/DrawMeMaybe/ros2_ws/install/moveit_resources_pr2_description:/home/drawmemaybe/DrawMeMaybe/ros2_ws/install/moveit_resources_panda_description:/home/drawmemaybe/DrawMeMaybe/ros2_ws/install/moveit_resources_fanuc_description:/home/drawmemaybe/DrawMeMaybe/ros2_ws/install/moveit_common:/home/drawmemaybe/DrawMeMaybe/ros2_ws/install/launch_param_builder:${AMENT_PREFIX_PATH} CMAKE_PREFIX_PATH=/home/drawmemaybe/DrawMeMaybe/ros2_ws/install/moveit_ros_planning_interface:/home/drawmemaybe/DrawMeMaybe/ros2_ws/install/moveit_ros_move_group:/home/drawmemaybe/DrawMeMaybe/ros2_ws/install/moveit_ros_warehouse:/home/drawmemaybe/DrawMeMaybe/ros2_ws/install/moveit_planners_ompl:/home/drawmemaybe/DrawMeMaybe/ros2_ws/install/moveit_kinematics:/home/drawmemaybe/DrawMeMaybe/ros2_ws/install/moveit_ros_planning:/home/drawmemaybe/DrawMeMaybe/ros2_ws/install/moveit_simple_controller_manager:/home/drawmemaybe/DrawMeMaybe/ros2_ws/install/moveit_ros_occupancy_map_monitor:/home/drawmemaybe/DrawMeMaybe/ros2_ws/install/moveit_core:/home/drawmemaybe/DrawMeMaybe/ros2_ws/install/moveit_resources_panda_moveit_config:/home/drawmemaybe/DrawMeMaybe/ros2_ws/install/moveit_resources_fanuc_moveit_config:/home/drawmemaybe/DrawMeMaybe/ros2_ws/install/srdfdom:/home/drawmemaybe/DrawMeMaybe/ros2_ws/install/moveit_resources_pr2_description:/home/drawmemaybe/DrawMeMaybe/ros2_ws/install/moveit_resources_panda_description:/home/drawmemaybe/DrawMeMaybe/ros2_ws/install/moveit_resources_fanuc_description:/home/drawmemaybe/DrawMeMaybe/ros2_ws/install/moveit_common:/opt/ros/humble LD_LIBRARY_PATH=/home/drawmemaybe/DrawMeMaybe/ros2_ws/install/moveit_ros_planning_interface/lib:/home/drawmemaybe/DrawMeMaybe/ros2_ws/install/moveit_ros_move_group/lib:/home/drawmemaybe/DrawMeMaybe/ros2_ws/install/moveit_ros_warehouse/lib:/home/drawmemaybe/DrawMeMaybe/ros2_ws/install/moveit_planners_ompl/lib:/home/drawmemaybe/DrawMeMaybe/ros2_ws/install/moveit_kinematics/lib:/home/drawmemaybe/DrawMeMaybe/ros2_ws/install/moveit_ros_planning/lib:/home/drawmemaybe/DrawMeMaybe/ros2_ws/install/moveit_simple_controller_manager/lib:/home/drawmemaybe/DrawMeMaybe/ros2_ws/install/moveit_ros_occupancy_map_monitor/lib:/home/drawmemaybe/DrawMeMaybe/ros2_ws/install/moveit_core/lib:/home/drawmemaybe/DrawMeMaybe/ros2_ws/install/srdfdom/lib:${LD_LIBRARY_PATH} PATH=/home/drawmemaybe/DrawMeMaybe/ros2_ws/install/moveit_core/bin:${PATH} PYTHONPATH=/home/drawmemaybe/DrawMeMaybe/ros2_ws/install/moveit_configs_utils/lib/python3.10/site-packages:/home/drawmemaybe/DrawMeMaybe/ros2_ws/install/srdfdom/local/lib/python3.10/dist-packages:/home/drawmemaybe/DrawMeMaybe/ros2_ws/install/launch_param_builder/lib/python3.10/site-packages:${PYTHONPATH} /usr/bin/cmake --build /home/drawmemaybe/DrawMeMaybe/ros2_ws/build/moveit_py -- -j24 -l24
[1.584s] [  4%] [32mBuilding CXX object src/moveit/moveit_py_utils/CMakeFiles/moveit_py_utils.dir/src/ros_msg_typecasters.cpp.o[0m
[1.584s] [  8%] [32mBuilding CXX object src/moveit/moveit_py_utils/CMakeFiles/moveit_py_utils.dir/src/copy_ros_msg.cpp.o[0m
[1.601s] [  8%] Built target ament_cmake_python_copy_moveit
[1.908s] running egg_info
[1.908s] creating moveit.egg-info
[1.909s] writing moveit.egg-info/PKG-INFO
[1.909s] writing dependency_links to moveit.egg-info/dependency_links.txt
[1.909s] writing top-level names to moveit.egg-info/top_level.txt
[1.909s] writing manifest file 'moveit.egg-info/SOURCES.txt'
[1.910s] reading manifest file 'moveit.egg-info/SOURCES.txt'
[1.911s] writing manifest file 'moveit.egg-info/SOURCES.txt'
[1.950s] [  8%] Built target ament_cmake_python_build_moveit_egg
[5.707s] [ 12%] [32m[1mLinking CXX shared library libmoveit_py_utils.so[0m
[6.219s] [ 12%] Built target moveit_py_utils
[6.237s] [ 16%] [32mBuilding CXX object CMakeFiles/planning.dir/src/moveit/planning.cpp.o[0m
[6.240s] [ 25%] [32mBuilding CXX object CMakeFiles/core.dir/src/moveit/moveit_core/collision_detection/world.cpp.o[0m
[6.241s] [ 25%] [32mBuilding CXX object CMakeFiles/core.dir/src/moveit/moveit_core/collision_detection/collision_matrix.cpp.o[0m
[6.241s] [ 29%] [32mBuilding CXX object CMakeFiles/core.dir/src/moveit/moveit_core/collision_detection/collision_common.cpp.o[0m
[6.241s] [ 33%] [32mBuilding CXX object CMakeFiles/core.dir/src/moveit/core.cpp.o[0m
[6.243s] [ 37%] [32mBuilding CXX object CMakeFiles/planning.dir/src/moveit/moveit_ros/moveit_cpp/moveit_cpp.cpp.o[0m
[6.247s] [ 41%] [32mBuilding CXX object CMakeFiles/core.dir/src/moveit/moveit_core/controller_manager/controller_manager.cpp.o[0m
[6.249s] [ 45%] [32mBuilding CXX object CMakeFiles/planning.dir/src/moveit/moveit_ros/planning_scene_monitor/planning_scene_monitor.cpp.o[0m
[6.260s] [ 50%] [32mBuilding CXX object CMakeFiles/planning.dir/src/moveit/moveit_ros/moveit_cpp/planning_component.cpp.o[0m
[6.266s] [ 54%] [32mBuilding CXX object CMakeFiles/core.dir/src/moveit/moveit_core/planning_scene/planning_scene.cpp.o[0m
[6.266s] [ 58%] [32mBuilding CXX object CMakeFiles/core.dir/src/moveit/moveit_core/planning_interface/planning_response.cpp.o[0m
[6.266s] [ 62%] [32mBuilding CXX object CMakeFiles/core.dir/src/moveit/moveit_core/transforms/transforms.cpp.o[0m
[6.273s] [ 70%] [32mBuilding CXX object CMakeFiles/core.dir/src/moveit/moveit_core/robot_model/robot_model.cpp.o[0m
[6.279s] [ 66%] [32mBuilding CXX object CMakeFiles/core.dir/src/moveit/moveit_core/kinematic_constraints/utils.cpp.o[0m
[6.279s] [ 75%] [32mBuilding CXX object CMakeFiles/planning.dir/src/moveit/moveit_ros/trajectory_execution_manager/trajectory_execution_manager.cpp.o[0m
[6.281s] [ 79%] [32mBuilding CXX object CMakeFiles/core.dir/src/moveit/moveit_core/robot_state/robot_state.cpp.o[0m
[6.286s] [ 83%] [32mBuilding CXX object CMakeFiles/core.dir/src/moveit/moveit_core/robot_model/joint_model.cpp.o[0m
[6.287s] [ 87%] [32mBuilding CXX object CMakeFiles/core.dir/src/moveit/moveit_core/robot_trajectory/robot_trajectory.cpp.o[0m
[6.294s] [ 91%] [32mBuilding CXX object CMakeFiles/core.dir/src/moveit/moveit_core/robot_model/joint_model_group.cpp.o[0m
[18.305s] [ 95%] [32m[1mLinking CXX shared module test_moveit/core.cpython-310-x86_64-linux-gnu.so[0m
[19.505s] lto-wrapper: warning: using serial compilation of 3 LTRANS jobs
[19.684s] [100%] [32m[1mLinking CXX shared module test_moveit/planning.cpython-310-x86_64-linux-gnu.so[0m
[20.418s] lto-wrapper: warning: using serial compilation of 2 LTRANS jobs
[23.837s] [100%] Built target planning
[24.387s] [100%] Built target core
[24.398s] Invoked command in '/home/drawmemaybe/DrawMeMaybe/ros2_ws/build/moveit_py' returned '0': AMENT_PREFIX_PATH=/home/drawmemaybe/DrawMeMaybe/ros2_ws/install/moveit_ros_planning_interface:/home/drawmemaybe/DrawMeMaybe/ros2_ws/install/moveit_ros_move_group:/home/drawmemaybe/DrawMeMaybe/ros2_ws/install/moveit_ros_warehouse:/home/drawmemaybe/DrawMeMaybe/ros2_ws/install/moveit_planners_ompl:/home/drawmemaybe/DrawMeMaybe/ros2_ws/install/moveit_kinematics:/home/drawmemaybe/DrawMeMaybe/ros2_ws/install/moveit_ros_planning:/home/drawmemaybe/DrawMeMaybe/ros2_ws/install/moveit_simple_controller_manager:/home/drawmemaybe/DrawMeMaybe/ros2_ws/install/moveit_ros_occupancy_map_monitor:/home/drawmemaybe/DrawMeMaybe/ros2_ws/install/moveit_core:/home/drawmemaybe/DrawMeMaybe/ros2_ws/install/moveit_resources_panda_moveit_config:/home/drawmemaybe/DrawMeMaybe/ros2_ws/install/moveit_resources_fanuc_moveit_config:/home/drawmemaybe/DrawMeMaybe/ros2_ws/install/moveit_configs_utils:/home/drawmemaybe/DrawMeMaybe/ros2_ws/install/srdfdom:/home/drawmemaybe/DrawMeMaybe/ros2_ws/install/moveit_resources_pr2_description:/home/drawmemaybe/DrawMeMaybe/ros2_ws/install/moveit_resources_panda_description:/home/drawmemaybe/DrawMeMaybe/ros2_ws/install/moveit_resources_fanuc_description:/home/drawmemaybe/DrawMeMaybe/ros2_ws/install/moveit_common:/home/drawmemaybe/DrawMeMaybe/ros2_ws/install/launch_param_builder:${AMENT_PREFIX_PATH} CMAKE_PREFIX_PATH=/home/drawmemaybe/DrawMeMaybe/ros2_ws/install/moveit_ros_planning_interface:/home/drawmemaybe/DrawMeMaybe/ros2_ws/install/moveit_ros_move_group:/home/drawmemaybe/DrawMeMaybe/ros2_ws/install/moveit_ros_warehouse:/home/drawmemaybe/DrawMeMaybe/ros2_ws/install/moveit_planners_ompl:/home/drawmemaybe/DrawMeMaybe/ros2_ws/install/moveit_kinematics:/home/drawmemaybe/DrawMeMaybe/ros2_ws/install/moveit_ros_planning:/home/drawmemaybe/DrawMeMaybe/ros2_ws/install/moveit_simple_controller_manager:/home/drawmemaybe/DrawMeMaybe/ros2_ws/install/moveit_ros_occupancy_map_monitor:/home/drawmemaybe/DrawMeMaybe/ros2_ws/install/moveit_core:/home/drawmemaybe/DrawMeMaybe/ros2_ws/install/moveit_resources_panda_moveit_config:/home/drawmemaybe/DrawMeMaybe/ros2_ws/install/moveit_resources_fanuc_moveit_config:/home/drawmemaybe/DrawMeMaybe/ros2_ws/install/srdfdom:/home/drawmemaybe/DrawMeMaybe/ros2_ws/install/moveit_resources_pr2_description:/home/drawmemaybe/DrawMeMaybe/ros2_ws/install/moveit_resources_panda_description:/home/drawmemaybe/DrawMeMaybe/ros2_ws/install/moveit_resources_fanuc_description:/home/drawmemaybe/DrawMeMaybe/ros2_ws/install/moveit_common:/opt/ros/humble LD_LIBRARY_PATH=/home/drawmemaybe/DrawMeMaybe/ros2_ws/install/moveit_ros_planning_interface/lib:/home/drawmemaybe/DrawMeMaybe/ros2_ws/install/moveit_ros_move_group/lib:/home/drawmemaybe/DrawMeMaybe/ros2_ws/install/moveit_ros_warehouse/lib:/home/drawmemaybe/DrawMeMaybe/ros2_ws/install/moveit_planners_ompl/lib:/home/drawmemaybe/DrawMeMaybe/ros2_ws/install/moveit_kinematics/lib:/home/drawmemaybe/DrawMeMaybe/ros2_ws/install/moveit_ros_planning/lib:/home/drawmemaybe/DrawMeMaybe/ros2_ws/install/moveit_simple_controller_manager/lib:/home/drawmemaybe/DrawMeMaybe/ros2_ws/install/moveit_ros_occupancy_map_monitor/lib:/home/drawmemaybe/DrawMeMaybe/ros2_ws/install/moveit_core/lib:/home/drawmemaybe/DrawMeMaybe/ros2_ws/install/srdfdom/lib:${LD_LIBRARY_PATH} PATH=/home/drawmemaybe/DrawMeMaybe/ros2_ws/install/moveit_core/bin:${PATH} PYTHONPATH=/home/drawmemaybe/DrawMeMaybe/ros2_ws/install/moveit_configs_utils/lib/python3.10/site-packages:/home/drawmemaybe/DrawMeMaybe/ros2_ws/install/srdfdom/local/lib/python3.10/dist-packages:/home/drawmemaybe/DrawMeMaybe/ros2_ws/install/launch_param_builder/lib/python3.10/site-packages:${PYTHONPATH} /usr/bin/cmake --build /home/drawmemaybe/DrawMeMaybe/ros2_ws/build/moveit_py -- -j24 -l24
[24.399s] Invoking command in '/home/drawmemaybe/DrawMeMaybe/ros2_ws/build/moveit_py': AMENT_PREFIX_PATH=/home/drawmemaybe/DrawMeMaybe/ros2_ws/install/moveit_ros_planning_interface:/home/drawmemaybe/DrawMeMaybe/ros2_ws/install/moveit_ros_move_group:/home/drawmemaybe/DrawMeMaybe/ros2_ws/install/moveit_ros_warehouse:/home/drawmemaybe/DrawMeMaybe/ros2_ws/install/moveit_planners_ompl:/home/drawmemaybe/DrawMeMaybe/ros2_ws/install/moveit_kinematics:/home/drawmemaybe/DrawMeMaybe/ros2_ws/install/moveit_ros_planning:/home/drawmemaybe/DrawMeMaybe/ros2_ws/install/moveit_simple_controller_manager:/home/drawmemaybe/DrawMeMaybe/ros2_ws/install/moveit_ros_occupancy_map_monitor:/home/drawmemaybe/DrawMeMaybe/ros2_ws/install/moveit_core:/home/drawmemaybe/DrawMeMaybe/ros2_ws/install/moveit_resources_panda_moveit_config:/home/drawmemaybe/DrawMeMaybe/ros2_ws/install/moveit_resources_fanuc_moveit_config:/home/drawmemaybe/DrawMeMaybe/ros2_ws/install/moveit_configs_utils:/home/drawmemaybe/DrawMeMaybe/ros2_ws/install/srdfdom:/home/drawmemaybe/DrawMeMaybe/ros2_ws/install/moveit_resources_pr2_description:/home/drawmemaybe/DrawMeMaybe/ros2_ws/install/moveit_resources_panda_description:/home/drawmemaybe/DrawMeMaybe/ros2_ws/install/moveit_resources_fanuc_description:/home/drawmemaybe/DrawMeMaybe/ros2_ws/install/moveit_common:/home/drawmemaybe/DrawMeMaybe/ros2_ws/install/launch_param_builder:${AMENT_PREFIX_PATH} CMAKE_PREFIX_PATH=/home/drawmemaybe/DrawMeMaybe/ros2_ws/install/moveit_ros_planning_interface:/home/drawmemaybe/DrawMeMaybe/ros2_ws/install/moveit_ros_move_group:/home/drawmemaybe/DrawMeMaybe/ros2_ws/install/moveit_ros_warehouse:/home/drawmemaybe/DrawMeMaybe/ros2_ws/install/moveit_planners_ompl:/home/drawmemaybe/DrawMeMaybe/ros2_ws/install/moveit_kinematics:/home/drawmemaybe/DrawMeMaybe/ros2_ws/install/moveit_ros_planning:/home/drawmemaybe/DrawMeMaybe/ros2_ws/install/moveit_simple_controller_manager:/home/drawmemaybe/DrawMeMaybe/ros2_ws/install/moveit_ros_occupancy_map_monitor:/home/drawmemaybe/DrawMeMaybe/ros2_ws/install/moveit_core:/home/drawmemaybe/DrawMeMaybe/ros2_ws/install/moveit_resources_panda_moveit_config:/home/drawmemaybe/DrawMeMaybe/ros2_ws/install/moveit_resources_fanuc_moveit_config:/home/drawmemaybe/DrawMeMaybe/ros2_ws/install/srdfdom:/home/drawmemaybe/DrawMeMaybe/ros2_ws/install/moveit_resources_pr2_description:/home/drawmemaybe/DrawMeMaybe/ros2_ws/install/moveit_resources_panda_description:/home/drawmemaybe/DrawMeMaybe/ros2_ws/install/moveit_resources_fanuc_description:/home/drawmemaybe/DrawMeMaybe/ros2_ws/install/moveit_common:/opt/ros/humble LD_LIBRARY_PATH=/home/drawmemaybe/DrawMeMaybe/ros2_ws/install/moveit_ros_planning_interface/lib:/home/drawmemaybe/DrawMeMaybe/ros2_ws/install/moveit_ros_move_group/lib:/home/drawmemaybe/DrawMeMaybe/ros2_ws/install/moveit_ros_warehouse/lib:/home/drawmemaybe/DrawMeMaybe/ros2_ws/install/moveit_planners_ompl/lib:/home/drawmemaybe/DrawMeMaybe/ros2_ws/install/moveit_kinematics/lib:/home/drawmemaybe/DrawMeMaybe/ros2_ws/install/moveit_ros_planning/lib:/home/drawmemaybe/DrawMeMaybe/ros2_ws/install/moveit_simple_controller_manager/lib:/home/drawmemaybe/DrawMeMaybe/ros2_ws/install/moveit_ros_occupancy_map_monitor/lib:/home/drawmemaybe/DrawMeMaybe/ros2_ws/install/moveit_core/lib:/home/drawmemaybe/DrawMeMaybe/ros2_ws/install/srdfdom/lib:${LD_LIBRARY_PATH} PATH=/home/drawmemaybe/DrawMeMaybe/ros2_ws/install/moveit_core/bin:${PATH} PYTHONPATH=/home/drawmemaybe/DrawMeMaybe/ros2_ws/install/moveit_configs_utils/lib/python3.10/site-packages:/home/drawmemaybe/DrawMeMaybe/ros2_ws/install/srdfdom/local/lib/python3.10/dist-packages:/home/drawmemaybe/DrawMeMaybe/ros2_ws/install/launch_param_builder/lib/python3.10/site-packages:${PYTHONPATH} /usr/bin/cmake --install /home/drawmemaybe/DrawMeMaybe/ros2_ws/build/moveit_py
[24.406s] -- Install configuration: ""
[24.406s] -- Installing: /home/drawmemaybe/DrawMeMaybe/ros2_ws/install/moveit_py/lib/libmoveit_py_utils.so.
[24.406s] -- Set runtime path of "/home/drawmemaybe/DrawMeMaybe/ros2_ws/install/moveit_py/lib/libmoveit_py_utils.so." to ""
[24.407s] -- Installing: /home/drawmemaybe/DrawMeMaybe/ros2_ws/install/moveit_py/lib/libmoveit_py_utils.so
[24.407s] -- Installing: /home/drawmemaybe/DrawMeMaybe/ros2_ws/install/moveit_py/include/moveit_py
[24.407s] -- Installing: /home/drawmemaybe/DrawMeMaybe/ros2_ws/install/moveit_py/include/moveit_py/moveit_py
[24.407s] -- Installing: /home/drawmemaybe/DrawMeMaybe/ros2_ws/install/moveit_py/include/moveit_py/moveit_py/moveit_py_utils
[24.407s] -- Installing: /home/drawmemaybe/DrawMeMaybe/ros2_ws/install/moveit_py/include/moveit_py/moveit_py/moveit_py_utils/copy_ros_msg.h
[24.407s] -- Installing: /home/drawmemaybe/DrawMeMaybe/ros2_ws/install/moveit_py/include/moveit_py/moveit_py/moveit_py_utils/rclpy_time_typecaster.hpp
[24.407s] -- Installing: /home/drawmemaybe/DrawMeMaybe/ros2_ws/install/moveit_py/include/moveit_py/moveit_py/moveit_py_utils/copy_ros_msg.hpp
[24.407s] -- Installing: /home/drawmemaybe/DrawMeMaybe/ros2_ws/install/moveit_py/include/moveit_py/moveit_py/moveit_py_utils/ros_msg_typecasters.hpp
[24.407s] -- Installing: /home/drawmemaybe/DrawMeMaybe/ros2_ws/install/moveit_py/include/moveit_py/moveit_py/moveit_py_utils/ros_msg_typecasters.h
[24.407s] -- Installing: /home/drawmemaybe/DrawMeMaybe/ros2_ws/install/moveit_py/share/moveit_py/environment/pythonpath.sh
[24.407s] -- Installing: /home/drawmemaybe/DrawMeMaybe/ros2_ws/install/moveit_py/share/moveit_py/environment/pythonpath.dsv
[24.407s] -- Installing: /home/drawmemaybe/DrawMeMaybe/ros2_ws/install/moveit_py/local/lib/python3.10/dist-packages/moveit-2.5.9-py3.10.egg-info
[24.407s] -- Installing: /home/drawmemaybe/DrawMeMaybe/ros2_ws/install/moveit_py/local/lib/python3.10/dist-packages/moveit-2.5.9-py3.10.egg-info/dependency_links.txt
[24.407s] -- Installing: /home/drawmemaybe/DrawMeMaybe/ros2_ws/install/moveit_py/local/lib/python3.10/dist-packages/moveit-2.5.9-py3.10.egg-info/PKG-INFO
[24.407s] -- Installing: /home/drawmemaybe/DrawMeMaybe/ros2_ws/install/moveit_py/local/lib/python3.10/dist-packages/moveit-2.5.9-py3.10.egg-info/top_level.txt
[24.407s] -- Installing: /home/drawmemaybe/DrawMeMaybe/ros2_ws/install/moveit_py/local/lib/python3.10/dist-packages/moveit-2.5.9-py3.10.egg-info/SOURCES.txt
[24.407s] -- Installing: /home/drawmemaybe/DrawMeMaybe/ros2_ws/install/moveit_py/local/lib/python3.10/dist-packages/moveit
[24.407s] -- Installing: /home/drawmemaybe/DrawMeMaybe/ros2_ws/install/moveit_py/local/lib/python3.10/dist-packages/moveit/planning.pyi
[24.407s] -- Installing: /home/drawmemaybe/DrawMeMaybe/ros2_ws/install/moveit_py/local/lib/python3.10/dist-packages/moveit/utils.pyi
[24.408s] -- Installing: /home/drawmemaybe/DrawMeMaybe/ros2_ws/install/moveit_py/local/lib/python3.10/dist-packages/moveit/utils.py
[24.408s] -- Installing: /home/drawmemaybe/DrawMeMaybe/ros2_ws/install/moveit_py/local/lib/python3.10/dist-packages/moveit/README.md
[24.408s] -- Installing: /home/drawmemaybe/DrawMeMaybe/ros2_ws/install/moveit_py/local/lib/python3.10/dist-packages/moveit/core
[24.408s] -- Installing: /home/drawmemaybe/DrawMeMaybe/ros2_ws/install/moveit_py/local/lib/python3.10/dist-packages/moveit/core/robot_state.pyi
[24.408s] -- Installing: /home/drawmemaybe/DrawMeMaybe/ros2_ws/install/moveit_py/local/lib/python3.10/dist-packages/moveit/core/controller_manager.pyi
[24.408s] -- Installing: /home/drawmemaybe/DrawMeMaybe/ros2_ws/install/moveit_py/local/lib/python3.10/dist-packages/moveit/core/kinematic_constraints.pyi
[24.408s] -- Installing: /home/drawmemaybe/DrawMeMaybe/ros2_ws/install/moveit_py/local/lib/python3.10/dist-packages/moveit/core/planning_interface.pyi
[24.408s] -- Installing: /home/drawmemaybe/DrawMeMaybe/ros2_ws/install/moveit_py/local/lib/python3.10/dist-packages/moveit/core/robot_model.pyi
[24.408s] -- Installing: /home/drawmemaybe/DrawMeMaybe/ros2_ws/install/moveit_py/local/lib/python3.10/dist-packages/moveit/core/collision_detection.pyi
[24.408s] -- Installing: /home/drawmemaybe/DrawMeMaybe/ros2_ws/install/moveit_py/local/lib/python3.10/dist-packages/moveit/core/planning_scene.pyi
[24.408s] -- Installing: /home/drawmemaybe/DrawMeMaybe/ros2_ws/install/moveit_py/local/lib/python3.10/dist-packages/moveit/core/__init__.pyi
[24.408s] -- Installing: /home/drawmemaybe/DrawMeMaybe/ros2_ws/install/moveit_py/local/lib/python3.10/dist-packages/moveit/core/robot_trajectory.pyi
[24.408s] -- Installing: /home/drawmemaybe/DrawMeMaybe/ros2_ws/install/moveit_py/local/lib/python3.10/dist-packages/moveit/__init__.py
[24.428s] Listing '/home/drawmemaybe/DrawMeMaybe/ros2_ws/install/moveit_py/local/lib/python3.10/dist-packages/moveit'...
[24.429s] Compiling '/home/drawmemaybe/DrawMeMaybe/ros2_ws/install/moveit_py/local/lib/python3.10/dist-packages/moveit/__init__.py'...
[24.429s] Listing '/home/drawmemaybe/DrawMeMaybe/ros2_ws/install/moveit_py/local/lib/python3.10/dist-packages/moveit/core'...
[24.429s] Compiling '/home/drawmemaybe/DrawMeMaybe/ros2_ws/install/moveit_py/local/lib/python3.10/dist-packages/moveit/utils.py'...
[24.432s] -- Installing: /home/drawmemaybe/DrawMeMaybe/ros2_ws/install/moveit_py/local/lib/python3.10/dist-packages/moveit/core.cpython-310-x86_64-linux-gnu.so
[24.434s] -- Set runtime path of "/home/drawmemaybe/DrawMeMaybe/ros2_ws/install/moveit_py/local/lib/python3.10/dist-packages/moveit/core.cpython-310-x86_64-linux-gnu.so" to ""
[24.435s] -- Installing: /home/drawmemaybe/DrawMeMaybe/ros2_ws/install/moveit_py/local/lib/python3.10/dist-packages/moveit/planning.cpython-310-x86_64-linux-gnu.so
[24.436s] -- Set runtime path of "/home/drawmemaybe/DrawMeMaybe/ros2_ws/install/moveit_py/local/lib/python3.10/dist-packages/moveit/planning.cpython-310-x86_64-linux-gnu.so" to ""
[24.436s] -- Installing: /home/drawmemaybe/DrawMeMaybe/ros2_ws/install/moveit_py/share/moveit_py/environment/library_path.sh
[24.436s] -- Installing: /home/drawmemaybe/DrawMeMaybe/ros2_ws/install/moveit_py/share/moveit_py/environment/library_path.dsv
[24.436s] -- Installing: /home/drawmemaybe/DrawMeMaybe/ros2_ws/install/moveit_py/share/ament_index/resource_index/package_run_dependencies/moveit_py
[24.436s] -- Installing: /home/drawmemaybe/DrawMeMaybe/ros2_ws/install/moveit_py/share/ament_index/resource_index/parent_prefix_path/moveit_py
[24.436s] -- Installing: /home/drawmemaybe/DrawMeMaybe/ros2_ws/install/moveit_py/share/moveit_py/environment/ament_prefix_path.sh
[24.436s] -- Installing: /home/drawmemaybe/DrawMeMaybe/ros2_ws/install/moveit_py/share/moveit_py/environment/ament_prefix_path.dsv
[24.436s] -- Installing: /home/drawmemaybe/DrawMeMaybe/ros2_ws/install/moveit_py/share/moveit_py/environment/path.sh
[24.437s] -- Installing: /home/drawmemaybe/DrawMeMaybe/ros2_ws/install/moveit_py/share/moveit_py/environment/path.dsv
[24.437s] -- Installing: /home/drawmemaybe/DrawMeMaybe/ros2_ws/install/moveit_py/share/moveit_py/local_setup.bash
[24.437s] -- Installing: /home/drawmemaybe/DrawMeMaybe/ros2_ws/install/moveit_py/share/moveit_py/local_setup.sh
[24.437s] -- Installing: /home/drawmemaybe/DrawMeMaybe/ros2_ws/install/moveit_py/share/moveit_py/local_setup.zsh
[24.437s] -- Installing: /home/drawmemaybe/DrawMeMaybe/ros2_ws/install/moveit_py/share/moveit_py/local_setup.dsv
[24.437s] -- Installing: /home/drawmemaybe/DrawMeMaybe/ros2_ws/install/moveit_py/share/moveit_py/package.dsv
[24.437s] -- Installing: /home/drawmemaybe/DrawMeMaybe/ros2_ws/install/moveit_py/share/ament_index/resource_index/packages/moveit_py
[24.437s] -- Installing: /home/drawmemaybe/DrawMeMaybe/ros2_ws/install/moveit_py/share/moveit_py/cmake/moveit_py_utilsTargetsExport.cmake
[24.437s] -- Installing: /home/drawmemaybe/DrawMeMaybe/ros2_ws/install/moveit_py/share/moveit_py/cmake/moveit_py_utilsTargetsExport-noconfig.cmake
[24.437s] -- Installing: /home/drawmemaybe/DrawMeMaybe/ros2_ws/install/moveit_py/share/moveit_py/cmake/ament_cmake_export_targets-extras.cmake
[24.437s] -- Installing: /home/drawmemaybe/DrawMeMaybe/ros2_ws/install/moveit_py/share/moveit_py/cmake/ament_cmake_export_dependencies-extras.cmake
[24.437s] -- Installing: /home/drawmemaybe/DrawMeMaybe/ros2_ws/install/moveit_py/share/moveit_py/cmake/moveit_pyConfig.cmake
[24.437s] -- Installing: /home/drawmemaybe/DrawMeMaybe/ros2_ws/install/moveit_py/share/moveit_py/cmake/moveit_pyConfig-version.cmake
[24.437s] -- Installing: /home/drawmemaybe/DrawMeMaybe/ros2_ws/install/moveit_py/share/moveit_py/package.xml
[24.440s] Invoked command in '/home/drawmemaybe/DrawMeMaybe/ros2_ws/build/moveit_py' returned '0': AMENT_PREFIX_PATH=/home/drawmemaybe/DrawMeMaybe/ros2_ws/install/moveit_ros_planning_interface:/home/drawmemaybe/DrawMeMaybe/ros2_ws/install/moveit_ros_move_group:/home/drawmemaybe/DrawMeMaybe/ros2_ws/install/moveit_ros_warehouse:/home/drawmemaybe/DrawMeMaybe/ros2_ws/install/moveit_planners_ompl:/home/drawmemaybe/DrawMeMaybe/ros2_ws/install/moveit_kinematics:/home/drawmemaybe/DrawMeMaybe/ros2_ws/install/moveit_ros_planning:/home/drawmemaybe/DrawMeMaybe/ros2_ws/install/moveit_simple_controller_manager:/home/drawmemaybe/DrawMeMaybe/ros2_ws/install/moveit_ros_occupancy_map_monitor:/home/drawmemaybe/DrawMeMaybe/ros2_ws/install/moveit_core:/home/drawmemaybe/DrawMeMaybe/ros2_ws/install/moveit_resources_panda_moveit_config:/home/drawmemaybe/DrawMeMaybe/ros2_ws/install/moveit_resources_fanuc_moveit_config:/home/drawmemaybe/DrawMeMaybe/ros2_ws/install/moveit_configs_utils:/home/drawmemaybe/DrawMeMaybe/ros2_ws/install/srdfdom:/home/drawmemaybe/DrawMeMaybe/ros2_ws/install/moveit_resources_pr2_description:/home/drawmemaybe/DrawMeMaybe/ros2_ws/install/moveit_resources_panda_description:/home/drawmemaybe/DrawMeMaybe/ros2_ws/install/moveit_resources_fanuc_description:/home/drawmemaybe/DrawMeMaybe/ros2_ws/install/moveit_common:/home/drawmemaybe/DrawMeMaybe/ros2_ws/install/launch_param_builder:${AMENT_PREFIX_PATH} CMAKE_PREFIX_PATH=/home/drawmemaybe/DrawMeMaybe/ros2_ws/install/moveit_ros_planning_interface:/home/drawmemaybe/DrawMeMaybe/ros2_ws/install/moveit_ros_move_group:/home/drawmemaybe/DrawMeMaybe/ros2_ws/install/moveit_ros_warehouse:/home/drawmemaybe/DrawMeMaybe/ros2_ws/install/moveit_planners_ompl:/home/drawmemaybe/DrawMeMaybe/ros2_ws/install/moveit_kinematics:/home/drawmemaybe/DrawMeMaybe/ros2_ws/install/moveit_ros_planning:/home/drawmemaybe/DrawMeMaybe/ros2_ws/install/moveit_simple_controller_manager:/home/drawmemaybe/DrawMeMaybe/ros2_ws/install/moveit_ros_occupancy_map_monitor:/home/drawmemaybe/DrawMeMaybe/ros2_ws/install/moveit_core:/home/drawmemaybe/DrawMeMaybe/ros2_ws/install/moveit_resources_panda_moveit_config:/home/drawmemaybe/DrawMeMaybe/ros2_ws/install/moveit_resources_fanuc_moveit_config:/home/drawmemaybe/DrawMeMaybe/ros2_ws/install/srdfdom:/home/drawmemaybe/DrawMeMaybe/ros2_ws/install/moveit_resources_pr2_description:/home/drawmemaybe/DrawMeMaybe/ros2_ws/install/moveit_resources_panda_description:/home/drawmemaybe/DrawMeMaybe/ros2_ws/install/moveit_resources_fanuc_description:/home/drawmemaybe/DrawMeMaybe/ros2_ws/install/moveit_common:/opt/ros/humble LD_LIBRARY_PATH=/home/drawmemaybe/DrawMeMaybe/ros2_ws/install/moveit_ros_planning_interface/lib:/home/drawmemaybe/DrawMeMaybe/ros2_ws/install/moveit_ros_move_group/lib:/home/drawmemaybe/DrawMeMaybe/ros2_ws/install/moveit_ros_warehouse/lib:/home/drawmemaybe/DrawMeMaybe/ros2_ws/install/moveit_planners_ompl/lib:/home/drawmemaybe/DrawMeMaybe/ros2_ws/install/moveit_kinematics/lib:/home/drawmemaybe/DrawMeMaybe/ros2_ws/install/moveit_ros_planning/lib:/home/drawmemaybe/DrawMeMaybe/ros2_ws/install/moveit_simple_controller_manager/lib:/home/drawmemaybe/DrawMeMaybe/ros2_ws/install/moveit_ros_occupancy_map_monitor/lib:/home/drawmemaybe/DrawMeMaybe/ros2_ws/install/moveit_core/lib:/home/drawmemaybe/DrawMeMaybe/ros2_ws/install/srdfdom/lib:${LD_LIBRARY_PATH} PATH=/home/drawmemaybe/DrawMeMaybe/ros2_ws/install/moveit_core/bin:${PATH} PYTHONPATH=/home/drawmemaybe/DrawMeMaybe/ros2_ws/install/moveit_configs_utils/lib/python3.10/site-packages:/home/drawmemaybe/DrawMeMaybe/ros2_ws/install/srdfdom/local/lib/python3.10/dist-packages:/home/drawmemaybe/DrawMeMaybe/ros2_ws/install/launch_param_builder/lib/python3.10/site-packages:${PYTHONPATH} /usr/bin/cmake --install /home/drawmemaybe/DrawMeMaybe/ros2_ws/build/moveit_py
