[0.018s] Invoking command in '/home/drawmemaybe/DrawMeMaybe/ros2_ws/build/pilz_industrial_motion_planner': AMENT_PREFIX_PATH=/home/drawmemaybe/DrawMeMaybe/ros2_ws/install/moveit_resources_prbt_pg70_support:/home/drawmemaybe/DrawMeMaybe/ros2_ws/install/moveit_ros_planning_interface:/home/drawmemaybe/DrawMeMaybe/ros2_ws/install/moveit_resources_prbt_moveit_config:/home/drawmemaybe/DrawMeMaybe/ros2_ws/install/moveit_ros_move_group:/home/drawmemaybe/DrawMeMaybe/ros2_ws/install/moveit_ros_warehouse:/home/drawmemaybe/DrawMeMaybe/ros2_ws/install/moveit_planners_ompl:/home/drawmemaybe/DrawMeMaybe/ros2_ws/install/moveit_kinematics:/home/drawmemaybe/DrawMeMaybe/ros2_ws/install/moveit_ros_planning:/home/drawmemaybe/DrawMeMaybe/ros2_ws/install/pilz_industrial_motion_planner_testutils:/home/drawmemaybe/DrawMeMaybe/ros2_ws/install/moveit_simple_controller_manager:/home/drawmemaybe/DrawMeMaybe/ros2_ws/install/moveit_ros_occupancy_map_monitor:/home/drawmemaybe/DrawMeMaybe/ros2_ws/install/moveit_resources_prbt_ikfast_manipulator_plugin:/home/drawmemaybe/DrawMeMaybe/ros2_ws/install/moveit_core:/home/drawmemaybe/DrawMeMaybe/ros2_ws/install/moveit_resources_panda_moveit_config:/home/drawmemaybe/DrawMeMaybe/ros2_ws/install/moveit_resources_fanuc_moveit_config:/home/drawmemaybe/DrawMeMaybe/ros2_ws/install/moveit_configs_utils:/home/drawmemaybe/DrawMeMaybe/ros2_ws/install/srdfdom:/home/drawmemaybe/DrawMeMaybe/ros2_ws/install/moveit_resources_prbt_support:/home/drawmemaybe/DrawMeMaybe/ros2_ws/install/moveit_resources_pr2_description:/home/drawmemaybe/DrawMeMaybe/ros2_ws/install/moveit_resources_panda_description:/home/drawmemaybe/DrawMeMaybe/ros2_ws/install/moveit_resources_fanuc_description:/home/drawmemaybe/DrawMeMaybe/ros2_ws/install/moveit_common:/home/drawmemaybe/DrawMeMaybe/ros2_ws/install/launch_param_builder:${AMENT_PREFIX_PATH} CMAKE_PREFIX_PATH=/home/drawmemaybe/DrawMeMaybe/ros2_ws/install/moveit_resources_prbt_pg70_support:/home/drawmemaybe/DrawMeMaybe/ros2_ws/install/moveit_ros_planning_interface:/home/drawmemaybe/DrawMeMaybe/ros2_ws/install/moveit_resources_prbt_moveit_config:/home/drawmemaybe/DrawMeMaybe/ros2_ws/install/moveit_ros_move_group:/home/drawmemaybe/DrawMeMaybe/ros2_ws/install/moveit_ros_warehouse:/home/drawmemaybe/DrawMeMaybe/ros2_ws/install/moveit_planners_ompl:/home/drawmemaybe/DrawMeMaybe/ros2_ws/install/moveit_kinematics:/home/drawmemaybe/DrawMeMaybe/ros2_ws/install/moveit_ros_planning:/home/drawmemaybe/DrawMeMaybe/ros2_ws/install/pilz_industrial_motion_planner_testutils:/home/drawmemaybe/DrawMeMaybe/ros2_ws/install/moveit_simple_controller_manager:/home/drawmemaybe/DrawMeMaybe/ros2_ws/install/moveit_ros_occupancy_map_monitor:/home/drawmemaybe/DrawMeMaybe/ros2_ws/install/moveit_resources_prbt_ikfast_manipulator_plugin:/home/drawmemaybe/DrawMeMaybe/ros2_ws/install/moveit_core:/home/drawmemaybe/DrawMeMaybe/ros2_ws/install/moveit_resources_panda_moveit_config:/home/drawmemaybe/DrawMeMaybe/ros2_ws/install/moveit_resources_fanuc_moveit_config:/home/drawmemaybe/DrawMeMaybe/ros2_ws/install/srdfdom:/home/drawmemaybe/DrawMeMaybe/ros2_ws/install/moveit_resources_prbt_support:/home/drawmemaybe/DrawMeMaybe/ros2_ws/install/moveit_resources_pr2_description:/home/drawmemaybe/DrawMeMaybe/ros2_ws/install/moveit_resources_panda_description:/home/drawmemaybe/DrawMeMaybe/ros2_ws/install/moveit_resources_fanuc_description:/home/drawmemaybe/DrawMeMaybe/ros2_ws/install/moveit_common:/opt/ros/humble LD_LIBRARY_PATH=/home/drawmemaybe/DrawMeMaybe/ros2_ws/install/moveit_ros_planning_interface/lib:/home/drawmemaybe/DrawMeMaybe/ros2_ws/install/moveit_ros_move_group/lib:/home/drawmemaybe/DrawMeMaybe/ros2_ws/install/moveit_ros_warehouse/lib:/home/drawmemaybe/DrawMeMaybe/ros2_ws/install/moveit_planners_ompl/lib:/home/drawmemaybe/DrawMeMaybe/ros2_ws/install/moveit_kinematics/lib:/home/drawmemaybe/DrawMeMaybe/ros2_ws/install/moveit_ros_planning/lib:/home/drawmemaybe/DrawMeMaybe/ros2_ws/install/pilz_industrial_motion_planner_testutils/lib:/home/drawmemaybe/DrawMeMaybe/ros2_ws/install/moveit_simple_controller_manager/lib:/home/drawmemaybe/DrawMeMaybe/ros2_ws/install/moveit_ros_occupancy_map_monitor/lib:/home/drawmemaybe/DrawMeMaybe/ros2_ws/install/moveit_resources_prbt_ikfast_manipulator_plugin/lib:/home/drawmemaybe/DrawMeMaybe/ros2_ws/install/moveit_core/lib:/home/drawmemaybe/DrawMeMaybe/ros2_ws/install/srdfdom/lib:${LD_LIBRARY_PATH} PATH=/home/drawmemaybe/DrawMeMaybe/ros2_ws/install/moveit_core/bin:${PATH} PYTHONPATH=/home/drawmemaybe/DrawMeMaybe/ros2_ws/install/moveit_configs_utils/lib/python3.10/site-packages:/home/drawmemaybe/DrawMeMaybe/ros2_ws/install/srdfdom/local/lib/python3.10/dist-packages:/home/drawmemaybe/DrawMeMaybe/ros2_ws/install/launch_param_builder/lib/python3.10/site-packages:${PYTHONPATH} /usr/bin/cmake /home/drawmemaybe/DrawMeMaybe/ros2_ws/src/moveit2/moveit_planners/pilz_industrial_motion_planner -DCMAKE_INSTALL_PREFIX=/home/drawmemaybe/DrawMeMaybe/ros2_ws/install/pilz_industrial_motion_planner
[0.041s] -- The C compiler identification is GNU 11.4.0
[0.063s] -- The CXX compiler identification is GNU 11.4.0
[0.066s] -- Detecting C compiler ABI info
[0.095s] -- Detecting C compiler ABI info - done
[0.098s] -- Check for working C compiler: /usr/bin/cc - skipped
[0.099s] -- Detecting C compile features
[0.099s] -- Detecting C compile features - done
[0.100s] -- Detecting CXX compiler ABI info
[0.133s] -- Detecting CXX compiler ABI info - done
[0.137s] -- Check for working CXX compiler: /usr/bin/c++ - skipped
[0.137s] -- Detecting CXX compile features
[0.137s] -- Detecting CXX compile features - done
[0.138s] -- Found moveit_common: 2.5.9 (/home/drawmemaybe/DrawMeMaybe/ros2_ws/install/moveit_common/share/moveit_common/cmake)
[0.139s] -- Found ament_cmake: 1.3.12 (/opt/ros/humble/share/ament_cmake/cmake)
[0.207s] -- Found Python3: /usr/bin/python3 (found version "3.10.12") found components: Interpreter 
[0.282s] [0mpilz_industrial_motion_planner: You did not request a specific build type: Choosing 'Release' for maximum performance[0m
[0.283s] -- Found eigen3_cmake_module: 0.1.1 (/opt/ros/humble/share/eigen3_cmake_module/cmake)
[0.287s] -- Found Eigen3: TRUE (found version "3.4.0") 
[0.288s] -- Found geometry_msgs: 4.9.0 (/opt/ros/humble/share/geometry_msgs/cmake)
[0.307s] -- Found rosidl_generator_c: 3.1.7 (/opt/ros/humble/share/rosidl_generator_c/cmake)
[0.310s] -- Found rosidl_adapter: 3.1.7 (/opt/ros/humble/share/rosidl_adapter/cmake)
[0.314s] -- Found rosidl_generator_cpp: 3.1.7 (/opt/ros/humble/share/rosidl_generator_cpp/cmake)
[0.319s] -- Using all available rosidl_typesupport_c: rosidl_typesupport_fastrtps_c;rosidl_typesupport_introspection_c
[0.327s] -- Using all available rosidl_typesupport_cpp: rosidl_typesupport_fastrtps_cpp;rosidl_typesupport_introspection_cpp
[0.343s] -- Found moveit_core: 2.5.9 (/home/drawmemaybe/DrawMeMaybe/ros2_ws/install/moveit_core/share/moveit_core/cmake)
[0.448s] -- Found Boost: /usr/lib/x86_64-linux-gnu/cmake/Boost-1.74.0/BoostConfig.cmake (found version "1.74.0") found components: chrono date_time filesystem iostreams program_options regex serialization system thread 
[0.471s] -- Found parameter_traits: 0.5.0 (/opt/ros/humble/share/parameter_traits/cmake)
[0.491s] -- Found rmw_implementation_cmake: 6.1.2 (/opt/ros/humble/share/rmw_implementation_cmake/cmake)
[0.493s] -- Found rmw_fastrtps_cpp: 6.2.9 (/opt/ros/humble/share/rmw_fastrtps_cpp/cmake)
[0.532s] -- Found OpenSSL: /usr/lib/x86_64-linux-gnu/libcrypto.so (found version "3.0.2")  
[0.543s] -- Found FastRTPS: /opt/ros/humble/include  
[0.562s] -- Using RMW implementation 'rmw_fastrtps_cpp' as default
[0.567s] -- Found Threads: TRUE  
[0.589s] -- Found rclcpp_lifecycle: 16.0.16 (/opt/ros/humble/share/rclcpp_lifecycle/cmake)
[0.600s] -- Found Boost: /usr/lib/x86_64-linux-gnu/cmake/Boost-1.74.0/BoostConfig.cmake (found version "1.74.0") found components: filesystem 
[0.639s] -- library: /usr/lib/x86_64-linux-gnu/libcurl.so
[0.668s] -- Ensuring Eigen3 include directory is part of orocos-kdl CMake target
[0.774s] -- Found moveit_ros_move_group: 2.5.9 (/home/drawmemaybe/DrawMeMaybe/ros2_ws/install/moveit_ros_move_group/share/moveit_ros_move_group/cmake)
[0.776s] -- Found Boost: /usr/lib/x86_64-linux-gnu/cmake/Boost-1.74.0/BoostConfig.cmake (found version "1.74.0") found components: system filesystem date_time program_options thread 
[0.791s] -- Found Boost: /usr/lib/x86_64-linux-gnu/cmake/Boost-1.74.0/BoostConfig.cmake (found version "1.74.0") found components: system filesystem date_time program_options thread chrono 
[0.797s] -- Found moveit_ros_planning_interface: 2.5.9 (/home/drawmemaybe/DrawMeMaybe/ros2_ws/install/moveit_ros_planning_interface/share/moveit_ros_planning_interface/cmake)
[0.799s] -- Found Boost: /usr/lib/x86_64-linux-gnu/cmake/Boost-1.74.0/BoostConfig.cmake (found version "1.74.0") found components: date_time filesystem program_options system thread 
[0.805s] -- Found Boost: /usr/lib/x86_64-linux-gnu/cmake/Boost-1.74.0/BoostConfig.cmake (found version "1.74.0") found components: thread system filesystem regex date_time program_options 
[0.817s] -- Found tf2_eigen_kdl: 0.25.17 (/opt/ros/humble/share/tf2_eigen_kdl/cmake)
[0.820s] -- Found Boost: /usr/lib/x86_64-linux-gnu/cmake/Boost-1.74.0/BoostConfig.cmake (found version "1.74.0")  
[0.864s] -- Found ament_cmake_gtest: 1.3.12 (/opt/ros/humble/share/ament_cmake_gtest/cmake)
[0.865s] -- Found ament_cmake_gmock: 1.3.12 (/opt/ros/humble/share/ament_cmake_gmock/cmake)
[0.866s] -- Found ros_testing: 0.4.0 (/opt/ros/humble/share/ros_testing/cmake)
[0.867s] -- Found launch_testing_ament_cmake: 1.0.13 (/opt/ros/humble/share/launch_testing_ament_cmake/cmake)
[0.868s] -- Found python_cmake_module: 0.10.0 (/opt/ros/humble/share/python_cmake_module/cmake)
[0.878s] -- Found PythonInterp: /usr/bin/python3 (found suitable version "3.10.12", minimum required is "3.6") 
[0.881s] -- Found PythonLibs: /usr/lib/x86_64-linux-gnu/libpython3.10.so (found suitable version "3.10.12", minimum required is "3.5") 
[0.881s] -- Using PYTHON_EXECUTABLE: /usr/bin/python3
[0.881s] -- Using PYTHON_INCLUDE_DIRS: /usr/include/python3.10
[0.881s] -- Using PYTHON_LIBRARIES: /usr/lib/x86_64-linux-gnu/libpython3.10.so
[0.890s] -- Found PythonExtra: .so  
[0.891s] -- Found moveit_resources_prbt_support: 2.5.9 (/home/drawmemaybe/DrawMeMaybe/ros2_ws/install/moveit_resources_prbt_support/share/moveit_resources_prbt_support/cmake)
[0.891s] -- Found moveit_resources_prbt_moveit_config: 2.5.9 (/home/drawmemaybe/DrawMeMaybe/ros2_ws/install/moveit_resources_prbt_moveit_config/share/moveit_resources_prbt_moveit_config/cmake)
[0.893s] -- Found Boost: /usr/lib/x86_64-linux-gnu/cmake/Boost-1.74.0/BoostConfig.cmake (found version "1.74.0") found components: thread 
[0.894s] -- Found pilz_industrial_motion_planner_testutils: 2.5.9 (/home/drawmemaybe/DrawMeMaybe/ros2_ws/install/pilz_industrial_motion_planner_testutils/share/pilz_industrial_motion_planner_testutils/cmake)
[0.904s] -- Found gtest sources under '/opt/ros/humble/src/gtest_vendor': C++ tests using 'Google Test' will be built
[0.922s] -- Found gmock sources under '/opt/ros/humble/src/gmock_vendor': C++ tests using 'Google Mock' will be built
[0.925s] -- Found ament_lint_auto: 0.12.14 (/opt/ros/humble/share/ament_lint_auto/cmake)
[0.947s] -- Found launch_testing_ament_cmake: 1.0.13 (/opt/ros/humble/share/launch_testing_ament_cmake/cmake)
[0.947s] -- Found python_cmake_module: 0.10.0 (/opt/ros/humble/share/python_cmake_module/cmake)
[0.958s] -- Using PYTHON_EXECUTABLE: /usr/bin/python3
[0.958s] -- Using PYTHON_INCLUDE_DIRS: /usr/include/python3.10
[0.958s] -- Using PYTHON_LIBRARIES: /usr/lib/x86_64-linux-gnu/libpython3.10.so
[0.962s] -- Added test 'cppcheck' to perform static code analysis on C / C++ code
[0.963s] -- Configured cppcheck include dirs: /home/drawmemaybe/DrawMeMaybe/ros2_ws/src/moveit2/moveit_planners/pilz_industrial_motion_planner/include
[0.963s] -- Configured cppcheck exclude dirs and/or files: 
[0.963s] -- Added test 'pep257' to check Python code against some of the docstring style conventions in PEP 257
[0.964s] -- Added test 'xmllint' to check XML markup files
[0.965s] -- Configuring done
[1.144s] -- Generating done
[1.198s] -- Build files have been written to: /home/drawmemaybe/DrawMeMaybe/ros2_ws/build/pilz_industrial_motion_planner
[1.221s] Invoked command in '/home/drawmemaybe/DrawMeMaybe/ros2_ws/build/pilz_industrial_motion_planner' returned '0': AMENT_PREFIX_PATH=/home/drawmemaybe/DrawMeMaybe/ros2_ws/install/moveit_resources_prbt_pg70_support:/home/drawmemaybe/DrawMeMaybe/ros2_ws/install/moveit_ros_planning_interface:/home/drawmemaybe/DrawMeMaybe/ros2_ws/install/moveit_resources_prbt_moveit_config:/home/drawmemaybe/DrawMeMaybe/ros2_ws/install/moveit_ros_move_group:/home/drawmemaybe/DrawMeMaybe/ros2_ws/install/moveit_ros_warehouse:/home/drawmemaybe/DrawMeMaybe/ros2_ws/install/moveit_planners_ompl:/home/drawmemaybe/DrawMeMaybe/ros2_ws/install/moveit_kinematics:/home/drawmemaybe/DrawMeMaybe/ros2_ws/install/moveit_ros_planning:/home/drawmemaybe/DrawMeMaybe/ros2_ws/install/pilz_industrial_motion_planner_testutils:/home/drawmemaybe/DrawMeMaybe/ros2_ws/install/moveit_simple_controller_manager:/home/drawmemaybe/DrawMeMaybe/ros2_ws/install/moveit_ros_occupancy_map_monitor:/home/drawmemaybe/DrawMeMaybe/ros2_ws/install/moveit_resources_prbt_ikfast_manipulator_plugin:/home/drawmemaybe/DrawMeMaybe/ros2_ws/install/moveit_core:/home/drawmemaybe/DrawMeMaybe/ros2_ws/install/moveit_resources_panda_moveit_config:/home/drawmemaybe/DrawMeMaybe/ros2_ws/install/moveit_resources_fanuc_moveit_config:/home/drawmemaybe/DrawMeMaybe/ros2_ws/install/moveit_configs_utils:/home/drawmemaybe/DrawMeMaybe/ros2_ws/install/srdfdom:/home/drawmemaybe/DrawMeMaybe/ros2_ws/install/moveit_resources_prbt_support:/home/drawmemaybe/DrawMeMaybe/ros2_ws/install/moveit_resources_pr2_description:/home/drawmemaybe/DrawMeMaybe/ros2_ws/install/moveit_resources_panda_description:/home/drawmemaybe/DrawMeMaybe/ros2_ws/install/moveit_resources_fanuc_description:/home/drawmemaybe/DrawMeMaybe/ros2_ws/install/moveit_common:/home/drawmemaybe/DrawMeMaybe/ros2_ws/install/launch_param_builder:${AMENT_PREFIX_PATH} CMAKE_PREFIX_PATH=/home/drawmemaybe/DrawMeMaybe/ros2_ws/install/moveit_resources_prbt_pg70_support:/home/drawmemaybe/DrawMeMaybe/ros2_ws/install/moveit_ros_planning_interface:/home/drawmemaybe/DrawMeMaybe/ros2_ws/install/moveit_resources_prbt_moveit_config:/home/drawmemaybe/DrawMeMaybe/ros2_ws/install/moveit_ros_move_group:/home/drawmemaybe/DrawMeMaybe/ros2_ws/install/moveit_ros_warehouse:/home/drawmemaybe/DrawMeMaybe/ros2_ws/install/moveit_planners_ompl:/home/drawmemaybe/DrawMeMaybe/ros2_ws/install/moveit_kinematics:/home/drawmemaybe/DrawMeMaybe/ros2_ws/install/moveit_ros_planning:/home/drawmemaybe/DrawMeMaybe/ros2_ws/install/pilz_industrial_motion_planner_testutils:/home/drawmemaybe/DrawMeMaybe/ros2_ws/install/moveit_simple_controller_manager:/home/drawmemaybe/DrawMeMaybe/ros2_ws/install/moveit_ros_occupancy_map_monitor:/home/drawmemaybe/DrawMeMaybe/ros2_ws/install/moveit_resources_prbt_ikfast_manipulator_plugin:/home/drawmemaybe/DrawMeMaybe/ros2_ws/install/moveit_core:/home/drawmemaybe/DrawMeMaybe/ros2_ws/install/moveit_resources_panda_moveit_config:/home/drawmemaybe/DrawMeMaybe/ros2_ws/install/moveit_resources_fanuc_moveit_config:/home/drawmemaybe/DrawMeMaybe/ros2_ws/install/srdfdom:/home/drawmemaybe/DrawMeMaybe/ros2_ws/install/moveit_resources_prbt_support:/home/drawmemaybe/DrawMeMaybe/ros2_ws/install/moveit_resources_pr2_description:/home/drawmemaybe/DrawMeMaybe/ros2_ws/install/moveit_resources_panda_description:/home/drawmemaybe/DrawMeMaybe/ros2_ws/install/moveit_resources_fanuc_description:/home/drawmemaybe/DrawMeMaybe/ros2_ws/install/moveit_common:/opt/ros/humble LD_LIBRARY_PATH=/home/drawmemaybe/DrawMeMaybe/ros2_ws/install/moveit_ros_planning_interface/lib:/home/drawmemaybe/DrawMeMaybe/ros2_ws/install/moveit_ros_move_group/lib:/home/drawmemaybe/DrawMeMaybe/ros2_ws/install/moveit_ros_warehouse/lib:/home/drawmemaybe/DrawMeMaybe/ros2_ws/install/moveit_planners_ompl/lib:/home/drawmemaybe/DrawMeMaybe/ros2_ws/install/moveit_kinematics/lib:/home/drawmemaybe/DrawMeMaybe/ros2_ws/install/moveit_ros_planning/lib:/home/drawmemaybe/DrawMeMaybe/ros2_ws/install/pilz_industrial_motion_planner_testutils/lib:/home/drawmemaybe/DrawMeMaybe/ros2_ws/install/moveit_simple_controller_manager/lib:/home/drawmemaybe/DrawMeMaybe/ros2_ws/install/moveit_ros_occupancy_map_monitor/lib:/home/drawmemaybe/DrawMeMaybe/ros2_ws/install/moveit_resources_prbt_ikfast_manipulator_plugin/lib:/home/drawmemaybe/DrawMeMaybe/ros2_ws/install/moveit_core/lib:/home/drawmemaybe/DrawMeMaybe/ros2_ws/install/srdfdom/lib:${LD_LIBRARY_PATH} PATH=/home/drawmemaybe/DrawMeMaybe/ros2_ws/install/moveit_core/bin:${PATH} PYTHONPATH=/home/drawmemaybe/DrawMeMaybe/ros2_ws/install/moveit_configs_utils/lib/python3.10/site-packages:/home/drawmemaybe/DrawMeMaybe/ros2_ws/install/srdfdom/local/lib/python3.10/dist-packages:/home/drawmemaybe/DrawMeMaybe/ros2_ws/install/launch_param_builder/lib/python3.10/site-packages:${PYTHONPATH} /usr/bin/cmake /home/drawmemaybe/DrawMeMaybe/ros2_ws/src/moveit2/moveit_planners/pilz_industrial_motion_planner -DCMAKE_INSTALL_PREFIX=/home/drawmemaybe/DrawMeMaybe/ros2_ws/install/pilz_industrial_motion_planner
[1.222s] Invoking command in '/home/drawmemaybe/DrawMeMaybe/ros2_ws/build/pilz_industrial_motion_planner': AMENT_PREFIX_PATH=/home/drawmemaybe/DrawMeMaybe/ros2_ws/install/moveit_resources_prbt_pg70_support:/home/drawmemaybe/DrawMeMaybe/ros2_ws/install/moveit_ros_planning_interface:/home/drawmemaybe/DrawMeMaybe/ros2_ws/install/moveit_resources_prbt_moveit_config:/home/drawmemaybe/DrawMeMaybe/ros2_ws/install/moveit_ros_move_group:/home/drawmemaybe/DrawMeMaybe/ros2_ws/install/moveit_ros_warehouse:/home/drawmemaybe/DrawMeMaybe/ros2_ws/install/moveit_planners_ompl:/home/drawmemaybe/DrawMeMaybe/ros2_ws/install/moveit_kinematics:/home/drawmemaybe/DrawMeMaybe/ros2_ws/install/moveit_ros_planning:/home/drawmemaybe/DrawMeMaybe/ros2_ws/install/pilz_industrial_motion_planner_testutils:/home/drawmemaybe/DrawMeMaybe/ros2_ws/install/moveit_simple_controller_manager:/home/drawmemaybe/DrawMeMaybe/ros2_ws/install/moveit_ros_occupancy_map_monitor:/home/drawmemaybe/DrawMeMaybe/ros2_ws/install/moveit_resources_prbt_ikfast_manipulator_plugin:/home/drawmemaybe/DrawMeMaybe/ros2_ws/install/moveit_core:/home/drawmemaybe/DrawMeMaybe/ros2_ws/install/moveit_resources_panda_moveit_config:/home/drawmemaybe/DrawMeMaybe/ros2_ws/install/moveit_resources_fanuc_moveit_config:/home/drawmemaybe/DrawMeMaybe/ros2_ws/install/moveit_configs_utils:/home/drawmemaybe/DrawMeMaybe/ros2_ws/install/srdfdom:/home/drawmemaybe/DrawMeMaybe/ros2_ws/install/moveit_resources_prbt_support:/home/drawmemaybe/DrawMeMaybe/ros2_ws/install/moveit_resources_pr2_description:/home/drawmemaybe/DrawMeMaybe/ros2_ws/install/moveit_resources_panda_description:/home/drawmemaybe/DrawMeMaybe/ros2_ws/install/moveit_resources_fanuc_description:/home/drawmemaybe/DrawMeMaybe/ros2_ws/install/moveit_common:/home/drawmemaybe/DrawMeMaybe/ros2_ws/install/launch_param_builder:${AMENT_PREFIX_PATH} CMAKE_PREFIX_PATH=/home/drawmemaybe/DrawMeMaybe/ros2_ws/install/moveit_resources_prbt_pg70_support:/home/drawmemaybe/DrawMeMaybe/ros2_ws/install/moveit_ros_planning_interface:/home/drawmemaybe/DrawMeMaybe/ros2_ws/install/moveit_resources_prbt_moveit_config:/home/drawmemaybe/DrawMeMaybe/ros2_ws/install/moveit_ros_move_group:/home/drawmemaybe/DrawMeMaybe/ros2_ws/install/moveit_ros_warehouse:/home/drawmemaybe/DrawMeMaybe/ros2_ws/install/moveit_planners_ompl:/home/drawmemaybe/DrawMeMaybe/ros2_ws/install/moveit_kinematics:/home/drawmemaybe/DrawMeMaybe/ros2_ws/install/moveit_ros_planning:/home/drawmemaybe/DrawMeMaybe/ros2_ws/install/pilz_industrial_motion_planner_testutils:/home/drawmemaybe/DrawMeMaybe/ros2_ws/install/moveit_simple_controller_manager:/home/drawmemaybe/DrawMeMaybe/ros2_ws/install/moveit_ros_occupancy_map_monitor:/home/drawmemaybe/DrawMeMaybe/ros2_ws/install/moveit_resources_prbt_ikfast_manipulator_plugin:/home/drawmemaybe/DrawMeMaybe/ros2_ws/install/moveit_core:/home/drawmemaybe/DrawMeMaybe/ros2_ws/install/moveit_resources_panda_moveit_config:/home/drawmemaybe/DrawMeMaybe/ros2_ws/install/moveit_resources_fanuc_moveit_config:/home/drawmemaybe/DrawMeMaybe/ros2_ws/install/srdfdom:/home/drawmemaybe/DrawMeMaybe/ros2_ws/install/moveit_resources_prbt_support:/home/drawmemaybe/DrawMeMaybe/ros2_ws/install/moveit_resources_pr2_description:/home/drawmemaybe/DrawMeMaybe/ros2_ws/install/moveit_resources_panda_description:/home/drawmemaybe/DrawMeMaybe/ros2_ws/install/moveit_resources_fanuc_description:/home/drawmemaybe/DrawMeMaybe/ros2_ws/install/moveit_common:/opt/ros/humble LD_LIBRARY_PATH=/home/drawmemaybe/DrawMeMaybe/ros2_ws/install/moveit_ros_planning_interface/lib:/home/drawmemaybe/DrawMeMaybe/ros2_ws/install/moveit_ros_move_group/lib:/home/drawmemaybe/DrawMeMaybe/ros2_ws/install/moveit_ros_warehouse/lib:/home/drawmemaybe/DrawMeMaybe/ros2_ws/install/moveit_planners_ompl/lib:/home/drawmemaybe/DrawMeMaybe/ros2_ws/install/moveit_kinematics/lib:/home/drawmemaybe/DrawMeMaybe/ros2_ws/install/moveit_ros_planning/lib:/home/drawmemaybe/DrawMeMaybe/ros2_ws/install/pilz_industrial_motion_planner_testutils/lib:/home/drawmemaybe/DrawMeMaybe/ros2_ws/install/moveit_simple_controller_manager/lib:/home/drawmemaybe/DrawMeMaybe/ros2_ws/install/moveit_ros_occupancy_map_monitor/lib:/home/drawmemaybe/DrawMeMaybe/ros2_ws/install/moveit_resources_prbt_ikfast_manipulator_plugin/lib:/home/drawmemaybe/DrawMeMaybe/ros2_ws/install/moveit_core/lib:/home/drawmemaybe/DrawMeMaybe/ros2_ws/install/srdfdom/lib:${LD_LIBRARY_PATH} PATH=/home/drawmemaybe/DrawMeMaybe/ros2_ws/install/moveit_core/bin:${PATH} PYTHONPATH=/home/drawmemaybe/DrawMeMaybe/ros2_ws/install/moveit_configs_utils/lib/python3.10/site-packages:/home/drawmemaybe/DrawMeMaybe/ros2_ws/install/srdfdom/local/lib/python3.10/dist-packages:/home/drawmemaybe/DrawMeMaybe/ros2_ws/install/launch_param_builder/lib/python3.10/site-packages:${PYTHONPATH} /usr/bin/cmake --build /home/drawmemaybe/DrawMeMaybe/ros2_ws/build/pilz_industrial_motion_planner -- -j24 -l24
[1.263s] [  1%] [32mBuilding CXX object gmock/CMakeFiles/gmock_main.dir/src/gmock_main.cc.o[0m
[1.263s] [  2%] [32mBuilding CXX object CMakeFiles/trajectory_generation_common.dir/src/trajectory_functions.cpp.o[0m
[1.263s] [  6%] [32mBuilding CXX object gtest/CMakeFiles/gtest_main.dir/src/gtest_main.cc.o[0m
[1.263s] [  6%] [32mBuilding CXX object CMakeFiles/trajectory_generation_common.dir/src/trajectory_generator.cpp.o[0m
[1.263s] [  6%] [32mBuilding CXX object CMakeFiles/joint_limits_common.dir/src/joint_limits_aggregator.cpp.o[0m
[1.263s] [  7%] [32mBuilding CXX object gmock/CMakeFiles/gmock.dir/src/gmock-all.cc.o[0m
[1.263s] [  8%] [32mBuilding CXX object gmock/CMakeFiles/gmock.dir/opt/ros/humble/src/gtest_vendor/src/gtest-all.cc.o[0m
[1.263s] [  9%] [32mBuilding CXX object CMakeFiles/joint_limits_common.dir/src/joint_limits_container.cpp.o[0m
[1.264s] [ 10%] [32mBuilding CXX object CMakeFiles/trajectory_generation_common.dir/src/trajectory_blender_transition_window.cpp.o[0m
[1.264s] [ 12%] [32mBuilding CXX object CMakeFiles/joint_limits_common.dir/src/joint_limits_validator.cpp.o[0m
[1.265s] [ 13%] [32mBuilding CXX object CMakeFiles/planning_context_loader_base.dir/src/planning_context_loader.cpp.o[0m
[1.265s] [ 14%] [32mBuilding CXX object gtest/CMakeFiles/gtest.dir/src/gtest-all.cc.o[0m
[1.266s] [ 15%] [32mBuilding CXX object CMakeFiles/joint_limits_common.dir/src/cartesian_limit.cpp.o[0m
[1.269s] [ 16%] [32mBuilding CXX object CMakeFiles/joint_limits_common.dir/src/cartesian_limits_aggregator.cpp.o[0m
[1.288s] [ 18%] [32mBuilding CXX object CMakeFiles/joint_limits_common.dir/src/limits_container.cpp.o[0m
[1.987s] [ 19%] [32m[1mLinking CXX static library libgtest_main.a[0m
[2.042s] [ 19%] Built target gtest_main
[2.101s] [ 20%] [32m[1mLinking CXX static library libgmock_main.a[0m
[2.138s] [ 20%] Built target gmock_main
[7.829s] [ 21%] [32m[1mLinking CXX shared library libplanning_context_loader_base.so[0m
[8.302s] [ 22%] [32m[1mLinking CXX static library libgtest.a[0m
[8.329s] [ 24%] [32m[1mLinking CXX static library libgmock.a[0m
[8.374s] [ 24%] Built target gtest
[8.399s] [ 24%] Built target gmock
[9.497s] [ 25%] [32m[1mLinking CXX shared library libjoint_limits_common.so[0m
[11.243s] [ 25%] Built target joint_limits_common
[11.280s] [ 26%] [32mBuilding CXX object test/unit_tests/CMakeFiles/unittest_joint_limit.dir/src/unittest_joint_limit.cpp.o[0m
[11.294s] [ 27%] [32mBuilding CXX object test/unit_tests/CMakeFiles/unittest_joint_limits_aggregator.dir/src/unittest_joint_limits_aggregator.cpp.o[0m
[11.294s] [ 28%] [32mBuilding CXX object test/unit_tests/CMakeFiles/unittest_joint_limits_validator.dir/src/unittest_joint_limits_validator.cpp.o[0m
[11.294s] [ 30%] [32mBuilding CXX object test/unit_tests/CMakeFiles/unittest_joint_limits_container.dir/src/unittest_joint_limits_container.cpp.o[0m
[11.301s] [ 31%] [32mBuilding CXX object test/unit_tests/CMakeFiles/unittest_cartesian_limits_aggregator.dir/src/unittest_cartesian_limits_aggregator.cpp.o[0m
[12.813s] [ 32%] [32m[1mLinking CXX executable unittest_joint_limits_container[0m
[13.055s] [ 32%] Built target unittest_joint_limits_container
[13.353s] [ 33%] [32m[1mLinking CXX executable unittest_joint_limits_validator[0m
[13.609s] [ 33%] Built target unittest_joint_limits_validator
[13.880s] [ 34%] [32m[1mLinking CXX shared library libtrajectory_generation_common.so[0m
[14.112s] [ 34%] Built target trajectory_generation_common
[14.179s] [ 36%] [32mBuilding CXX object CMakeFiles/command_list_manager.dir/src/plan_components_builder.cpp.o[0m
[14.181s] [ 38%] [32mBuilding CXX object CMakeFiles/command_list_manager.dir/src/command_list_manager.cpp.o[0m
[14.182s] [ 38%] [32mBuilding CXX object test/CMakeFiles/pilz_industrial_motion_planner_test_utils.dir/test_utils.cpp.o[0m
[15.150s] [ 39%] [32m[1mLinking CXX executable unittest_cartesian_limits_aggregator[0m
[15.407s] [ 39%] Built target unittest_cartesian_limits_aggregator
[16.538s] [ 40%] [32m[1mLinking CXX executable unittest_joint_limit[0m
[16.809s] [ 40%] Built target unittest_joint_limit
[19.598s] [ 42%] [32m[1mLinking CXX executable unittest_joint_limits_aggregator[0m
[19.835s] [ 42%] Built target unittest_joint_limits_aggregator
[19.975s] [ 42%] Built target planning_context_loader_base
[19.992s] [ 49%] [32mBuilding CXX object CMakeFiles/planning_context_loader_ptp.dir/src/velocity_profile_atrap.cpp.o[0m
[19.992s] [ 49%] [32mBuilding CXX object CMakeFiles/planning_context_loader_ptp.dir/src/planning_context_loader_ptp.cpp.o[0m
[19.992s] [ 49%] [32mBuilding CXX object CMakeFiles/planning_context_loader_lin.dir/src/trajectory_generator_lin.cpp.o[0m
[19.992s] [ 49%] [32mBuilding CXX object CMakeFiles/pilz_industrial_motion_planner.dir/src/pilz_industrial_motion_planner.cpp.o[0m
[19.992s] [ 49%] [32mBuilding CXX object CMakeFiles/planning_context_loader_ptp.dir/src/trajectory_generator_ptp.cpp.o[0m
[19.993s] [ 54%] [32mBuilding CXX object CMakeFiles/planning_context_loader_lin.dir/src/velocity_profile_atrap.cpp.o[0m
[19.993s] [ 54%] [32mBuilding CXX object CMakeFiles/planning_context_loader_circ.dir/src/trajectory_generator_circ.cpp.o[0m
[19.993s] [ 54%] [32mBuilding CXX object CMakeFiles/planning_context_loader_circ.dir/src/planning_context_loader_circ.cpp.o[0m
[19.993s] [ 54%] [32mBuilding CXX object CMakeFiles/planning_context_loader_circ.dir/src/path_circle_generator.cpp.o[0m
[19.993s] [ 49%] [32mBuilding CXX object CMakeFiles/planning_context_loader_lin.dir/src/planning_context_loader_lin.cpp.o[0m
[22.047s] [ 55%] [32m[1mLinking CXX shared library libcommand_list_manager.so[0m
[22.193s] [ 55%] Built target command_list_manager
[22.210s] [ 57%] [32mBuilding CXX object CMakeFiles/sequence_capability.dir/src/move_group_sequence_service.cpp.o[0m
[22.210s] [ 57%] [32mBuilding CXX object CMakeFiles/sequence_capability.dir/src/move_group_sequence_action.cpp.o[0m
[25.379s] [ 59%] [32m[1mLinking CXX static library libpilz_industrial_motion_planner_test_utils.a[0m
[25.407s] [ 59%] Built target pilz_industrial_motion_planner_test_utils
[25.424s] [ 60%] [32mBuilding CXX object test/unit_tests/CMakeFiles/unittest_trajectory_functions.dir/src/unittest_trajectory_functions.cpp.o[0m
[25.917s] [ 61%] [32m[1mLinking CXX shared library libplanning_context_loader_lin.so[0m
[25.975s] [ 62%] [32m[1mLinking CXX shared library libplanning_context_loader_circ.so[0m
[26.024s] [ 62%] Built target planning_context_loader_lin
[26.039s] [ 66%] [32mBuilding CXX object test/unit_tests/CMakeFiles/unittest_trajectory_generator_lin.dir/src/unittest_trajectory_generator_lin.cpp.o[0m
[26.039s] [ 66%] [32mBuilding CXX object test/unit_tests/CMakeFiles/unittest_trajectory_blender_transition_window.dir/__/__/src/trajectory_blender_transition_window.cpp.o[0m
[26.040s] [ 66%] [32mBuilding CXX object test/unit_tests/CMakeFiles/unittest_trajectory_blender_transition_window.dir/src/unittest_trajectory_blender_transition_window.cpp.o[0m
[26.126s] [ 66%] Built target planning_context_loader_circ
[26.144s] [ 67%] [32mBuilding CXX object test/unit_tests/CMakeFiles/unittest_trajectory_generator_circ.dir/src/unittest_trajectory_generator_circ.cpp.o[0m
[26.292s] [ 68%] [32m[1mLinking CXX shared library libplanning_context_loader_ptp.so[0m
[26.401s] [ 68%] Built target planning_context_loader_ptp
[26.414s] [ 69%] [32mBuilding CXX object test/unit_tests/CMakeFiles/unittest_trajectory_generator_common.dir/src/unittest_trajectory_generator_common.cpp.o[0m
[26.416s] [ 71%] [32mBuilding CXX object test/unit_tests/CMakeFiles/unittest_trajectory_generator_ptp.dir/src/unittest_trajectory_generator_ptp.cpp.o[0m
[28.715s] [ 72%] [32m[1mLinking CXX shared library libpilz_industrial_motion_planner.so[0m
[28.870s] [ 72%] Built target pilz_industrial_motion_planner
[28.888s] [ 77%] [32mBuilding CXX object test/unit_tests/CMakeFiles/unittest_pilz_industrial_motion_planner_direct.dir/src/unittest_pilz_industrial_motion_planner_direct.cpp.o[0m
[28.888s] [ 77%] [32mBuilding CXX object test/unit_tests/CMakeFiles/unittest_trajectory_generator.dir/__/__/src/trajectory_generator.cpp.o[0m
[28.890s] [ 77%] [32mBuilding CXX object test/unit_tests/CMakeFiles/unittest_velocity_profile_atrap.dir/__/__/src/velocity_profile_atrap.cpp.o[0m
[28.890s] [ 78%] [32mBuilding CXX object test/unit_tests/CMakeFiles/unittest_trajectory_generator.dir/src/unittest_trajectory_generator.cpp.o[0m
[28.890s] [ 79%] [32mBuilding CXX object test/unit_tests/CMakeFiles/unittest_velocity_profile_atrap.dir/src/unittest_velocity_profile_atrap.cpp.o[0m
[28.890s] [ 77%] [32mBuilding CXX object test/unit_tests/CMakeFiles/unittest_planning_context.dir/src/unittest_planning_context.cpp.o[0m
[28.890s] [ 80%] [32mBuilding CXX object test/unit_tests/CMakeFiles/unittest_pilz_industrial_motion_planner.dir/src/unittest_pilz_industrial_motion_planner.cpp.o[0m
[28.891s] [ 81%] [32mBuilding CXX object test/unit_tests/CMakeFiles/unittest_get_solver_tip_frame.dir/src/unittest_get_solver_tip_frame.cpp.o[0m
[28.892s] [ 83%] [32mBuilding CXX object test/unit_tests/CMakeFiles/unittest_planning_context_loaders.dir/src/unittest_planning_context_loaders.cpp.o[0m
[31.435s] [ 84%] [32m[1mLinking CXX executable unittest_velocity_profile_atrap[0m
[31.607s] [ 85%] [32m[1mLinking CXX shared library libsequence_capability.so[0m
[31.975s] [ 85%] Built target sequence_capability
[33.552s] [ 85%] Built target unittest_velocity_profile_atrap
[33.978s] [ 86%] [32m[1mLinking CXX executable unittest_get_solver_tip_frame[0m
[35.045s] [ 87%] [32m[1mLinking CXX executable unittest_trajectory_functions[0m
[35.216s] [ 89%] [32m[1mLinking CXX executable unittest_trajectory_generator_lin[0m
[35.221s] [ 89%] Built target unittest_trajectory_functions
[35.399s] [ 89%] Built target unittest_trajectory_generator_lin
[35.600s] [ 90%] [32m[1mLinking CXX executable unittest_trajectory_generator_circ[0m
[35.783s] [ 90%] Built target unittest_trajectory_generator_circ
[35.888s] [ 91%] [32m[1mLinking CXX executable unittest_trajectory_blender_transition_window[0m
[36.181s] [ 91%] Built target unittest_trajectory_blender_transition_window
[36.244s] [ 91%] Built target unittest_get_solver_tip_frame
[36.255s] [ 92%] [32m[1mLinking CXX executable unittest_trajectory_generator[0m
[36.413s] [ 92%] Built target unittest_trajectory_generator
[36.741s] [ 93%] [32m[1mLinking CXX executable unittest_trajectory_generator_ptp[0m
[36.903s] [ 93%] Built target unittest_trajectory_generator_ptp
[37.373s] [ 95%] [32m[1mLinking CXX executable unittest_trajectory_generator_common[0m
[37.549s] [ 95%] Built target unittest_trajectory_generator_common
[37.828s] [ 96%] [32m[1mLinking CXX executable unittest_pilz_industrial_motion_planner_direct[0m
[37.959s] [ 96%] Built target unittest_pilz_industrial_motion_planner_direct
[38.484s] [ 97%] [32m[1mLinking CXX executable unittest_planning_context[0m
[38.642s] [ 97%] Built target unittest_planning_context
[38.932s] [ 98%] [32m[1mLinking CXX executable unittest_planning_context_loaders[0m
[38.999s] [100%] [32m[1mLinking CXX executable unittest_pilz_industrial_motion_planner[0m
[39.094s] [100%] Built target unittest_planning_context_loaders
[39.135s] [100%] Built target unittest_pilz_industrial_motion_planner
[39.176s] Invoked command in '/home/drawmemaybe/DrawMeMaybe/ros2_ws/build/pilz_industrial_motion_planner' returned '0': AMENT_PREFIX_PATH=/home/drawmemaybe/DrawMeMaybe/ros2_ws/install/moveit_resources_prbt_pg70_support:/home/drawmemaybe/DrawMeMaybe/ros2_ws/install/moveit_ros_planning_interface:/home/drawmemaybe/DrawMeMaybe/ros2_ws/install/moveit_resources_prbt_moveit_config:/home/drawmemaybe/DrawMeMaybe/ros2_ws/install/moveit_ros_move_group:/home/drawmemaybe/DrawMeMaybe/ros2_ws/install/moveit_ros_warehouse:/home/drawmemaybe/DrawMeMaybe/ros2_ws/install/moveit_planners_ompl:/home/drawmemaybe/DrawMeMaybe/ros2_ws/install/moveit_kinematics:/home/drawmemaybe/DrawMeMaybe/ros2_ws/install/moveit_ros_planning:/home/drawmemaybe/DrawMeMaybe/ros2_ws/install/pilz_industrial_motion_planner_testutils:/home/drawmemaybe/DrawMeMaybe/ros2_ws/install/moveit_simple_controller_manager:/home/drawmemaybe/DrawMeMaybe/ros2_ws/install/moveit_ros_occupancy_map_monitor:/home/drawmemaybe/DrawMeMaybe/ros2_ws/install/moveit_resources_prbt_ikfast_manipulator_plugin:/home/drawmemaybe/DrawMeMaybe/ros2_ws/install/moveit_core:/home/drawmemaybe/DrawMeMaybe/ros2_ws/install/moveit_resources_panda_moveit_config:/home/drawmemaybe/DrawMeMaybe/ros2_ws/install/moveit_resources_fanuc_moveit_config:/home/drawmemaybe/DrawMeMaybe/ros2_ws/install/moveit_configs_utils:/home/drawmemaybe/DrawMeMaybe/ros2_ws/install/srdfdom:/home/drawmemaybe/DrawMeMaybe/ros2_ws/install/moveit_resources_prbt_support:/home/drawmemaybe/DrawMeMaybe/ros2_ws/install/moveit_resources_pr2_description:/home/drawmemaybe/DrawMeMaybe/ros2_ws/install/moveit_resources_panda_description:/home/drawmemaybe/DrawMeMaybe/ros2_ws/install/moveit_resources_fanuc_description:/home/drawmemaybe/DrawMeMaybe/ros2_ws/install/moveit_common:/home/drawmemaybe/DrawMeMaybe/ros2_ws/install/launch_param_builder:${AMENT_PREFIX_PATH} CMAKE_PREFIX_PATH=/home/drawmemaybe/DrawMeMaybe/ros2_ws/install/moveit_resources_prbt_pg70_support:/home/drawmemaybe/DrawMeMaybe/ros2_ws/install/moveit_ros_planning_interface:/home/drawmemaybe/DrawMeMaybe/ros2_ws/install/moveit_resources_prbt_moveit_config:/home/drawmemaybe/DrawMeMaybe/ros2_ws/install/moveit_ros_move_group:/home/drawmemaybe/DrawMeMaybe/ros2_ws/install/moveit_ros_warehouse:/home/drawmemaybe/DrawMeMaybe/ros2_ws/install/moveit_planners_ompl:/home/drawmemaybe/DrawMeMaybe/ros2_ws/install/moveit_kinematics:/home/drawmemaybe/DrawMeMaybe/ros2_ws/install/moveit_ros_planning:/home/drawmemaybe/DrawMeMaybe/ros2_ws/install/pilz_industrial_motion_planner_testutils:/home/drawmemaybe/DrawMeMaybe/ros2_ws/install/moveit_simple_controller_manager:/home/drawmemaybe/DrawMeMaybe/ros2_ws/install/moveit_ros_occupancy_map_monitor:/home/drawmemaybe/DrawMeMaybe/ros2_ws/install/moveit_resources_prbt_ikfast_manipulator_plugin:/home/drawmemaybe/DrawMeMaybe/ros2_ws/install/moveit_core:/home/drawmemaybe/DrawMeMaybe/ros2_ws/install/moveit_resources_panda_moveit_config:/home/drawmemaybe/DrawMeMaybe/ros2_ws/install/moveit_resources_fanuc_moveit_config:/home/drawmemaybe/DrawMeMaybe/ros2_ws/install/srdfdom:/home/drawmemaybe/DrawMeMaybe/ros2_ws/install/moveit_resources_prbt_support:/home/drawmemaybe/DrawMeMaybe/ros2_ws/install/moveit_resources_pr2_description:/home/drawmemaybe/DrawMeMaybe/ros2_ws/install/moveit_resources_panda_description:/home/drawmemaybe/DrawMeMaybe/ros2_ws/install/moveit_resources_fanuc_description:/home/drawmemaybe/DrawMeMaybe/ros2_ws/install/moveit_common:/opt/ros/humble LD_LIBRARY_PATH=/home/drawmemaybe/DrawMeMaybe/ros2_ws/install/moveit_ros_planning_interface/lib:/home/drawmemaybe/DrawMeMaybe/ros2_ws/install/moveit_ros_move_group/lib:/home/drawmemaybe/DrawMeMaybe/ros2_ws/install/moveit_ros_warehouse/lib:/home/drawmemaybe/DrawMeMaybe/ros2_ws/install/moveit_planners_ompl/lib:/home/drawmemaybe/DrawMeMaybe/ros2_ws/install/moveit_kinematics/lib:/home/drawmemaybe/DrawMeMaybe/ros2_ws/install/moveit_ros_planning/lib:/home/drawmemaybe/DrawMeMaybe/ros2_ws/install/pilz_industrial_motion_planner_testutils/lib:/home/drawmemaybe/DrawMeMaybe/ros2_ws/install/moveit_simple_controller_manager/lib:/home/drawmemaybe/DrawMeMaybe/ros2_ws/install/moveit_ros_occupancy_map_monitor/lib:/home/drawmemaybe/DrawMeMaybe/ros2_ws/install/moveit_resources_prbt_ikfast_manipulator_plugin/lib:/home/drawmemaybe/DrawMeMaybe/ros2_ws/install/moveit_core/lib:/home/drawmemaybe/DrawMeMaybe/ros2_ws/install/srdfdom/lib:${LD_LIBRARY_PATH} PATH=/home/drawmemaybe/DrawMeMaybe/ros2_ws/install/moveit_core/bin:${PATH} PYTHONPATH=/home/drawmemaybe/DrawMeMaybe/ros2_ws/install/moveit_configs_utils/lib/python3.10/site-packages:/home/drawmemaybe/DrawMeMaybe/ros2_ws/install/srdfdom/local/lib/python3.10/dist-packages:/home/drawmemaybe/DrawMeMaybe/ros2_ws/install/launch_param_builder/lib/python3.10/site-packages:${PYTHONPATH} /usr/bin/cmake --build /home/drawmemaybe/DrawMeMaybe/ros2_ws/build/pilz_industrial_motion_planner -- -j24 -l24
[39.177s] Invoking command in '/home/drawmemaybe/DrawMeMaybe/ros2_ws/build/pilz_industrial_motion_planner': AMENT_PREFIX_PATH=/home/drawmemaybe/DrawMeMaybe/ros2_ws/install/moveit_resources_prbt_pg70_support:/home/drawmemaybe/DrawMeMaybe/ros2_ws/install/moveit_ros_planning_interface:/home/drawmemaybe/DrawMeMaybe/ros2_ws/install/moveit_resources_prbt_moveit_config:/home/drawmemaybe/DrawMeMaybe/ros2_ws/install/moveit_ros_move_group:/home/drawmemaybe/DrawMeMaybe/ros2_ws/install/moveit_ros_warehouse:/home/drawmemaybe/DrawMeMaybe/ros2_ws/install/moveit_planners_ompl:/home/drawmemaybe/DrawMeMaybe/ros2_ws/install/moveit_kinematics:/home/drawmemaybe/DrawMeMaybe/ros2_ws/install/moveit_ros_planning:/home/drawmemaybe/DrawMeMaybe/ros2_ws/install/pilz_industrial_motion_planner_testutils:/home/drawmemaybe/DrawMeMaybe/ros2_ws/install/moveit_simple_controller_manager:/home/drawmemaybe/DrawMeMaybe/ros2_ws/install/moveit_ros_occupancy_map_monitor:/home/drawmemaybe/DrawMeMaybe/ros2_ws/install/moveit_resources_prbt_ikfast_manipulator_plugin:/home/drawmemaybe/DrawMeMaybe/ros2_ws/install/moveit_core:/home/drawmemaybe/DrawMeMaybe/ros2_ws/install/moveit_resources_panda_moveit_config:/home/drawmemaybe/DrawMeMaybe/ros2_ws/install/moveit_resources_fanuc_moveit_config:/home/drawmemaybe/DrawMeMaybe/ros2_ws/install/moveit_configs_utils:/home/drawmemaybe/DrawMeMaybe/ros2_ws/install/srdfdom:/home/drawmemaybe/DrawMeMaybe/ros2_ws/install/moveit_resources_prbt_support:/home/drawmemaybe/DrawMeMaybe/ros2_ws/install/moveit_resources_pr2_description:/home/drawmemaybe/DrawMeMaybe/ros2_ws/install/moveit_resources_panda_description:/home/drawmemaybe/DrawMeMaybe/ros2_ws/install/moveit_resources_fanuc_description:/home/drawmemaybe/DrawMeMaybe/ros2_ws/install/moveit_common:/home/drawmemaybe/DrawMeMaybe/ros2_ws/install/launch_param_builder:${AMENT_PREFIX_PATH} CMAKE_PREFIX_PATH=/home/drawmemaybe/DrawMeMaybe/ros2_ws/install/moveit_resources_prbt_pg70_support:/home/drawmemaybe/DrawMeMaybe/ros2_ws/install/moveit_ros_planning_interface:/home/drawmemaybe/DrawMeMaybe/ros2_ws/install/moveit_resources_prbt_moveit_config:/home/drawmemaybe/DrawMeMaybe/ros2_ws/install/moveit_ros_move_group:/home/drawmemaybe/DrawMeMaybe/ros2_ws/install/moveit_ros_warehouse:/home/drawmemaybe/DrawMeMaybe/ros2_ws/install/moveit_planners_ompl:/home/drawmemaybe/DrawMeMaybe/ros2_ws/install/moveit_kinematics:/home/drawmemaybe/DrawMeMaybe/ros2_ws/install/moveit_ros_planning:/home/drawmemaybe/DrawMeMaybe/ros2_ws/install/pilz_industrial_motion_planner_testutils:/home/drawmemaybe/DrawMeMaybe/ros2_ws/install/moveit_simple_controller_manager:/home/drawmemaybe/DrawMeMaybe/ros2_ws/install/moveit_ros_occupancy_map_monitor:/home/drawmemaybe/DrawMeMaybe/ros2_ws/install/moveit_resources_prbt_ikfast_manipulator_plugin:/home/drawmemaybe/DrawMeMaybe/ros2_ws/install/moveit_core:/home/drawmemaybe/DrawMeMaybe/ros2_ws/install/moveit_resources_panda_moveit_config:/home/drawmemaybe/DrawMeMaybe/ros2_ws/install/moveit_resources_fanuc_moveit_config:/home/drawmemaybe/DrawMeMaybe/ros2_ws/install/srdfdom:/home/drawmemaybe/DrawMeMaybe/ros2_ws/install/moveit_resources_prbt_support:/home/drawmemaybe/DrawMeMaybe/ros2_ws/install/moveit_resources_pr2_description:/home/drawmemaybe/DrawMeMaybe/ros2_ws/install/moveit_resources_panda_description:/home/drawmemaybe/DrawMeMaybe/ros2_ws/install/moveit_resources_fanuc_description:/home/drawmemaybe/DrawMeMaybe/ros2_ws/install/moveit_common:/opt/ros/humble LD_LIBRARY_PATH=/home/drawmemaybe/DrawMeMaybe/ros2_ws/install/moveit_ros_planning_interface/lib:/home/drawmemaybe/DrawMeMaybe/ros2_ws/install/moveit_ros_move_group/lib:/home/drawmemaybe/DrawMeMaybe/ros2_ws/install/moveit_ros_warehouse/lib:/home/drawmemaybe/DrawMeMaybe/ros2_ws/install/moveit_planners_ompl/lib:/home/drawmemaybe/DrawMeMaybe/ros2_ws/install/moveit_kinematics/lib:/home/drawmemaybe/DrawMeMaybe/ros2_ws/install/moveit_ros_planning/lib:/home/drawmemaybe/DrawMeMaybe/ros2_ws/install/pilz_industrial_motion_planner_testutils/lib:/home/drawmemaybe/DrawMeMaybe/ros2_ws/install/moveit_simple_controller_manager/lib:/home/drawmemaybe/DrawMeMaybe/ros2_ws/install/moveit_ros_occupancy_map_monitor/lib:/home/drawmemaybe/DrawMeMaybe/ros2_ws/install/moveit_resources_prbt_ikfast_manipulator_plugin/lib:/home/drawmemaybe/DrawMeMaybe/ros2_ws/install/moveit_core/lib:/home/drawmemaybe/DrawMeMaybe/ros2_ws/install/srdfdom/lib:${LD_LIBRARY_PATH} PATH=/home/drawmemaybe/DrawMeMaybe/ros2_ws/install/moveit_core/bin:${PATH} PYTHONPATH=/home/drawmemaybe/DrawMeMaybe/ros2_ws/install/moveit_configs_utils/lib/python3.10/site-packages:/home/drawmemaybe/DrawMeMaybe/ros2_ws/install/srdfdom/local/lib/python3.10/dist-packages:/home/drawmemaybe/DrawMeMaybe/ros2_ws/install/launch_param_builder/lib/python3.10/site-packages:${PYTHONPATH} /usr/bin/cmake --install /home/drawmemaybe/DrawMeMaybe/ros2_ws/build/pilz_industrial_motion_planner
[39.180s] -- Install configuration: "Release"
[39.180s] -- Installing: /home/drawmemaybe/DrawMeMaybe/ros2_ws/install/pilz_industrial_motion_planner/share/pilz_industrial_motion_planner/plugins/pilz_industrial_motion_planner_plugin_description.xml
[39.180s] -- Installing: /home/drawmemaybe/DrawMeMaybe/ros2_ws/install/pilz_industrial_motion_planner/share/pilz_industrial_motion_planner/plugins/sequence_capability_plugin_description.xml
[39.180s] -- Installing: /home/drawmemaybe/DrawMeMaybe/ros2_ws/install/pilz_industrial_motion_planner/share/pilz_industrial_motion_planner/plugins/planning_context_plugin_description.xml
[39.180s] -- Installing: /home/drawmemaybe/DrawMeMaybe/ros2_ws/install/pilz_industrial_motion_planner/lib/libpilz_industrial_motion_planner.so
[39.181s] -- Set runtime path of "/home/drawmemaybe/DrawMeMaybe/ros2_ws/install/pilz_industrial_motion_planner/lib/libpilz_industrial_motion_planner.so" to ""
[39.181s] -- Installing: /home/drawmemaybe/DrawMeMaybe/ros2_ws/install/pilz_industrial_motion_planner/lib/libjoint_limits_common.so
[39.181s] -- Set runtime path of "/home/drawmemaybe/DrawMeMaybe/ros2_ws/install/pilz_industrial_motion_planner/lib/libjoint_limits_common.so" to ""
[39.181s] -- Installing: /home/drawmemaybe/DrawMeMaybe/ros2_ws/install/pilz_industrial_motion_planner/lib/libplanning_context_loader_base.so
[39.181s] -- Set runtime path of "/home/drawmemaybe/DrawMeMaybe/ros2_ws/install/pilz_industrial_motion_planner/lib/libplanning_context_loader_base.so" to ""
[39.181s] -- Installing: /home/drawmemaybe/DrawMeMaybe/ros2_ws/install/pilz_industrial_motion_planner/lib/libplanning_context_loader_ptp.so
[39.181s] -- Set runtime path of "/home/drawmemaybe/DrawMeMaybe/ros2_ws/install/pilz_industrial_motion_planner/lib/libplanning_context_loader_ptp.so" to ""
[39.181s] -- Installing: /home/drawmemaybe/DrawMeMaybe/ros2_ws/install/pilz_industrial_motion_planner/lib/libplanning_context_loader_lin.so
[39.181s] -- Set runtime path of "/home/drawmemaybe/DrawMeMaybe/ros2_ws/install/pilz_industrial_motion_planner/lib/libplanning_context_loader_lin.so" to ""
[39.181s] -- Installing: /home/drawmemaybe/DrawMeMaybe/ros2_ws/install/pilz_industrial_motion_planner/lib/libplanning_context_loader_circ.so
[39.181s] -- Set runtime path of "/home/drawmemaybe/DrawMeMaybe/ros2_ws/install/pilz_industrial_motion_planner/lib/libplanning_context_loader_circ.so" to ""
[39.181s] -- Installing: /home/drawmemaybe/DrawMeMaybe/ros2_ws/install/pilz_industrial_motion_planner/lib/libcommand_list_manager.so
[39.182s] -- Set runtime path of "/home/drawmemaybe/DrawMeMaybe/ros2_ws/install/pilz_industrial_motion_planner/lib/libcommand_list_manager.so" to ""
[39.182s] -- Installing: /home/drawmemaybe/DrawMeMaybe/ros2_ws/install/pilz_industrial_motion_planner/lib/libsequence_capability.so
[39.182s] -- Set runtime path of "/home/drawmemaybe/DrawMeMaybe/ros2_ws/install/pilz_industrial_motion_planner/lib/libsequence_capability.so" to ""
[39.182s] -- Installing: /home/drawmemaybe/DrawMeMaybe/ros2_ws/install/pilz_industrial_motion_planner/lib/libtrajectory_generation_common.so
[39.182s] -- Set runtime path of "/home/drawmemaybe/DrawMeMaybe/ros2_ws/install/pilz_industrial_motion_planner/lib/libtrajectory_generation_common.so" to ""
[39.182s] -- Installing: /home/drawmemaybe/DrawMeMaybe/ros2_ws/install/pilz_industrial_motion_planner/include
[39.182s] -- Installing: /home/drawmemaybe/DrawMeMaybe/ros2_ws/install/pilz_industrial_motion_planner/include/pilz_industrial_motion_planner
[39.182s] -- Installing: /home/drawmemaybe/DrawMeMaybe/ros2_ws/install/pilz_industrial_motion_planner/include/pilz_industrial_motion_planner/planning_context_loader_lin.h
[39.182s] -- Installing: /home/drawmemaybe/DrawMeMaybe/ros2_ws/install/pilz_industrial_motion_planner/include/pilz_industrial_motion_planner/joint_limits_aggregator.h
[39.182s] -- Installing: /home/drawmemaybe/DrawMeMaybe/ros2_ws/install/pilz_industrial_motion_planner/include/pilz_industrial_motion_planner/cartesian_trajectory.h
[39.182s] -- Installing: /home/drawmemaybe/DrawMeMaybe/ros2_ws/install/pilz_industrial_motion_planner/include/pilz_industrial_motion_planner/cartesian_trajectory_point.h
[39.182s] -- Installing: /home/drawmemaybe/DrawMeMaybe/ros2_ws/install/pilz_industrial_motion_planner/include/pilz_industrial_motion_planner/plan_components_builder.h
[39.182s] -- Installing: /home/drawmemaybe/DrawMeMaybe/ros2_ws/install/pilz_industrial_motion_planner/include/pilz_industrial_motion_planner/tip_frame_getter.h
[39.182s] -- Installing: /home/drawmemaybe/DrawMeMaybe/ros2_ws/install/pilz_industrial_motion_planner/include/pilz_industrial_motion_planner/velocity_profile_atrap.h
[39.182s] -- Installing: /home/drawmemaybe/DrawMeMaybe/ros2_ws/install/pilz_industrial_motion_planner/include/pilz_industrial_motion_planner/planning_context_ptp.h
[39.182s] -- Installing: /home/drawmemaybe/DrawMeMaybe/ros2_ws/install/pilz_industrial_motion_planner/include/pilz_industrial_motion_planner/joint_limits_container.h
[39.182s] -- Installing: /home/drawmemaybe/DrawMeMaybe/ros2_ws/install/pilz_industrial_motion_planner/include/pilz_industrial_motion_planner/joint_limits_interface_extension.h
[39.182s] -- Installing: /home/drawmemaybe/DrawMeMaybe/ros2_ws/install/pilz_industrial_motion_planner/include/pilz_industrial_motion_planner/capability_names.h
[39.182s] -- Installing: /home/drawmemaybe/DrawMeMaybe/ros2_ws/install/pilz_industrial_motion_planner/include/pilz_industrial_motion_planner/trajectory_generator_circ.h
[39.182s] -- Installing: /home/drawmemaybe/DrawMeMaybe/ros2_ws/install/pilz_industrial_motion_planner/include/pilz_industrial_motion_planner/trajectory_generation_exceptions.h
[39.182s] -- Installing: /home/drawmemaybe/DrawMeMaybe/ros2_ws/install/pilz_industrial_motion_planner/include/pilz_industrial_motion_planner/planning_context_loader.h
[39.183s] -- Installing: /home/drawmemaybe/DrawMeMaybe/ros2_ws/install/pilz_industrial_motion_planner/include/pilz_industrial_motion_planner/trajectory_blender_transition_window.h
[39.183s] -- Installing: /home/drawmemaybe/DrawMeMaybe/ros2_ws/install/pilz_industrial_motion_planner/include/pilz_industrial_motion_planner/trajectory_generator.h
[39.183s] -- Installing: /home/drawmemaybe/DrawMeMaybe/ros2_ws/install/pilz_industrial_motion_planner/include/pilz_industrial_motion_planner/planning_exceptions.h
[39.183s] -- Installing: /home/drawmemaybe/DrawMeMaybe/ros2_ws/install/pilz_industrial_motion_planner/include/pilz_industrial_motion_planner/planning_context_circ.h
[39.183s] -- Installing: /home/drawmemaybe/DrawMeMaybe/ros2_ws/install/pilz_industrial_motion_planner/include/pilz_industrial_motion_planner/planning_context_lin.h
[39.183s] -- Installing: /home/drawmemaybe/DrawMeMaybe/ros2_ws/install/pilz_industrial_motion_planner/include/pilz_industrial_motion_planner/trajectory_generator_ptp.h
[39.183s] -- Installing: /home/drawmemaybe/DrawMeMaybe/ros2_ws/install/pilz_industrial_motion_planner/include/pilz_industrial_motion_planner/move_group_sequence_action.h
[39.183s] -- Installing: /home/drawmemaybe/DrawMeMaybe/ros2_ws/install/pilz_industrial_motion_planner/include/pilz_industrial_motion_planner/cartesian_limits_aggregator.h
[39.183s] -- Installing: /home/drawmemaybe/DrawMeMaybe/ros2_ws/install/pilz_industrial_motion_planner/include/pilz_industrial_motion_planner/pilz_industrial_motion_planner.h
[39.183s] -- Installing: /home/drawmemaybe/DrawMeMaybe/ros2_ws/install/pilz_industrial_motion_planner/include/pilz_industrial_motion_planner/planning_context_base.h
[39.183s] -- Installing: /home/drawmemaybe/DrawMeMaybe/ros2_ws/install/pilz_industrial_motion_planner/include/pilz_industrial_motion_planner/limits_container.h
[39.183s] -- Installing: /home/drawmemaybe/DrawMeMaybe/ros2_ws/install/pilz_industrial_motion_planner/include/pilz_industrial_motion_planner/joint_limits_validator.h
[39.183s] -- Installing: /home/drawmemaybe/DrawMeMaybe/ros2_ws/install/pilz_industrial_motion_planner/include/pilz_industrial_motion_planner/command_list_manager.h
[39.183s] -- Installing: /home/drawmemaybe/DrawMeMaybe/ros2_ws/install/pilz_industrial_motion_planner/include/pilz_industrial_motion_planner/cartesian_limit.h
[39.183s] -- Installing: /home/drawmemaybe/DrawMeMaybe/ros2_ws/install/pilz_industrial_motion_planner/include/pilz_industrial_motion_planner/trajectory_blend_request.h
[39.183s] -- Installing: /home/drawmemaybe/DrawMeMaybe/ros2_ws/install/pilz_industrial_motion_planner/include/pilz_industrial_motion_planner/trajectory_blender.h
[39.183s] -- Installing: /home/drawmemaybe/DrawMeMaybe/ros2_ws/install/pilz_industrial_motion_planner/include/pilz_industrial_motion_planner/planning_context_loader_ptp.h
[39.183s] -- Installing: /home/drawmemaybe/DrawMeMaybe/ros2_ws/install/pilz_industrial_motion_planner/include/pilz_industrial_motion_planner/path_circle_generator.h
[39.183s] -- Installing: /home/drawmemaybe/DrawMeMaybe/ros2_ws/install/pilz_industrial_motion_planner/include/pilz_industrial_motion_planner/trajectory_blend_response.h
[39.183s] -- Installing: /home/drawmemaybe/DrawMeMaybe/ros2_ws/install/pilz_industrial_motion_planner/include/pilz_industrial_motion_planner/trajectory_generator_lin.h
[39.183s] -- Installing: /home/drawmemaybe/DrawMeMaybe/ros2_ws/install/pilz_industrial_motion_planner/include/pilz_industrial_motion_planner/planning_context_loader_circ.h
[39.183s] -- Installing: /home/drawmemaybe/DrawMeMaybe/ros2_ws/install/pilz_industrial_motion_planner/include/pilz_industrial_motion_planner/move_group_sequence_service.h
[39.183s] -- Installing: /home/drawmemaybe/DrawMeMaybe/ros2_ws/install/pilz_industrial_motion_planner/include/pilz_industrial_motion_planner/joint_limits_extension.h
[39.183s] -- Installing: /home/drawmemaybe/DrawMeMaybe/ros2_ws/install/pilz_industrial_motion_planner/include/pilz_industrial_motion_planner/trajectory_functions.h
[39.183s] -- Installing: /home/drawmemaybe/DrawMeMaybe/ros2_ws/install/pilz_industrial_motion_planner/include/joint_limits_copy
[39.183s] -- Installing: /home/drawmemaybe/DrawMeMaybe/ros2_ws/install/pilz_industrial_motion_planner/include/joint_limits_copy/joint_limits.hpp
[39.183s] -- Installing: /home/drawmemaybe/DrawMeMaybe/ros2_ws/install/pilz_industrial_motion_planner/include/joint_limits_copy/joint_limits_rosparam.hpp
[39.183s] -- Installing: /home/drawmemaybe/DrawMeMaybe/ros2_ws/install/pilz_industrial_motion_planner/share/pilz_industrial_motion_planner/environment/library_path.sh
[39.183s] -- Installing: /home/drawmemaybe/DrawMeMaybe/ros2_ws/install/pilz_industrial_motion_planner/share/pilz_industrial_motion_planner/environment/library_path.dsv
[39.184s] -- Installing: /home/drawmemaybe/DrawMeMaybe/ros2_ws/install/pilz_industrial_motion_planner/lib/pilz_industrial_motion_planner/unittest_pilz_industrial_motion_planner_direct
[39.184s] -- Set runtime path of "/home/drawmemaybe/DrawMeMaybe/ros2_ws/install/pilz_industrial_motion_planner/lib/pilz_industrial_motion_planner/unittest_pilz_industrial_motion_planner_direct" to ""
[39.184s] -- Installing: /home/drawmemaybe/DrawMeMaybe/ros2_ws/install/pilz_industrial_motion_planner/lib/pilz_industrial_motion_planner/unittest_velocity_profile_atrap
[39.184s] -- Set runtime path of "/home/drawmemaybe/DrawMeMaybe/ros2_ws/install/pilz_industrial_motion_planner/lib/pilz_industrial_motion_planner/unittest_velocity_profile_atrap" to ""
[39.184s] -- Installing: /home/drawmemaybe/DrawMeMaybe/ros2_ws/install/pilz_industrial_motion_planner/lib/pilz_industrial_motion_planner/unittest_trajectory_generator
[39.184s] -- Set runtime path of "/home/drawmemaybe/DrawMeMaybe/ros2_ws/install/pilz_industrial_motion_planner/lib/pilz_industrial_motion_planner/unittest_trajectory_generator" to ""
[39.185s] -- Installing: /home/drawmemaybe/DrawMeMaybe/ros2_ws/install/pilz_industrial_motion_planner/lib/pilz_industrial_motion_planner/unittest_trajectory_functions
[39.185s] -- Set runtime path of "/home/drawmemaybe/DrawMeMaybe/ros2_ws/install/pilz_industrial_motion_planner/lib/pilz_industrial_motion_planner/unittest_trajectory_functions" to ""
[39.185s] -- Installing: /home/drawmemaybe/DrawMeMaybe/ros2_ws/install/pilz_industrial_motion_planner/lib/pilz_industrial_motion_planner/unittest_trajectory_blender_transition_window
[39.185s] -- Set runtime path of "/home/drawmemaybe/DrawMeMaybe/ros2_ws/install/pilz_industrial_motion_planner/lib/pilz_industrial_motion_planner/unittest_trajectory_blender_transition_window" to ""
[39.185s] -- Installing: /home/drawmemaybe/DrawMeMaybe/ros2_ws/install/pilz_industrial_motion_planner/lib/pilz_industrial_motion_planner/unittest_trajectory_generator_common
[39.186s] -- Set runtime path of "/home/drawmemaybe/DrawMeMaybe/ros2_ws/install/pilz_industrial_motion_planner/lib/pilz_industrial_motion_planner/unittest_trajectory_generator_common" to ""
[39.186s] -- Installing: /home/drawmemaybe/DrawMeMaybe/ros2_ws/install/pilz_industrial_motion_planner/lib/pilz_industrial_motion_planner/unittest_trajectory_generator_circ
[39.186s] -- Set runtime path of "/home/drawmemaybe/DrawMeMaybe/ros2_ws/install/pilz_industrial_motion_planner/lib/pilz_industrial_motion_planner/unittest_trajectory_generator_circ" to ""
[39.186s] -- Installing: /home/drawmemaybe/DrawMeMaybe/ros2_ws/install/pilz_industrial_motion_planner/lib/pilz_industrial_motion_planner/unittest_trajectory_generator_lin
[39.187s] -- Set runtime path of "/home/drawmemaybe/DrawMeMaybe/ros2_ws/install/pilz_industrial_motion_planner/lib/pilz_industrial_motion_planner/unittest_trajectory_generator_lin" to ""
[39.187s] -- Installing: /home/drawmemaybe/DrawMeMaybe/ros2_ws/install/pilz_industrial_motion_planner/lib/pilz_industrial_motion_planner/unittest_trajectory_generator_ptp
[39.187s] -- Set runtime path of "/home/drawmemaybe/DrawMeMaybe/ros2_ws/install/pilz_industrial_motion_planner/lib/pilz_industrial_motion_planner/unittest_trajectory_generator_ptp" to ""
[39.187s] -- Installing: /home/drawmemaybe/DrawMeMaybe/ros2_ws/install/pilz_industrial_motion_planner/lib/pilz_industrial_motion_planner/unittest_pilz_industrial_motion_planner
[39.187s] -- Set runtime path of "/home/drawmemaybe/DrawMeMaybe/ros2_ws/install/pilz_industrial_motion_planner/lib/pilz_industrial_motion_planner/unittest_pilz_industrial_motion_planner" to ""
[39.187s] -- Installing: /home/drawmemaybe/DrawMeMaybe/ros2_ws/install/pilz_industrial_motion_planner/lib/pilz_industrial_motion_planner/unittest_joint_limit
[39.188s] -- Set runtime path of "/home/drawmemaybe/DrawMeMaybe/ros2_ws/install/pilz_industrial_motion_planner/lib/pilz_industrial_motion_planner/unittest_joint_limit" to ""
[39.188s] -- Installing: /home/drawmemaybe/DrawMeMaybe/ros2_ws/install/pilz_industrial_motion_planner/lib/pilz_industrial_motion_planner/unittest_joint_limits_aggregator
[39.188s] -- Set runtime path of "/home/drawmemaybe/DrawMeMaybe/ros2_ws/install/pilz_industrial_motion_planner/lib/pilz_industrial_motion_planner/unittest_joint_limits_aggregator" to ""
[39.188s] -- Installing: /home/drawmemaybe/DrawMeMaybe/ros2_ws/install/pilz_industrial_motion_planner/lib/pilz_industrial_motion_planner/unittest_joint_limits_container
[39.188s] -- Set runtime path of "/home/drawmemaybe/DrawMeMaybe/ros2_ws/install/pilz_industrial_motion_planner/lib/pilz_industrial_motion_planner/unittest_joint_limits_container" to ""
[39.188s] -- Installing: /home/drawmemaybe/DrawMeMaybe/ros2_ws/install/pilz_industrial_motion_planner/lib/pilz_industrial_motion_planner/unittest_joint_limits_validator
[39.188s] -- Set runtime path of "/home/drawmemaybe/DrawMeMaybe/ros2_ws/install/pilz_industrial_motion_planner/lib/pilz_industrial_motion_planner/unittest_joint_limits_validator" to ""
[39.189s] -- Installing: /home/drawmemaybe/DrawMeMaybe/ros2_ws/install/pilz_industrial_motion_planner/lib/pilz_industrial_motion_planner/unittest_cartesian_limits_aggregator
[39.189s] -- Set runtime path of "/home/drawmemaybe/DrawMeMaybe/ros2_ws/install/pilz_industrial_motion_planner/lib/pilz_industrial_motion_planner/unittest_cartesian_limits_aggregator" to ""
[39.189s] -- Installing: /home/drawmemaybe/DrawMeMaybe/ros2_ws/install/pilz_industrial_motion_planner/lib/pilz_industrial_motion_planner/unittest_planning_context_loaders
[39.189s] -- Set runtime path of "/home/drawmemaybe/DrawMeMaybe/ros2_ws/install/pilz_industrial_motion_planner/lib/pilz_industrial_motion_planner/unittest_planning_context_loaders" to ""
[39.189s] -- Installing: /home/drawmemaybe/DrawMeMaybe/ros2_ws/install/pilz_industrial_motion_planner/lib/pilz_industrial_motion_planner/unittest_planning_context
[39.190s] -- Set runtime path of "/home/drawmemaybe/DrawMeMaybe/ros2_ws/install/pilz_industrial_motion_planner/lib/pilz_industrial_motion_planner/unittest_planning_context" to ""
[39.190s] -- Installing: /home/drawmemaybe/DrawMeMaybe/ros2_ws/install/pilz_industrial_motion_planner/lib/pilz_industrial_motion_planner/unittest_get_solver_tip_frame
[39.190s] -- Set runtime path of "/home/drawmemaybe/DrawMeMaybe/ros2_ws/install/pilz_industrial_motion_planner/lib/pilz_industrial_motion_planner/unittest_get_solver_tip_frame" to ""
[39.190s] -- Installing: /home/drawmemaybe/DrawMeMaybe/ros2_ws/install/pilz_industrial_motion_planner/share/pilz_industrial_motion_planner/config
[39.190s] -- Installing: /home/drawmemaybe/DrawMeMaybe/ros2_ws/install/pilz_industrial_motion_planner/share/pilz_industrial_motion_planner/config/unittest_joint_limit_config.yaml
[39.190s] -- Installing: /home/drawmemaybe/DrawMeMaybe/ros2_ws/install/pilz_industrial_motion_planner/share/pilz_industrial_motion_planner/config/unittest_trajectory_generator_common.yaml
[39.190s] -- Installing: /home/drawmemaybe/DrawMeMaybe/ros2_ws/install/pilz_industrial_motion_planner/share/pilz_industrial_motion_planner/config/unittest_cartesian_limits_aggregator.yaml
[39.190s] -- Installing: /home/drawmemaybe/DrawMeMaybe/ros2_ws/install/pilz_industrial_motion_planner/share/pilz_industrial_motion_planner/config/unittest_trajectory_generator_lin.yaml
[39.190s] -- Installing: /home/drawmemaybe/DrawMeMaybe/ros2_ws/install/pilz_industrial_motion_planner/share/pilz_industrial_motion_planner/config/unittest_trajectory_generator_circ.yaml
[39.190s] -- Installing: /home/drawmemaybe/DrawMeMaybe/ros2_ws/install/pilz_industrial_motion_planner/share/pilz_industrial_motion_planner/config/unittest_joint_limits_aggregator.yaml
[39.190s] -- Installing: /home/drawmemaybe/DrawMeMaybe/ros2_ws/install/pilz_industrial_motion_planner/share/pilz_industrial_motion_planner/config/unittest_trajectory_functions.yaml
[39.190s] -- Installing: /home/drawmemaybe/DrawMeMaybe/ros2_ws/install/pilz_industrial_motion_planner/share/pilz_industrial_motion_planner/config/unittest_trajectory_blender_transition_window.yaml
[39.190s] -- Installing: /home/drawmemaybe/DrawMeMaybe/ros2_ws/install/pilz_industrial_motion_planner/share/pilz_industrial_motion_planner/config/unittest_trajectory_generator_ptp.yaml
[39.190s] -- Installing: /home/drawmemaybe/DrawMeMaybe/ros2_ws/install/pilz_industrial_motion_planner/share/pilz_industrial_motion_planner/launch
[39.190s] -- Installing: /home/drawmemaybe/DrawMeMaybe/ros2_ws/install/pilz_industrial_motion_planner/share/pilz_industrial_motion_planner/launch/unittest_trajectory_functions.test.py
[39.190s] -- Installing: /home/drawmemaybe/DrawMeMaybe/ros2_ws/install/pilz_industrial_motion_planner/share/pilz_industrial_motion_planner/launch/unittest_trajectory_generator_common.test.py
[39.190s] -- Installing: /home/drawmemaybe/DrawMeMaybe/ros2_ws/install/pilz_industrial_motion_planner/share/pilz_industrial_motion_planner/launch/unittest_planning_context_loaders.test.py
[39.190s] -- Installing: /home/drawmemaybe/DrawMeMaybe/ros2_ws/install/pilz_industrial_motion_planner/share/pilz_industrial_motion_planner/launch/unittest_trajectory_generator_circ.test.py
[39.190s] -- Installing: /home/drawmemaybe/DrawMeMaybe/ros2_ws/install/pilz_industrial_motion_planner/share/pilz_industrial_motion_planner/launch/unittest_joint_limits_aggregator.test.py
[39.190s] -- Installing: /home/drawmemaybe/DrawMeMaybe/ros2_ws/install/pilz_industrial_motion_planner/share/pilz_industrial_motion_planner/launch/unittest_cartesian_limits_aggregator.test.py
[39.190s] -- Installing: /home/drawmemaybe/DrawMeMaybe/ros2_ws/install/pilz_industrial_motion_planner/share/pilz_industrial_motion_planner/launch/unittest_joint_limit.test.py
[39.191s] -- Installing: /home/drawmemaybe/DrawMeMaybe/ros2_ws/install/pilz_industrial_motion_planner/share/pilz_industrial_motion_planner/launch/unittest_trajectory_blender_transition_window.test.py
[39.191s] -- Installing: /home/drawmemaybe/DrawMeMaybe/ros2_ws/install/pilz_industrial_motion_planner/share/pilz_industrial_motion_planner/launch/unittest_trajectory_generator_lin.test.py
[39.191s] -- Installing: /home/drawmemaybe/DrawMeMaybe/ros2_ws/install/pilz_industrial_motion_planner/share/pilz_industrial_motion_planner/launch/common_parameters.py
[39.191s] -- Installing: /home/drawmemaybe/DrawMeMaybe/ros2_ws/install/pilz_industrial_motion_planner/share/pilz_industrial_motion_planner/launch/unittest_pilz_industrial_motion_planner.test.py
[39.191s] -- Installing: /home/drawmemaybe/DrawMeMaybe/ros2_ws/install/pilz_industrial_motion_planner/share/pilz_industrial_motion_planner/launch/unittest_planning_context.test.py
[39.191s] -- Installing: /home/drawmemaybe/DrawMeMaybe/ros2_ws/install/pilz_industrial_motion_planner/share/pilz_industrial_motion_planner/launch/unittest_trajectory_generator_ptp.test.py
[39.191s] -- Installing: /home/drawmemaybe/DrawMeMaybe/ros2_ws/install/pilz_industrial_motion_planner/share/pilz_industrial_motion_planner/test_data
[39.191s] -- Installing: /home/drawmemaybe/DrawMeMaybe/ros2_ws/install/pilz_industrial_motion_planner/share/pilz_industrial_motion_planner/test_data/testpoints.py
[39.191s] -- Installing: /home/drawmemaybe/DrawMeMaybe/ros2_ws/install/pilz_industrial_motion_planner/share/pilz_industrial_motion_planner/test_data/frankaemika_panda
[39.191s] -- Installing: /home/drawmemaybe/DrawMeMaybe/ros2_ws/install/pilz_industrial_motion_planner/share/pilz_industrial_motion_planner/test_data/frankaemika_panda/testdata_sequence.xml
[39.191s] -- Installing: /home/drawmemaybe/DrawMeMaybe/ros2_ws/install/pilz_industrial_motion_planner/share/pilz_industrial_motion_planner/test_data/concept_testdata.odp
[39.191s] -- Installing: /home/drawmemaybe/DrawMeMaybe/ros2_ws/install/pilz_industrial_motion_planner/share/pilz_industrial_motion_planner/test_data/concept_testdata.png
[39.191s] -- Installing: /home/drawmemaybe/DrawMeMaybe/ros2_ws/install/pilz_industrial_motion_planner/share/pilz_industrial_motion_planner/test_data/prbt
[39.191s] -- Installing: /home/drawmemaybe/DrawMeMaybe/ros2_ws/install/pilz_industrial_motion_planner/share/pilz_industrial_motion_planner/test_data/prbt/testdata_sequence.xml
[39.191s] -- Installing: /home/drawmemaybe/DrawMeMaybe/ros2_ws/install/pilz_industrial_motion_planner/share/pilz_industrial_motion_planner/test_data/prbt/testdata_deprecated.xml
[39.191s] -- Installing: /home/drawmemaybe/DrawMeMaybe/ros2_ws/install/pilz_industrial_motion_planner/share/pilz_industrial_motion_planner/test_data/prbt/testdata_with_gripper.xml
[39.191s] -- Installing: /home/drawmemaybe/DrawMeMaybe/ros2_ws/install/pilz_industrial_motion_planner/share/ament_index/resource_index/package_run_dependencies/pilz_industrial_motion_planner
[39.191s] -- Installing: /home/drawmemaybe/DrawMeMaybe/ros2_ws/install/pilz_industrial_motion_planner/share/ament_index/resource_index/parent_prefix_path/pilz_industrial_motion_planner
[39.191s] -- Installing: /home/drawmemaybe/DrawMeMaybe/ros2_ws/install/pilz_industrial_motion_planner/share/pilz_industrial_motion_planner/environment/ament_prefix_path.sh
[39.191s] -- Installing: /home/drawmemaybe/DrawMeMaybe/ros2_ws/install/pilz_industrial_motion_planner/share/pilz_industrial_motion_planner/environment/ament_prefix_path.dsv
[39.191s] -- Installing: /home/drawmemaybe/DrawMeMaybe/ros2_ws/install/pilz_industrial_motion_planner/share/pilz_industrial_motion_planner/environment/path.sh
[39.191s] -- Installing: /home/drawmemaybe/DrawMeMaybe/ros2_ws/install/pilz_industrial_motion_planner/share/pilz_industrial_motion_planner/environment/path.dsv
[39.191s] -- Installing: /home/drawmemaybe/DrawMeMaybe/ros2_ws/install/pilz_industrial_motion_planner/share/pilz_industrial_motion_planner/local_setup.bash
[39.191s] -- Installing: /home/drawmemaybe/DrawMeMaybe/ros2_ws/install/pilz_industrial_motion_planner/share/pilz_industrial_motion_planner/local_setup.sh
[39.191s] -- Installing: /home/drawmemaybe/DrawMeMaybe/ros2_ws/install/pilz_industrial_motion_planner/share/pilz_industrial_motion_planner/local_setup.zsh
[39.191s] -- Installing: /home/drawmemaybe/DrawMeMaybe/ros2_ws/install/pilz_industrial_motion_planner/share/pilz_industrial_motion_planner/local_setup.dsv
[39.191s] -- Installing: /home/drawmemaybe/DrawMeMaybe/ros2_ws/install/pilz_industrial_motion_planner/share/pilz_industrial_motion_planner/package.dsv
[39.191s] -- Installing: /home/drawmemaybe/DrawMeMaybe/ros2_ws/install/pilz_industrial_motion_planner/share/ament_index/resource_index/packages/pilz_industrial_motion_planner
[39.191s] -- Installing: /home/drawmemaybe/DrawMeMaybe/ros2_ws/install/pilz_industrial_motion_planner/share/ament_index/resource_index/moveit_core__pluginlib__plugin/pilz_industrial_motion_planner
[39.191s] -- Installing: /home/drawmemaybe/DrawMeMaybe/ros2_ws/install/pilz_industrial_motion_planner/share/ament_index/resource_index/moveit_ros_move_group__pluginlib__plugin/pilz_industrial_motion_planner
[39.191s] -- Installing: /home/drawmemaybe/DrawMeMaybe/ros2_ws/install/pilz_industrial_motion_planner/share/ament_index/resource_index/pilz_industrial_motion_planner__pluginlib__plugin/pilz_industrial_motion_planner
[39.191s] -- Installing: /home/drawmemaybe/DrawMeMaybe/ros2_ws/install/pilz_industrial_motion_planner/share/pilz_industrial_motion_planner/cmake/pilz_industrial_motion_plannerTargetsExport.cmake
[39.191s] -- Installing: /home/drawmemaybe/DrawMeMaybe/ros2_ws/install/pilz_industrial_motion_planner/share/pilz_industrial_motion_planner/cmake/pilz_industrial_motion_plannerTargetsExport-release.cmake
[39.192s] -- Installing: /home/drawmemaybe/DrawMeMaybe/ros2_ws/install/pilz_industrial_motion_planner/share/pilz_industrial_motion_planner/cmake/ament_cmake_export_include_directories-extras.cmake
[39.192s] -- Installing: /home/drawmemaybe/DrawMeMaybe/ros2_ws/install/pilz_industrial_motion_planner/share/pilz_industrial_motion_planner/cmake/ament_cmake_export_targets-extras.cmake
[39.192s] -- Installing: /home/drawmemaybe/DrawMeMaybe/ros2_ws/install/pilz_industrial_motion_planner/share/pilz_industrial_motion_planner/cmake/ament_cmake_export_dependencies-extras.cmake
[39.192s] -- Installing: /home/drawmemaybe/DrawMeMaybe/ros2_ws/install/pilz_industrial_motion_planner/share/pilz_industrial_motion_planner/cmake/pilz_industrial_motion_plannerConfig.cmake
[39.192s] -- Installing: /home/drawmemaybe/DrawMeMaybe/ros2_ws/install/pilz_industrial_motion_planner/share/pilz_industrial_motion_planner/cmake/pilz_industrial_motion_plannerConfig-version.cmake
[39.192s] -- Installing: /home/drawmemaybe/DrawMeMaybe/ros2_ws/install/pilz_industrial_motion_planner/share/pilz_industrial_motion_planner/package.xml
[39.194s] Invoked command in '/home/drawmemaybe/DrawMeMaybe/ros2_ws/build/pilz_industrial_motion_planner' returned '0': AMENT_PREFIX_PATH=/home/drawmemaybe/DrawMeMaybe/ros2_ws/install/moveit_resources_prbt_pg70_support:/home/drawmemaybe/DrawMeMaybe/ros2_ws/install/moveit_ros_planning_interface:/home/drawmemaybe/DrawMeMaybe/ros2_ws/install/moveit_resources_prbt_moveit_config:/home/drawmemaybe/DrawMeMaybe/ros2_ws/install/moveit_ros_move_group:/home/drawmemaybe/DrawMeMaybe/ros2_ws/install/moveit_ros_warehouse:/home/drawmemaybe/DrawMeMaybe/ros2_ws/install/moveit_planners_ompl:/home/drawmemaybe/DrawMeMaybe/ros2_ws/install/moveit_kinematics:/home/drawmemaybe/DrawMeMaybe/ros2_ws/install/moveit_ros_planning:/home/drawmemaybe/DrawMeMaybe/ros2_ws/install/pilz_industrial_motion_planner_testutils:/home/drawmemaybe/DrawMeMaybe/ros2_ws/install/moveit_simple_controller_manager:/home/drawmemaybe/DrawMeMaybe/ros2_ws/install/moveit_ros_occupancy_map_monitor:/home/drawmemaybe/DrawMeMaybe/ros2_ws/install/moveit_resources_prbt_ikfast_manipulator_plugin:/home/drawmemaybe/DrawMeMaybe/ros2_ws/install/moveit_core:/home/drawmemaybe/DrawMeMaybe/ros2_ws/install/moveit_resources_panda_moveit_config:/home/drawmemaybe/DrawMeMaybe/ros2_ws/install/moveit_resources_fanuc_moveit_config:/home/drawmemaybe/DrawMeMaybe/ros2_ws/install/moveit_configs_utils:/home/drawmemaybe/DrawMeMaybe/ros2_ws/install/srdfdom:/home/drawmemaybe/DrawMeMaybe/ros2_ws/install/moveit_resources_prbt_support:/home/drawmemaybe/DrawMeMaybe/ros2_ws/install/moveit_resources_pr2_description:/home/drawmemaybe/DrawMeMaybe/ros2_ws/install/moveit_resources_panda_description:/home/drawmemaybe/DrawMeMaybe/ros2_ws/install/moveit_resources_fanuc_description:/home/drawmemaybe/DrawMeMaybe/ros2_ws/install/moveit_common:/home/drawmemaybe/DrawMeMaybe/ros2_ws/install/launch_param_builder:${AMENT_PREFIX_PATH} CMAKE_PREFIX_PATH=/home/drawmemaybe/DrawMeMaybe/ros2_ws/install/moveit_resources_prbt_pg70_support:/home/drawmemaybe/DrawMeMaybe/ros2_ws/install/moveit_ros_planning_interface:/home/drawmemaybe/DrawMeMaybe/ros2_ws/install/moveit_resources_prbt_moveit_config:/home/drawmemaybe/DrawMeMaybe/ros2_ws/install/moveit_ros_move_group:/home/drawmemaybe/DrawMeMaybe/ros2_ws/install/moveit_ros_warehouse:/home/drawmemaybe/DrawMeMaybe/ros2_ws/install/moveit_planners_ompl:/home/drawmemaybe/DrawMeMaybe/ros2_ws/install/moveit_kinematics:/home/drawmemaybe/DrawMeMaybe/ros2_ws/install/moveit_ros_planning:/home/drawmemaybe/DrawMeMaybe/ros2_ws/install/pilz_industrial_motion_planner_testutils:/home/drawmemaybe/DrawMeMaybe/ros2_ws/install/moveit_simple_controller_manager:/home/drawmemaybe/DrawMeMaybe/ros2_ws/install/moveit_ros_occupancy_map_monitor:/home/drawmemaybe/DrawMeMaybe/ros2_ws/install/moveit_resources_prbt_ikfast_manipulator_plugin:/home/drawmemaybe/DrawMeMaybe/ros2_ws/install/moveit_core:/home/drawmemaybe/DrawMeMaybe/ros2_ws/install/moveit_resources_panda_moveit_config:/home/drawmemaybe/DrawMeMaybe/ros2_ws/install/moveit_resources_fanuc_moveit_config:/home/drawmemaybe/DrawMeMaybe/ros2_ws/install/srdfdom:/home/drawmemaybe/DrawMeMaybe/ros2_ws/install/moveit_resources_prbt_support:/home/drawmemaybe/DrawMeMaybe/ros2_ws/install/moveit_resources_pr2_description:/home/drawmemaybe/DrawMeMaybe/ros2_ws/install/moveit_resources_panda_description:/home/drawmemaybe/DrawMeMaybe/ros2_ws/install/moveit_resources_fanuc_description:/home/drawmemaybe/DrawMeMaybe/ros2_ws/install/moveit_common:/opt/ros/humble LD_LIBRARY_PATH=/home/drawmemaybe/DrawMeMaybe/ros2_ws/install/moveit_ros_planning_interface/lib:/home/drawmemaybe/DrawMeMaybe/ros2_ws/install/moveit_ros_move_group/lib:/home/drawmemaybe/DrawMeMaybe/ros2_ws/install/moveit_ros_warehouse/lib:/home/drawmemaybe/DrawMeMaybe/ros2_ws/install/moveit_planners_ompl/lib:/home/drawmemaybe/DrawMeMaybe/ros2_ws/install/moveit_kinematics/lib:/home/drawmemaybe/DrawMeMaybe/ros2_ws/install/moveit_ros_planning/lib:/home/drawmemaybe/DrawMeMaybe/ros2_ws/install/pilz_industrial_motion_planner_testutils/lib:/home/drawmemaybe/DrawMeMaybe/ros2_ws/install/moveit_simple_controller_manager/lib:/home/drawmemaybe/DrawMeMaybe/ros2_ws/install/moveit_ros_occupancy_map_monitor/lib:/home/drawmemaybe/DrawMeMaybe/ros2_ws/install/moveit_resources_prbt_ikfast_manipulator_plugin/lib:/home/drawmemaybe/DrawMeMaybe/ros2_ws/install/moveit_core/lib:/home/drawmemaybe/DrawMeMaybe/ros2_ws/install/srdfdom/lib:${LD_LIBRARY_PATH} PATH=/home/drawmemaybe/DrawMeMaybe/ros2_ws/install/moveit_core/bin:${PATH} PYTHONPATH=/home/drawmemaybe/DrawMeMaybe/ros2_ws/install/moveit_configs_utils/lib/python3.10/site-packages:/home/drawmemaybe/DrawMeMaybe/ros2_ws/install/srdfdom/local/lib/python3.10/dist-packages:/home/drawmemaybe/DrawMeMaybe/ros2_ws/install/launch_param_builder/lib/python3.10/site-packages:${PYTHONPATH} /usr/bin/cmake --install /home/drawmemaybe/DrawMeMaybe/ros2_ws/build/pilz_industrial_motion_planner
