[0.006s] Invoking command in '/home/drawmemaybe/DrawMeMaybe/ros2_ws/build/moveit_chomp_optimizer_adapter': AMENT_PREFIX_PATH=/home/drawmemaybe/DrawMeMaybe/ros2_ws/install/chomp_motion_planner:/home/drawmemaybe/DrawMeMaybe/ros2_ws/install/moveit_core:/home/drawmemaybe/DrawMeMaybe/ros2_ws/install/moveit_resources_panda_moveit_config:/home/drawmemaybe/DrawMeMaybe/ros2_ws/install/srdfdom:/home/drawmemaybe/DrawMeMaybe/ros2_ws/install/moveit_resources_pr2_description:/home/drawmemaybe/DrawMeMaybe/ros2_ws/install/moveit_resources_panda_description:/home/drawmemaybe/DrawMeMaybe/ros2_ws/install/moveit_common:${AMENT_PREFIX_PATH} CMAKE_PREFIX_PATH=/home/drawmemaybe/DrawMeMaybe/ros2_ws/install/chomp_motion_planner:/home/drawmemaybe/DrawMeMaybe/ros2_ws/install/moveit_core:/home/drawmemaybe/DrawMeMaybe/ros2_ws/install/moveit_resources_panda_moveit_config:/home/drawmemaybe/DrawMeMaybe/ros2_ws/install/srdfdom:/home/drawmemaybe/DrawMeMaybe/ros2_ws/install/moveit_resources_pr2_description:/home/drawmemaybe/DrawMeMaybe/ros2_ws/install/moveit_resources_panda_description:/home/drawmemaybe/DrawMeMaybe/ros2_ws/install/moveit_common:/opt/ros/humble LD_LIBRARY_PATH=/home/drawmemaybe/DrawMeMaybe/ros2_ws/install/chomp_motion_planner/lib:/home/drawmemaybe/DrawMeMaybe/ros2_ws/install/moveit_core/lib:/home/drawmemaybe/DrawMeMaybe/ros2_ws/install/srdfdom/lib:${LD_LIBRARY_PATH} PATH=/home/drawmemaybe/DrawMeMaybe/ros2_ws/install/moveit_core/bin:${PATH} PYTHONPATH=/home/drawmemaybe/DrawMeMaybe/ros2_ws/install/srdfdom/local/lib/python3.10/dist-packages:${PYTHONPATH} /usr/bin/cmake /home/drawmemaybe/DrawMeMaybe/ros2_ws/src/moveit2/moveit_planners/chomp/chomp_optimizer_adapter -DCMAKE_INSTALL_PREFIX=/home/drawmemaybe/DrawMeMaybe/ros2_ws/install/moveit_chomp_optimizer_adapter
[0.027s] -- The C compiler identification is GNU 11.4.0
[0.050s] -- The CXX compiler identification is GNU 11.4.0
[0.053s] -- Detecting C compiler ABI info
[0.080s] -- Detecting C compiler ABI info - done
[0.083s] -- Check for working C compiler: /usr/bin/cc - skipped
[0.083s] -- Detecting C compile features
[0.083s] -- Detecting C compile features - done
[0.084s] -- Detecting CXX compiler ABI info
[0.115s] -- Detecting CXX compiler ABI info - done
[0.118s] -- Check for working CXX compiler: /usr/bin/c++ - skipped
[0.118s] -- Detecting CXX compile features
[0.118s] -- Detecting CXX compile features - done
[0.119s] -- Found moveit_common: 2.5.9 (/home/drawmemaybe/DrawMeMaybe/ros2_ws/install/moveit_common/share/moveit_common/cmake)
[0.120s] -- Found ament_cmake: 1.3.12 (/opt/ros/humble/share/ament_cmake/cmake)
[0.184s] -- Found Python3: /usr/bin/python3 (found version "3.10.12") found components: Interpreter 
[0.249s] [0mmoveit_chomp_optimizer_adapter: You did not request a specific build type: Choosing 'Release' for maximum performance[0m
[0.249s] -- Found chomp_motion_planner: 2.5.9 (/home/drawmemaybe/DrawMeMaybe/ros2_ws/install/chomp_motion_planner/share/chomp_motion_planner/cmake)
[0.250s] -- Found moveit_core: 2.5.9 (/home/drawmemaybe/DrawMeMaybe/ros2_ws/install/moveit_core/share/moveit_core/cmake)
[0.373s] -- Found Boost: /usr/lib/x86_64-linux-gnu/cmake/Boost-1.74.0/BoostConfig.cmake (found version "1.74.0") found components: chrono date_time filesystem iostreams program_options regex serialization system thread 
[0.396s] -- Found parameter_traits: 0.5.0 (/opt/ros/humble/share/parameter_traits/cmake)
[0.412s] -- Found rosidl_generator_c: 3.1.7 (/opt/ros/humble/share/rosidl_generator_c/cmake)
[0.414s] -- Found rosidl_adapter: 3.1.7 (/opt/ros/humble/share/rosidl_adapter/cmake)
[0.417s] -- Found rosidl_generator_cpp: 3.1.7 (/opt/ros/humble/share/rosidl_generator_cpp/cmake)
[0.422s] -- Using all available rosidl_typesupport_c: rosidl_typesupport_fastrtps_c;rosidl_typesupport_introspection_c
[0.429s] -- Using all available rosidl_typesupport_cpp: rosidl_typesupport_fastrtps_cpp;rosidl_typesupport_introspection_cpp
[0.447s] -- Found rmw_implementation_cmake: 6.1.2 (/opt/ros/humble/share/rmw_implementation_cmake/cmake)
[0.448s] -- Found rmw_fastrtps_cpp: 6.2.9 (/opt/ros/humble/share/rmw_fastrtps_cpp/cmake)
[0.482s] -- Found OpenSSL: /usr/lib/x86_64-linux-gnu/libcrypto.so (found version "3.0.2")  
[0.491s] -- Found FastRTPS: /opt/ros/humble/include  
[0.507s] -- Using RMW implementation 'rmw_fastrtps_cpp' as default
[0.511s] -- Found Threads: TRUE  
[0.535s] -- Found rclcpp_lifecycle: 16.0.16 (/opt/ros/humble/share/rclcpp_lifecycle/cmake)
[0.545s] -- Found Boost: /usr/lib/x86_64-linux-gnu/cmake/Boost-1.74.0/BoostConfig.cmake (found version "1.74.0") found components: filesystem 
[0.584s] -- library: /usr/lib/x86_64-linux-gnu/libcurl.so
[0.611s] -- Found Eigen3: TRUE (found version "3.4.0") 
[0.611s] -- Ensuring Eigen3 include directory is part of orocos-kdl CMake target
[0.707s] -- Found ament_lint_auto: 0.12.14 (/opt/ros/humble/share/ament_lint_auto/cmake)
[0.711s] -- Added test 'cppcheck' to perform static code analysis on C / C++ code
[0.711s] -- Configured cppcheck include dirs: 
[0.711s] -- Configured cppcheck exclude dirs and/or files: 
[0.712s] -- Added test 'xmllint' to check XML markup files
[0.712s] -- Configuring done
[0.721s] -- Generating done
[0.724s] -- Build files have been written to: /home/drawmemaybe/DrawMeMaybe/ros2_ws/build/moveit_chomp_optimizer_adapter
[0.731s] Invoked command in '/home/drawmemaybe/DrawMeMaybe/ros2_ws/build/moveit_chomp_optimizer_adapter' returned '0': AMENT_PREFIX_PATH=/home/drawmemaybe/DrawMeMaybe/ros2_ws/install/chomp_motion_planner:/home/drawmemaybe/DrawMeMaybe/ros2_ws/install/moveit_core:/home/drawmemaybe/DrawMeMaybe/ros2_ws/install/moveit_resources_panda_moveit_config:/home/drawmemaybe/DrawMeMaybe/ros2_ws/install/srdfdom:/home/drawmemaybe/DrawMeMaybe/ros2_ws/install/moveit_resources_pr2_description:/home/drawmemaybe/DrawMeMaybe/ros2_ws/install/moveit_resources_panda_description:/home/drawmemaybe/DrawMeMaybe/ros2_ws/install/moveit_common:${AMENT_PREFIX_PATH} CMAKE_PREFIX_PATH=/home/drawmemaybe/DrawMeMaybe/ros2_ws/install/chomp_motion_planner:/home/drawmemaybe/DrawMeMaybe/ros2_ws/install/moveit_core:/home/drawmemaybe/DrawMeMaybe/ros2_ws/install/moveit_resources_panda_moveit_config:/home/drawmemaybe/DrawMeMaybe/ros2_ws/install/srdfdom:/home/drawmemaybe/DrawMeMaybe/ros2_ws/install/moveit_resources_pr2_description:/home/drawmemaybe/DrawMeMaybe/ros2_ws/install/moveit_resources_panda_description:/home/drawmemaybe/DrawMeMaybe/ros2_ws/install/moveit_common:/opt/ros/humble LD_LIBRARY_PATH=/home/drawmemaybe/DrawMeMaybe/ros2_ws/install/chomp_motion_planner/lib:/home/drawmemaybe/DrawMeMaybe/ros2_ws/install/moveit_core/lib:/home/drawmemaybe/DrawMeMaybe/ros2_ws/install/srdfdom/lib:${LD_LIBRARY_PATH} PATH=/home/drawmemaybe/DrawMeMaybe/ros2_ws/install/moveit_core/bin:${PATH} PYTHONPATH=/home/drawmemaybe/DrawMeMaybe/ros2_ws/install/srdfdom/local/lib/python3.10/dist-packages:${PYTHONPATH} /usr/bin/cmake /home/drawmemaybe/DrawMeMaybe/ros2_ws/src/moveit2/moveit_planners/chomp/chomp_optimizer_adapter -DCMAKE_INSTALL_PREFIX=/home/drawmemaybe/DrawMeMaybe/ros2_ws/install/moveit_chomp_optimizer_adapter
[0.732s] Invoking command in '/home/drawmemaybe/DrawMeMaybe/ros2_ws/build/moveit_chomp_optimizer_adapter': AMENT_PREFIX_PATH=/home/drawmemaybe/DrawMeMaybe/ros2_ws/install/chomp_motion_planner:/home/drawmemaybe/DrawMeMaybe/ros2_ws/install/moveit_core:/home/drawmemaybe/DrawMeMaybe/ros2_ws/install/moveit_resources_panda_moveit_config:/home/drawmemaybe/DrawMeMaybe/ros2_ws/install/srdfdom:/home/drawmemaybe/DrawMeMaybe/ros2_ws/install/moveit_resources_pr2_description:/home/drawmemaybe/DrawMeMaybe/ros2_ws/install/moveit_resources_panda_description:/home/drawmemaybe/DrawMeMaybe/ros2_ws/install/moveit_common:${AMENT_PREFIX_PATH} CMAKE_PREFIX_PATH=/home/drawmemaybe/DrawMeMaybe/ros2_ws/install/chomp_motion_planner:/home/drawmemaybe/DrawMeMaybe/ros2_ws/install/moveit_core:/home/drawmemaybe/DrawMeMaybe/ros2_ws/install/moveit_resources_panda_moveit_config:/home/drawmemaybe/DrawMeMaybe/ros2_ws/install/srdfdom:/home/drawmemaybe/DrawMeMaybe/ros2_ws/install/moveit_resources_pr2_description:/home/drawmemaybe/DrawMeMaybe/ros2_ws/install/moveit_resources_panda_description:/home/drawmemaybe/DrawMeMaybe/ros2_ws/install/moveit_common:/opt/ros/humble LD_LIBRARY_PATH=/home/drawmemaybe/DrawMeMaybe/ros2_ws/install/chomp_motion_planner/lib:/home/drawmemaybe/DrawMeMaybe/ros2_ws/install/moveit_core/lib:/home/drawmemaybe/DrawMeMaybe/ros2_ws/install/srdfdom/lib:${LD_LIBRARY_PATH} PATH=/home/drawmemaybe/DrawMeMaybe/ros2_ws/install/moveit_core/bin:${PATH} PYTHONPATH=/home/drawmemaybe/DrawMeMaybe/ros2_ws/install/srdfdom/local/lib/python3.10/dist-packages:${PYTHONPATH} /usr/bin/cmake --build /home/drawmemaybe/DrawMeMaybe/ros2_ws/build/moveit_chomp_optimizer_adapter -- -j24 -l24
[0.754s] [ 50%] [32mBuilding CXX object CMakeFiles/moveit_chomp_optimizer_adapter.dir/src/chomp_optimizer_adapter.cpp.o[0m
[6.642s] [100%] [32m[1mLinking CXX shared library libmoveit_chomp_optimizer_adapter.so[0m
[6.778s] [100%] Built target moveit_chomp_optimizer_adapter
[6.788s] Invoked command in '/home/drawmemaybe/DrawMeMaybe/ros2_ws/build/moveit_chomp_optimizer_adapter' returned '0': AMENT_PREFIX_PATH=/home/drawmemaybe/DrawMeMaybe/ros2_ws/install/chomp_motion_planner:/home/drawmemaybe/DrawMeMaybe/ros2_ws/install/moveit_core:/home/drawmemaybe/DrawMeMaybe/ros2_ws/install/moveit_resources_panda_moveit_config:/home/drawmemaybe/DrawMeMaybe/ros2_ws/install/srdfdom:/home/drawmemaybe/DrawMeMaybe/ros2_ws/install/moveit_resources_pr2_description:/home/drawmemaybe/DrawMeMaybe/ros2_ws/install/moveit_resources_panda_description:/home/drawmemaybe/DrawMeMaybe/ros2_ws/install/moveit_common:${AMENT_PREFIX_PATH} CMAKE_PREFIX_PATH=/home/drawmemaybe/DrawMeMaybe/ros2_ws/install/chomp_motion_planner:/home/drawmemaybe/DrawMeMaybe/ros2_ws/install/moveit_core:/home/drawmemaybe/DrawMeMaybe/ros2_ws/install/moveit_resources_panda_moveit_config:/home/drawmemaybe/DrawMeMaybe/ros2_ws/install/srdfdom:/home/drawmemaybe/DrawMeMaybe/ros2_ws/install/moveit_resources_pr2_description:/home/drawmemaybe/DrawMeMaybe/ros2_ws/install/moveit_resources_panda_description:/home/drawmemaybe/DrawMeMaybe/ros2_ws/install/moveit_common:/opt/ros/humble LD_LIBRARY_PATH=/home/drawmemaybe/DrawMeMaybe/ros2_ws/install/chomp_motion_planner/lib:/home/drawmemaybe/DrawMeMaybe/ros2_ws/install/moveit_core/lib:/home/drawmemaybe/DrawMeMaybe/ros2_ws/install/srdfdom/lib:${LD_LIBRARY_PATH} PATH=/home/drawmemaybe/DrawMeMaybe/ros2_ws/install/moveit_core/bin:${PATH} PYTHONPATH=/home/drawmemaybe/DrawMeMaybe/ros2_ws/install/srdfdom/local/lib/python3.10/dist-packages:${PYTHONPATH} /usr/bin/cmake --build /home/drawmemaybe/DrawMeMaybe/ros2_ws/build/moveit_chomp_optimizer_adapter -- -j24 -l24
[6.789s] Invoking command in '/home/drawmemaybe/DrawMeMaybe/ros2_ws/build/moveit_chomp_optimizer_adapter': AMENT_PREFIX_PATH=/home/drawmemaybe/DrawMeMaybe/ros2_ws/install/chomp_motion_planner:/home/drawmemaybe/DrawMeMaybe/ros2_ws/install/moveit_core:/home/drawmemaybe/DrawMeMaybe/ros2_ws/install/moveit_resources_panda_moveit_config:/home/drawmemaybe/DrawMeMaybe/ros2_ws/install/srdfdom:/home/drawmemaybe/DrawMeMaybe/ros2_ws/install/moveit_resources_pr2_description:/home/drawmemaybe/DrawMeMaybe/ros2_ws/install/moveit_resources_panda_description:/home/drawmemaybe/DrawMeMaybe/ros2_ws/install/moveit_common:${AMENT_PREFIX_PATH} CMAKE_PREFIX_PATH=/home/drawmemaybe/DrawMeMaybe/ros2_ws/install/chomp_motion_planner:/home/drawmemaybe/DrawMeMaybe/ros2_ws/install/moveit_core:/home/drawmemaybe/DrawMeMaybe/ros2_ws/install/moveit_resources_panda_moveit_config:/home/drawmemaybe/DrawMeMaybe/ros2_ws/install/srdfdom:/home/drawmemaybe/DrawMeMaybe/ros2_ws/install/moveit_resources_pr2_description:/home/drawmemaybe/DrawMeMaybe/ros2_ws/install/moveit_resources_panda_description:/home/drawmemaybe/DrawMeMaybe/ros2_ws/install/moveit_common:/opt/ros/humble LD_LIBRARY_PATH=/home/drawmemaybe/DrawMeMaybe/ros2_ws/install/chomp_motion_planner/lib:/home/drawmemaybe/DrawMeMaybe/ros2_ws/install/moveit_core/lib:/home/drawmemaybe/DrawMeMaybe/ros2_ws/install/srdfdom/lib:${LD_LIBRARY_PATH} PATH=/home/drawmemaybe/DrawMeMaybe/ros2_ws/install/moveit_core/bin:${PATH} PYTHONPATH=/home/drawmemaybe/DrawMeMaybe/ros2_ws/install/srdfdom/local/lib/python3.10/dist-packages:${PYTHONPATH} /usr/bin/cmake --install /home/drawmemaybe/DrawMeMaybe/ros2_ws/build/moveit_chomp_optimizer_adapter
[6.795s] -- Install configuration: "Release"
[6.795s] -- Installing: /home/drawmemaybe/DrawMeMaybe/ros2_ws/install/moveit_chomp_optimizer_adapter/lib/libmoveit_chomp_optimizer_adapter.so.2.5.9
[6.795s] -- Set runtime path of "/home/drawmemaybe/DrawMeMaybe/ros2_ws/install/moveit_chomp_optimizer_adapter/lib/libmoveit_chomp_optimizer_adapter.so.2.5.9" to ""
[6.795s] -- Installing: /home/drawmemaybe/DrawMeMaybe/ros2_ws/install/moveit_chomp_optimizer_adapter/lib/libmoveit_chomp_optimizer_adapter.so
[6.795s] -- Installing: /home/drawmemaybe/DrawMeMaybe/ros2_ws/install/moveit_chomp_optimizer_adapter/share/moveit_chomp_optimizer_adapter/environment/library_path.sh
[6.795s] -- Installing: /home/drawmemaybe/DrawMeMaybe/ros2_ws/install/moveit_chomp_optimizer_adapter/share/moveit_chomp_optimizer_adapter/environment/library_path.dsv
[6.795s] -- Installing: /home/drawmemaybe/DrawMeMaybe/ros2_ws/install/moveit_chomp_optimizer_adapter/share/moveit_chomp_optimizer_adapter/chomp_optimizer_adapter_plugin_description.xml
[6.795s] -- Installing: /home/drawmemaybe/DrawMeMaybe/ros2_ws/install/moveit_chomp_optimizer_adapter/share/ament_index/resource_index/package_run_dependencies/moveit_chomp_optimizer_adapter
[6.795s] -- Installing: /home/drawmemaybe/DrawMeMaybe/ros2_ws/install/moveit_chomp_optimizer_adapter/share/ament_index/resource_index/parent_prefix_path/moveit_chomp_optimizer_adapter
[6.795s] -- Installing: /home/drawmemaybe/DrawMeMaybe/ros2_ws/install/moveit_chomp_optimizer_adapter/share/moveit_chomp_optimizer_adapter/environment/ament_prefix_path.sh
[6.795s] -- Installing: /home/drawmemaybe/DrawMeMaybe/ros2_ws/install/moveit_chomp_optimizer_adapter/share/moveit_chomp_optimizer_adapter/environment/ament_prefix_path.dsv
[6.795s] -- Installing: /home/drawmemaybe/DrawMeMaybe/ros2_ws/install/moveit_chomp_optimizer_adapter/share/moveit_chomp_optimizer_adapter/environment/path.sh
[6.796s] -- Installing: /home/drawmemaybe/DrawMeMaybe/ros2_ws/install/moveit_chomp_optimizer_adapter/share/moveit_chomp_optimizer_adapter/environment/path.dsv
[6.796s] -- Installing: /home/drawmemaybe/DrawMeMaybe/ros2_ws/install/moveit_chomp_optimizer_adapter/share/moveit_chomp_optimizer_adapter/local_setup.bash
[6.796s] -- Installing: /home/drawmemaybe/DrawMeMaybe/ros2_ws/install/moveit_chomp_optimizer_adapter/share/moveit_chomp_optimizer_adapter/local_setup.sh
[6.796s] -- Installing: /home/drawmemaybe/DrawMeMaybe/ros2_ws/install/moveit_chomp_optimizer_adapter/share/moveit_chomp_optimizer_adapter/local_setup.zsh
[6.796s] -- Installing: /home/drawmemaybe/DrawMeMaybe/ros2_ws/install/moveit_chomp_optimizer_adapter/share/moveit_chomp_optimizer_adapter/local_setup.dsv
[6.796s] -- Installing: /home/drawmemaybe/DrawMeMaybe/ros2_ws/install/moveit_chomp_optimizer_adapter/share/moveit_chomp_optimizer_adapter/package.dsv
[6.796s] -- Installing: /home/drawmemaybe/DrawMeMaybe/ros2_ws/install/moveit_chomp_optimizer_adapter/share/ament_index/resource_index/packages/moveit_chomp_optimizer_adapter
[6.796s] -- Installing: /home/drawmemaybe/DrawMeMaybe/ros2_ws/install/moveit_chomp_optimizer_adapter/share/ament_index/resource_index/moveit_core__pluginlib__plugin/moveit_chomp_optimizer_adapter
[6.796s] -- Installing: /home/drawmemaybe/DrawMeMaybe/ros2_ws/install/moveit_chomp_optimizer_adapter/share/moveit_chomp_optimizer_adapter/cmake/moveit_chomp_optimizer_adapterTargetsExport.cmake
[6.796s] -- Installing: /home/drawmemaybe/DrawMeMaybe/ros2_ws/install/moveit_chomp_optimizer_adapter/share/moveit_chomp_optimizer_adapter/cmake/moveit_chomp_optimizer_adapterTargetsExport-release.cmake
[6.796s] -- Installing: /home/drawmemaybe/DrawMeMaybe/ros2_ws/install/moveit_chomp_optimizer_adapter/share/moveit_chomp_optimizer_adapter/cmake/ament_cmake_export_targets-extras.cmake
[6.796s] -- Installing: /home/drawmemaybe/DrawMeMaybe/ros2_ws/install/moveit_chomp_optimizer_adapter/share/moveit_chomp_optimizer_adapter/cmake/moveit_chomp_optimizer_adapterConfig.cmake
[6.796s] -- Installing: /home/drawmemaybe/DrawMeMaybe/ros2_ws/install/moveit_chomp_optimizer_adapter/share/moveit_chomp_optimizer_adapter/cmake/moveit_chomp_optimizer_adapterConfig-version.cmake
[6.796s] -- Installing: /home/drawmemaybe/DrawMeMaybe/ros2_ws/install/moveit_chomp_optimizer_adapter/share/moveit_chomp_optimizer_adapter/package.xml
[6.798s] Invoked command in '/home/drawmemaybe/DrawMeMaybe/ros2_ws/build/moveit_chomp_optimizer_adapter' returned '0': AMENT_PREFIX_PATH=/home/drawmemaybe/DrawMeMaybe/ros2_ws/install/chomp_motion_planner:/home/drawmemaybe/DrawMeMaybe/ros2_ws/install/moveit_core:/home/drawmemaybe/DrawMeMaybe/ros2_ws/install/moveit_resources_panda_moveit_config:/home/drawmemaybe/DrawMeMaybe/ros2_ws/install/srdfdom:/home/drawmemaybe/DrawMeMaybe/ros2_ws/install/moveit_resources_pr2_description:/home/drawmemaybe/DrawMeMaybe/ros2_ws/install/moveit_resources_panda_description:/home/drawmemaybe/DrawMeMaybe/ros2_ws/install/moveit_common:${AMENT_PREFIX_PATH} CMAKE_PREFIX_PATH=/home/drawmemaybe/DrawMeMaybe/ros2_ws/install/chomp_motion_planner:/home/drawmemaybe/DrawMeMaybe/ros2_ws/install/moveit_core:/home/drawmemaybe/DrawMeMaybe/ros2_ws/install/moveit_resources_panda_moveit_config:/home/drawmemaybe/DrawMeMaybe/ros2_ws/install/srdfdom:/home/drawmemaybe/DrawMeMaybe/ros2_ws/install/moveit_resources_pr2_description:/home/drawmemaybe/DrawMeMaybe/ros2_ws/install/moveit_resources_panda_description:/home/drawmemaybe/DrawMeMaybe/ros2_ws/install/moveit_common:/opt/ros/humble LD_LIBRARY_PATH=/home/drawmemaybe/DrawMeMaybe/ros2_ws/install/chomp_motion_planner/lib:/home/drawmemaybe/DrawMeMaybe/ros2_ws/install/moveit_core/lib:/home/drawmemaybe/DrawMeMaybe/ros2_ws/install/srdfdom/lib:${LD_LIBRARY_PATH} PATH=/home/drawmemaybe/DrawMeMaybe/ros2_ws/install/moveit_core/bin:${PATH} PYTHONPATH=/home/drawmemaybe/DrawMeMaybe/ros2_ws/install/srdfdom/local/lib/python3.10/dist-packages:${PYTHONPATH} /usr/bin/cmake --install /home/drawmemaybe/DrawMeMaybe/ros2_ws/build/moveit_chomp_optimizer_adapter
