[0.008s] Invoking command in '/home/drawmemaybe/DrawMeMaybe/ros2_ws/build/moveit_ros_perception': AMENT_PREFIX_PATH=/home/drawmemaybe/DrawMeMaybe/ros2_ws/install/moveit_ros_planning:/home/drawmemaybe/DrawMeMaybe/ros2_ws/install/moveit_ros_occupancy_map_monitor:/home/drawmemaybe/DrawMeMaybe/ros2_ws/install/moveit_core:/home/drawmemaybe/DrawMeMaybe/ros2_ws/install/moveit_resources_panda_moveit_config:/home/drawmemaybe/DrawMeMaybe/ros2_ws/install/moveit_configs_utils:/home/drawmemaybe/DrawMeMaybe/ros2_ws/install/srdfdom:/home/drawmemaybe/DrawMeMaybe/ros2_ws/install/moveit_resources_pr2_description:/home/drawmemaybe/DrawMeMaybe/ros2_ws/install/moveit_resources_panda_description:/home/drawmemaybe/DrawMeMaybe/ros2_ws/install/moveit_common:/home/drawmemaybe/DrawMeMaybe/ros2_ws/install/launch_param_builder:${AMENT_PREFIX_PATH} CMAKE_PREFIX_PATH=/home/drawmemaybe/DrawMeMaybe/ros2_ws/install/moveit_ros_planning:/home/drawmemaybe/DrawMeMaybe/ros2_ws/install/moveit_ros_occupancy_map_monitor:/home/drawmemaybe/DrawMeMaybe/ros2_ws/install/moveit_core:/home/drawmemaybe/DrawMeMaybe/ros2_ws/install/moveit_resources_panda_moveit_config:/home/drawmemaybe/DrawMeMaybe/ros2_ws/install/srdfdom:/home/drawmemaybe/DrawMeMaybe/ros2_ws/install/moveit_resources_pr2_description:/home/drawmemaybe/DrawMeMaybe/ros2_ws/install/moveit_resources_panda_description:/home/drawmemaybe/DrawMeMaybe/ros2_ws/install/moveit_common:/opt/ros/humble LD_LIBRARY_PATH=/home/drawmemaybe/DrawMeMaybe/ros2_ws/install/moveit_ros_planning/lib:/home/drawmemaybe/DrawMeMaybe/ros2_ws/install/moveit_ros_occupancy_map_monitor/lib:/home/drawmemaybe/DrawMeMaybe/ros2_ws/install/moveit_core/lib:/home/drawmemaybe/DrawMeMaybe/ros2_ws/install/srdfdom/lib:${LD_LIBRARY_PATH} PATH=/home/drawmemaybe/DrawMeMaybe/ros2_ws/install/moveit_core/bin:${PATH} PYTHONPATH=/home/drawmemaybe/DrawMeMaybe/ros2_ws/install/moveit_configs_utils/lib/python3.10/site-packages:/home/drawmemaybe/DrawMeMaybe/ros2_ws/install/srdfdom/local/lib/python3.10/dist-packages:/home/drawmemaybe/DrawMeMaybe/ros2_ws/install/launch_param_builder/lib/python3.10/site-packages:${PYTHONPATH} /usr/bin/cmake /home/drawmemaybe/DrawMeMaybe/ros2_ws/src/moveit2/moveit_ros/perception -DCMAKE_INSTALL_PREFIX=/home/drawmemaybe/DrawMeMaybe/ros2_ws/install/moveit_ros_perception
[0.029s] -- The C compiler identification is GNU 11.4.0
[0.051s] -- The CXX compiler identification is GNU 11.4.0
[0.054s] -- Detecting C compiler ABI info
[0.083s] -- Detecting C compiler ABI info - done
[0.086s] -- Check for working C compiler: /usr/bin/cc - skipped
[0.086s] -- Detecting C compile features
[0.087s] -- Detecting C compile features - done
[0.088s] -- Detecting CXX compiler ABI info
[0.121s] -- Detecting CXX compiler ABI info - done
[0.124s] -- Check for working CXX compiler: /usr/bin/c++ - skipped
[0.124s] -- Detecting CXX compile features
[0.124s] -- Detecting CXX compile features - done
[0.125s] -- Found moveit_common: 2.5.9 (/home/drawmemaybe/DrawMeMaybe/ros2_ws/install/moveit_common/share/moveit_common/cmake)
[0.126s] -- Found ament_cmake: 1.3.12 (/opt/ros/humble/share/ament_cmake/cmake)
[0.193s] -- Found Python3: /usr/bin/python3 (found version "3.10.12") found components: Interpreter 
[0.262s] [0mmoveit_ros_perception: You did not request a specific build type: Choosing 'Release' for maximum performance[0m
[0.269s] -- Found OpenGL: /usr/lib/x86_64-linux-gnu/libOpenGL.so   
[0.286s] -- Found GLEW: /usr/include (found version "2.2.0") 
[0.289s] -- Found PkgConfig: /usr/bin/pkg-config (found version "0.29.2") 
[0.289s] -- Checking for module 'glut'
[0.290s] --   No package 'glut' found
[0.291s] -- Found GLUT: /usr/lib/x86_64-linux-gnu/libglut.so  
[0.293s] -- Found cv_bridge: 3.2.1 (/opt/ros/humble/share/cv_bridge/cmake)
[0.312s] -- Found rosidl_generator_c: 3.1.7 (/opt/ros/humble/share/rosidl_generator_c/cmake)
[0.314s] -- Found rosidl_adapter: 3.1.7 (/opt/ros/humble/share/rosidl_adapter/cmake)
[0.318s] -- Found rosidl_generator_cpp: 3.1.7 (/opt/ros/humble/share/rosidl_generator_cpp/cmake)
[0.323s] -- Using all available rosidl_typesupport_c: rosidl_typesupport_fastrtps_c;rosidl_typesupport_introspection_c
[0.329s] -- Using all available rosidl_typesupport_cpp: rosidl_typesupport_fastrtps_cpp;rosidl_typesupport_introspection_cpp
[0.353s] -- Found moveit_core: 2.5.9 (/home/drawmemaybe/DrawMeMaybe/ros2_ws/install/moveit_core/share/moveit_core/cmake)
[0.450s] -- Found Boost: /usr/lib/x86_64-linux-gnu/cmake/Boost-1.74.0/BoostConfig.cmake (found version "1.74.0") found components: chrono date_time filesystem iostreams program_options regex serialization system thread 
[0.472s] -- Found parameter_traits: 0.5.0 (/opt/ros/humble/share/parameter_traits/cmake)
[0.489s] -- Found rmw_implementation_cmake: 6.1.2 (/opt/ros/humble/share/rmw_implementation_cmake/cmake)
[0.491s] -- Found rmw_fastrtps_cpp: 6.2.9 (/opt/ros/humble/share/rmw_fastrtps_cpp/cmake)
[0.525s] -- Found OpenSSL: /usr/lib/x86_64-linux-gnu/libcrypto.so (found version "3.0.2")  
[0.535s] -- Found FastRTPS: /opt/ros/humble/include  
[0.552s] -- Using RMW implementation 'rmw_fastrtps_cpp' as default
[0.556s] -- Found Threads: TRUE  
[0.575s] -- Found rclcpp_lifecycle: 16.0.16 (/opt/ros/humble/share/rclcpp_lifecycle/cmake)
[0.585s] -- Found Boost: /usr/lib/x86_64-linux-gnu/cmake/Boost-1.74.0/BoostConfig.cmake (found version "1.74.0") found components: filesystem 
[0.618s] -- library: /usr/lib/x86_64-linux-gnu/libcurl.so
[0.638s] -- Found Eigen3: TRUE (found version "3.4.0") 
[0.638s] -- Ensuring Eigen3 include directory is part of orocos-kdl CMake target
[0.737s] -- Found image_transport: 3.1.12 (/opt/ros/humble/share/image_transport/cmake)
[0.739s] -- Found moveit_ros_occupancy_map_monitor: 2.5.9 (/home/drawmemaybe/DrawMeMaybe/ros2_ws/install/moveit_ros_occupancy_map_monitor/share/moveit_ros_occupancy_map_monitor/cmake)
[0.878s] -- Found OpenMP_C: -fopenmp (found version "4.5") 
[0.936s] -- Found OpenMP_CXX: -fopenmp (found version "4.5") 
[0.936s] -- Found OpenMP: TRUE (found version "4.5")  
[0.936s] -- Found OpenCV: /usr (found version "4.5.4") 
[0.942s] -- Found Boost: /usr/lib/x86_64-linux-gnu/cmake/Boost-1.74.0/BoostConfig.cmake (found version "1.74.0") found components: thread 
[0.955s] -- Performing Test COMPILER_HAS_HIDDEN_VISIBILITY
[1.035s] -- Performing Test COMPILER_HAS_HIDDEN_VISIBILITY - Success
[1.035s] -- Performing Test COMPILER_HAS_HIDDEN_INLINE_VISIBILITY
[1.175s] -- Performing Test COMPILER_HAS_HIDDEN_INLINE_VISIBILITY - Success
[1.175s] -- Performing Test COMPILER_HAS_DEPRECATED_ATTR
[1.434s] -- Performing Test COMPILER_HAS_DEPRECATED_ATTR - Success
[1.504s] -- Found ament_lint_auto: 0.12.14 (/opt/ros/humble/share/ament_lint_auto/cmake)
[1.546s] -- Added test 'cppcheck' to perform static code analysis on C / C++ code
[1.548s] -- Configured cppcheck include dirs: /home/drawmemaybe/DrawMeMaybe/ros2_ws/src/moveit2/moveit_ros/perception/depth_image_octomap_updater/include;/home/drawmemaybe/DrawMeMaybe/ros2_ws/src/moveit2/moveit_ros/perception/lazy_free_space_updater/include;/home/drawmemaybe/DrawMeMaybe/ros2_ws/src/moveit2/moveit_ros/perception/mesh_filter/include;/home/drawmemaybe/DrawMeMaybe/ros2_ws/src/moveit2/moveit_ros/perception/point_containment_filter/include;/home/drawmemaybe/DrawMeMaybe/ros2_ws/src/moveit2/moveit_ros/perception/pointcloud_octomap_updater/include;/home/drawmemaybe/DrawMeMaybe/ros2_ws/src/moveit2/moveit_ros/perception/semantic_world/include
[1.548s] -- Configured cppcheck exclude dirs and/or files: 
[1.555s] -- Added test 'lint_cmake' to check CMake code style
[1.556s] -- Added test 'xmllint' to check XML markup files
[1.562s] -- Configuring done
[1.757s] -- Generating done
[1.840s] -- Build files have been written to: /home/drawmemaybe/DrawMeMaybe/ros2_ws/build/moveit_ros_perception
[1.914s] Invoked command in '/home/drawmemaybe/DrawMeMaybe/ros2_ws/build/moveit_ros_perception' returned '0': AMENT_PREFIX_PATH=/home/drawmemaybe/DrawMeMaybe/ros2_ws/install/moveit_ros_planning:/home/drawmemaybe/DrawMeMaybe/ros2_ws/install/moveit_ros_occupancy_map_monitor:/home/drawmemaybe/DrawMeMaybe/ros2_ws/install/moveit_core:/home/drawmemaybe/DrawMeMaybe/ros2_ws/install/moveit_resources_panda_moveit_config:/home/drawmemaybe/DrawMeMaybe/ros2_ws/install/moveit_configs_utils:/home/drawmemaybe/DrawMeMaybe/ros2_ws/install/srdfdom:/home/drawmemaybe/DrawMeMaybe/ros2_ws/install/moveit_resources_pr2_description:/home/drawmemaybe/DrawMeMaybe/ros2_ws/install/moveit_resources_panda_description:/home/drawmemaybe/DrawMeMaybe/ros2_ws/install/moveit_common:/home/drawmemaybe/DrawMeMaybe/ros2_ws/install/launch_param_builder:${AMENT_PREFIX_PATH} CMAKE_PREFIX_PATH=/home/drawmemaybe/DrawMeMaybe/ros2_ws/install/moveit_ros_planning:/home/drawmemaybe/DrawMeMaybe/ros2_ws/install/moveit_ros_occupancy_map_monitor:/home/drawmemaybe/DrawMeMaybe/ros2_ws/install/moveit_core:/home/drawmemaybe/DrawMeMaybe/ros2_ws/install/moveit_resources_panda_moveit_config:/home/drawmemaybe/DrawMeMaybe/ros2_ws/install/srdfdom:/home/drawmemaybe/DrawMeMaybe/ros2_ws/install/moveit_resources_pr2_description:/home/drawmemaybe/DrawMeMaybe/ros2_ws/install/moveit_resources_panda_description:/home/drawmemaybe/DrawMeMaybe/ros2_ws/install/moveit_common:/opt/ros/humble LD_LIBRARY_PATH=/home/drawmemaybe/DrawMeMaybe/ros2_ws/install/moveit_ros_planning/lib:/home/drawmemaybe/DrawMeMaybe/ros2_ws/install/moveit_ros_occupancy_map_monitor/lib:/home/drawmemaybe/DrawMeMaybe/ros2_ws/install/moveit_core/lib:/home/drawmemaybe/DrawMeMaybe/ros2_ws/install/srdfdom/lib:${LD_LIBRARY_PATH} PATH=/home/drawmemaybe/DrawMeMaybe/ros2_ws/install/moveit_core/bin:${PATH} PYTHONPATH=/home/drawmemaybe/DrawMeMaybe/ros2_ws/install/moveit_configs_utils/lib/python3.10/site-packages:/home/drawmemaybe/DrawMeMaybe/ros2_ws/install/srdfdom/local/lib/python3.10/dist-packages:/home/drawmemaybe/DrawMeMaybe/ros2_ws/install/launch_param_builder/lib/python3.10/site-packages:${PYTHONPATH} /usr/bin/cmake /home/drawmemaybe/DrawMeMaybe/ros2_ws/src/moveit2/moveit_ros/perception -DCMAKE_INSTALL_PREFIX=/home/drawmemaybe/DrawMeMaybe/ros2_ws/install/moveit_ros_perception
[1.914s] Invoking command in '/home/drawmemaybe/DrawMeMaybe/ros2_ws/build/moveit_ros_perception': AMENT_PREFIX_PATH=/home/drawmemaybe/DrawMeMaybe/ros2_ws/install/moveit_ros_planning:/home/drawmemaybe/DrawMeMaybe/ros2_ws/install/moveit_ros_occupancy_map_monitor:/home/drawmemaybe/DrawMeMaybe/ros2_ws/install/moveit_core:/home/drawmemaybe/DrawMeMaybe/ros2_ws/install/moveit_resources_panda_moveit_config:/home/drawmemaybe/DrawMeMaybe/ros2_ws/install/moveit_configs_utils:/home/drawmemaybe/DrawMeMaybe/ros2_ws/install/srdfdom:/home/drawmemaybe/DrawMeMaybe/ros2_ws/install/moveit_resources_pr2_description:/home/drawmemaybe/DrawMeMaybe/ros2_ws/install/moveit_resources_panda_description:/home/drawmemaybe/DrawMeMaybe/ros2_ws/install/moveit_common:/home/drawmemaybe/DrawMeMaybe/ros2_ws/install/launch_param_builder:${AMENT_PREFIX_PATH} CMAKE_PREFIX_PATH=/home/drawmemaybe/DrawMeMaybe/ros2_ws/install/moveit_ros_planning:/home/drawmemaybe/DrawMeMaybe/ros2_ws/install/moveit_ros_occupancy_map_monitor:/home/drawmemaybe/DrawMeMaybe/ros2_ws/install/moveit_core:/home/drawmemaybe/DrawMeMaybe/ros2_ws/install/moveit_resources_panda_moveit_config:/home/drawmemaybe/DrawMeMaybe/ros2_ws/install/srdfdom:/home/drawmemaybe/DrawMeMaybe/ros2_ws/install/moveit_resources_pr2_description:/home/drawmemaybe/DrawMeMaybe/ros2_ws/install/moveit_resources_panda_description:/home/drawmemaybe/DrawMeMaybe/ros2_ws/install/moveit_common:/opt/ros/humble LD_LIBRARY_PATH=/home/drawmemaybe/DrawMeMaybe/ros2_ws/install/moveit_ros_planning/lib:/home/drawmemaybe/DrawMeMaybe/ros2_ws/install/moveit_ros_occupancy_map_monitor/lib:/home/drawmemaybe/DrawMeMaybe/ros2_ws/install/moveit_core/lib:/home/drawmemaybe/DrawMeMaybe/ros2_ws/install/srdfdom/lib:${LD_LIBRARY_PATH} PATH=/home/drawmemaybe/DrawMeMaybe/ros2_ws/install/moveit_core/bin:${PATH} PYTHONPATH=/home/drawmemaybe/DrawMeMaybe/ros2_ws/install/moveit_configs_utils/lib/python3.10/site-packages:/home/drawmemaybe/DrawMeMaybe/ros2_ws/install/srdfdom/local/lib/python3.10/dist-packages:/home/drawmemaybe/DrawMeMaybe/ros2_ws/install/launch_param_builder/lib/python3.10/site-packages:${PYTHONPATH} /usr/bin/cmake --build /home/drawmemaybe/DrawMeMaybe/ros2_ws/build/moveit_ros_perception -- -j24 -l24
[2.020s] [  5%] [32mBuilding CXX object mesh_filter/CMakeFiles/moveit_mesh_filter.dir/src/mesh_filter_base.cpp.o[0m
[2.023s] [ 10%] [32mBuilding CXX object point_containment_filter/CMakeFiles/moveit_point_containment_filter.dir/src/shape_mask.cpp.o[0m
[2.030s] [ 15%] [32mBuilding CXX object lazy_free_space_updater/CMakeFiles/moveit_lazy_free_space_updater.dir/src/lazy_free_space_updater.cpp.o[0m
[2.030s] [ 20%] [32mBuilding CXX object mesh_filter/CMakeFiles/moveit_mesh_filter.dir/src/sensor_model.cpp.o[0m
[2.032s] [ 25%] [32mBuilding CXX object mesh_filter/CMakeFiles/moveit_mesh_filter.dir/src/stereo_camera_model.cpp.o[0m
[2.033s] [ 30%] [32mBuilding CXX object semantic_world/CMakeFiles/moveit_semantic_world.dir/src/semantic_world.cpp.o[0m
[2.038s] [ 40%] [32mBuilding CXX object mesh_filter/CMakeFiles/moveit_mesh_filter.dir/src/gl_mesh.cpp.o[0m
[2.038s] [ 40%] [32mBuilding CXX object mesh_filter/CMakeFiles/moveit_mesh_filter.dir/src/gl_renderer.cpp.o[0m
[5.199s] [ 45%] [32m[1mLinking CXX shared library libmoveit_lazy_free_space_updater.so[0m
[5.484s] [ 45%] Built target moveit_lazy_free_space_updater
[6.331s] [ 50%] [32m[1mLinking CXX shared library libmoveit_mesh_filter.so[0m
[6.466s] [ 55%] [32m[1mLinking CXX shared library libmoveit_point_containment_filter.so[0m
[6.754s] [ 55%] Built target moveit_point_containment_filter
[6.798s] [ 60%] [32mBuilding CXX object pointcloud_octomap_updater/CMakeFiles/moveit_pointcloud_octomap_updater_core.dir/src/pointcloud_octomap_updater.cpp.o[0m
[6.936s] [ 60%] Built target moveit_mesh_filter
[6.971s] [ 65%] [32mBuilding CXX object depth_image_octomap_updater/CMakeFiles/moveit_depth_image_octomap_updater_core.dir/src/depth_image_octomap_updater.cpp.o[0m
[14.334s] [ 70%] [32m[1mLinking CXX shared library libmoveit_depth_image_octomap_updater_core.so[0m
[14.422s] [ 70%] Built target moveit_depth_image_octomap_updater_core
[14.437s] [ 75%] [32mBuilding CXX object depth_image_octomap_updater/CMakeFiles/moveit_depth_image_octomap_updater.dir/src/updater_plugin.cpp.o[0m
[17.739s] [ 80%] [32m[1mLinking CXX shared library libmoveit_depth_image_octomap_updater.so[0m
[17.840s] [ 80%] Built target moveit_depth_image_octomap_updater
[19.760s] [ 85%] [32m[1mLinking CXX shared library libmoveit_pointcloud_octomap_updater_core.so[0m
[19.897s] [ 85%] Built target moveit_pointcloud_octomap_updater_core
[19.912s] [ 90%] [32mBuilding CXX object pointcloud_octomap_updater/CMakeFiles/moveit_pointcloud_octomap_updater.dir/src/plugin_init.cpp.o[0m
[21.508s] [ 95%] [32m[1mLinking CXX shared library libmoveit_semantic_world.so[0m
[21.751s] [ 95%] Built target moveit_semantic_world
[22.823s] [100%] [32m[1mLinking CXX shared library libmoveit_pointcloud_octomap_updater.so[0m
[22.898s] [100%] Built target moveit_pointcloud_octomap_updater
[22.906s] Invoked command in '/home/drawmemaybe/DrawMeMaybe/ros2_ws/build/moveit_ros_perception' returned '0': AMENT_PREFIX_PATH=/home/drawmemaybe/DrawMeMaybe/ros2_ws/install/moveit_ros_planning:/home/drawmemaybe/DrawMeMaybe/ros2_ws/install/moveit_ros_occupancy_map_monitor:/home/drawmemaybe/DrawMeMaybe/ros2_ws/install/moveit_core:/home/drawmemaybe/DrawMeMaybe/ros2_ws/install/moveit_resources_panda_moveit_config:/home/drawmemaybe/DrawMeMaybe/ros2_ws/install/moveit_configs_utils:/home/drawmemaybe/DrawMeMaybe/ros2_ws/install/srdfdom:/home/drawmemaybe/DrawMeMaybe/ros2_ws/install/moveit_resources_pr2_description:/home/drawmemaybe/DrawMeMaybe/ros2_ws/install/moveit_resources_panda_description:/home/drawmemaybe/DrawMeMaybe/ros2_ws/install/moveit_common:/home/drawmemaybe/DrawMeMaybe/ros2_ws/install/launch_param_builder:${AMENT_PREFIX_PATH} CMAKE_PREFIX_PATH=/home/drawmemaybe/DrawMeMaybe/ros2_ws/install/moveit_ros_planning:/home/drawmemaybe/DrawMeMaybe/ros2_ws/install/moveit_ros_occupancy_map_monitor:/home/drawmemaybe/DrawMeMaybe/ros2_ws/install/moveit_core:/home/drawmemaybe/DrawMeMaybe/ros2_ws/install/moveit_resources_panda_moveit_config:/home/drawmemaybe/DrawMeMaybe/ros2_ws/install/srdfdom:/home/drawmemaybe/DrawMeMaybe/ros2_ws/install/moveit_resources_pr2_description:/home/drawmemaybe/DrawMeMaybe/ros2_ws/install/moveit_resources_panda_description:/home/drawmemaybe/DrawMeMaybe/ros2_ws/install/moveit_common:/opt/ros/humble LD_LIBRARY_PATH=/home/drawmemaybe/DrawMeMaybe/ros2_ws/install/moveit_ros_planning/lib:/home/drawmemaybe/DrawMeMaybe/ros2_ws/install/moveit_ros_occupancy_map_monitor/lib:/home/drawmemaybe/DrawMeMaybe/ros2_ws/install/moveit_core/lib:/home/drawmemaybe/DrawMeMaybe/ros2_ws/install/srdfdom/lib:${LD_LIBRARY_PATH} PATH=/home/drawmemaybe/DrawMeMaybe/ros2_ws/install/moveit_core/bin:${PATH} PYTHONPATH=/home/drawmemaybe/DrawMeMaybe/ros2_ws/install/moveit_configs_utils/lib/python3.10/site-packages:/home/drawmemaybe/DrawMeMaybe/ros2_ws/install/srdfdom/local/lib/python3.10/dist-packages:/home/drawmemaybe/DrawMeMaybe/ros2_ws/install/launch_param_builder/lib/python3.10/site-packages:${PYTHONPATH} /usr/bin/cmake --build /home/drawmemaybe/DrawMeMaybe/ros2_ws/build/moveit_ros_perception -- -j24 -l24
[22.908s] Invoking command in '/home/drawmemaybe/DrawMeMaybe/ros2_ws/build/moveit_ros_perception': AMENT_PREFIX_PATH=/home/drawmemaybe/DrawMeMaybe/ros2_ws/install/moveit_ros_planning:/home/drawmemaybe/DrawMeMaybe/ros2_ws/install/moveit_ros_occupancy_map_monitor:/home/drawmemaybe/DrawMeMaybe/ros2_ws/install/moveit_core:/home/drawmemaybe/DrawMeMaybe/ros2_ws/install/moveit_resources_panda_moveit_config:/home/drawmemaybe/DrawMeMaybe/ros2_ws/install/moveit_configs_utils:/home/drawmemaybe/DrawMeMaybe/ros2_ws/install/srdfdom:/home/drawmemaybe/DrawMeMaybe/ros2_ws/install/moveit_resources_pr2_description:/home/drawmemaybe/DrawMeMaybe/ros2_ws/install/moveit_resources_panda_description:/home/drawmemaybe/DrawMeMaybe/ros2_ws/install/moveit_common:/home/drawmemaybe/DrawMeMaybe/ros2_ws/install/launch_param_builder:${AMENT_PREFIX_PATH} CMAKE_PREFIX_PATH=/home/drawmemaybe/DrawMeMaybe/ros2_ws/install/moveit_ros_planning:/home/drawmemaybe/DrawMeMaybe/ros2_ws/install/moveit_ros_occupancy_map_monitor:/home/drawmemaybe/DrawMeMaybe/ros2_ws/install/moveit_core:/home/drawmemaybe/DrawMeMaybe/ros2_ws/install/moveit_resources_panda_moveit_config:/home/drawmemaybe/DrawMeMaybe/ros2_ws/install/srdfdom:/home/drawmemaybe/DrawMeMaybe/ros2_ws/install/moveit_resources_pr2_description:/home/drawmemaybe/DrawMeMaybe/ros2_ws/install/moveit_resources_panda_description:/home/drawmemaybe/DrawMeMaybe/ros2_ws/install/moveit_common:/opt/ros/humble LD_LIBRARY_PATH=/home/drawmemaybe/DrawMeMaybe/ros2_ws/install/moveit_ros_planning/lib:/home/drawmemaybe/DrawMeMaybe/ros2_ws/install/moveit_ros_occupancy_map_monitor/lib:/home/drawmemaybe/DrawMeMaybe/ros2_ws/install/moveit_core/lib:/home/drawmemaybe/DrawMeMaybe/ros2_ws/install/srdfdom/lib:${LD_LIBRARY_PATH} PATH=/home/drawmemaybe/DrawMeMaybe/ros2_ws/install/moveit_core/bin:${PATH} PYTHONPATH=/home/drawmemaybe/DrawMeMaybe/ros2_ws/install/moveit_configs_utils/lib/python3.10/site-packages:/home/drawmemaybe/DrawMeMaybe/ros2_ws/install/srdfdom/local/lib/python3.10/dist-packages:/home/drawmemaybe/DrawMeMaybe/ros2_ws/install/launch_param_builder/lib/python3.10/site-packages:${PYTHONPATH} /usr/bin/cmake --install /home/drawmemaybe/DrawMeMaybe/ros2_ws/build/moveit_ros_perception
[22.913s] -- Install configuration: "Release"
[22.913s] -- Installing: /home/drawmemaybe/DrawMeMaybe/ros2_ws/install/moveit_ros_perception/include
[22.913s] -- Installing: /home/drawmemaybe/DrawMeMaybe/ros2_ws/install/moveit_ros_perception/include/moveit
[22.913s] -- Installing: /home/drawmemaybe/DrawMeMaybe/ros2_ws/install/moveit_ros_perception/include/moveit/lazy_free_space_updater
[22.913s] -- Installing: /home/drawmemaybe/DrawMeMaybe/ros2_ws/install/moveit_ros_perception/include/moveit/lazy_free_space_updater/lazy_free_space_updater.h
[22.913s] -- Up-to-date: /home/drawmemaybe/DrawMeMaybe/ros2_ws/install/moveit_ros_perception/include
[22.913s] -- Up-to-date: /home/drawmemaybe/DrawMeMaybe/ros2_ws/install/moveit_ros_perception/include/moveit
[22.913s] -- Installing: /home/drawmemaybe/DrawMeMaybe/ros2_ws/install/moveit_ros_perception/include/moveit/point_containment_filter
[22.913s] -- Installing: /home/drawmemaybe/DrawMeMaybe/ros2_ws/install/moveit_ros_perception/include/moveit/point_containment_filter/shape_mask.h
[22.913s] -- Up-to-date: /home/drawmemaybe/DrawMeMaybe/ros2_ws/install/moveit_ros_perception/include
[22.913s] -- Up-to-date: /home/drawmemaybe/DrawMeMaybe/ros2_ws/install/moveit_ros_perception/include/moveit
[22.913s] -- Installing: /home/drawmemaybe/DrawMeMaybe/ros2_ws/install/moveit_ros_perception/include/moveit/pointcloud_octomap_updater
[22.913s] -- Installing: /home/drawmemaybe/DrawMeMaybe/ros2_ws/install/moveit_ros_perception/include/moveit/pointcloud_octomap_updater/pointcloud_octomap_updater.h
[22.913s] -- Up-to-date: /home/drawmemaybe/DrawMeMaybe/ros2_ws/install/moveit_ros_perception/include
[22.913s] -- Up-to-date: /home/drawmemaybe/DrawMeMaybe/ros2_ws/install/moveit_ros_perception/include/moveit
[22.913s] -- Installing: /home/drawmemaybe/DrawMeMaybe/ros2_ws/install/moveit_ros_perception/include/moveit/mesh_filter
[22.913s] -- Installing: /home/drawmemaybe/DrawMeMaybe/ros2_ws/install/moveit_ros_perception/include/moveit/mesh_filter/transform_provider.h
[22.913s] -- Installing: /home/drawmemaybe/DrawMeMaybe/ros2_ws/install/moveit_ros_perception/include/moveit/mesh_filter/sensor_model.h
[22.913s] -- Installing: /home/drawmemaybe/DrawMeMaybe/ros2_ws/install/moveit_ros_perception/include/moveit/mesh_filter/filter_job.h
[22.913s] -- Installing: /home/drawmemaybe/DrawMeMaybe/ros2_ws/install/moveit_ros_perception/include/moveit/mesh_filter/stereo_camera_model.h
[22.913s] -- Installing: /home/drawmemaybe/DrawMeMaybe/ros2_ws/install/moveit_ros_perception/include/moveit/mesh_filter/mesh_filter.h
[22.914s] -- Installing: /home/drawmemaybe/DrawMeMaybe/ros2_ws/install/moveit_ros_perception/include/moveit/mesh_filter/gl_renderer.h
[22.914s] -- Installing: /home/drawmemaybe/DrawMeMaybe/ros2_ws/install/moveit_ros_perception/include/moveit/mesh_filter/mesh_filter_base.h
[22.914s] -- Installing: /home/drawmemaybe/DrawMeMaybe/ros2_ws/install/moveit_ros_perception/include/moveit/mesh_filter/depth_self_filter_nodelet.h
[22.914s] -- Installing: /home/drawmemaybe/DrawMeMaybe/ros2_ws/install/moveit_ros_perception/include/moveit/mesh_filter/gl_mesh.h
[22.914s] -- Installing: /home/drawmemaybe/DrawMeMaybe/ros2_ws/install/moveit_ros_perception/include/moveit_mesh_filter_export.h
[22.914s] -- Up-to-date: /home/drawmemaybe/DrawMeMaybe/ros2_ws/install/moveit_ros_perception/include
[22.914s] -- Up-to-date: /home/drawmemaybe/DrawMeMaybe/ros2_ws/install/moveit_ros_perception/include/moveit
[22.914s] -- Installing: /home/drawmemaybe/DrawMeMaybe/ros2_ws/install/moveit_ros_perception/include/moveit/depth_image_octomap_updater
[22.914s] -- Installing: /home/drawmemaybe/DrawMeMaybe/ros2_ws/install/moveit_ros_perception/include/moveit/depth_image_octomap_updater/depth_image_octomap_updater.h
[22.914s] -- Up-to-date: /home/drawmemaybe/DrawMeMaybe/ros2_ws/install/moveit_ros_perception/include
[22.914s] -- Up-to-date: /home/drawmemaybe/DrawMeMaybe/ros2_ws/install/moveit_ros_perception/include/moveit
[22.914s] -- Installing: /home/drawmemaybe/DrawMeMaybe/ros2_ws/install/moveit_ros_perception/include/moveit/semantic_world
[22.914s] -- Installing: /home/drawmemaybe/DrawMeMaybe/ros2_ws/install/moveit_ros_perception/include/moveit/semantic_world/semantic_world.h
[22.914s] -- Installing: /home/drawmemaybe/DrawMeMaybe/ros2_ws/install/moveit_ros_perception/lib/libmoveit_depth_image_octomap_updater.so.2.5.9
[22.914s] -- Set runtime path of "/home/drawmemaybe/DrawMeMaybe/ros2_ws/install/moveit_ros_perception/lib/libmoveit_depth_image_octomap_updater.so.2.5.9" to ""
[22.914s] -- Installing: /home/drawmemaybe/DrawMeMaybe/ros2_ws/install/moveit_ros_perception/lib/libmoveit_depth_image_octomap_updater.so
[22.914s] -- Installing: /home/drawmemaybe/DrawMeMaybe/ros2_ws/install/moveit_ros_perception/lib/libmoveit_depth_image_octomap_updater_core.so.2.5.9
[22.914s] -- Set runtime path of "/home/drawmemaybe/DrawMeMaybe/ros2_ws/install/moveit_ros_perception/lib/libmoveit_depth_image_octomap_updater_core.so.2.5.9" to ""
[22.914s] -- Installing: /home/drawmemaybe/DrawMeMaybe/ros2_ws/install/moveit_ros_perception/lib/libmoveit_depth_image_octomap_updater_core.so
[22.914s] -- Installing: /home/drawmemaybe/DrawMeMaybe/ros2_ws/install/moveit_ros_perception/lib/libmoveit_lazy_free_space_updater.so.2.5.9
[22.914s] -- Set runtime path of "/home/drawmemaybe/DrawMeMaybe/ros2_ws/install/moveit_ros_perception/lib/libmoveit_lazy_free_space_updater.so.2.5.9" to ""
[22.914s] -- Installing: /home/drawmemaybe/DrawMeMaybe/ros2_ws/install/moveit_ros_perception/lib/libmoveit_lazy_free_space_updater.so
[22.914s] -- Installing: /home/drawmemaybe/DrawMeMaybe/ros2_ws/install/moveit_ros_perception/lib/libmoveit_mesh_filter.so.2.5.9
[22.915s] -- Set runtime path of "/home/drawmemaybe/DrawMeMaybe/ros2_ws/install/moveit_ros_perception/lib/libmoveit_mesh_filter.so.2.5.9" to ""
[22.915s] -- Installing: /home/drawmemaybe/DrawMeMaybe/ros2_ws/install/moveit_ros_perception/lib/libmoveit_mesh_filter.so
[22.915s] -- Installing: /home/drawmemaybe/DrawMeMaybe/ros2_ws/install/moveit_ros_perception/lib/libmoveit_point_containment_filter.so.2.5.9
[22.915s] -- Set runtime path of "/home/drawmemaybe/DrawMeMaybe/ros2_ws/install/moveit_ros_perception/lib/libmoveit_point_containment_filter.so.2.5.9" to ""
[22.915s] -- Installing: /home/drawmemaybe/DrawMeMaybe/ros2_ws/install/moveit_ros_perception/lib/libmoveit_point_containment_filter.so
[22.915s] -- Installing: /home/drawmemaybe/DrawMeMaybe/ros2_ws/install/moveit_ros_perception/lib/libmoveit_pointcloud_octomap_updater.so.2.5.9
[22.915s] -- Set runtime path of "/home/drawmemaybe/DrawMeMaybe/ros2_ws/install/moveit_ros_perception/lib/libmoveit_pointcloud_octomap_updater.so.2.5.9" to ""
[22.915s] -- Installing: /home/drawmemaybe/DrawMeMaybe/ros2_ws/install/moveit_ros_perception/lib/libmoveit_pointcloud_octomap_updater.so
[22.915s] -- Installing: /home/drawmemaybe/DrawMeMaybe/ros2_ws/install/moveit_ros_perception/lib/libmoveit_pointcloud_octomap_updater_core.so.2.5.9
[22.915s] -- Set runtime path of "/home/drawmemaybe/DrawMeMaybe/ros2_ws/install/moveit_ros_perception/lib/libmoveit_pointcloud_octomap_updater_core.so.2.5.9" to ""
[22.916s] -- Installing: /home/drawmemaybe/DrawMeMaybe/ros2_ws/install/moveit_ros_perception/lib/libmoveit_pointcloud_octomap_updater_core.so
[22.916s] -- Installing: /home/drawmemaybe/DrawMeMaybe/ros2_ws/install/moveit_ros_perception/lib/libmoveit_semantic_world.so.2.5.9
[22.916s] -- Set runtime path of "/home/drawmemaybe/DrawMeMaybe/ros2_ws/install/moveit_ros_perception/lib/libmoveit_semantic_world.so.2.5.9" to ""
[22.916s] -- Installing: /home/drawmemaybe/DrawMeMaybe/ros2_ws/install/moveit_ros_perception/lib/libmoveit_semantic_world.so
[22.916s] -- Installing: /home/drawmemaybe/DrawMeMaybe/ros2_ws/install/moveit_ros_perception/share/moveit_ros_perception/environment/library_path.sh
[22.916s] -- Installing: /home/drawmemaybe/DrawMeMaybe/ros2_ws/install/moveit_ros_perception/share/moveit_ros_perception/environment/library_path.dsv
[22.916s] -- Installing: /home/drawmemaybe/DrawMeMaybe/ros2_ws/install/moveit_ros_perception/share/moveit_ros_perception/pointcloud_octomap_updater_plugin_description.xml
[22.916s] -- Installing: /home/drawmemaybe/DrawMeMaybe/ros2_ws/install/moveit_ros_perception/share/moveit_ros_perception/depth_image_octomap_updater_plugin_description.xml
[22.916s] -- Installing: /home/drawmemaybe/DrawMeMaybe/ros2_ws/install/moveit_ros_perception/share/ament_index/resource_index/package_run_dependencies/moveit_ros_perception
[22.916s] -- Installing: /home/drawmemaybe/DrawMeMaybe/ros2_ws/install/moveit_ros_perception/share/ament_index/resource_index/parent_prefix_path/moveit_ros_perception
[22.916s] -- Installing: /home/drawmemaybe/DrawMeMaybe/ros2_ws/install/moveit_ros_perception/share/moveit_ros_perception/environment/ament_prefix_path.sh
[22.916s] -- Installing: /home/drawmemaybe/DrawMeMaybe/ros2_ws/install/moveit_ros_perception/share/moveit_ros_perception/environment/ament_prefix_path.dsv
[22.916s] -- Installing: /home/drawmemaybe/DrawMeMaybe/ros2_ws/install/moveit_ros_perception/share/moveit_ros_perception/environment/path.sh
[22.917s] -- Installing: /home/drawmemaybe/DrawMeMaybe/ros2_ws/install/moveit_ros_perception/share/moveit_ros_perception/environment/path.dsv
[22.917s] -- Installing: /home/drawmemaybe/DrawMeMaybe/ros2_ws/install/moveit_ros_perception/share/moveit_ros_perception/local_setup.bash
[22.917s] -- Installing: /home/drawmemaybe/DrawMeMaybe/ros2_ws/install/moveit_ros_perception/share/moveit_ros_perception/local_setup.sh
[22.917s] -- Installing: /home/drawmemaybe/DrawMeMaybe/ros2_ws/install/moveit_ros_perception/share/moveit_ros_perception/local_setup.zsh
[22.917s] -- Installing: /home/drawmemaybe/DrawMeMaybe/ros2_ws/install/moveit_ros_perception/share/moveit_ros_perception/local_setup.dsv
[22.917s] -- Installing: /home/drawmemaybe/DrawMeMaybe/ros2_ws/install/moveit_ros_perception/share/moveit_ros_perception/package.dsv
[22.917s] -- Installing: /home/drawmemaybe/DrawMeMaybe/ros2_ws/install/moveit_ros_perception/share/ament_index/resource_index/packages/moveit_ros_perception
[22.917s] -- Installing: /home/drawmemaybe/DrawMeMaybe/ros2_ws/install/moveit_ros_perception/share/ament_index/resource_index/moveit_ros_occupancy_map_monitor__pluginlib__plugin/moveit_ros_perception
[22.917s] -- Installing: /home/drawmemaybe/DrawMeMaybe/ros2_ws/install/moveit_ros_perception/share/moveit_ros_perception/cmake/export_moveit_ros_perceptionExport.cmake
[22.917s] -- Installing: /home/drawmemaybe/DrawMeMaybe/ros2_ws/install/moveit_ros_perception/share/moveit_ros_perception/cmake/export_moveit_ros_perceptionExport-release.cmake
[22.917s] -- Installing: /home/drawmemaybe/DrawMeMaybe/ros2_ws/install/moveit_ros_perception/share/moveit_ros_perception/cmake/ConfigExtras.cmake
[22.917s] -- Installing: /home/drawmemaybe/DrawMeMaybe/ros2_ws/install/moveit_ros_perception/share/moveit_ros_perception/cmake/ament_cmake_export_targets-extras.cmake
[22.917s] -- Installing: /home/drawmemaybe/DrawMeMaybe/ros2_ws/install/moveit_ros_perception/share/moveit_ros_perception/cmake/ament_cmake_export_dependencies-extras.cmake
[22.917s] -- Installing: /home/drawmemaybe/DrawMeMaybe/ros2_ws/install/moveit_ros_perception/share/moveit_ros_perception/cmake/moveit_ros_perceptionConfig.cmake
[22.917s] -- Installing: /home/drawmemaybe/DrawMeMaybe/ros2_ws/install/moveit_ros_perception/share/moveit_ros_perception/cmake/moveit_ros_perceptionConfig-version.cmake
[22.917s] -- Installing: /home/drawmemaybe/DrawMeMaybe/ros2_ws/install/moveit_ros_perception/share/moveit_ros_perception/package.xml
[22.919s] Invoked command in '/home/drawmemaybe/DrawMeMaybe/ros2_ws/build/moveit_ros_perception' returned '0': AMENT_PREFIX_PATH=/home/drawmemaybe/DrawMeMaybe/ros2_ws/install/moveit_ros_planning:/home/drawmemaybe/DrawMeMaybe/ros2_ws/install/moveit_ros_occupancy_map_monitor:/home/drawmemaybe/DrawMeMaybe/ros2_ws/install/moveit_core:/home/drawmemaybe/DrawMeMaybe/ros2_ws/install/moveit_resources_panda_moveit_config:/home/drawmemaybe/DrawMeMaybe/ros2_ws/install/moveit_configs_utils:/home/drawmemaybe/DrawMeMaybe/ros2_ws/install/srdfdom:/home/drawmemaybe/DrawMeMaybe/ros2_ws/install/moveit_resources_pr2_description:/home/drawmemaybe/DrawMeMaybe/ros2_ws/install/moveit_resources_panda_description:/home/drawmemaybe/DrawMeMaybe/ros2_ws/install/moveit_common:/home/drawmemaybe/DrawMeMaybe/ros2_ws/install/launch_param_builder:${AMENT_PREFIX_PATH} CMAKE_PREFIX_PATH=/home/drawmemaybe/DrawMeMaybe/ros2_ws/install/moveit_ros_planning:/home/drawmemaybe/DrawMeMaybe/ros2_ws/install/moveit_ros_occupancy_map_monitor:/home/drawmemaybe/DrawMeMaybe/ros2_ws/install/moveit_core:/home/drawmemaybe/DrawMeMaybe/ros2_ws/install/moveit_resources_panda_moveit_config:/home/drawmemaybe/DrawMeMaybe/ros2_ws/install/srdfdom:/home/drawmemaybe/DrawMeMaybe/ros2_ws/install/moveit_resources_pr2_description:/home/drawmemaybe/DrawMeMaybe/ros2_ws/install/moveit_resources_panda_description:/home/drawmemaybe/DrawMeMaybe/ros2_ws/install/moveit_common:/opt/ros/humble LD_LIBRARY_PATH=/home/drawmemaybe/DrawMeMaybe/ros2_ws/install/moveit_ros_planning/lib:/home/drawmemaybe/DrawMeMaybe/ros2_ws/install/moveit_ros_occupancy_map_monitor/lib:/home/drawmemaybe/DrawMeMaybe/ros2_ws/install/moveit_core/lib:/home/drawmemaybe/DrawMeMaybe/ros2_ws/install/srdfdom/lib:${LD_LIBRARY_PATH} PATH=/home/drawmemaybe/DrawMeMaybe/ros2_ws/install/moveit_core/bin:${PATH} PYTHONPATH=/home/drawmemaybe/DrawMeMaybe/ros2_ws/install/moveit_configs_utils/lib/python3.10/site-packages:/home/drawmemaybe/DrawMeMaybe/ros2_ws/install/srdfdom/local/lib/python3.10/dist-packages:/home/drawmemaybe/DrawMeMaybe/ros2_ws/install/launch_param_builder/lib/python3.10/site-packages:${PYTHONPATH} /usr/bin/cmake --install /home/drawmemaybe/DrawMeMaybe/ros2_ws/build/moveit_ros_perception
