[0.007s] Invoking command in '/home/drawmemaybe/DrawMeMaybe/ros2_ws/build/moveit_simple_controller_manager': AMENT_PREFIX_PATH=/home/drawmemaybe/DrawMeMaybe/ros2_ws/install/moveit_core:/home/drawmemaybe/DrawMeMaybe/ros2_ws/install/moveit_resources_panda_moveit_config:/home/drawmemaybe/DrawMeMaybe/ros2_ws/install/srdfdom:/home/drawmemaybe/DrawMeMaybe/ros2_ws/install/moveit_resources_pr2_description:/home/drawmemaybe/DrawMeMaybe/ros2_ws/install/moveit_resources_panda_description:/home/drawmemaybe/DrawMeMaybe/ros2_ws/install/moveit_common:${AMENT_PREFIX_PATH} CMAKE_PREFIX_PATH=/home/drawmemaybe/DrawMeMaybe/ros2_ws/install/moveit_core:/home/drawmemaybe/DrawMeMaybe/ros2_ws/install/moveit_resources_panda_moveit_config:/home/drawmemaybe/DrawMeMaybe/ros2_ws/install/srdfdom:/home/drawmemaybe/DrawMeMaybe/ros2_ws/install/moveit_resources_pr2_description:/home/drawmemaybe/DrawMeMaybe/ros2_ws/install/moveit_resources_panda_description:/home/drawmemaybe/DrawMeMaybe/ros2_ws/install/moveit_common:/opt/ros/humble LD_LIBRARY_PATH=/home/drawmemaybe/DrawMeMaybe/ros2_ws/install/moveit_core/lib:/home/drawmemaybe/DrawMeMaybe/ros2_ws/install/srdfdom/lib:${LD_LIBRARY_PATH} PATH=/home/drawmemaybe/DrawMeMaybe/ros2_ws/install/moveit_core/bin:${PATH} PYTHONPATH=/home/drawmemaybe/DrawMeMaybe/ros2_ws/install/srdfdom/local/lib/python3.10/dist-packages:${PYTHONPATH} /usr/bin/cmake /home/drawmemaybe/DrawMeMaybe/ros2_ws/src/moveit2/moveit_plugins/moveit_simple_controller_manager -DCMAKE_INSTALL_PREFIX=/home/drawmemaybe/DrawMeMaybe/ros2_ws/install/moveit_simple_controller_manager
[0.028s] -- The C compiler identification is GNU 11.4.0
[0.051s] -- The CXX compiler identification is GNU 11.4.0
[0.054s] -- Detecting C compiler ABI info
[0.082s] -- Detecting C compiler ABI info - done
[0.085s] -- Check for working C compiler: /usr/bin/cc - skipped
[0.085s] -- Detecting C compile features
[0.086s] -- Detecting C compile features - done
[0.087s] -- Detecting CXX compiler ABI info
[0.120s] -- Detecting CXX compiler ABI info - done
[0.123s] -- Check for working CXX compiler: /usr/bin/c++ - skipped
[0.123s] -- Detecting CXX compile features
[0.124s] -- Detecting CXX compile features - done
[0.124s] -- Found moveit_common: 2.5.9 (/home/drawmemaybe/DrawMeMaybe/ros2_ws/install/moveit_common/share/moveit_common/cmake)
[0.125s] -- Found ament_cmake: 1.3.12 (/opt/ros/humble/share/ament_cmake/cmake)
[0.189s] -- Found Python3: /usr/bin/python3 (found version "3.10.12") found components: Interpreter 
[0.253s] [0mmoveit_simple_controller_manager: You did not request a specific build type: Choosing 'Release' for maximum performance[0m
[0.253s] -- Found moveit_core: 2.5.9 (/home/drawmemaybe/DrawMeMaybe/ros2_ws/install/moveit_core/share/moveit_core/cmake)
[0.353s] -- Found Boost: /usr/lib/x86_64-linux-gnu/cmake/Boost-1.74.0/BoostConfig.cmake (found version "1.74.0") found components: chrono date_time filesystem iostreams program_options regex serialization system thread 
[0.375s] -- Found parameter_traits: 0.5.0 (/opt/ros/humble/share/parameter_traits/cmake)
[0.390s] -- Found rosidl_generator_c: 3.1.7 (/opt/ros/humble/share/rosidl_generator_c/cmake)
[0.392s] -- Found rosidl_adapter: 3.1.7 (/opt/ros/humble/share/rosidl_adapter/cmake)
[0.396s] -- Found rosidl_generator_cpp: 3.1.7 (/opt/ros/humble/share/rosidl_generator_cpp/cmake)
[0.401s] -- Using all available rosidl_typesupport_c: rosidl_typesupport_fastrtps_c;rosidl_typesupport_introspection_c
[0.407s] -- Using all available rosidl_typesupport_cpp: rosidl_typesupport_fastrtps_cpp;rosidl_typesupport_introspection_cpp
[0.425s] -- Found rmw_implementation_cmake: 6.1.2 (/opt/ros/humble/share/rmw_implementation_cmake/cmake)
[0.426s] -- Found rmw_fastrtps_cpp: 6.2.9 (/opt/ros/humble/share/rmw_fastrtps_cpp/cmake)
[0.462s] -- Found OpenSSL: /usr/lib/x86_64-linux-gnu/libcrypto.so (found version "3.0.2")  
[0.472s] -- Found FastRTPS: /opt/ros/humble/include  
[0.489s] -- Using RMW implementation 'rmw_fastrtps_cpp' as default
[0.493s] -- Found Threads: TRUE  
[0.517s] -- Found rclcpp_lifecycle: 16.0.16 (/opt/ros/humble/share/rclcpp_lifecycle/cmake)
[0.527s] -- Found Boost: /usr/lib/x86_64-linux-gnu/cmake/Boost-1.74.0/BoostConfig.cmake (found version "1.74.0") found components: filesystem 
[0.566s] -- library: /usr/lib/x86_64-linux-gnu/libcurl.so
[0.592s] -- Found Eigen3: TRUE (found version "3.4.0") 
[0.592s] -- Ensuring Eigen3 include directory is part of orocos-kdl CMake target
[0.688s] -- Found control_msgs: 4.8.0 (/opt/ros/humble/share/control_msgs/cmake)
[0.702s] -- Found Boost: /usr/lib/x86_64-linux-gnu/cmake/Boost-1.74.0/BoostConfig.cmake (found version "1.74.0") found components: thread 
[0.705s] -- Found ament_lint_auto: 0.12.14 (/opt/ros/humble/share/ament_lint_auto/cmake)
[0.711s] -- Added test 'cppcheck' to perform static code analysis on C / C++ code
[0.711s] -- Configured cppcheck include dirs: /home/drawmemaybe/DrawMeMaybe/ros2_ws/src/moveit2/moveit_plugins/moveit_simple_controller_manager/include
[0.711s] -- Configured cppcheck exclude dirs and/or files: 
[0.711s] -- Added test 'lint_cmake' to check CMake code style
[0.712s] -- Added test 'xmllint' to check XML markup files
[0.712s] -- Configuring done
[0.722s] -- Generating done
[0.725s] -- Build files have been written to: /home/drawmemaybe/DrawMeMaybe/ros2_ws/build/moveit_simple_controller_manager
[0.731s] Invoked command in '/home/drawmemaybe/DrawMeMaybe/ros2_ws/build/moveit_simple_controller_manager' returned '0': AMENT_PREFIX_PATH=/home/drawmemaybe/DrawMeMaybe/ros2_ws/install/moveit_core:/home/drawmemaybe/DrawMeMaybe/ros2_ws/install/moveit_resources_panda_moveit_config:/home/drawmemaybe/DrawMeMaybe/ros2_ws/install/srdfdom:/home/drawmemaybe/DrawMeMaybe/ros2_ws/install/moveit_resources_pr2_description:/home/drawmemaybe/DrawMeMaybe/ros2_ws/install/moveit_resources_panda_description:/home/drawmemaybe/DrawMeMaybe/ros2_ws/install/moveit_common:${AMENT_PREFIX_PATH} CMAKE_PREFIX_PATH=/home/drawmemaybe/DrawMeMaybe/ros2_ws/install/moveit_core:/home/drawmemaybe/DrawMeMaybe/ros2_ws/install/moveit_resources_panda_moveit_config:/home/drawmemaybe/DrawMeMaybe/ros2_ws/install/srdfdom:/home/drawmemaybe/DrawMeMaybe/ros2_ws/install/moveit_resources_pr2_description:/home/drawmemaybe/DrawMeMaybe/ros2_ws/install/moveit_resources_panda_description:/home/drawmemaybe/DrawMeMaybe/ros2_ws/install/moveit_common:/opt/ros/humble LD_LIBRARY_PATH=/home/drawmemaybe/DrawMeMaybe/ros2_ws/install/moveit_core/lib:/home/drawmemaybe/DrawMeMaybe/ros2_ws/install/srdfdom/lib:${LD_LIBRARY_PATH} PATH=/home/drawmemaybe/DrawMeMaybe/ros2_ws/install/moveit_core/bin:${PATH} PYTHONPATH=/home/drawmemaybe/DrawMeMaybe/ros2_ws/install/srdfdom/local/lib/python3.10/dist-packages:${PYTHONPATH} /usr/bin/cmake /home/drawmemaybe/DrawMeMaybe/ros2_ws/src/moveit2/moveit_plugins/moveit_simple_controller_manager -DCMAKE_INSTALL_PREFIX=/home/drawmemaybe/DrawMeMaybe/ros2_ws/install/moveit_simple_controller_manager
[0.732s] Invoking command in '/home/drawmemaybe/DrawMeMaybe/ros2_ws/build/moveit_simple_controller_manager': AMENT_PREFIX_PATH=/home/drawmemaybe/DrawMeMaybe/ros2_ws/install/moveit_core:/home/drawmemaybe/DrawMeMaybe/ros2_ws/install/moveit_resources_panda_moveit_config:/home/drawmemaybe/DrawMeMaybe/ros2_ws/install/srdfdom:/home/drawmemaybe/DrawMeMaybe/ros2_ws/install/moveit_resources_pr2_description:/home/drawmemaybe/DrawMeMaybe/ros2_ws/install/moveit_resources_panda_description:/home/drawmemaybe/DrawMeMaybe/ros2_ws/install/moveit_common:${AMENT_PREFIX_PATH} CMAKE_PREFIX_PATH=/home/drawmemaybe/DrawMeMaybe/ros2_ws/install/moveit_core:/home/drawmemaybe/DrawMeMaybe/ros2_ws/install/moveit_resources_panda_moveit_config:/home/drawmemaybe/DrawMeMaybe/ros2_ws/install/srdfdom:/home/drawmemaybe/DrawMeMaybe/ros2_ws/install/moveit_resources_pr2_description:/home/drawmemaybe/DrawMeMaybe/ros2_ws/install/moveit_resources_panda_description:/home/drawmemaybe/DrawMeMaybe/ros2_ws/install/moveit_common:/opt/ros/humble LD_LIBRARY_PATH=/home/drawmemaybe/DrawMeMaybe/ros2_ws/install/moveit_core/lib:/home/drawmemaybe/DrawMeMaybe/ros2_ws/install/srdfdom/lib:${LD_LIBRARY_PATH} PATH=/home/drawmemaybe/DrawMeMaybe/ros2_ws/install/moveit_core/bin:${PATH} PYTHONPATH=/home/drawmemaybe/DrawMeMaybe/ros2_ws/install/srdfdom/local/lib/python3.10/dist-packages:${PYTHONPATH} /usr/bin/cmake --build /home/drawmemaybe/DrawMeMaybe/ros2_ws/build/moveit_simple_controller_manager -- -j24 -l24
[0.755s] [ 33%] [32mBuilding CXX object CMakeFiles/moveit_simple_controller_manager.dir/src/moveit_simple_controller_manager.cpp.o[0m
[0.755s] [ 66%] [32mBuilding CXX object CMakeFiles/moveit_simple_controller_manager.dir/src/follow_joint_trajectory_controller_handle.cpp.o[0m
[5.116s] [100%] [32m[1mLinking CXX shared library libmoveit_simple_controller_manager.so[0m
[5.205s] [100%] Built target moveit_simple_controller_manager
[5.210s] Invoked command in '/home/drawmemaybe/DrawMeMaybe/ros2_ws/build/moveit_simple_controller_manager' returned '0': AMENT_PREFIX_PATH=/home/drawmemaybe/DrawMeMaybe/ros2_ws/install/moveit_core:/home/drawmemaybe/DrawMeMaybe/ros2_ws/install/moveit_resources_panda_moveit_config:/home/drawmemaybe/DrawMeMaybe/ros2_ws/install/srdfdom:/home/drawmemaybe/DrawMeMaybe/ros2_ws/install/moveit_resources_pr2_description:/home/drawmemaybe/DrawMeMaybe/ros2_ws/install/moveit_resources_panda_description:/home/drawmemaybe/DrawMeMaybe/ros2_ws/install/moveit_common:${AMENT_PREFIX_PATH} CMAKE_PREFIX_PATH=/home/drawmemaybe/DrawMeMaybe/ros2_ws/install/moveit_core:/home/drawmemaybe/DrawMeMaybe/ros2_ws/install/moveit_resources_panda_moveit_config:/home/drawmemaybe/DrawMeMaybe/ros2_ws/install/srdfdom:/home/drawmemaybe/DrawMeMaybe/ros2_ws/install/moveit_resources_pr2_description:/home/drawmemaybe/DrawMeMaybe/ros2_ws/install/moveit_resources_panda_description:/home/drawmemaybe/DrawMeMaybe/ros2_ws/install/moveit_common:/opt/ros/humble LD_LIBRARY_PATH=/home/drawmemaybe/DrawMeMaybe/ros2_ws/install/moveit_core/lib:/home/drawmemaybe/DrawMeMaybe/ros2_ws/install/srdfdom/lib:${LD_LIBRARY_PATH} PATH=/home/drawmemaybe/DrawMeMaybe/ros2_ws/install/moveit_core/bin:${PATH} PYTHONPATH=/home/drawmemaybe/DrawMeMaybe/ros2_ws/install/srdfdom/local/lib/python3.10/dist-packages:${PYTHONPATH} /usr/bin/cmake --build /home/drawmemaybe/DrawMeMaybe/ros2_ws/build/moveit_simple_controller_manager -- -j24 -l24
[5.211s] Invoking command in '/home/drawmemaybe/DrawMeMaybe/ros2_ws/build/moveit_simple_controller_manager': AMENT_PREFIX_PATH=/home/drawmemaybe/DrawMeMaybe/ros2_ws/install/moveit_core:/home/drawmemaybe/DrawMeMaybe/ros2_ws/install/moveit_resources_panda_moveit_config:/home/drawmemaybe/DrawMeMaybe/ros2_ws/install/srdfdom:/home/drawmemaybe/DrawMeMaybe/ros2_ws/install/moveit_resources_pr2_description:/home/drawmemaybe/DrawMeMaybe/ros2_ws/install/moveit_resources_panda_description:/home/drawmemaybe/DrawMeMaybe/ros2_ws/install/moveit_common:${AMENT_PREFIX_PATH} CMAKE_PREFIX_PATH=/home/drawmemaybe/DrawMeMaybe/ros2_ws/install/moveit_core:/home/drawmemaybe/DrawMeMaybe/ros2_ws/install/moveit_resources_panda_moveit_config:/home/drawmemaybe/DrawMeMaybe/ros2_ws/install/srdfdom:/home/drawmemaybe/DrawMeMaybe/ros2_ws/install/moveit_resources_pr2_description:/home/drawmemaybe/DrawMeMaybe/ros2_ws/install/moveit_resources_panda_description:/home/drawmemaybe/DrawMeMaybe/ros2_ws/install/moveit_common:/opt/ros/humble LD_LIBRARY_PATH=/home/drawmemaybe/DrawMeMaybe/ros2_ws/install/moveit_core/lib:/home/drawmemaybe/DrawMeMaybe/ros2_ws/install/srdfdom/lib:${LD_LIBRARY_PATH} PATH=/home/drawmemaybe/DrawMeMaybe/ros2_ws/install/moveit_core/bin:${PATH} PYTHONPATH=/home/drawmemaybe/DrawMeMaybe/ros2_ws/install/srdfdom/local/lib/python3.10/dist-packages:${PYTHONPATH} /usr/bin/cmake --install /home/drawmemaybe/DrawMeMaybe/ros2_ws/build/moveit_simple_controller_manager
[5.214s] -- Install configuration: "Release"
[5.214s] -- Installing: /home/drawmemaybe/DrawMeMaybe/ros2_ws/install/moveit_simple_controller_manager/lib/libmoveit_simple_controller_manager.so.2.5.9
[5.214s] -- Set runtime path of "/home/drawmemaybe/DrawMeMaybe/ros2_ws/install/moveit_simple_controller_manager/lib/libmoveit_simple_controller_manager.so.2.5.9" to ""
[5.214s] -- Installing: /home/drawmemaybe/DrawMeMaybe/ros2_ws/install/moveit_simple_controller_manager/lib/libmoveit_simple_controller_manager.so
[5.214s] -- Installing: /home/drawmemaybe/DrawMeMaybe/ros2_ws/install/moveit_simple_controller_manager/include
[5.214s] -- Installing: /home/drawmemaybe/DrawMeMaybe/ros2_ws/install/moveit_simple_controller_manager/include/moveit_simple_controller_manager
[5.214s] -- Installing: /home/drawmemaybe/DrawMeMaybe/ros2_ws/install/moveit_simple_controller_manager/include/moveit_simple_controller_manager/gripper_controller_handle.h
[5.214s] -- Installing: /home/drawmemaybe/DrawMeMaybe/ros2_ws/install/moveit_simple_controller_manager/include/moveit_simple_controller_manager/follow_joint_trajectory_controller_handle.h
[5.214s] -- Installing: /home/drawmemaybe/DrawMeMaybe/ros2_ws/install/moveit_simple_controller_manager/include/moveit_simple_controller_manager/action_based_controller_handle.h
[5.214s] -- Installing: /home/drawmemaybe/DrawMeMaybe/ros2_ws/install/moveit_simple_controller_manager/include/moveit_simple_controller_manager/empty_controller_handle.h
[5.214s] -- Installing: /home/drawmemaybe/DrawMeMaybe/ros2_ws/install/moveit_simple_controller_manager/share/moveit_simple_controller_manager/environment/library_path.sh
[5.215s] -- Installing: /home/drawmemaybe/DrawMeMaybe/ros2_ws/install/moveit_simple_controller_manager/share/moveit_simple_controller_manager/environment/library_path.dsv
[5.215s] -- Installing: /home/drawmemaybe/DrawMeMaybe/ros2_ws/install/moveit_simple_controller_manager/share/moveit_simple_controller_manager/moveit_simple_controller_manager_plugin_description.xml
[5.215s] -- Installing: /home/drawmemaybe/DrawMeMaybe/ros2_ws/install/moveit_simple_controller_manager/share/ament_index/resource_index/package_run_dependencies/moveit_simple_controller_manager
[5.215s] -- Installing: /home/drawmemaybe/DrawMeMaybe/ros2_ws/install/moveit_simple_controller_manager/share/ament_index/resource_index/parent_prefix_path/moveit_simple_controller_manager
[5.215s] -- Installing: /home/drawmemaybe/DrawMeMaybe/ros2_ws/install/moveit_simple_controller_manager/share/moveit_simple_controller_manager/environment/ament_prefix_path.sh
[5.215s] -- Installing: /home/drawmemaybe/DrawMeMaybe/ros2_ws/install/moveit_simple_controller_manager/share/moveit_simple_controller_manager/environment/ament_prefix_path.dsv
[5.215s] -- Installing: /home/drawmemaybe/DrawMeMaybe/ros2_ws/install/moveit_simple_controller_manager/share/moveit_simple_controller_manager/environment/path.sh
[5.215s] -- Installing: /home/drawmemaybe/DrawMeMaybe/ros2_ws/install/moveit_simple_controller_manager/share/moveit_simple_controller_manager/environment/path.dsv
[5.215s] -- Installing: /home/drawmemaybe/DrawMeMaybe/ros2_ws/install/moveit_simple_controller_manager/share/moveit_simple_controller_manager/local_setup.bash
[5.215s] -- Installing: /home/drawmemaybe/DrawMeMaybe/ros2_ws/install/moveit_simple_controller_manager/share/moveit_simple_controller_manager/local_setup.sh
[5.215s] -- Installing: /home/drawmemaybe/DrawMeMaybe/ros2_ws/install/moveit_simple_controller_manager/share/moveit_simple_controller_manager/local_setup.zsh
[5.215s] -- Installing: /home/drawmemaybe/DrawMeMaybe/ros2_ws/install/moveit_simple_controller_manager/share/moveit_simple_controller_manager/local_setup.dsv
[5.215s] -- Installing: /home/drawmemaybe/DrawMeMaybe/ros2_ws/install/moveit_simple_controller_manager/share/moveit_simple_controller_manager/package.dsv
[5.215s] -- Installing: /home/drawmemaybe/DrawMeMaybe/ros2_ws/install/moveit_simple_controller_manager/share/ament_index/resource_index/packages/moveit_simple_controller_manager
[5.215s] -- Installing: /home/drawmemaybe/DrawMeMaybe/ros2_ws/install/moveit_simple_controller_manager/share/ament_index/resource_index/moveit_core__pluginlib__plugin/moveit_simple_controller_manager
[5.215s] -- Installing: /home/drawmemaybe/DrawMeMaybe/ros2_ws/install/moveit_simple_controller_manager/share/moveit_simple_controller_manager/cmake/export_moveit_simple_controller_managerExport.cmake
[5.215s] -- Installing: /home/drawmemaybe/DrawMeMaybe/ros2_ws/install/moveit_simple_controller_manager/share/moveit_simple_controller_manager/cmake/export_moveit_simple_controller_managerExport-release.cmake
[5.215s] -- Installing: /home/drawmemaybe/DrawMeMaybe/ros2_ws/install/moveit_simple_controller_manager/share/moveit_simple_controller_manager/cmake/ConfigExtras.cmake
[5.215s] -- Installing: /home/drawmemaybe/DrawMeMaybe/ros2_ws/install/moveit_simple_controller_manager/share/moveit_simple_controller_manager/cmake/ament_cmake_export_targets-extras.cmake
[5.215s] -- Installing: /home/drawmemaybe/DrawMeMaybe/ros2_ws/install/moveit_simple_controller_manager/share/moveit_simple_controller_manager/cmake/ament_cmake_export_dependencies-extras.cmake
[5.215s] -- Installing: /home/drawmemaybe/DrawMeMaybe/ros2_ws/install/moveit_simple_controller_manager/share/moveit_simple_controller_manager/cmake/moveit_simple_controller_managerConfig.cmake
[5.215s] -- Installing: /home/drawmemaybe/DrawMeMaybe/ros2_ws/install/moveit_simple_controller_manager/share/moveit_simple_controller_manager/cmake/moveit_simple_controller_managerConfig-version.cmake
[5.215s] -- Installing: /home/drawmemaybe/DrawMeMaybe/ros2_ws/install/moveit_simple_controller_manager/share/moveit_simple_controller_manager/package.xml
[5.216s] Invoked command in '/home/drawmemaybe/DrawMeMaybe/ros2_ws/build/moveit_simple_controller_manager' returned '0': AMENT_PREFIX_PATH=/home/drawmemaybe/DrawMeMaybe/ros2_ws/install/moveit_core:/home/drawmemaybe/DrawMeMaybe/ros2_ws/install/moveit_resources_panda_moveit_config:/home/drawmemaybe/DrawMeMaybe/ros2_ws/install/srdfdom:/home/drawmemaybe/DrawMeMaybe/ros2_ws/install/moveit_resources_pr2_description:/home/drawmemaybe/DrawMeMaybe/ros2_ws/install/moveit_resources_panda_description:/home/drawmemaybe/DrawMeMaybe/ros2_ws/install/moveit_common:${AMENT_PREFIX_PATH} CMAKE_PREFIX_PATH=/home/drawmemaybe/DrawMeMaybe/ros2_ws/install/moveit_core:/home/drawmemaybe/DrawMeMaybe/ros2_ws/install/moveit_resources_panda_moveit_config:/home/drawmemaybe/DrawMeMaybe/ros2_ws/install/srdfdom:/home/drawmemaybe/DrawMeMaybe/ros2_ws/install/moveit_resources_pr2_description:/home/drawmemaybe/DrawMeMaybe/ros2_ws/install/moveit_resources_panda_description:/home/drawmemaybe/DrawMeMaybe/ros2_ws/install/moveit_common:/opt/ros/humble LD_LIBRARY_PATH=/home/drawmemaybe/DrawMeMaybe/ros2_ws/install/moveit_core/lib:/home/drawmemaybe/DrawMeMaybe/ros2_ws/install/srdfdom/lib:${LD_LIBRARY_PATH} PATH=/home/drawmemaybe/DrawMeMaybe/ros2_ws/install/moveit_core/bin:${PATH} PYTHONPATH=/home/drawmemaybe/DrawMeMaybe/ros2_ws/install/srdfdom/local/lib/python3.10/dist-packages:${PYTHONPATH} /usr/bin/cmake --install /home/drawmemaybe/DrawMeMaybe/ros2_ws/build/moveit_simple_controller_manager
