[0.016s] Invoking command in '/home/drawmemaybe/DrawMeMaybe/ros2_ws/build/moveit_resources_panda_description': CMAKE_PREFIX_PATH=/opt/ros/humble /usr/bin/cmake /home/drawmemaybe/DrawMeMaybe/ros2_ws/src/moveit_resources/panda_description -DCMAKE_INSTALL_PREFIX=/home/drawmemaybe/DrawMeMaybe/ros2_ws/install/moveit_resources_panda_description
[0.219s] -- The C compiler identification is GNU 11.4.0
[0.219s] -- The CXX compiler identification is GNU 11.4.0
[0.219s] -- Detecting C compiler ABI info
[0.219s] -- Detecting C compiler ABI info - done
[0.219s] -- Check for working C compiler: /usr/bin/cc - skipped
[0.219s] -- Detecting C compile features
[0.219s] -- Detecting C compile features - done
[0.219s] -- Detecting CXX compiler ABI info
[0.219s] -- Detecting CXX compiler ABI info - done
[0.219s] -- Check for working CXX compiler: /usr/bin/c++ - skipped
[0.219s] -- Detecting CXX compile features
[0.219s] -- Detecting CXX compile features - done
[0.219s] -- Found ament_cmake: 1.3.12 (/opt/ros/humble/share/ament_cmake/cmake)
[0.263s] -- Found Python3: /usr/bin/python3 (found version "3.10.12") found components: Interpreter 
[0.330s] -- Configuring done
[0.331s] -- Generating done
[0.332s] -- Build files have been written to: /home/drawmemaybe/DrawMeMaybe/ros2_ws/build/moveit_resources_panda_description
[0.334s] Invoked command in '/home/drawmemaybe/DrawMeMaybe/ros2_ws/build/moveit_resources_panda_description' returned '0': CMAKE_PREFIX_PATH=/opt/ros/humble /usr/bin/cmake /home/drawmemaybe/DrawMeMaybe/ros2_ws/src/moveit_resources/panda_description -DCMAKE_INSTALL_PREFIX=/home/drawmemaybe/DrawMeMaybe/ros2_ws/install/moveit_resources_panda_description
[0.335s] Invoking command in '/home/drawmemaybe/DrawMeMaybe/ros2_ws/build/moveit_resources_panda_description': CMAKE_PREFIX_PATH=/opt/ros/humble /usr/bin/cmake --build /home/drawmemaybe/DrawMeMaybe/ros2_ws/build/moveit_resources_panda_description -- -j24 -l24
[0.348s] Invoked command in '/home/drawmemaybe/DrawMeMaybe/ros2_ws/build/moveit_resources_panda_description' returned '0': CMAKE_PREFIX_PATH=/opt/ros/humble /usr/bin/cmake --build /home/drawmemaybe/DrawMeMaybe/ros2_ws/build/moveit_resources_panda_description -- -j24 -l24
[0.349s] Invoking command in '/home/drawmemaybe/DrawMeMaybe/ros2_ws/build/moveit_resources_panda_description': CMAKE_PREFIX_PATH=/opt/ros/humble /usr/bin/cmake --install /home/drawmemaybe/DrawMeMaybe/ros2_ws/build/moveit_resources_panda_description
[0.352s] -- Install configuration: ""
[0.352s] -- Installing: /home/drawmemaybe/DrawMeMaybe/ros2_ws/install/moveit_resources_panda_description/share/ament_index/resource_index/package_run_dependencies/moveit_resources_panda_description
[0.353s] -- Installing: /home/drawmemaybe/DrawMeMaybe/ros2_ws/install/moveit_resources_panda_description/share/ament_index/resource_index/parent_prefix_path/moveit_resources_panda_description
[0.353s] -- Installing: /home/drawmemaybe/DrawMeMaybe/ros2_ws/install/moveit_resources_panda_description/share/moveit_resources_panda_description/environment/ament_prefix_path.sh
[0.353s] -- Installing: /home/drawmemaybe/DrawMeMaybe/ros2_ws/install/moveit_resources_panda_description/share/moveit_resources_panda_description/environment/ament_prefix_path.dsv
[0.353s] -- Installing: /home/drawmemaybe/DrawMeMaybe/ros2_ws/install/moveit_resources_panda_description/share/moveit_resources_panda_description/environment/path.sh
[0.353s] -- Installing: /home/drawmemaybe/DrawMeMaybe/ros2_ws/install/moveit_resources_panda_description/share/moveit_resources_panda_description/environment/path.dsv
[0.353s] -- Installing: /home/drawmemaybe/DrawMeMaybe/ros2_ws/install/moveit_resources_panda_description/share/moveit_resources_panda_description/local_setup.bash
[0.353s] -- Installing: /home/drawmemaybe/DrawMeMaybe/ros2_ws/install/moveit_resources_panda_description/share/moveit_resources_panda_description/local_setup.sh
[0.353s] -- Installing: /home/drawmemaybe/DrawMeMaybe/ros2_ws/install/moveit_resources_panda_description/share/moveit_resources_panda_description/local_setup.zsh
[0.353s] -- Installing: /home/drawmemaybe/DrawMeMaybe/ros2_ws/install/moveit_resources_panda_description/share/moveit_resources_panda_description/local_setup.dsv
[0.353s] -- Installing: /home/drawmemaybe/DrawMeMaybe/ros2_ws/install/moveit_resources_panda_description/share/moveit_resources_panda_description/package.dsv
[0.353s] -- Installing: /home/drawmemaybe/DrawMeMaybe/ros2_ws/install/moveit_resources_panda_description/share/ament_index/resource_index/packages/moveit_resources_panda_description
[0.353s] -- Installing: /home/drawmemaybe/DrawMeMaybe/ros2_ws/install/moveit_resources_panda_description/share/moveit_resources_panda_description/cmake/moveit_resources_panda_descriptionConfig.cmake
[0.353s] -- Installing: /home/drawmemaybe/DrawMeMaybe/ros2_ws/install/moveit_resources_panda_description/share/moveit_resources_panda_description/cmake/moveit_resources_panda_descriptionConfig-version.cmake
[0.353s] -- Installing: /home/drawmemaybe/DrawMeMaybe/ros2_ws/install/moveit_resources_panda_description/share/moveit_resources_panda_description/package.xml
[0.353s] -- Installing: /home/drawmemaybe/DrawMeMaybe/ros2_ws/install/moveit_resources_panda_description/share/moveit_resources_panda_description/meshes
[0.353s] -- Installing: /home/drawmemaybe/DrawMeMaybe/ros2_ws/install/moveit_resources_panda_description/share/moveit_resources_panda_description/meshes/collision
[0.353s] -- Installing: /home/drawmemaybe/DrawMeMaybe/ros2_ws/install/moveit_resources_panda_description/share/moveit_resources_panda_description/meshes/collision/link2.stl
[0.353s] -- Installing: /home/drawmemaybe/DrawMeMaybe/ros2_ws/install/moveit_resources_panda_description/share/moveit_resources_panda_description/meshes/collision/link4.stl
[0.353s] -- Installing: /home/drawmemaybe/DrawMeMaybe/ros2_ws/install/moveit_resources_panda_description/share/moveit_resources_panda_description/meshes/collision/link6.stl
[0.353s] -- Installing: /home/drawmemaybe/DrawMeMaybe/ros2_ws/install/moveit_resources_panda_description/share/moveit_resources_panda_description/meshes/collision/link7.stl
[0.353s] -- Installing: /home/drawmemaybe/DrawMeMaybe/ros2_ws/install/moveit_resources_panda_description/share/moveit_resources_panda_description/meshes/collision/link0.stl
[0.353s] -- Installing: /home/drawmemaybe/DrawMeMaybe/ros2_ws/install/moveit_resources_panda_description/share/moveit_resources_panda_description/meshes/collision/hand.stl
[0.353s] -- Installing: /home/drawmemaybe/DrawMeMaybe/ros2_ws/install/moveit_resources_panda_description/share/moveit_resources_panda_description/meshes/collision/finger.stl
[0.353s] -- Installing: /home/drawmemaybe/DrawMeMaybe/ros2_ws/install/moveit_resources_panda_description/share/moveit_resources_panda_description/meshes/collision/link5.stl
[0.353s] -- Installing: /home/drawmemaybe/DrawMeMaybe/ros2_ws/install/moveit_resources_panda_description/share/moveit_resources_panda_description/meshes/collision/link3.stl
[0.354s] -- Installing: /home/drawmemaybe/DrawMeMaybe/ros2_ws/install/moveit_resources_panda_description/share/moveit_resources_panda_description/meshes/collision/link1.stl
[0.354s] -- Installing: /home/drawmemaybe/DrawMeMaybe/ros2_ws/install/moveit_resources_panda_description/share/moveit_resources_panda_description/meshes/visual
[0.354s] -- Installing: /home/drawmemaybe/DrawMeMaybe/ros2_ws/install/moveit_resources_panda_description/share/moveit_resources_panda_description/meshes/visual/link4.dae
[0.354s] -- Installing: /home/drawmemaybe/DrawMeMaybe/ros2_ws/install/moveit_resources_panda_description/share/moveit_resources_panda_description/meshes/visual/link3.dae
[0.354s] -- Installing: /home/drawmemaybe/DrawMeMaybe/ros2_ws/install/moveit_resources_panda_description/share/moveit_resources_panda_description/meshes/visual/link0.dae
[0.355s] -- Installing: /home/drawmemaybe/DrawMeMaybe/ros2_ws/install/moveit_resources_panda_description/share/moveit_resources_panda_description/meshes/visual/link1.dae
[0.355s] -- Installing: /home/drawmemaybe/DrawMeMaybe/ros2_ws/install/moveit_resources_panda_description/share/moveit_resources_panda_description/meshes/visual/link7.dae
[0.356s] -- Installing: /home/drawmemaybe/DrawMeMaybe/ros2_ws/install/moveit_resources_panda_description/share/moveit_resources_panda_description/meshes/visual/link6.dae
[0.356s] -- Installing: /home/drawmemaybe/DrawMeMaybe/ros2_ws/install/moveit_resources_panda_description/share/moveit_resources_panda_description/meshes/visual/hand.dae
[0.356s] -- Installing: /home/drawmemaybe/DrawMeMaybe/ros2_ws/install/moveit_resources_panda_description/share/moveit_resources_panda_description/meshes/visual/finger.dae
[0.356s] -- Installing: /home/drawmemaybe/DrawMeMaybe/ros2_ws/install/moveit_resources_panda_description/share/moveit_resources_panda_description/meshes/visual/link2.dae
[0.357s] -- Installing: /home/drawmemaybe/DrawMeMaybe/ros2_ws/install/moveit_resources_panda_description/share/moveit_resources_panda_description/meshes/visual/link5.dae
[0.357s] -- Installing: /home/drawmemaybe/DrawMeMaybe/ros2_ws/install/moveit_resources_panda_description/share/moveit_resources_panda_description/urdf
[0.357s] -- Installing: /home/drawmemaybe/DrawMeMaybe/ros2_ws/install/moveit_resources_panda_description/share/moveit_resources_panda_description/urdf/panda.urdf
[0.359s] Invoked command in '/home/drawmemaybe/DrawMeMaybe/ros2_ws/build/moveit_resources_panda_description' returned '0': CMAKE_PREFIX_PATH=/opt/ros/humble /usr/bin/cmake --install /home/drawmemaybe/DrawMeMaybe/ros2_ws/build/moveit_resources_panda_description
