[0.015s] Invoking command in '/home/drawmemaybe/DrawMeMaybe/ros2_ws/build/moveit_common': CMAKE_PREFIX_PATH=/opt/ros/humble /usr/bin/cmake /home/drawmemaybe/DrawMeMaybe/ros2_ws/src/moveit2/moveit_common -DCMAKE_INSTALL_PREFIX=/home/drawmemaybe/DrawMeMaybe/ros2_ws/install/moveit_common
[0.217s] -- Found ament_cmake: 1.3.12 (/opt/ros/humble/share/ament_cmake/cmake)
[0.217s] -- Found Python3: /usr/bin/python3 (found version "3.10.12") found components: Interpreter 
[0.217s] -- Found ament_lint_auto: 0.12.14 (/opt/ros/humble/share/ament_lint_auto/cmake)
[0.217s] -- Added test 'copyright' to check source files copyright and LICENSE
[0.217s] -- Added test 'lint_cmake' to check CMake code style
[0.217s] -- Added test 'xmllint' to check XML markup files
[0.217s] -- Configuring done
[0.217s] -- Generating done
[0.217s] -- Build files have been written to: /home/drawmemaybe/DrawMeMaybe/ros2_ws/build/moveit_common
[0.219s] Invoked command in '/home/drawmemaybe/DrawMeMaybe/ros2_ws/build/moveit_common' returned '0': CMAKE_PREFIX_PATH=/opt/ros/humble /usr/bin/cmake /home/drawmemaybe/DrawMeMaybe/ros2_ws/src/moveit2/moveit_common -DCMAKE_INSTALL_PREFIX=/home/drawmemaybe/DrawMeMaybe/ros2_ws/install/moveit_common
[0.220s] Invoking command in '/home/drawmemaybe/DrawMeMaybe/ros2_ws/build/moveit_common': CMAKE_PREFIX_PATH=/opt/ros/humble /usr/bin/cmake --build /home/drawmemaybe/DrawMeMaybe/ros2_ws/build/moveit_common -- -j24 -l24
[0.236s] Invoked command in '/home/drawmemaybe/DrawMeMaybe/ros2_ws/build/moveit_common' returned '0': CMAKE_PREFIX_PATH=/opt/ros/humble /usr/bin/cmake --build /home/drawmemaybe/DrawMeMaybe/ros2_ws/build/moveit_common -- -j24 -l24
[0.240s] Invoking command in '/home/drawmemaybe/DrawMeMaybe/ros2_ws/build/moveit_common': CMAKE_PREFIX_PATH=/opt/ros/humble /usr/bin/cmake --install /home/drawmemaybe/DrawMeMaybe/ros2_ws/build/moveit_common
[0.243s] -- Install configuration: ""
[0.244s] -- Installing: /home/drawmemaybe/DrawMeMaybe/ros2_ws/install/moveit_common/share/ament_index/resource_index/package_run_dependencies/moveit_common
[0.244s] -- Installing: /home/drawmemaybe/DrawMeMaybe/ros2_ws/install/moveit_common/share/ament_index/resource_index/parent_prefix_path/moveit_common
[0.244s] -- Installing: /home/drawmemaybe/DrawMeMaybe/ros2_ws/install/moveit_common/share/moveit_common/environment/ament_prefix_path.sh
[0.244s] -- Installing: /home/drawmemaybe/DrawMeMaybe/ros2_ws/install/moveit_common/share/moveit_common/environment/ament_prefix_path.dsv
[0.244s] -- Installing: /home/drawmemaybe/DrawMeMaybe/ros2_ws/install/moveit_common/share/moveit_common/environment/path.sh
[0.244s] -- Installing: /home/drawmemaybe/DrawMeMaybe/ros2_ws/install/moveit_common/share/moveit_common/environment/path.dsv
[0.244s] -- Installing: /home/drawmemaybe/DrawMeMaybe/ros2_ws/install/moveit_common/share/moveit_common/local_setup.bash
[0.244s] -- Installing: /home/drawmemaybe/DrawMeMaybe/ros2_ws/install/moveit_common/share/moveit_common/local_setup.sh
[0.244s] -- Installing: /home/drawmemaybe/DrawMeMaybe/ros2_ws/install/moveit_common/share/moveit_common/local_setup.zsh
[0.244s] -- Installing: /home/drawmemaybe/DrawMeMaybe/ros2_ws/install/moveit_common/share/moveit_common/local_setup.dsv
[0.244s] -- Installing: /home/drawmemaybe/DrawMeMaybe/ros2_ws/install/moveit_common/share/moveit_common/package.dsv
[0.244s] -- Installing: /home/drawmemaybe/DrawMeMaybe/ros2_ws/install/moveit_common/share/ament_index/resource_index/packages/moveit_common
[0.244s] -- Installing: /home/drawmemaybe/DrawMeMaybe/ros2_ws/install/moveit_common/share/moveit_common/cmake/moveit_common-extras.cmake
[0.244s] -- Installing: /home/drawmemaybe/DrawMeMaybe/ros2_ws/install/moveit_common/share/moveit_common/cmake/moveit_commonConfig.cmake
[0.244s] -- Installing: /home/drawmemaybe/DrawMeMaybe/ros2_ws/install/moveit_common/share/moveit_common/cmake/moveit_commonConfig-version.cmake
[0.244s] -- Installing: /home/drawmemaybe/DrawMeMaybe/ros2_ws/install/moveit_common/share/moveit_common/package.xml
[0.244s] -- Up-to-date: /home/drawmemaybe/DrawMeMaybe/ros2_ws/install/moveit_common/share/moveit_common/cmake
[0.244s] -- Installing: /home/drawmemaybe/DrawMeMaybe/ros2_ws/install/moveit_common/share/moveit_common/cmake/moveit_package.cmake
[0.245s] Invoked command in '/home/drawmemaybe/DrawMeMaybe/ros2_ws/build/moveit_common' returned '0': CMAKE_PREFIX_PATH=/opt/ros/humble /usr/bin/cmake --install /home/drawmemaybe/DrawMeMaybe/ros2_ws/build/moveit_common
