[0.230s] Invoking command in '/home/drawmemaybe/DrawMeMaybe/ros2_ws/src/my_sample_pkg_python': PYTHONPATH=/home/drawmemaybe/DrawMeMaybe/ros2_ws/build/my_sample_pkg_python/prefix_override:/usr/lib/python3/dist-packages/colcon_core/task/python/colcon_distutils_commands:/home/drawmemaybe/DrawMeMaybe/ros2_ws/install/my_sample_pkg_python/lib/python3.10/site-packages:${PYTHONPATH} /usr/bin/python3 -W ignore:setup.py install is deprecated -W ignore:easy_install command is deprecated setup.py egg_info --egg-base ../../build/my_sample_pkg_python build --build-base /home/drawmemaybe/DrawMeMaybe/ros2_ws/build/my_sample_pkg_python/build install --record /home/drawmemaybe/DrawMeMaybe/ros2_ws/build/my_sample_pkg_python/install.log --single-version-externally-managed install_data
[0.315s] running egg_info
[0.316s] writing ../../build/my_sample_pkg_python/my_sample_pkg_python.egg-info/PKG-INFO
[0.316s] writing dependency_links to ../../build/my_sample_pkg_python/my_sample_pkg_python.egg-info/dependency_links.txt
[0.316s] writing entry points to ../../build/my_sample_pkg_python/my_sample_pkg_python.egg-info/entry_points.txt
[0.316s] writing requirements to ../../build/my_sample_pkg_python/my_sample_pkg_python.egg-info/requires.txt
[0.316s] writing top-level names to ../../build/my_sample_pkg_python/my_sample_pkg_python.egg-info/top_level.txt
[0.316s] reading manifest file '../../build/my_sample_pkg_python/my_sample_pkg_python.egg-info/SOURCES.txt'
[0.317s] writing manifest file '../../build/my_sample_pkg_python/my_sample_pkg_python.egg-info/SOURCES.txt'
[0.317s] running build
[0.317s] running build_py
[0.317s] running install
[0.317s] running install_lib
[0.318s] running install_data
[0.318s] running install_egg_info
[0.318s] removing '/home/drawmemaybe/DrawMeMaybe/ros2_ws/install/my_sample_pkg_python/lib/python3.10/site-packages/my_sample_pkg_python-0.0.0-py3.10.egg-info' (and everything under it)
[0.318s] Copying ../../build/my_sample_pkg_python/my_sample_pkg_python.egg-info to /home/drawmemaybe/DrawMeMaybe/ros2_ws/install/my_sample_pkg_python/lib/python3.10/site-packages/my_sample_pkg_python-0.0.0-py3.10.egg-info
[0.319s] running install_scripts
[0.326s] Installing test_node script to /home/drawmemaybe/DrawMeMaybe/ros2_ws/install/my_sample_pkg_python/lib/my_sample_pkg_python
[0.327s] writing list of installed files to '/home/drawmemaybe/DrawMeMaybe/ros2_ws/build/my_sample_pkg_python/install.log'
[0.336s] Invoked command in '/home/drawmemaybe/DrawMeMaybe/ros2_ws/src/my_sample_pkg_python' returned '0': PYTHONPATH=/home/drawmemaybe/DrawMeMaybe/ros2_ws/build/my_sample_pkg_python/prefix_override:/usr/lib/python3/dist-packages/colcon_core/task/python/colcon_distutils_commands:/home/drawmemaybe/DrawMeMaybe/ros2_ws/install/my_sample_pkg_python/lib/python3.10/site-packages:${PYTHONPATH} /usr/bin/python3 -W ignore:setup.py install is deprecated -W ignore:easy_install command is deprecated setup.py egg_info --egg-base ../../build/my_sample_pkg_python build --build-base /home/drawmemaybe/DrawMeMaybe/ros2_ws/build/my_sample_pkg_python/build install --record /home/drawmemaybe/DrawMeMaybe/ros2_ws/build/my_sample_pkg_python/install.log --single-version-externally-managed install_data
