[0.015s] Invoking command in '/home/drawmemaybe/DrawMeMaybe/ros2_ws/build/moveit_hybrid_planning': AMENT_PREFIX_PATH=/home/drawmemaybe/DrawMeMaybe/ros2_ws/install/moveit_ros_planning_interface:/home/drawmemaybe/DrawMeMaybe/ros2_ws/install/moveit_ros_move_group:/home/drawmemaybe/DrawMeMaybe/ros2_ws/install/moveit_ros_warehouse:/home/drawmemaybe/DrawMeMaybe/ros2_ws/install/moveit_planners_ompl:/home/drawmemaybe/DrawMeMaybe/ros2_ws/install/moveit_kinematics:/home/drawmemaybe/DrawMeMaybe/ros2_ws/install/moveit_ros_planning:/home/drawmemaybe/DrawMeMaybe/ros2_ws/install/moveit_simple_controller_manager:/home/drawmemaybe/DrawMeMaybe/ros2_ws/install/moveit_ros_occupancy_map_monitor:/home/drawmemaybe/DrawMeMaybe/ros2_ws/install/moveit_core:/home/drawmemaybe/DrawMeMaybe/ros2_ws/install/moveit_resources_panda_moveit_config:/home/drawmemaybe/DrawMeMaybe/ros2_ws/install/moveit_resources_fanuc_moveit_config:/home/drawmemaybe/DrawMeMaybe/ros2_ws/install/moveit_configs_utils:/home/drawmemaybe/DrawMeMaybe/ros2_ws/install/srdfdom:/home/drawmemaybe/DrawMeMaybe/ros2_ws/install/moveit_resources_pr2_description:/home/drawmemaybe/DrawMeMaybe/ros2_ws/install/moveit_resources_panda_description:/home/drawmemaybe/DrawMeMaybe/ros2_ws/install/moveit_resources_fanuc_description:/home/drawmemaybe/DrawMeMaybe/ros2_ws/install/moveit_common:/home/drawmemaybe/DrawMeMaybe/ros2_ws/install/launch_param_builder:${AMENT_PREFIX_PATH} CMAKE_PREFIX_PATH=/home/drawmemaybe/DrawMeMaybe/ros2_ws/install/moveit_ros_planning_interface:/home/drawmemaybe/DrawMeMaybe/ros2_ws/install/moveit_ros_move_group:/home/drawmemaybe/DrawMeMaybe/ros2_ws/install/moveit_ros_warehouse:/home/drawmemaybe/DrawMeMaybe/ros2_ws/install/moveit_planners_ompl:/home/drawmemaybe/DrawMeMaybe/ros2_ws/install/moveit_kinematics:/home/drawmemaybe/DrawMeMaybe/ros2_ws/install/moveit_ros_planning:/home/drawmemaybe/DrawMeMaybe/ros2_ws/install/moveit_simple_controller_manager:/home/drawmemaybe/DrawMeMaybe/ros2_ws/install/moveit_ros_occupancy_map_monitor:/home/drawmemaybe/DrawMeMaybe/ros2_ws/install/moveit_core:/home/drawmemaybe/DrawMeMaybe/ros2_ws/install/moveit_resources_panda_moveit_config:/home/drawmemaybe/DrawMeMaybe/ros2_ws/install/moveit_resources_fanuc_moveit_config:/home/drawmemaybe/DrawMeMaybe/ros2_ws/install/srdfdom:/home/drawmemaybe/DrawMeMaybe/ros2_ws/install/moveit_resources_pr2_description:/home/drawmemaybe/DrawMeMaybe/ros2_ws/install/moveit_resources_panda_description:/home/drawmemaybe/DrawMeMaybe/ros2_ws/install/moveit_resources_fanuc_description:/home/drawmemaybe/DrawMeMaybe/ros2_ws/install/moveit_common:/opt/ros/humble LD_LIBRARY_PATH=/home/drawmemaybe/DrawMeMaybe/ros2_ws/install/moveit_ros_planning_interface/lib:/home/drawmemaybe/DrawMeMaybe/ros2_ws/install/moveit_ros_move_group/lib:/home/drawmemaybe/DrawMeMaybe/ros2_ws/install/moveit_ros_warehouse/lib:/home/drawmemaybe/DrawMeMaybe/ros2_ws/install/moveit_planners_ompl/lib:/home/drawmemaybe/DrawMeMaybe/ros2_ws/install/moveit_kinematics/lib:/home/drawmemaybe/DrawMeMaybe/ros2_ws/install/moveit_ros_planning/lib:/home/drawmemaybe/DrawMeMaybe/ros2_ws/install/moveit_simple_controller_manager/lib:/home/drawmemaybe/DrawMeMaybe/ros2_ws/install/moveit_ros_occupancy_map_monitor/lib:/home/drawmemaybe/DrawMeMaybe/ros2_ws/install/moveit_core/lib:/home/drawmemaybe/DrawMeMaybe/ros2_ws/install/srdfdom/lib:${LD_LIBRARY_PATH} PATH=/home/drawmemaybe/DrawMeMaybe/ros2_ws/install/moveit_core/bin:${PATH} PYTHONPATH=/home/drawmemaybe/DrawMeMaybe/ros2_ws/install/moveit_configs_utils/lib/python3.10/site-packages:/home/drawmemaybe/DrawMeMaybe/ros2_ws/install/srdfdom/local/lib/python3.10/dist-packages:/home/drawmemaybe/DrawMeMaybe/ros2_ws/install/launch_param_builder/lib/python3.10/site-packages:${PYTHONPATH} /usr/bin/cmake /home/drawmemaybe/DrawMeMaybe/ros2_ws/src/moveit2/moveit_ros/hybrid_planning -DCMAKE_INSTALL_PREFIX=/home/drawmemaybe/DrawMeMaybe/ros2_ws/install/moveit_hybrid_planning
[0.037s] -- The C compiler identification is GNU 11.4.0
[0.061s] -- The CXX compiler identification is GNU 11.4.0
[0.064s] -- Detecting C compiler ABI info
[0.094s] -- Detecting C compiler ABI info - done
[0.096s] -- Check for working C compiler: /usr/bin/cc - skipped
[0.097s] -- Detecting C compile features
[0.097s] -- Detecting C compile features - done
[0.098s] -- Detecting CXX compiler ABI info
[0.132s] -- Detecting CXX compiler ABI info - done
[0.135s] -- Check for working CXX compiler: /usr/bin/c++ - skipped
[0.135s] -- Detecting CXX compile features
[0.135s] -- Detecting CXX compile features - done
[0.136s] -- Found moveit_common: 2.5.9 (/home/drawmemaybe/DrawMeMaybe/ros2_ws/install/moveit_common/share/moveit_common/cmake)
[0.137s] -- Found ament_cmake: 1.3.12 (/opt/ros/humble/share/ament_cmake/cmake)
[0.205s] -- Found Python3: /usr/bin/python3 (found version "3.10.12") found components: Interpreter 
[0.275s] [0mmoveit_hybrid_planning: You did not request a specific build type: Choosing 'Release' for maximum performance[0m
[0.276s] -- Found moveit_core: 2.5.9 (/home/drawmemaybe/DrawMeMaybe/ros2_ws/install/moveit_core/share/moveit_core/cmake)
[0.406s] -- Found Boost: /usr/lib/x86_64-linux-gnu/cmake/Boost-1.74.0/BoostConfig.cmake (found version "1.74.0") found components: chrono date_time filesystem iostreams program_options regex serialization system thread 
[0.431s] -- Found parameter_traits: 0.5.0 (/opt/ros/humble/share/parameter_traits/cmake)
[0.450s] -- Found rosidl_generator_c: 3.1.7 (/opt/ros/humble/share/rosidl_generator_c/cmake)
[0.453s] -- Found rosidl_adapter: 3.1.7 (/opt/ros/humble/share/rosidl_adapter/cmake)
[0.457s] -- Found rosidl_generator_cpp: 3.1.7 (/opt/ros/humble/share/rosidl_generator_cpp/cmake)
[0.462s] -- Using all available rosidl_typesupport_c: rosidl_typesupport_fastrtps_c;rosidl_typesupport_introspection_c
[0.470s] -- Using all available rosidl_typesupport_cpp: rosidl_typesupport_fastrtps_cpp;rosidl_typesupport_introspection_cpp
[0.490s] -- Found rmw_implementation_cmake: 6.1.2 (/opt/ros/humble/share/rmw_implementation_cmake/cmake)
[0.492s] -- Found rmw_fastrtps_cpp: 6.2.9 (/opt/ros/humble/share/rmw_fastrtps_cpp/cmake)
[0.530s] -- Found OpenSSL: /usr/lib/x86_64-linux-gnu/libcrypto.so (found version "3.0.2")  
[0.542s] -- Found FastRTPS: /opt/ros/humble/include  
[0.559s] -- Using RMW implementation 'rmw_fastrtps_cpp' as default
[0.564s] -- Found Threads: TRUE  
[0.589s] -- Found rclcpp_lifecycle: 16.0.16 (/opt/ros/humble/share/rclcpp_lifecycle/cmake)
[0.600s] -- Found Boost: /usr/lib/x86_64-linux-gnu/cmake/Boost-1.74.0/BoostConfig.cmake (found version "1.74.0") found components: filesystem 
[0.641s] -- library: /usr/lib/x86_64-linux-gnu/libcurl.so
[0.670s] -- Found Eigen3: TRUE (found version "3.4.0") 
[0.670s] -- Ensuring Eigen3 include directory is part of orocos-kdl CMake target
[0.772s] -- Found moveit_ros_planning: 2.5.9 (/home/drawmemaybe/DrawMeMaybe/ros2_ws/install/moveit_ros_planning/share/moveit_ros_planning/cmake)
[0.774s] -- Found Boost: /usr/lib/x86_64-linux-gnu/cmake/Boost-1.74.0/BoostConfig.cmake (found version "1.74.0") found components: system filesystem date_time program_options thread chrono 
[0.783s] -- Found moveit_ros_planning_interface: 2.5.9 (/home/drawmemaybe/DrawMeMaybe/ros2_ws/install/moveit_ros_planning_interface/share/moveit_ros_planning_interface/cmake)
[0.785s] -- Found Boost: /usr/lib/x86_64-linux-gnu/cmake/Boost-1.74.0/BoostConfig.cmake (found version "1.74.0") found components: date_time filesystem program_options system thread 
[0.791s] -- Found Boost: /usr/lib/x86_64-linux-gnu/cmake/Boost-1.74.0/BoostConfig.cmake (found version "1.74.0") found components: thread system filesystem regex date_time program_options 
[0.800s] -- Found Boost: /usr/lib/x86_64-linux-gnu/cmake/Boost-1.74.0/BoostConfig.cmake (found version "1.74.0") found components: system filesystem date_time program_options thread 
[0.856s] -- Found ament_lint_auto: 0.12.14 (/opt/ros/humble/share/ament_lint_auto/cmake)
[0.857s] -- Found ament_cmake_gtest: 1.3.12 (/opt/ros/humble/share/ament_cmake_gtest/cmake)
[0.858s] -- Found ros_testing: 0.4.0 (/opt/ros/humble/share/ros_testing/cmake)
[0.859s] -- Found launch_testing_ament_cmake: 1.0.13 (/opt/ros/humble/share/launch_testing_ament_cmake/cmake)
[0.860s] -- Found python_cmake_module: 0.10.0 (/opt/ros/humble/share/python_cmake_module/cmake)
[0.870s] -- Found PythonInterp: /usr/bin/python3 (found suitable version "3.10.12", minimum required is "3.6") 
[0.873s] -- Found PythonLibs: /usr/lib/x86_64-linux-gnu/libpython3.10.so (found suitable version "3.10.12", minimum required is "3.5") 
[0.873s] -- Using PYTHON_EXECUTABLE: /usr/bin/python3
[0.873s] -- Using PYTHON_INCLUDE_DIRS: /usr/include/python3.10
[0.873s] -- Using PYTHON_LIBRARIES: /usr/lib/x86_64-linux-gnu/libpython3.10.so
[0.883s] -- Found PythonExtra: .so  
[0.886s] -- Found Boost: /usr/lib/x86_64-linux-gnu/cmake/Boost-1.74.0/BoostConfig.cmake (found version "1.74.0") found components: filesystem 
[0.901s] -- Configuring done
[0.967s] -- Generating done
[0.987s] -- Build files have been written to: /home/drawmemaybe/DrawMeMaybe/ros2_ws/build/moveit_hybrid_planning
[1.004s] Invoked command in '/home/drawmemaybe/DrawMeMaybe/ros2_ws/build/moveit_hybrid_planning' returned '0': AMENT_PREFIX_PATH=/home/drawmemaybe/DrawMeMaybe/ros2_ws/install/moveit_ros_planning_interface:/home/drawmemaybe/DrawMeMaybe/ros2_ws/install/moveit_ros_move_group:/home/drawmemaybe/DrawMeMaybe/ros2_ws/install/moveit_ros_warehouse:/home/drawmemaybe/DrawMeMaybe/ros2_ws/install/moveit_planners_ompl:/home/drawmemaybe/DrawMeMaybe/ros2_ws/install/moveit_kinematics:/home/drawmemaybe/DrawMeMaybe/ros2_ws/install/moveit_ros_planning:/home/drawmemaybe/DrawMeMaybe/ros2_ws/install/moveit_simple_controller_manager:/home/drawmemaybe/DrawMeMaybe/ros2_ws/install/moveit_ros_occupancy_map_monitor:/home/drawmemaybe/DrawMeMaybe/ros2_ws/install/moveit_core:/home/drawmemaybe/DrawMeMaybe/ros2_ws/install/moveit_resources_panda_moveit_config:/home/drawmemaybe/DrawMeMaybe/ros2_ws/install/moveit_resources_fanuc_moveit_config:/home/drawmemaybe/DrawMeMaybe/ros2_ws/install/moveit_configs_utils:/home/drawmemaybe/DrawMeMaybe/ros2_ws/install/srdfdom:/home/drawmemaybe/DrawMeMaybe/ros2_ws/install/moveit_resources_pr2_description:/home/drawmemaybe/DrawMeMaybe/ros2_ws/install/moveit_resources_panda_description:/home/drawmemaybe/DrawMeMaybe/ros2_ws/install/moveit_resources_fanuc_description:/home/drawmemaybe/DrawMeMaybe/ros2_ws/install/moveit_common:/home/drawmemaybe/DrawMeMaybe/ros2_ws/install/launch_param_builder:${AMENT_PREFIX_PATH} CMAKE_PREFIX_PATH=/home/drawmemaybe/DrawMeMaybe/ros2_ws/install/moveit_ros_planning_interface:/home/drawmemaybe/DrawMeMaybe/ros2_ws/install/moveit_ros_move_group:/home/drawmemaybe/DrawMeMaybe/ros2_ws/install/moveit_ros_warehouse:/home/drawmemaybe/DrawMeMaybe/ros2_ws/install/moveit_planners_ompl:/home/drawmemaybe/DrawMeMaybe/ros2_ws/install/moveit_kinematics:/home/drawmemaybe/DrawMeMaybe/ros2_ws/install/moveit_ros_planning:/home/drawmemaybe/DrawMeMaybe/ros2_ws/install/moveit_simple_controller_manager:/home/drawmemaybe/DrawMeMaybe/ros2_ws/install/moveit_ros_occupancy_map_monitor:/home/drawmemaybe/DrawMeMaybe/ros2_ws/install/moveit_core:/home/drawmemaybe/DrawMeMaybe/ros2_ws/install/moveit_resources_panda_moveit_config:/home/drawmemaybe/DrawMeMaybe/ros2_ws/install/moveit_resources_fanuc_moveit_config:/home/drawmemaybe/DrawMeMaybe/ros2_ws/install/srdfdom:/home/drawmemaybe/DrawMeMaybe/ros2_ws/install/moveit_resources_pr2_description:/home/drawmemaybe/DrawMeMaybe/ros2_ws/install/moveit_resources_panda_description:/home/drawmemaybe/DrawMeMaybe/ros2_ws/install/moveit_resources_fanuc_description:/home/drawmemaybe/DrawMeMaybe/ros2_ws/install/moveit_common:/opt/ros/humble LD_LIBRARY_PATH=/home/drawmemaybe/DrawMeMaybe/ros2_ws/install/moveit_ros_planning_interface/lib:/home/drawmemaybe/DrawMeMaybe/ros2_ws/install/moveit_ros_move_group/lib:/home/drawmemaybe/DrawMeMaybe/ros2_ws/install/moveit_ros_warehouse/lib:/home/drawmemaybe/DrawMeMaybe/ros2_ws/install/moveit_planners_ompl/lib:/home/drawmemaybe/DrawMeMaybe/ros2_ws/install/moveit_kinematics/lib:/home/drawmemaybe/DrawMeMaybe/ros2_ws/install/moveit_ros_planning/lib:/home/drawmemaybe/DrawMeMaybe/ros2_ws/install/moveit_simple_controller_manager/lib:/home/drawmemaybe/DrawMeMaybe/ros2_ws/install/moveit_ros_occupancy_map_monitor/lib:/home/drawmemaybe/DrawMeMaybe/ros2_ws/install/moveit_core/lib:/home/drawmemaybe/DrawMeMaybe/ros2_ws/install/srdfdom/lib:${LD_LIBRARY_PATH} PATH=/home/drawmemaybe/DrawMeMaybe/ros2_ws/install/moveit_core/bin:${PATH} PYTHONPATH=/home/drawmemaybe/DrawMeMaybe/ros2_ws/install/moveit_configs_utils/lib/python3.10/site-packages:/home/drawmemaybe/DrawMeMaybe/ros2_ws/install/srdfdom/local/lib/python3.10/dist-packages:/home/drawmemaybe/DrawMeMaybe/ros2_ws/install/launch_param_builder/lib/python3.10/site-packages:${PYTHONPATH} /usr/bin/cmake /home/drawmemaybe/DrawMeMaybe/ros2_ws/src/moveit2/moveit_ros/hybrid_planning -DCMAKE_INSTALL_PREFIX=/home/drawmemaybe/DrawMeMaybe/ros2_ws/install/moveit_hybrid_planning
[1.005s] Invoking command in '/home/drawmemaybe/DrawMeMaybe/ros2_ws/build/moveit_hybrid_planning': AMENT_PREFIX_PATH=/home/drawmemaybe/DrawMeMaybe/ros2_ws/install/moveit_ros_planning_interface:/home/drawmemaybe/DrawMeMaybe/ros2_ws/install/moveit_ros_move_group:/home/drawmemaybe/DrawMeMaybe/ros2_ws/install/moveit_ros_warehouse:/home/drawmemaybe/DrawMeMaybe/ros2_ws/install/moveit_planners_ompl:/home/drawmemaybe/DrawMeMaybe/ros2_ws/install/moveit_kinematics:/home/drawmemaybe/DrawMeMaybe/ros2_ws/install/moveit_ros_planning:/home/drawmemaybe/DrawMeMaybe/ros2_ws/install/moveit_simple_controller_manager:/home/drawmemaybe/DrawMeMaybe/ros2_ws/install/moveit_ros_occupancy_map_monitor:/home/drawmemaybe/DrawMeMaybe/ros2_ws/install/moveit_core:/home/drawmemaybe/DrawMeMaybe/ros2_ws/install/moveit_resources_panda_moveit_config:/home/drawmemaybe/DrawMeMaybe/ros2_ws/install/moveit_resources_fanuc_moveit_config:/home/drawmemaybe/DrawMeMaybe/ros2_ws/install/moveit_configs_utils:/home/drawmemaybe/DrawMeMaybe/ros2_ws/install/srdfdom:/home/drawmemaybe/DrawMeMaybe/ros2_ws/install/moveit_resources_pr2_description:/home/drawmemaybe/DrawMeMaybe/ros2_ws/install/moveit_resources_panda_description:/home/drawmemaybe/DrawMeMaybe/ros2_ws/install/moveit_resources_fanuc_description:/home/drawmemaybe/DrawMeMaybe/ros2_ws/install/moveit_common:/home/drawmemaybe/DrawMeMaybe/ros2_ws/install/launch_param_builder:${AMENT_PREFIX_PATH} CMAKE_PREFIX_PATH=/home/drawmemaybe/DrawMeMaybe/ros2_ws/install/moveit_ros_planning_interface:/home/drawmemaybe/DrawMeMaybe/ros2_ws/install/moveit_ros_move_group:/home/drawmemaybe/DrawMeMaybe/ros2_ws/install/moveit_ros_warehouse:/home/drawmemaybe/DrawMeMaybe/ros2_ws/install/moveit_planners_ompl:/home/drawmemaybe/DrawMeMaybe/ros2_ws/install/moveit_kinematics:/home/drawmemaybe/DrawMeMaybe/ros2_ws/install/moveit_ros_planning:/home/drawmemaybe/DrawMeMaybe/ros2_ws/install/moveit_simple_controller_manager:/home/drawmemaybe/DrawMeMaybe/ros2_ws/install/moveit_ros_occupancy_map_monitor:/home/drawmemaybe/DrawMeMaybe/ros2_ws/install/moveit_core:/home/drawmemaybe/DrawMeMaybe/ros2_ws/install/moveit_resources_panda_moveit_config:/home/drawmemaybe/DrawMeMaybe/ros2_ws/install/moveit_resources_fanuc_moveit_config:/home/drawmemaybe/DrawMeMaybe/ros2_ws/install/srdfdom:/home/drawmemaybe/DrawMeMaybe/ros2_ws/install/moveit_resources_pr2_description:/home/drawmemaybe/DrawMeMaybe/ros2_ws/install/moveit_resources_panda_description:/home/drawmemaybe/DrawMeMaybe/ros2_ws/install/moveit_resources_fanuc_description:/home/drawmemaybe/DrawMeMaybe/ros2_ws/install/moveit_common:/opt/ros/humble LD_LIBRARY_PATH=/home/drawmemaybe/DrawMeMaybe/ros2_ws/install/moveit_ros_planning_interface/lib:/home/drawmemaybe/DrawMeMaybe/ros2_ws/install/moveit_ros_move_group/lib:/home/drawmemaybe/DrawMeMaybe/ros2_ws/install/moveit_ros_warehouse/lib:/home/drawmemaybe/DrawMeMaybe/ros2_ws/install/moveit_planners_ompl/lib:/home/drawmemaybe/DrawMeMaybe/ros2_ws/install/moveit_kinematics/lib:/home/drawmemaybe/DrawMeMaybe/ros2_ws/install/moveit_ros_planning/lib:/home/drawmemaybe/DrawMeMaybe/ros2_ws/install/moveit_simple_controller_manager/lib:/home/drawmemaybe/DrawMeMaybe/ros2_ws/install/moveit_ros_occupancy_map_monitor/lib:/home/drawmemaybe/DrawMeMaybe/ros2_ws/install/moveit_core/lib:/home/drawmemaybe/DrawMeMaybe/ros2_ws/install/srdfdom/lib:${LD_LIBRARY_PATH} PATH=/home/drawmemaybe/DrawMeMaybe/ros2_ws/install/moveit_core/bin:${PATH} PYTHONPATH=/home/drawmemaybe/DrawMeMaybe/ros2_ws/install/moveit_configs_utils/lib/python3.10/site-packages:/home/drawmemaybe/DrawMeMaybe/ros2_ws/install/srdfdom/local/lib/python3.10/dist-packages:/home/drawmemaybe/DrawMeMaybe/ros2_ws/install/launch_param_builder/lib/python3.10/site-packages:${PYTHONPATH} /usr/bin/cmake --build /home/drawmemaybe/DrawMeMaybe/ros2_ws/build/moveit_hybrid_planning -- -j24 -l24
[1.030s] [  5%] [32mBuilding CXX object global_planner/global_planner_component/CMakeFiles/moveit_global_planner_component.dir/src/global_planner_component.cpp.o[0m
[1.030s] [ 10%] [32mBuilding CXX object global_planner/global_planner_plugins/CMakeFiles/motion_planning_pipeline_plugin.dir/src/moveit_planning_pipeline.cpp.o[0m
[1.031s] [ 15%] [32mBuilding CXX object local_planner/trajectory_operator_plugins/CMakeFiles/simple_sampler_plugin.dir/src/simple_sampler.cpp.o[0m
[1.031s] [ 20%] [32mBuilding CXX object hybrid_planning_manager/hybrid_planning_manager_component/CMakeFiles/moveit_hybrid_planning_manager.dir/src/hybrid_planning_manager.cpp.o[0m
[1.031s] [ 25%] [32mBuilding CXX object local_planner/local_planner_component/CMakeFiles/moveit_local_planner_component.dir/src/local_planner_component.cpp.o[0m
[1.032s] [ 30%] [32mBuilding CXX object local_planner/local_constraint_solver_plugins/CMakeFiles/forward_trajectory_plugin.dir/src/forward_trajectory.cpp.o[0m
[6.613s] [ 35%] [32m[1mLinking CXX shared library libsimple_sampler_plugin.so[0m
[6.906s] [ 35%] Built target simple_sampler_plugin
[11.210s] [ 40%] [32m[1mLinking CXX shared library libforward_trajectory_plugin.so[0m
[11.681s] [ 40%] Built target forward_trajectory_plugin
[13.227s] [ 45%] [32m[1mLinking CXX shared library libmotion_planning_pipeline_plugin.so[0m
[13.700s] [ 45%] Built target motion_planning_pipeline_plugin
[19.252s] [ 50%] [32m[1mLinking CXX shared library libmoveit_global_planner_component.so[0m
[19.581s] [ 50%] Built target moveit_global_planner_component
[21.810s] [ 55%] [32m[1mLinking CXX shared library libmoveit_hybrid_planning_manager.so[0m
[22.225s] [ 55%] Built target moveit_hybrid_planning_manager
[22.244s] [ 60%] [32mBuilding CXX object hybrid_planning_manager/planner_logic_plugins/CMakeFiles/single_plan_execution_plugin.dir/src/single_plan_execution.cpp.o[0m
[24.204s] [ 65%] [32m[1mLinking CXX shared library libmoveit_local_planner_component.so[0m
[24.422s] [ 65%] Built target moveit_local_planner_component
[25.750s] [ 70%] [32m[1mLinking CXX shared library libsingle_plan_execution_plugin.so[0m
[25.865s] [ 70%] Built target single_plan_execution_plugin
[25.876s] [ 75%] [32mBuilding CXX object hybrid_planning_manager/planner_logic_plugins/CMakeFiles/replan_invalidated_trajectory_plugin.dir/src/replan_invalidated_trajectory.cpp.o[0m
[29.614s] [ 80%] [32m[1mLinking CXX shared library libreplan_invalidated_trajectory_plugin.so[0m
[30.071s] [ 80%] Built target replan_invalidated_trajectory_plugin
[30.109s] [ 85%] [32mBuilding CXX object test/CMakeFiles/hybrid_planning_demo_node.dir/hybrid_planning_demo_node.cpp.o[0m
[30.110s] [ 90%] [32mBuilding CXX object test/CMakeFiles/cancel_action.dir/cancel_action.cpp.o[0m
[32.909s] [ 95%] [32m[1mLinking CXX executable cancel_action[0m
[33.163s] [ 95%] Built target cancel_action
[42.616s] [100%] [32m[1mLinking CXX executable hybrid_planning_demo_node[0m
[42.818s] [100%] Built target hybrid_planning_demo_node
[42.825s] Invoked command in '/home/drawmemaybe/DrawMeMaybe/ros2_ws/build/moveit_hybrid_planning' returned '0': AMENT_PREFIX_PATH=/home/drawmemaybe/DrawMeMaybe/ros2_ws/install/moveit_ros_planning_interface:/home/drawmemaybe/DrawMeMaybe/ros2_ws/install/moveit_ros_move_group:/home/drawmemaybe/DrawMeMaybe/ros2_ws/install/moveit_ros_warehouse:/home/drawmemaybe/DrawMeMaybe/ros2_ws/install/moveit_planners_ompl:/home/drawmemaybe/DrawMeMaybe/ros2_ws/install/moveit_kinematics:/home/drawmemaybe/DrawMeMaybe/ros2_ws/install/moveit_ros_planning:/home/drawmemaybe/DrawMeMaybe/ros2_ws/install/moveit_simple_controller_manager:/home/drawmemaybe/DrawMeMaybe/ros2_ws/install/moveit_ros_occupancy_map_monitor:/home/drawmemaybe/DrawMeMaybe/ros2_ws/install/moveit_core:/home/drawmemaybe/DrawMeMaybe/ros2_ws/install/moveit_resources_panda_moveit_config:/home/drawmemaybe/DrawMeMaybe/ros2_ws/install/moveit_resources_fanuc_moveit_config:/home/drawmemaybe/DrawMeMaybe/ros2_ws/install/moveit_configs_utils:/home/drawmemaybe/DrawMeMaybe/ros2_ws/install/srdfdom:/home/drawmemaybe/DrawMeMaybe/ros2_ws/install/moveit_resources_pr2_description:/home/drawmemaybe/DrawMeMaybe/ros2_ws/install/moveit_resources_panda_description:/home/drawmemaybe/DrawMeMaybe/ros2_ws/install/moveit_resources_fanuc_description:/home/drawmemaybe/DrawMeMaybe/ros2_ws/install/moveit_common:/home/drawmemaybe/DrawMeMaybe/ros2_ws/install/launch_param_builder:${AMENT_PREFIX_PATH} CMAKE_PREFIX_PATH=/home/drawmemaybe/DrawMeMaybe/ros2_ws/install/moveit_ros_planning_interface:/home/drawmemaybe/DrawMeMaybe/ros2_ws/install/moveit_ros_move_group:/home/drawmemaybe/DrawMeMaybe/ros2_ws/install/moveit_ros_warehouse:/home/drawmemaybe/DrawMeMaybe/ros2_ws/install/moveit_planners_ompl:/home/drawmemaybe/DrawMeMaybe/ros2_ws/install/moveit_kinematics:/home/drawmemaybe/DrawMeMaybe/ros2_ws/install/moveit_ros_planning:/home/drawmemaybe/DrawMeMaybe/ros2_ws/install/moveit_simple_controller_manager:/home/drawmemaybe/DrawMeMaybe/ros2_ws/install/moveit_ros_occupancy_map_monitor:/home/drawmemaybe/DrawMeMaybe/ros2_ws/install/moveit_core:/home/drawmemaybe/DrawMeMaybe/ros2_ws/install/moveit_resources_panda_moveit_config:/home/drawmemaybe/DrawMeMaybe/ros2_ws/install/moveit_resources_fanuc_moveit_config:/home/drawmemaybe/DrawMeMaybe/ros2_ws/install/srdfdom:/home/drawmemaybe/DrawMeMaybe/ros2_ws/install/moveit_resources_pr2_description:/home/drawmemaybe/DrawMeMaybe/ros2_ws/install/moveit_resources_panda_description:/home/drawmemaybe/DrawMeMaybe/ros2_ws/install/moveit_resources_fanuc_description:/home/drawmemaybe/DrawMeMaybe/ros2_ws/install/moveit_common:/opt/ros/humble LD_LIBRARY_PATH=/home/drawmemaybe/DrawMeMaybe/ros2_ws/install/moveit_ros_planning_interface/lib:/home/drawmemaybe/DrawMeMaybe/ros2_ws/install/moveit_ros_move_group/lib:/home/drawmemaybe/DrawMeMaybe/ros2_ws/install/moveit_ros_warehouse/lib:/home/drawmemaybe/DrawMeMaybe/ros2_ws/install/moveit_planners_ompl/lib:/home/drawmemaybe/DrawMeMaybe/ros2_ws/install/moveit_kinematics/lib:/home/drawmemaybe/DrawMeMaybe/ros2_ws/install/moveit_ros_planning/lib:/home/drawmemaybe/DrawMeMaybe/ros2_ws/install/moveit_simple_controller_manager/lib:/home/drawmemaybe/DrawMeMaybe/ros2_ws/install/moveit_ros_occupancy_map_monitor/lib:/home/drawmemaybe/DrawMeMaybe/ros2_ws/install/moveit_core/lib:/home/drawmemaybe/DrawMeMaybe/ros2_ws/install/srdfdom/lib:${LD_LIBRARY_PATH} PATH=/home/drawmemaybe/DrawMeMaybe/ros2_ws/install/moveit_core/bin:${PATH} PYTHONPATH=/home/drawmemaybe/DrawMeMaybe/ros2_ws/install/moveit_configs_utils/lib/python3.10/site-packages:/home/drawmemaybe/DrawMeMaybe/ros2_ws/install/srdfdom/local/lib/python3.10/dist-packages:/home/drawmemaybe/DrawMeMaybe/ros2_ws/install/launch_param_builder/lib/python3.10/site-packages:${PYTHONPATH} /usr/bin/cmake --build /home/drawmemaybe/DrawMeMaybe/ros2_ws/build/moveit_hybrid_planning -- -j24 -l24
[42.826s] Invoking command in '/home/drawmemaybe/DrawMeMaybe/ros2_ws/build/moveit_hybrid_planning': AMENT_PREFIX_PATH=/home/drawmemaybe/DrawMeMaybe/ros2_ws/install/moveit_ros_planning_interface:/home/drawmemaybe/DrawMeMaybe/ros2_ws/install/moveit_ros_move_group:/home/drawmemaybe/DrawMeMaybe/ros2_ws/install/moveit_ros_warehouse:/home/drawmemaybe/DrawMeMaybe/ros2_ws/install/moveit_planners_ompl:/home/drawmemaybe/DrawMeMaybe/ros2_ws/install/moveit_kinematics:/home/drawmemaybe/DrawMeMaybe/ros2_ws/install/moveit_ros_planning:/home/drawmemaybe/DrawMeMaybe/ros2_ws/install/moveit_simple_controller_manager:/home/drawmemaybe/DrawMeMaybe/ros2_ws/install/moveit_ros_occupancy_map_monitor:/home/drawmemaybe/DrawMeMaybe/ros2_ws/install/moveit_core:/home/drawmemaybe/DrawMeMaybe/ros2_ws/install/moveit_resources_panda_moveit_config:/home/drawmemaybe/DrawMeMaybe/ros2_ws/install/moveit_resources_fanuc_moveit_config:/home/drawmemaybe/DrawMeMaybe/ros2_ws/install/moveit_configs_utils:/home/drawmemaybe/DrawMeMaybe/ros2_ws/install/srdfdom:/home/drawmemaybe/DrawMeMaybe/ros2_ws/install/moveit_resources_pr2_description:/home/drawmemaybe/DrawMeMaybe/ros2_ws/install/moveit_resources_panda_description:/home/drawmemaybe/DrawMeMaybe/ros2_ws/install/moveit_resources_fanuc_description:/home/drawmemaybe/DrawMeMaybe/ros2_ws/install/moveit_common:/home/drawmemaybe/DrawMeMaybe/ros2_ws/install/launch_param_builder:${AMENT_PREFIX_PATH} CMAKE_PREFIX_PATH=/home/drawmemaybe/DrawMeMaybe/ros2_ws/install/moveit_ros_planning_interface:/home/drawmemaybe/DrawMeMaybe/ros2_ws/install/moveit_ros_move_group:/home/drawmemaybe/DrawMeMaybe/ros2_ws/install/moveit_ros_warehouse:/home/drawmemaybe/DrawMeMaybe/ros2_ws/install/moveit_planners_ompl:/home/drawmemaybe/DrawMeMaybe/ros2_ws/install/moveit_kinematics:/home/drawmemaybe/DrawMeMaybe/ros2_ws/install/moveit_ros_planning:/home/drawmemaybe/DrawMeMaybe/ros2_ws/install/moveit_simple_controller_manager:/home/drawmemaybe/DrawMeMaybe/ros2_ws/install/moveit_ros_occupancy_map_monitor:/home/drawmemaybe/DrawMeMaybe/ros2_ws/install/moveit_core:/home/drawmemaybe/DrawMeMaybe/ros2_ws/install/moveit_resources_panda_moveit_config:/home/drawmemaybe/DrawMeMaybe/ros2_ws/install/moveit_resources_fanuc_moveit_config:/home/drawmemaybe/DrawMeMaybe/ros2_ws/install/srdfdom:/home/drawmemaybe/DrawMeMaybe/ros2_ws/install/moveit_resources_pr2_description:/home/drawmemaybe/DrawMeMaybe/ros2_ws/install/moveit_resources_panda_description:/home/drawmemaybe/DrawMeMaybe/ros2_ws/install/moveit_resources_fanuc_description:/home/drawmemaybe/DrawMeMaybe/ros2_ws/install/moveit_common:/opt/ros/humble LD_LIBRARY_PATH=/home/drawmemaybe/DrawMeMaybe/ros2_ws/install/moveit_ros_planning_interface/lib:/home/drawmemaybe/DrawMeMaybe/ros2_ws/install/moveit_ros_move_group/lib:/home/drawmemaybe/DrawMeMaybe/ros2_ws/install/moveit_ros_warehouse/lib:/home/drawmemaybe/DrawMeMaybe/ros2_ws/install/moveit_planners_ompl/lib:/home/drawmemaybe/DrawMeMaybe/ros2_ws/install/moveit_kinematics/lib:/home/drawmemaybe/DrawMeMaybe/ros2_ws/install/moveit_ros_planning/lib:/home/drawmemaybe/DrawMeMaybe/ros2_ws/install/moveit_simple_controller_manager/lib:/home/drawmemaybe/DrawMeMaybe/ros2_ws/install/moveit_ros_occupancy_map_monitor/lib:/home/drawmemaybe/DrawMeMaybe/ros2_ws/install/moveit_core/lib:/home/drawmemaybe/DrawMeMaybe/ros2_ws/install/srdfdom/lib:${LD_LIBRARY_PATH} PATH=/home/drawmemaybe/DrawMeMaybe/ros2_ws/install/moveit_core/bin:${PATH} PYTHONPATH=/home/drawmemaybe/DrawMeMaybe/ros2_ws/install/moveit_configs_utils/lib/python3.10/site-packages:/home/drawmemaybe/DrawMeMaybe/ros2_ws/install/srdfdom/local/lib/python3.10/dist-packages:/home/drawmemaybe/DrawMeMaybe/ros2_ws/install/launch_param_builder/lib/python3.10/site-packages:${PYTHONPATH} /usr/bin/cmake --install /home/drawmemaybe/DrawMeMaybe/ros2_ws/build/moveit_hybrid_planning
[42.829s] -- Install configuration: "Release"
[42.830s] -- Installing: /home/drawmemaybe/DrawMeMaybe/ros2_ws/install/moveit_hybrid_planning/lib/libmoveit_global_planner_component.so.2.5.9
[42.830s] -- Set runtime path of "/home/drawmemaybe/DrawMeMaybe/ros2_ws/install/moveit_hybrid_planning/lib/libmoveit_global_planner_component.so.2.5.9" to ""
[42.830s] -- Installing: /home/drawmemaybe/DrawMeMaybe/ros2_ws/install/moveit_hybrid_planning/lib/libmoveit_global_planner_component.so
[42.830s] -- Installing: /home/drawmemaybe/DrawMeMaybe/ros2_ws/install/moveit_hybrid_planning/lib/libmoveit_hybrid_planning_manager.so.2.5.9
[42.831s] -- Set runtime path of "/home/drawmemaybe/DrawMeMaybe/ros2_ws/install/moveit_hybrid_planning/lib/libmoveit_hybrid_planning_manager.so.2.5.9" to ""
[42.831s] -- Installing: /home/drawmemaybe/DrawMeMaybe/ros2_ws/install/moveit_hybrid_planning/lib/libmoveit_hybrid_planning_manager.so
[42.831s] -- Installing: /home/drawmemaybe/DrawMeMaybe/ros2_ws/install/moveit_hybrid_planning/lib/libmoveit_local_planner_component.so.2.5.9
[42.832s] -- Set runtime path of "/home/drawmemaybe/DrawMeMaybe/ros2_ws/install/moveit_hybrid_planning/lib/libmoveit_local_planner_component.so.2.5.9" to ""
[42.832s] -- Installing: /home/drawmemaybe/DrawMeMaybe/ros2_ws/install/moveit_hybrid_planning/lib/libmoveit_local_planner_component.so
[42.832s] -- Installing: /home/drawmemaybe/DrawMeMaybe/ros2_ws/install/moveit_hybrid_planning/lib/libforward_trajectory_plugin.so.2.5.9
[42.832s] -- Set runtime path of "/home/drawmemaybe/DrawMeMaybe/ros2_ws/install/moveit_hybrid_planning/lib/libforward_trajectory_plugin.so.2.5.9" to ""
[42.832s] -- Installing: /home/drawmemaybe/DrawMeMaybe/ros2_ws/install/moveit_hybrid_planning/lib/libforward_trajectory_plugin.so
[42.832s] -- Installing: /home/drawmemaybe/DrawMeMaybe/ros2_ws/install/moveit_hybrid_planning/lib/libmotion_planning_pipeline_plugin.so.2.5.9
[42.832s] -- Set runtime path of "/home/drawmemaybe/DrawMeMaybe/ros2_ws/install/moveit_hybrid_planning/lib/libmotion_planning_pipeline_plugin.so.2.5.9" to ""
[42.832s] -- Installing: /home/drawmemaybe/DrawMeMaybe/ros2_ws/install/moveit_hybrid_planning/lib/libmotion_planning_pipeline_plugin.so
[42.832s] -- Installing: /home/drawmemaybe/DrawMeMaybe/ros2_ws/install/moveit_hybrid_planning/lib/libreplan_invalidated_trajectory_plugin.so.2.5.9
[42.832s] -- Set runtime path of "/home/drawmemaybe/DrawMeMaybe/ros2_ws/install/moveit_hybrid_planning/lib/libreplan_invalidated_trajectory_plugin.so.2.5.9" to ""
[42.832s] -- Installing: /home/drawmemaybe/DrawMeMaybe/ros2_ws/install/moveit_hybrid_planning/lib/libreplan_invalidated_trajectory_plugin.so
[42.832s] -- Installing: /home/drawmemaybe/DrawMeMaybe/ros2_ws/install/moveit_hybrid_planning/lib/libsimple_sampler_plugin.so.2.5.9
[42.832s] -- Set runtime path of "/home/drawmemaybe/DrawMeMaybe/ros2_ws/install/moveit_hybrid_planning/lib/libsimple_sampler_plugin.so.2.5.9" to ""
[42.832s] -- Installing: /home/drawmemaybe/DrawMeMaybe/ros2_ws/install/moveit_hybrid_planning/lib/libsimple_sampler_plugin.so
[42.832s] -- Installing: /home/drawmemaybe/DrawMeMaybe/ros2_ws/install/moveit_hybrid_planning/lib/libsingle_plan_execution_plugin.so.2.5.9
[42.832s] -- Set runtime path of "/home/drawmemaybe/DrawMeMaybe/ros2_ws/install/moveit_hybrid_planning/lib/libsingle_plan_execution_plugin.so.2.5.9" to ""
[42.832s] -- Installing: /home/drawmemaybe/DrawMeMaybe/ros2_ws/install/moveit_hybrid_planning/lib/libsingle_plan_execution_plugin.so
[42.832s] -- Installing: /home/drawmemaybe/DrawMeMaybe/ros2_ws/install/moveit_hybrid_planning/lib/moveit_hybrid_planning/cancel_action
[42.833s] -- Set runtime path of "/home/drawmemaybe/DrawMeMaybe/ros2_ws/install/moveit_hybrid_planning/lib/moveit_hybrid_planning/cancel_action" to ""
[42.833s] -- Installing: /home/drawmemaybe/DrawMeMaybe/ros2_ws/install/moveit_hybrid_planning/lib/moveit_hybrid_planning/hybrid_planning_demo_node
[42.833s] -- Set runtime path of "/home/drawmemaybe/DrawMeMaybe/ros2_ws/install/moveit_hybrid_planning/lib/moveit_hybrid_planning/hybrid_planning_demo_node" to ""
[42.833s] -- Installing: /home/drawmemaybe/DrawMeMaybe/ros2_ws/install/moveit_hybrid_planning/include
[42.833s] -- Installing: /home/drawmemaybe/DrawMeMaybe/ros2_ws/install/moveit_hybrid_planning/include/moveit
[42.833s] -- Installing: /home/drawmemaybe/DrawMeMaybe/ros2_ws/install/moveit_hybrid_planning/include/moveit/global_planner
[42.833s] -- Installing: /home/drawmemaybe/DrawMeMaybe/ros2_ws/install/moveit_hybrid_planning/include/moveit/global_planner/global_planner_interface.h
[42.833s] -- Installing: /home/drawmemaybe/DrawMeMaybe/ros2_ws/install/moveit_hybrid_planning/include/moveit/global_planner/global_planner_component.h
[42.833s] -- Up-to-date: /home/drawmemaybe/DrawMeMaybe/ros2_ws/install/moveit_hybrid_planning/include
[42.833s] -- Up-to-date: /home/drawmemaybe/DrawMeMaybe/ros2_ws/install/moveit_hybrid_planning/include/moveit
[42.833s] -- Up-to-date: /home/drawmemaybe/DrawMeMaybe/ros2_ws/install/moveit_hybrid_planning/include/moveit/global_planner
[42.833s] -- Installing: /home/drawmemaybe/DrawMeMaybe/ros2_ws/install/moveit_hybrid_planning/include/moveit/global_planner/moveit_planning_pipeline.h
[42.833s] -- Up-to-date: /home/drawmemaybe/DrawMeMaybe/ros2_ws/install/moveit_hybrid_planning/include
[42.833s] -- Up-to-date: /home/drawmemaybe/DrawMeMaybe/ros2_ws/install/moveit_hybrid_planning/include/moveit
[42.833s] -- Installing: /home/drawmemaybe/DrawMeMaybe/ros2_ws/install/moveit_hybrid_planning/include/moveit/hybrid_planning_manager
[42.833s] -- Installing: /home/drawmemaybe/DrawMeMaybe/ros2_ws/install/moveit_hybrid_planning/include/moveit/hybrid_planning_manager/planner_logic_interface.h
[42.833s] -- Installing: /home/drawmemaybe/DrawMeMaybe/ros2_ws/install/moveit_hybrid_planning/include/moveit/hybrid_planning_manager/hybrid_planning_events.h
[42.833s] -- Installing: /home/drawmemaybe/DrawMeMaybe/ros2_ws/install/moveit_hybrid_planning/include/moveit/hybrid_planning_manager/hybrid_planning_manager.h
[42.833s] -- Installing: /home/drawmemaybe/DrawMeMaybe/ros2_ws/install/moveit_hybrid_planning/include/moveit/hybrid_planning_manager/moveit_error_code_interface.h
[42.833s] -- Up-to-date: /home/drawmemaybe/DrawMeMaybe/ros2_ws/install/moveit_hybrid_planning/include
[42.833s] -- Up-to-date: /home/drawmemaybe/DrawMeMaybe/ros2_ws/install/moveit_hybrid_planning/include/moveit
[42.834s] -- Installing: /home/drawmemaybe/DrawMeMaybe/ros2_ws/install/moveit_hybrid_planning/include/moveit/planner_logic_plugins
[42.834s] -- Installing: /home/drawmemaybe/DrawMeMaybe/ros2_ws/install/moveit_hybrid_planning/include/moveit/planner_logic_plugins/replan_invalidated_trajectory.h
[42.834s] -- Installing: /home/drawmemaybe/DrawMeMaybe/ros2_ws/install/moveit_hybrid_planning/include/moveit/planner_logic_plugins/single_plan_execution.h
[42.834s] -- Up-to-date: /home/drawmemaybe/DrawMeMaybe/ros2_ws/install/moveit_hybrid_planning/include
[42.834s] -- Up-to-date: /home/drawmemaybe/DrawMeMaybe/ros2_ws/install/moveit_hybrid_planning/include/moveit
[42.834s] -- Installing: /home/drawmemaybe/DrawMeMaybe/ros2_ws/install/moveit_hybrid_planning/include/moveit/local_planner
[42.834s] -- Installing: /home/drawmemaybe/DrawMeMaybe/ros2_ws/install/moveit_hybrid_planning/include/moveit/local_planner/local_constraint_solver_interface.h
[42.834s] -- Installing: /home/drawmemaybe/DrawMeMaybe/ros2_ws/install/moveit_hybrid_planning/include/moveit/local_planner/feedback_types.h
[42.834s] -- Installing: /home/drawmemaybe/DrawMeMaybe/ros2_ws/install/moveit_hybrid_planning/include/moveit/local_planner/trajectory_operator_interface.h
[42.834s] -- Installing: /home/drawmemaybe/DrawMeMaybe/ros2_ws/install/moveit_hybrid_planning/include/moveit/local_planner/local_planner_component.h
[42.834s] -- Up-to-date: /home/drawmemaybe/DrawMeMaybe/ros2_ws/install/moveit_hybrid_planning/include
[42.834s] -- Up-to-date: /home/drawmemaybe/DrawMeMaybe/ros2_ws/install/moveit_hybrid_planning/include/moveit
[42.834s] -- Installing: /home/drawmemaybe/DrawMeMaybe/ros2_ws/install/moveit_hybrid_planning/include/moveit/trajectory_operator_plugins
[42.834s] -- Installing: /home/drawmemaybe/DrawMeMaybe/ros2_ws/install/moveit_hybrid_planning/include/moveit/trajectory_operator_plugins/simple_sampler.h
[42.834s] -- Up-to-date: /home/drawmemaybe/DrawMeMaybe/ros2_ws/install/moveit_hybrid_planning/include
[42.834s] -- Up-to-date: /home/drawmemaybe/DrawMeMaybe/ros2_ws/install/moveit_hybrid_planning/include/moveit
[42.834s] -- Installing: /home/drawmemaybe/DrawMeMaybe/ros2_ws/install/moveit_hybrid_planning/include/moveit/local_constraint_solver_plugins
[42.834s] -- Installing: /home/drawmemaybe/DrawMeMaybe/ros2_ws/install/moveit_hybrid_planning/include/moveit/local_constraint_solver_plugins/forward_trajectory.h
[42.834s] -- Installing: /home/drawmemaybe/DrawMeMaybe/ros2_ws/install/moveit_hybrid_planning/share/moveit_hybrid_planning/launch
[42.834s] -- Installing: /home/drawmemaybe/DrawMeMaybe/ros2_ws/install/moveit_hybrid_planning/share/moveit_hybrid_planning/launch/hybrid_planning_demo.launch.py
[42.834s] -- Installing: /home/drawmemaybe/DrawMeMaybe/ros2_ws/install/moveit_hybrid_planning/share/moveit_hybrid_planning/launch/hybrid_planning_common.py
[42.834s] -- Installing: /home/drawmemaybe/DrawMeMaybe/ros2_ws/install/moveit_hybrid_planning/share/moveit_hybrid_planning/launch/test_basic_integration.test.py
[42.834s] -- Installing: /home/drawmemaybe/DrawMeMaybe/ros2_ws/install/moveit_hybrid_planning/share/moveit_hybrid_planning/config
[42.834s] -- Installing: /home/drawmemaybe/DrawMeMaybe/ros2_ws/install/moveit_hybrid_planning/share/moveit_hybrid_planning/config/local_planner.yaml
[42.834s] -- Installing: /home/drawmemaybe/DrawMeMaybe/ros2_ws/install/moveit_hybrid_planning/share/moveit_hybrid_planning/config/hybrid_planning_demo.rviz
[42.834s] -- Installing: /home/drawmemaybe/DrawMeMaybe/ros2_ws/install/moveit_hybrid_planning/share/moveit_hybrid_planning/config/global_planner.yaml
[42.834s] -- Installing: /home/drawmemaybe/DrawMeMaybe/ros2_ws/install/moveit_hybrid_planning/share/moveit_hybrid_planning/config/demo_controller.yaml
[42.834s] -- Installing: /home/drawmemaybe/DrawMeMaybe/ros2_ws/install/moveit_hybrid_planning/share/moveit_hybrid_planning/config/common_hybrid_planning_params.yaml
[42.834s] -- Installing: /home/drawmemaybe/DrawMeMaybe/ros2_ws/install/moveit_hybrid_planning/share/moveit_hybrid_planning/config/hybrid_planning_manager.yaml
[42.834s] -- Installing: /home/drawmemaybe/DrawMeMaybe/ros2_ws/install/moveit_hybrid_planning/share/moveit_hybrid_planning/single_plan_execution_plugin.xml
[42.834s] -- Installing: /home/drawmemaybe/DrawMeMaybe/ros2_ws/install/moveit_hybrid_planning/share/moveit_hybrid_planning/moveit_planning_pipeline_plugin.xml
[42.834s] -- Installing: /home/drawmemaybe/DrawMeMaybe/ros2_ws/install/moveit_hybrid_planning/share/moveit_hybrid_planning/simple_sampler_plugin.xml
[42.834s] -- Installing: /home/drawmemaybe/DrawMeMaybe/ros2_ws/install/moveit_hybrid_planning/share/moveit_hybrid_planning/replan_invalidated_trajectory_plugin.xml
[42.834s] -- Installing: /home/drawmemaybe/DrawMeMaybe/ros2_ws/install/moveit_hybrid_planning/share/moveit_hybrid_planning/forward_trajectory_plugin.xml
[42.834s] -- Installing: /home/drawmemaybe/DrawMeMaybe/ros2_ws/install/moveit_hybrid_planning/share/moveit_hybrid_planning/environment/library_path.sh
[42.834s] -- Installing: /home/drawmemaybe/DrawMeMaybe/ros2_ws/install/moveit_hybrid_planning/share/moveit_hybrid_planning/environment/library_path.dsv
[42.834s] -- Installing: /home/drawmemaybe/DrawMeMaybe/ros2_ws/install/moveit_hybrid_planning/share/ament_index/resource_index/package_run_dependencies/moveit_hybrid_planning
[42.834s] -- Installing: /home/drawmemaybe/DrawMeMaybe/ros2_ws/install/moveit_hybrid_planning/share/ament_index/resource_index/parent_prefix_path/moveit_hybrid_planning
[42.834s] -- Installing: /home/drawmemaybe/DrawMeMaybe/ros2_ws/install/moveit_hybrid_planning/share/moveit_hybrid_planning/environment/ament_prefix_path.sh
[42.834s] -- Installing: /home/drawmemaybe/DrawMeMaybe/ros2_ws/install/moveit_hybrid_planning/share/moveit_hybrid_planning/environment/ament_prefix_path.dsv
[42.834s] -- Installing: /home/drawmemaybe/DrawMeMaybe/ros2_ws/install/moveit_hybrid_planning/share/moveit_hybrid_planning/environment/path.sh
[42.834s] -- Installing: /home/drawmemaybe/DrawMeMaybe/ros2_ws/install/moveit_hybrid_planning/share/moveit_hybrid_planning/environment/path.dsv
[42.834s] -- Installing: /home/drawmemaybe/DrawMeMaybe/ros2_ws/install/moveit_hybrid_planning/share/moveit_hybrid_planning/local_setup.bash
[42.834s] -- Installing: /home/drawmemaybe/DrawMeMaybe/ros2_ws/install/moveit_hybrid_planning/share/moveit_hybrid_planning/local_setup.sh
[42.835s] -- Installing: /home/drawmemaybe/DrawMeMaybe/ros2_ws/install/moveit_hybrid_planning/share/moveit_hybrid_planning/local_setup.zsh
[42.835s] -- Installing: /home/drawmemaybe/DrawMeMaybe/ros2_ws/install/moveit_hybrid_planning/share/moveit_hybrid_planning/local_setup.dsv
[42.835s] -- Installing: /home/drawmemaybe/DrawMeMaybe/ros2_ws/install/moveit_hybrid_planning/share/moveit_hybrid_planning/package.dsv
[42.835s] -- Installing: /home/drawmemaybe/DrawMeMaybe/ros2_ws/install/moveit_hybrid_planning/share/ament_index/resource_index/packages/moveit_hybrid_planning
[42.835s] -- Installing: /home/drawmemaybe/DrawMeMaybe/ros2_ws/install/moveit_hybrid_planning/share/ament_index/resource_index/moveit_hybrid_planning__pluginlib__plugin/moveit_hybrid_planning
[42.835s] -- Installing: /home/drawmemaybe/DrawMeMaybe/ros2_ws/install/moveit_hybrid_planning/share/ament_index/resource_index/rclcpp_components/moveit_hybrid_planning
[42.835s] -- Installing: /home/drawmemaybe/DrawMeMaybe/ros2_ws/install/moveit_hybrid_planning/share/moveit_hybrid_planning/cmake/export_moveit_hybrid_planningExport.cmake
[42.835s] -- Installing: /home/drawmemaybe/DrawMeMaybe/ros2_ws/install/moveit_hybrid_planning/share/moveit_hybrid_planning/cmake/export_moveit_hybrid_planningExport-release.cmake
[42.835s] -- Installing: /home/drawmemaybe/DrawMeMaybe/ros2_ws/install/moveit_hybrid_planning/share/moveit_hybrid_planning/cmake/ament_cmake_export_include_directories-extras.cmake
[42.835s] -- Installing: /home/drawmemaybe/DrawMeMaybe/ros2_ws/install/moveit_hybrid_planning/share/moveit_hybrid_planning/cmake/ament_cmake_export_libraries-extras.cmake
[42.835s] -- Installing: /home/drawmemaybe/DrawMeMaybe/ros2_ws/install/moveit_hybrid_planning/share/moveit_hybrid_planning/cmake/ament_cmake_export_dependencies-extras.cmake
[42.835s] -- Installing: /home/drawmemaybe/DrawMeMaybe/ros2_ws/install/moveit_hybrid_planning/share/moveit_hybrid_planning/cmake/ament_cmake_export_targets-extras.cmake
[42.835s] -- Installing: /home/drawmemaybe/DrawMeMaybe/ros2_ws/install/moveit_hybrid_planning/share/moveit_hybrid_planning/cmake/moveit_hybrid_planningConfig.cmake
[42.835s] -- Installing: /home/drawmemaybe/DrawMeMaybe/ros2_ws/install/moveit_hybrid_planning/share/moveit_hybrid_planning/cmake/moveit_hybrid_planningConfig-version.cmake
[42.835s] -- Installing: /home/drawmemaybe/DrawMeMaybe/ros2_ws/install/moveit_hybrid_planning/share/moveit_hybrid_planning/package.xml
[42.836s] Invoked command in '/home/drawmemaybe/DrawMeMaybe/ros2_ws/build/moveit_hybrid_planning' returned '0': AMENT_PREFIX_PATH=/home/drawmemaybe/DrawMeMaybe/ros2_ws/install/moveit_ros_planning_interface:/home/drawmemaybe/DrawMeMaybe/ros2_ws/install/moveit_ros_move_group:/home/drawmemaybe/DrawMeMaybe/ros2_ws/install/moveit_ros_warehouse:/home/drawmemaybe/DrawMeMaybe/ros2_ws/install/moveit_planners_ompl:/home/drawmemaybe/DrawMeMaybe/ros2_ws/install/moveit_kinematics:/home/drawmemaybe/DrawMeMaybe/ros2_ws/install/moveit_ros_planning:/home/drawmemaybe/DrawMeMaybe/ros2_ws/install/moveit_simple_controller_manager:/home/drawmemaybe/DrawMeMaybe/ros2_ws/install/moveit_ros_occupancy_map_monitor:/home/drawmemaybe/DrawMeMaybe/ros2_ws/install/moveit_core:/home/drawmemaybe/DrawMeMaybe/ros2_ws/install/moveit_resources_panda_moveit_config:/home/drawmemaybe/DrawMeMaybe/ros2_ws/install/moveit_resources_fanuc_moveit_config:/home/drawmemaybe/DrawMeMaybe/ros2_ws/install/moveit_configs_utils:/home/drawmemaybe/DrawMeMaybe/ros2_ws/install/srdfdom:/home/drawmemaybe/DrawMeMaybe/ros2_ws/install/moveit_resources_pr2_description:/home/drawmemaybe/DrawMeMaybe/ros2_ws/install/moveit_resources_panda_description:/home/drawmemaybe/DrawMeMaybe/ros2_ws/install/moveit_resources_fanuc_description:/home/drawmemaybe/DrawMeMaybe/ros2_ws/install/moveit_common:/home/drawmemaybe/DrawMeMaybe/ros2_ws/install/launch_param_builder:${AMENT_PREFIX_PATH} CMAKE_PREFIX_PATH=/home/drawmemaybe/DrawMeMaybe/ros2_ws/install/moveit_ros_planning_interface:/home/drawmemaybe/DrawMeMaybe/ros2_ws/install/moveit_ros_move_group:/home/drawmemaybe/DrawMeMaybe/ros2_ws/install/moveit_ros_warehouse:/home/drawmemaybe/DrawMeMaybe/ros2_ws/install/moveit_planners_ompl:/home/drawmemaybe/DrawMeMaybe/ros2_ws/install/moveit_kinematics:/home/drawmemaybe/DrawMeMaybe/ros2_ws/install/moveit_ros_planning:/home/drawmemaybe/DrawMeMaybe/ros2_ws/install/moveit_simple_controller_manager:/home/drawmemaybe/DrawMeMaybe/ros2_ws/install/moveit_ros_occupancy_map_monitor:/home/drawmemaybe/DrawMeMaybe/ros2_ws/install/moveit_core:/home/drawmemaybe/DrawMeMaybe/ros2_ws/install/moveit_resources_panda_moveit_config:/home/drawmemaybe/DrawMeMaybe/ros2_ws/install/moveit_resources_fanuc_moveit_config:/home/drawmemaybe/DrawMeMaybe/ros2_ws/install/srdfdom:/home/drawmemaybe/DrawMeMaybe/ros2_ws/install/moveit_resources_pr2_description:/home/drawmemaybe/DrawMeMaybe/ros2_ws/install/moveit_resources_panda_description:/home/drawmemaybe/DrawMeMaybe/ros2_ws/install/moveit_resources_fanuc_description:/home/drawmemaybe/DrawMeMaybe/ros2_ws/install/moveit_common:/opt/ros/humble LD_LIBRARY_PATH=/home/drawmemaybe/DrawMeMaybe/ros2_ws/install/moveit_ros_planning_interface/lib:/home/drawmemaybe/DrawMeMaybe/ros2_ws/install/moveit_ros_move_group/lib:/home/drawmemaybe/DrawMeMaybe/ros2_ws/install/moveit_ros_warehouse/lib:/home/drawmemaybe/DrawMeMaybe/ros2_ws/install/moveit_planners_ompl/lib:/home/drawmemaybe/DrawMeMaybe/ros2_ws/install/moveit_kinematics/lib:/home/drawmemaybe/DrawMeMaybe/ros2_ws/install/moveit_ros_planning/lib:/home/drawmemaybe/DrawMeMaybe/ros2_ws/install/moveit_simple_controller_manager/lib:/home/drawmemaybe/DrawMeMaybe/ros2_ws/install/moveit_ros_occupancy_map_monitor/lib:/home/drawmemaybe/DrawMeMaybe/ros2_ws/install/moveit_core/lib:/home/drawmemaybe/DrawMeMaybe/ros2_ws/install/srdfdom/lib:${LD_LIBRARY_PATH} PATH=/home/drawmemaybe/DrawMeMaybe/ros2_ws/install/moveit_core/bin:${PATH} PYTHONPATH=/home/drawmemaybe/DrawMeMaybe/ros2_ws/install/moveit_configs_utils/lib/python3.10/site-packages:/home/drawmemaybe/DrawMeMaybe/ros2_ws/install/srdfdom/local/lib/python3.10/dist-packages:/home/drawmemaybe/DrawMeMaybe/ros2_ws/install/launch_param_builder/lib/python3.10/site-packages:${PYTHONPATH} /usr/bin/cmake --install /home/drawmemaybe/DrawMeMaybe/ros2_ws/build/moveit_hybrid_planning
