[0.103s] Invoking command in '/home/drawmemaybe/DrawMeMaybe/ros2_ws/build/moveit_resources_fanuc_description': CMAKE_PREFIX_PATH=/opt/ros/humble /usr/bin/cmake /home/drawmemaybe/DrawMeMaybe/ros2_ws/src/moveit_resources/fanuc_description -DCMAKE_INSTALL_PREFIX=/home/drawmemaybe/DrawMeMaybe/ros2_ws/install/moveit_resources_fanuc_description
[0.213s] -- The C compiler identification is GNU 11.4.0
[0.213s] -- The CXX compiler identification is GNU 11.4.0
[0.213s] -- Detecting C compiler ABI info
[0.213s] -- Detecting C compiler ABI info - done
[0.213s] -- Check for working C compiler: /usr/bin/cc - skipped
[0.213s] -- Detecting C compile features
[0.213s] -- Detecting C compile features - done
[0.213s] -- Detecting CXX compiler ABI info
[0.218s] -- Detecting CXX compiler ABI info - done
[0.221s] -- Check for working CXX compiler: /usr/bin/c++ - skipped
[0.221s] -- Detecting CXX compile features
[0.221s] -- Detecting CXX compile features - done
[0.222s] -- Found ament_cmake: 1.3.12 (/opt/ros/humble/share/ament_cmake/cmake)
[0.288s] -- Found Python3: /usr/bin/python3 (found version "3.10.12") found components: Interpreter 
[0.354s] -- Configuring done
[0.357s] -- Generating done
[0.357s] -- Build files have been written to: /home/drawmemaybe/DrawMeMaybe/ros2_ws/build/moveit_resources_fanuc_description
[0.369s] Invoked command in '/home/drawmemaybe/DrawMeMaybe/ros2_ws/build/moveit_resources_fanuc_description' returned '0': CMAKE_PREFIX_PATH=/opt/ros/humble /usr/bin/cmake /home/drawmemaybe/DrawMeMaybe/ros2_ws/src/moveit_resources/fanuc_description -DCMAKE_INSTALL_PREFIX=/home/drawmemaybe/DrawMeMaybe/ros2_ws/install/moveit_resources_fanuc_description
[0.370s] Invoking command in '/home/drawmemaybe/DrawMeMaybe/ros2_ws/build/moveit_resources_fanuc_description': CMAKE_PREFIX_PATH=/opt/ros/humble /usr/bin/cmake --build /home/drawmemaybe/DrawMeMaybe/ros2_ws/build/moveit_resources_fanuc_description -- -j24 -l24
[0.385s] Invoked command in '/home/drawmemaybe/DrawMeMaybe/ros2_ws/build/moveit_resources_fanuc_description' returned '0': CMAKE_PREFIX_PATH=/opt/ros/humble /usr/bin/cmake --build /home/drawmemaybe/DrawMeMaybe/ros2_ws/build/moveit_resources_fanuc_description -- -j24 -l24
[0.387s] Invoking command in '/home/drawmemaybe/DrawMeMaybe/ros2_ws/build/moveit_resources_fanuc_description': CMAKE_PREFIX_PATH=/opt/ros/humble /usr/bin/cmake --install /home/drawmemaybe/DrawMeMaybe/ros2_ws/build/moveit_resources_fanuc_description
[0.389s] -- Install configuration: ""
[0.389s] -- Installing: /home/drawmemaybe/DrawMeMaybe/ros2_ws/install/moveit_resources_fanuc_description/share/ament_index/resource_index/package_run_dependencies/moveit_resources_fanuc_description
[0.389s] -- Installing: /home/drawmemaybe/DrawMeMaybe/ros2_ws/install/moveit_resources_fanuc_description/share/ament_index/resource_index/parent_prefix_path/moveit_resources_fanuc_description
[0.389s] -- Installing: /home/drawmemaybe/DrawMeMaybe/ros2_ws/install/moveit_resources_fanuc_description/share/moveit_resources_fanuc_description/environment/ament_prefix_path.sh
[0.389s] -- Installing: /home/drawmemaybe/DrawMeMaybe/ros2_ws/install/moveit_resources_fanuc_description/share/moveit_resources_fanuc_description/environment/ament_prefix_path.dsv
[0.389s] -- Installing: /home/drawmemaybe/DrawMeMaybe/ros2_ws/install/moveit_resources_fanuc_description/share/moveit_resources_fanuc_description/environment/path.sh
[0.389s] -- Installing: /home/drawmemaybe/DrawMeMaybe/ros2_ws/install/moveit_resources_fanuc_description/share/moveit_resources_fanuc_description/environment/path.dsv
[0.389s] -- Installing: /home/drawmemaybe/DrawMeMaybe/ros2_ws/install/moveit_resources_fanuc_description/share/moveit_resources_fanuc_description/local_setup.bash
[0.389s] -- Installing: /home/drawmemaybe/DrawMeMaybe/ros2_ws/install/moveit_resources_fanuc_description/share/moveit_resources_fanuc_description/local_setup.sh
[0.389s] -- Installing: /home/drawmemaybe/DrawMeMaybe/ros2_ws/install/moveit_resources_fanuc_description/share/moveit_resources_fanuc_description/local_setup.zsh
[0.389s] -- Installing: /home/drawmemaybe/DrawMeMaybe/ros2_ws/install/moveit_resources_fanuc_description/share/moveit_resources_fanuc_description/local_setup.dsv
[0.389s] -- Installing: /home/drawmemaybe/DrawMeMaybe/ros2_ws/install/moveit_resources_fanuc_description/share/moveit_resources_fanuc_description/package.dsv
[0.389s] -- Installing: /home/drawmemaybe/DrawMeMaybe/ros2_ws/install/moveit_resources_fanuc_description/share/ament_index/resource_index/packages/moveit_resources_fanuc_description
[0.389s] -- Installing: /home/drawmemaybe/DrawMeMaybe/ros2_ws/install/moveit_resources_fanuc_description/share/moveit_resources_fanuc_description/cmake/moveit_resources_fanuc_descriptionConfig.cmake
[0.389s] -- Installing: /home/drawmemaybe/DrawMeMaybe/ros2_ws/install/moveit_resources_fanuc_description/share/moveit_resources_fanuc_description/cmake/moveit_resources_fanuc_descriptionConfig-version.cmake
[0.389s] -- Installing: /home/drawmemaybe/DrawMeMaybe/ros2_ws/install/moveit_resources_fanuc_description/share/moveit_resources_fanuc_description/package.xml
[0.389s] -- Installing: /home/drawmemaybe/DrawMeMaybe/ros2_ws/install/moveit_resources_fanuc_description/share/moveit_resources_fanuc_description/meshes
[0.389s] -- Installing: /home/drawmemaybe/DrawMeMaybe/ros2_ws/install/moveit_resources_fanuc_description/share/moveit_resources_fanuc_description/meshes/collision
[0.389s] -- Installing: /home/drawmemaybe/DrawMeMaybe/ros2_ws/install/moveit_resources_fanuc_description/share/moveit_resources_fanuc_description/meshes/collision/link_6.stl
[0.389s] -- Installing: /home/drawmemaybe/DrawMeMaybe/ros2_ws/install/moveit_resources_fanuc_description/share/moveit_resources_fanuc_description/meshes/collision/link_2.stl
[0.390s] -- Installing: /home/drawmemaybe/DrawMeMaybe/ros2_ws/install/moveit_resources_fanuc_description/share/moveit_resources_fanuc_description/meshes/collision/link_3.stl
[0.390s] -- Installing: /home/drawmemaybe/DrawMeMaybe/ros2_ws/install/moveit_resources_fanuc_description/share/moveit_resources_fanuc_description/meshes/collision/base_link.stl
[0.390s] -- Installing: /home/drawmemaybe/DrawMeMaybe/ros2_ws/install/moveit_resources_fanuc_description/share/moveit_resources_fanuc_description/meshes/collision/link_1.stl
[0.390s] -- Installing: /home/drawmemaybe/DrawMeMaybe/ros2_ws/install/moveit_resources_fanuc_description/share/moveit_resources_fanuc_description/meshes/collision/link_5.stl
[0.390s] -- Installing: /home/drawmemaybe/DrawMeMaybe/ros2_ws/install/moveit_resources_fanuc_description/share/moveit_resources_fanuc_description/meshes/collision/link_4.stl
[0.390s] -- Installing: /home/drawmemaybe/DrawMeMaybe/ros2_ws/install/moveit_resources_fanuc_description/share/moveit_resources_fanuc_description/meshes/visual
[0.390s] -- Installing: /home/drawmemaybe/DrawMeMaybe/ros2_ws/install/moveit_resources_fanuc_description/share/moveit_resources_fanuc_description/meshes/visual/link_6.stl
[0.390s] -- Installing: /home/drawmemaybe/DrawMeMaybe/ros2_ws/install/moveit_resources_fanuc_description/share/moveit_resources_fanuc_description/meshes/visual/link_2.stl
[0.390s] -- Installing: /home/drawmemaybe/DrawMeMaybe/ros2_ws/install/moveit_resources_fanuc_description/share/moveit_resources_fanuc_description/meshes/visual/link_3.stl
[0.390s] -- Installing: /home/drawmemaybe/DrawMeMaybe/ros2_ws/install/moveit_resources_fanuc_description/share/moveit_resources_fanuc_description/meshes/visual/base_link.stl
[0.390s] -- Installing: /home/drawmemaybe/DrawMeMaybe/ros2_ws/install/moveit_resources_fanuc_description/share/moveit_resources_fanuc_description/meshes/visual/link_1.stl
[0.390s] -- Installing: /home/drawmemaybe/DrawMeMaybe/ros2_ws/install/moveit_resources_fanuc_description/share/moveit_resources_fanuc_description/meshes/visual/link_5.stl
[0.390s] -- Installing: /home/drawmemaybe/DrawMeMaybe/ros2_ws/install/moveit_resources_fanuc_description/share/moveit_resources_fanuc_description/meshes/visual/link_4.stl
[0.390s] -- Installing: /home/drawmemaybe/DrawMeMaybe/ros2_ws/install/moveit_resources_fanuc_description/share/moveit_resources_fanuc_description/urdf
[0.390s] -- Installing: /home/drawmemaybe/DrawMeMaybe/ros2_ws/install/moveit_resources_fanuc_description/share/moveit_resources_fanuc_description/urdf/fanuc.urdf
[0.391s] Invoked command in '/home/drawmemaybe/DrawMeMaybe/ros2_ws/build/moveit_resources_fanuc_description' returned '0': CMAKE_PREFIX_PATH=/opt/ros/humble /usr/bin/cmake --install /home/drawmemaybe/DrawMeMaybe/ros2_ws/build/moveit_resources_fanuc_description
